#
# There is insufficient memory for the Java Runtime Environment to continue.
# Native memory allocation (malloc) failed to allocate 32744 bytes. Error detail: Chunk::new
# Possible reasons:
#   The system is out of physical RAM or swap space
#   This process is running with CompressedOops enabled, and the Java Heap may be blocking the growth of the native heap
# Possible solutions:
#   Reduce memory load on the system
#   Increase physical memory or swap space
#   Check if swap backing store is full
#   Decrease Java heap size (-Xmx/-Xms)
#   Decrease number of Java threads
#   Decrease Java thread stack sizes (-Xss)
#   Set larger code cache with -XX:ReservedCodeCacheSize=
#   JVM is running with Unscaled Compressed Oops mode in which the Java heap is
#     placed in the first 4GB address space. The Java Heap base address is the
#     maximum limit for the native heap growth. Please use -XX:HeapBaseMinAddress
#     to set the Java Heap base and to place the Java Heap above 4GB virtual address.
# This output file may be truncated or incomplete.
#
#  Out of Memory Error (arena.cpp:168), pid=5728, tid=18148
#
# JRE version: OpenJDK Runtime Environment Temurin-21.0.8+9 (21.0.8+9) (build 21.0.8+9-LTS)
# Java VM: OpenJDK 64-Bit Server VM Temurin-21.0.8+9 (21.0.8+9-LTS, mixed mode, sharing, tiered, compressed oops, compressed class ptrs, parallel gc, windows-amd64)
# No core dump will be written. Minidumps are not enabled by default on client versions of Windows
#

---------------  S U M M A R Y ------------

Command Line: --add-modules=ALL-SYSTEM --add-opens=java.base/java.util=ALL-UNNAMED --add-opens=java.base/java.lang=ALL-UNNAMED --add-opens=java.base/sun.nio.fs=ALL-UNNAMED -Declipse.application=org.eclipse.jdt.ls.core.id1 -Dosgi.bundles.defaultStartLevel=4 -Declipse.product=org.eclipse.jdt.ls.core.product -Djava.import.generatesMetadataFilesAtProjectRoot=false -DDetectVMInstallationsJob.disabled=true -Dfile.encoding=utf8 -XX:+UseParallelGC -XX:GCTimeRatio=4 -XX:AdaptiveSizePolicyWeight=90 -Dsun.zip.disableMemoryMapping=true -Xmx2G -Xms100m -Xlog:disable -javaagent:c:\Users\USER\.vscode\extensions\redhat.java-1.44.0-win32-x64\lombok\lombok-1.18.39-4050.jar c:\Users\USER\.vscode\extensions\redhat.java-1.44.0-win32-x64\server\plugins\org.eclipse.equinox.launcher_1.7.0.v20250519-0528.jar -configuration c:\Users\USER\AppData\Roaming\Code\User\globalStorage\redhat.java\1.44.0\config_ss_win -data c:\Users\USER\AppData\Roaming\Code\User\workspaceStorage\86792585dbc43faf0f2f2baa02294349\redhat.java\ss_ws --pipe=\\.\pipe\lsp-e696d6a666fce8a8128a7ff2413b0f21-sock

Host: AMD Ryzen 5 3500U with Radeon Vega Mobile Gfx  , 8 cores, 5G,  Windows 10 , 64 bit Build 19041 (10.0.19041.3636)
Time: Sun Aug 17 18:59:44 2025 Hora est. Pacífico, Sudamérica elapsed time: 9.730034 seconds (0d 0h 0m 9s)

---------------  T H R E A D  ---------------

Current thread (0x000001ddaeac9f60):  JavaThread "C2 CompilerThread0" daemon [_thread_in_native, id=18148, stack(0x0000002b90f00000,0x0000002b91000000) (1024K)]


Current CompileTask:
C2:9730 2594       4       org.lombokweb.asm.ClassReader::readMethod (1070 bytes)

Stack: [0x0000002b90f00000,0x0000002b91000000]
Native frames: (J=compiled Java code, j=interpreted, Vv=VM code, C=native code)
V  [jvm.dll+0x6d2449]
V  [jvm.dll+0x8ae341]
V  [jvm.dll+0x8b08be]
V  [jvm.dll+0x8b0fa3]
V  [jvm.dll+0x280c96]
V  [jvm.dll+0xc581d]
V  [jvm.dll+0xc5d53]
V  [jvm.dll+0xc5945]
V  [jvm.dll+0x6ae837]
V  [jvm.dll+0x8d258]
V  [jvm.dll+0x671e2e]
V  [jvm.dll+0x304f01]
V  [jvm.dll+0x300308]
V  [jvm.dll+0x300a4a]
V  [jvm.dll+0x24a62f]
V  [jvm.dll+0x2483a4]
V  [jvm.dll+0x1c89ee]
V  [jvm.dll+0x257d4d]
V  [jvm.dll+0x2562ea]
V  [jvm.dll+0x3f2d16]
V  [jvm.dll+0x857e6b]
V  [jvm.dll+0x6d0b0d]
C  [ucrtbase.dll+0x21bb2]
C  [KERNEL32.DLL+0x17344]
C  [ntdll.dll+0x526b1]


---------------  P R O C E S S  ---------------

Threads class SMR info:
_java_thread_list=0x000001de0cf54620, length=19, elements={
0x000001ddaeb48cf0, 0x000001ddaeab24b0, 0x000001ddaeab3d10, 0x000001ddaeab7580,
0x000001ddaeabb550, 0x000001ddaeab8760, 0x000001ddaeab8df0, 0x000001ddaeac9f60,
0x000001ddaeae5d40, 0x000001ddaeabbbe0, 0x000001ddaeab9480, 0x000001ddaeab9b10,
0x000001ddaeaba1a0, 0x000001ddaeaba830, 0x000001ddaeabaec0, 0x000001de0cd40aa0,
0x000001de0cd43890, 0x000001de0cd45ff0, 0x000001de0cd424e0
}

Java Threads: ( => current thread )
  0x000001ddaeb48cf0 JavaThread "main"                              [_thread_blocked, id=10288, stack(0x0000002b90500000,0x0000002b90600000) (1024K)]
  0x000001ddaeab24b0 JavaThread "Reference Handler"          daemon [_thread_blocked, id=21844, stack(0x0000002b90900000,0x0000002b90a00000) (1024K)]
  0x000001ddaeab3d10 JavaThread "Finalizer"                  daemon [_thread_blocked, id=22520, stack(0x0000002b90a00000,0x0000002b90b00000) (1024K)]
  0x000001ddaeab7580 JavaThread "Signal Dispatcher"          daemon [_thread_blocked, id=7668, stack(0x0000002b90b00000,0x0000002b90c00000) (1024K)]
  0x000001ddaeabb550 JavaThread "Attach Listener"            daemon [_thread_blocked, id=10296, stack(0x0000002b90c00000,0x0000002b90d00000) (1024K)]
  0x000001ddaeab8760 JavaThread "Service Thread"             daemon [_thread_blocked, id=18620, stack(0x0000002b90d00000,0x0000002b90e00000) (1024K)]
  0x000001ddaeab8df0 JavaThread "Monitor Deflation Thread"   daemon [_thread_blocked, id=20528, stack(0x0000002b90e00000,0x0000002b90f00000) (1024K)]
=>0x000001ddaeac9f60 JavaThread "C2 CompilerThread0"         daemon [_thread_in_native, id=18148, stack(0x0000002b90f00000,0x0000002b91000000) (1024K)]
  0x000001ddaeae5d40 JavaThread "C1 CompilerThread0"         daemon [_thread_blocked, id=18624, stack(0x0000002b91000000,0x0000002b91100000) (1024K)]
  0x000001ddaeabbbe0 JavaThread "Common-Cleaner"             daemon [_thread_blocked, id=21036, stack(0x0000002b91100000,0x0000002b91200000) (1024K)]
  0x000001ddaeab9480 JavaThread "Notification Thread"        daemon [_thread_blocked, id=11284, stack(0x0000002b91300000,0x0000002b91400000) (1024K)]
  0x000001ddaeab9b10 JavaThread "Active Thread: Equinox Container: 3f7f5aeb-96d8-46b2-b388-f63c6e0ec25f"        [_thread_blocked, id=23876, stack(0x0000002b91900000,0x0000002b91a00000) (1024K)]
  0x000001ddaeaba1a0 JavaThread "Framework Event Dispatcher: Equinox Container: 3f7f5aeb-96d8-46b2-b388-f63c6e0ec25f" daemon [_thread_blocked, id=9696, stack(0x0000002b91a00000,0x0000002b91b00000) (1024K)]
  0x000001ddaeaba830 JavaThread "Start Level: Equinox Container: 3f7f5aeb-96d8-46b2-b388-f63c6e0ec25f" daemon [_thread_in_vm, id=20596, stack(0x0000002b91b00000,0x0000002b91c00000) (1024K)]
  0x000001ddaeabaec0 JavaThread "SCR Component Actor"        daemon [_thread_blocked, id=9800, stack(0x0000002b91d00000,0x0000002b91e00000) (1024K)]
  0x000001de0cd40aa0 JavaThread "SCR Component Registry"     daemon [_thread_blocked, id=10948, stack(0x0000002b91e00000,0x0000002b91f00000) (1024K)]
  0x000001de0cd43890 JavaThread "Worker-JM"                         [_thread_blocked, id=23984, stack(0x0000002b91f00000,0x0000002b92000000) (1024K)]
  0x000001de0cd45ff0 JavaThread "Worker-0"                          [_thread_blocked, id=2084, stack(0x0000002b92000000,0x0000002b92100000) (1024K)]
  0x000001de0cd424e0 JavaThread "Worker-1"                          [_thread_blocked, id=12820, stack(0x0000002b92100000,0x0000002b92200000) (1024K)]
Total: 19

Other Threads:
  0x000001ddaea98800 VMThread "VM Thread"                           [id=2992, stack(0x0000002b90800000,0x0000002b90900000) (1024K)]
  0x000001ddae991c40 WatcherThread "VM Periodic Task Thread"        [id=18560, stack(0x0000002b90700000,0x0000002b90800000) (1024K)]
  0x000001ddaeb65d30 WorkerThread "GC Thread#0"                     [id=20796, stack(0x0000002b90600000,0x0000002b90700000) (1024K)]
  0x000001de0c82a850 WorkerThread "GC Thread#1"                     [id=5480, stack(0x0000002b91200000,0x0000002b91300000) (1024K)]
  0x000001de0ca56fd0 WorkerThread "GC Thread#2"                     [id=19372, stack(0x0000002b91400000,0x0000002b91500000) (1024K)]
  0x000001de0ca56890 WorkerThread "GC Thread#3"                     [id=8608, stack(0x0000002b91500000,0x0000002b91600000) (1024K)]
  0x000001de0ca57370 WorkerThread "GC Thread#4"                     [id=5852, stack(0x0000002b91600000,0x0000002b91700000) (1024K)]
  0x000001de0ca56c30 WorkerThread "GC Thread#5"                     [id=23520, stack(0x0000002b91700000,0x0000002b91800000) (1024K)]
  0x000001de0ca57ab0 WorkerThread "GC Thread#6"                     [id=16072, stack(0x0000002b91800000,0x0000002b91900000) (1024K)]
  0x000001de0ca57e50 WorkerThread "GC Thread#7"                     [id=7512, stack(0x0000002b91c00000,0x0000002b91d00000) (1024K)]
Total: 10

Threads with active compile tasks:
C2 CompilerThread0  9775 2594       4       org.lombokweb.asm.ClassReader::readMethod (1070 bytes)
Total: 1

VM state: not at safepoint (normal execution)

VM Mutex/Monitor currently owned by a thread: None

Heap address: 0x0000000080000000, size: 2048 MB, Compressed Oops mode: 32-bit

CDS archive(s) mapped at: [0x000001ddc6000000-0x000001ddc6ba0000-0x000001ddc6ba0000), size 12189696, SharedBaseAddress: 0x000001ddc6000000, ArchiveRelocationMode: 1.
Compressed class space mapped at: 0x000001ddc7000000-0x000001de07000000, reserved size: 1073741824
Narrow klass base: 0x000001ddc6000000, Narrow klass shift: 0, Narrow klass range: 0x100000000

GC Precious Log:
 CardTable entry size: 512
 CPUs: 8 total, 8 available
 Memory: 6082M
 Large Page Support: Disabled
 NUMA Support: Disabled
 Compressed Oops: Enabled (32-bit)
 Alignments: Space 512K, Generation 512K, Heap 2M
 Heap Min Capacity: 100M
 Heap Initial Capacity: 100M
 Heap Max Capacity: 2G
 Pre-touch: Disabled
 Parallel Workers: 8

Heap:
 PSYoungGen      total 29696K, used 29116K [0x00000000d5580000, 0x00000000d7680000, 0x0000000100000000)
  eden space 25600K, 97% used [0x00000000d5580000,0x00000000d6df03c0,0x00000000d6e80000)
  from space 4096K, 99% used [0x00000000d7280000,0x00000000d767ef58,0x00000000d7680000)
  to   space 4096K, 0% used [0x00000000d6e80000,0x00000000d6e80000,0x00000000d7280000)
 ParOldGen       total 68608K, used 5790K [0x0000000080000000, 0x0000000084300000, 0x00000000d5580000)
  object space 68608K, 8% used [0x0000000080000000,0x00000000805a7a00,0x0000000084300000)
 Metaspace       used 19955K, committed 20544K, reserved 1114112K
  class space    used 1946K, committed 2240K, reserved 1048576K

Card table byte_map: [0x000001ddae500000,0x000001ddae910000] _byte_map_base: 0x000001ddae100000

Marking Bits: (ParMarkBitMap*) 0x00007ffb8da3a340
 Begin Bits: [0x000001ddc1000000, 0x000001ddc3000000)
 End Bits:   [0x000001ddc3000000, 0x000001ddc5000000)

Polling page: 0x000001ddac870000

Metaspace:

Usage:
  Non-class:     17.59 MB used.
      Class:      1.90 MB used.
       Both:     19.49 MB used.

Virtual space:
  Non-class space:       64.00 MB reserved,      17.88 MB ( 28%) committed,  1 nodes.
      Class space:        1.00 GB reserved,       2.19 MB ( <1%) committed,  1 nodes.
             Both:        1.06 GB reserved,      20.06 MB (  2%) committed. 

Chunk freelists:
   Non-Class:  13.25 MB
       Class:  13.84 MB
        Both:  27.09 MB

MaxMetaspaceSize: unlimited
CompressedClassSpaceSize: 1.00 GB
Initial GC threshold: 21.00 MB
Current GC threshold: 21.00 MB
CDS: on
 - commit_granule_bytes: 65536.
 - commit_granule_words: 8192.
 - virtual_space_node_default_size: 8388608.
 - enlarge_chunks_in_place: 1.
 - use_allocation_guard: 0.


Internal statistics:

num_allocs_failed_limit: 0.
num_arena_births: 470.
num_arena_deaths: 0.
num_vsnodes_births: 2.
num_vsnodes_deaths: 0.
num_space_committed: 321.
num_space_uncommitted: 0.
num_chunks_returned_to_freelist: 0.
num_chunks_taken_from_freelist: 1206.
num_chunk_merges: 0.
num_chunk_splits: 793.
num_chunks_enlarged: 512.
num_inconsistent_stats: 0.

CodeHeap 'non-profiled nmethods': size=120000Kb used=1033Kb max_used=1033Kb free=118966Kb
 bounds [0x000001ddb9820000, 0x000001ddb9a90000, 0x000001ddc0d50000]
CodeHeap 'profiled nmethods': size=120000Kb used=5086Kb max_used=5086Kb free=114913Kb
 bounds [0x000001ddb1d50000, 0x000001ddb2250000, 0x000001ddb9280000]
CodeHeap 'non-nmethods': size=5760Kb used=1300Kb max_used=1315Kb free=4459Kb
 bounds [0x000001ddb9280000, 0x000001ddb94f0000, 0x000001ddb9820000]
CodeCache: size=245760Kb, used=7419Kb, max_used=7434Kb, free=238338Kb
 total_blobs=3167, nmethods=2584, adapters=489, full_count=0
Compilation: enabled, stopped_count=0, restarted_count=0

Compilation events (20 events):
Event: 9.442 Thread 0x000001ddaeac9f60 nmethod 2578 0x000001ddb991fa90 code [0x000001ddb991fc40, 0x000001ddb99202a8]
Event: 9.442 Thread 0x000001ddaeac9f60 2584       4       java.util.ArrayList::contains (14 bytes)
Event: 9.447 Thread 0x000001ddaeac9f60 nmethod 2584 0x000001ddb9920690 code [0x000001ddb9920820, 0x000001ddb99209a8]
Event: 9.491 Thread 0x000001ddaeae5d40 2585       3       org.lombokweb.asm.SymbolTable::hash (14 bytes)
Event: 9.491 Thread 0x000001ddaeae5d40 nmethod 2585 0x000001ddb2241310 code [0x000001ddb22414a0, 0x000001ddb22415a8]
Event: 9.492 Thread 0x000001ddaeac9f60 2586       4       org.lombokweb.asm.MethodWriter::canCopyMethodAttributes (163 bytes)
Event: 9.495 Thread 0x000001ddaeae5d40 2589       3       org.lombokweb.asm.MethodWriter::visitFrame (811 bytes)
Event: 9.499 Thread 0x000001ddaeae5d40 nmethod 2589 0x000001ddb2241610 code [0x000001ddb2241b60, 0x000001ddb2243dc0]
Event: 9.499 Thread 0x000001ddaeae5d40 2590       3       org.lombokweb.asm.Label::put (83 bytes)
Event: 9.499 Thread 0x000001ddaeae5d40 nmethod 2590 0x000001ddb2244d10 code [0x000001ddb2244f40, 0x000001ddb2245370]
Event: 9.499 Thread 0x000001ddaeae5d40 2588       3       org.lombokweb.asm.SymbolTable::addConstantMethodref (24 bytes)
Event: 9.500 Thread 0x000001ddaeae5d40 nmethod 2588 0x000001ddb2245510 code [0x000001ddb22456c0, 0x000001ddb2245860]
Event: 9.500 Thread 0x000001ddaeae5d40 2591       3       org.lombokweb.asm.MethodWriter::visitJumpInsn (495 bytes)
Event: 9.502 Thread 0x000001ddaeae5d40 nmethod 2591 0x000001ddb2245910 code [0x000001ddb2245c60, 0x000001ddb2246c68]
Event: 9.507 Thread 0x000001ddaeac9f60 nmethod 2586 0x000001ddb9920b10 code [0x000001ddb9920cc0, 0x000001ddb9921028]
Event: 9.507 Thread 0x000001ddaeac9f60 2587       4       org.lombokweb.asm.Type::getArgumentsAndReturnSizes (140 bytes)
Event: 9.510 Thread 0x000001ddaeae5d40 2593       3       org.lombokweb.asm.ByteVector::putByteArray (49 bytes)
Event: 9.511 Thread 0x000001ddaeae5d40 nmethod 2593 0x000001ddb2247290 code [0x000001ddb2247460, 0x000001ddb2247728]
Event: 9.525 Thread 0x000001ddaeac9f60 nmethod 2587 0x000001ddb9921310 code [0x000001ddb9921540, 0x000001ddb9921e28]
Event: 9.525 Thread 0x000001ddaeac9f60 2594       4       org.lombokweb.asm.ClassReader::readMethod (1070 bytes)

GC Heap History (8 events):
Event: 2.449 GC heap before
{Heap before GC invocations=1 (full 0):
 PSYoungGen      total 29696K, used 25600K [0x00000000d5580000, 0x00000000d7680000, 0x0000000100000000)
  eden space 25600K, 100% used [0x00000000d5580000,0x00000000d6e80000,0x00000000d6e80000)
  from space 4096K, 0% used [0x00000000d7280000,0x00000000d7280000,0x00000000d7680000)
  to   space 4096K, 0% used [0x00000000d6e80000,0x00000000d6e80000,0x00000000d7280000)
 ParOldGen       total 68608K, used 0K [0x0000000080000000, 0x0000000084300000, 0x00000000d5580000)
  object space 68608K, 0% used [0x0000000080000000,0x0000000080000000,0x0000000084300000)
 Metaspace       used 4322K, committed 4608K, reserved 1114112K
  class space    used 471K, committed 576K, reserved 1048576K
}
Event: 2.469 GC heap after
{Heap after GC invocations=1 (full 0):
 PSYoungGen      total 29696K, used 3286K [0x00000000d5580000, 0x00000000d7680000, 0x0000000100000000)
  eden space 25600K, 0% used [0x00000000d5580000,0x00000000d5580000,0x00000000d6e80000)
  from space 4096K, 80% used [0x00000000d6e80000,0x00000000d71b5ba8,0x00000000d7280000)
  to   space 4096K, 0% used [0x00000000d7280000,0x00000000d7280000,0x00000000d7680000)
 ParOldGen       total 68608K, used 16K [0x0000000080000000, 0x0000000084300000, 0x00000000d5580000)
  object space 68608K, 0% used [0x0000000080000000,0x0000000080004000,0x0000000084300000)
 Metaspace       used 4322K, committed 4608K, reserved 1114112K
  class space    used 471K, committed 576K, reserved 1048576K
}
Event: 4.581 GC heap before
{Heap before GC invocations=2 (full 0):
 PSYoungGen      total 29696K, used 28886K [0x00000000d5580000, 0x00000000d7680000, 0x0000000100000000)
  eden space 25600K, 100% used [0x00000000d5580000,0x00000000d6e80000,0x00000000d6e80000)
  from space 4096K, 80% used [0x00000000d6e80000,0x00000000d71b5ba8,0x00000000d7280000)
  to   space 4096K, 0% used [0x00000000d7280000,0x00000000d7280000,0x00000000d7680000)
 ParOldGen       total 68608K, used 16K [0x0000000080000000, 0x0000000084300000, 0x00000000d5580000)
  object space 68608K, 0% used [0x0000000080000000,0x0000000080004000,0x0000000084300000)
 Metaspace       used 8138K, committed 8384K, reserved 1114112K
  class space    used 863K, committed 960K, reserved 1048576K
}
Event: 4.590 GC heap after
{Heap after GC invocations=2 (full 0):
 PSYoungGen      total 29696K, used 4075K [0x00000000d5580000, 0x00000000d7680000, 0x0000000100000000)
  eden space 25600K, 0% used [0x00000000d5580000,0x00000000d5580000,0x00000000d6e80000)
  from space 4096K, 99% used [0x00000000d7280000,0x00000000d767ad10,0x00000000d7680000)
  to   space 4096K, 0% used [0x00000000d6e80000,0x00000000d6e80000,0x00000000d7280000)
 ParOldGen       total 68608K, used 913K [0x0000000080000000, 0x0000000084300000, 0x00000000d5580000)
  object space 68608K, 1% used [0x0000000080000000,0x00000000800e4698,0x0000000084300000)
 Metaspace       used 8138K, committed 8384K, reserved 1114112K
  class space    used 863K, committed 960K, reserved 1048576K
}
Event: 6.622 GC heap before
{Heap before GC invocations=3 (full 0):
 PSYoungGen      total 29696K, used 29675K [0x00000000d5580000, 0x00000000d7680000, 0x0000000100000000)
  eden space 25600K, 100% used [0x00000000d5580000,0x00000000d6e80000,0x00000000d6e80000)
  from space 4096K, 99% used [0x00000000d7280000,0x00000000d767ad10,0x00000000d7680000)
  to   space 4096K, 0% used [0x00000000d6e80000,0x00000000d6e80000,0x00000000d7280000)
 ParOldGen       total 68608K, used 913K [0x0000000080000000, 0x0000000084300000, 0x00000000d5580000)
  object space 68608K, 1% used [0x0000000080000000,0x00000000800e4698,0x0000000084300000)
 Metaspace       used 12985K, committed 13504K, reserved 1114112K
  class space    used 1367K, committed 1600K, reserved 1048576K
}
Event: 6.631 GC heap after
{Heap after GC invocations=3 (full 0):
 PSYoungGen      total 29696K, used 4078K [0x00000000d5580000, 0x00000000d7680000, 0x0000000100000000)
  eden space 25600K, 0% used [0x00000000d5580000,0x00000000d5580000,0x00000000d6e80000)
  from space 4096K, 99% used [0x00000000d6e80000,0x00000000d727b8b0,0x00000000d7280000)
  to   space 4096K, 0% used [0x00000000d7280000,0x00000000d7280000,0x00000000d7680000)
 ParOldGen       total 68608K, used 2719K [0x0000000080000000, 0x0000000084300000, 0x00000000d5580000)
  object space 68608K, 3% used [0x0000000080000000,0x00000000802a7c60,0x0000000084300000)
 Metaspace       used 12985K, committed 13504K, reserved 1114112K
  class space    used 1367K, committed 1600K, reserved 1048576K
}
Event: 8.352 GC heap before
{Heap before GC invocations=4 (full 0):
 PSYoungGen      total 29696K, used 29675K [0x00000000d5580000, 0x00000000d7680000, 0x0000000100000000)
  eden space 25600K, 99% used [0x00000000d5580000,0x00000000d6e7f4f0,0x00000000d6e80000)
  from space 4096K, 99% used [0x00000000d6e80000,0x00000000d727b8b0,0x00000000d7280000)
  to   space 4096K, 0% used [0x00000000d7280000,0x00000000d7280000,0x00000000d7680000)
 ParOldGen       total 68608K, used 2719K [0x0000000080000000, 0x0000000084300000, 0x00000000d5580000)
  object space 68608K, 3% used [0x0000000080000000,0x00000000802a7c60,0x0000000084300000)
 Metaspace       used 16096K, committed 16704K, reserved 1114112K
  class space    used 1665K, committed 1920K, reserved 1048576K
}
Event: 8.359 GC heap after
{Heap after GC invocations=4 (full 0):
 PSYoungGen      total 29696K, used 4091K [0x00000000d5580000, 0x00000000d7680000, 0x0000000100000000)
  eden space 25600K, 0% used [0x00000000d5580000,0x00000000d5580000,0x00000000d6e80000)
  from space 4096K, 99% used [0x00000000d7280000,0x00000000d767ef58,0x00000000d7680000)
  to   space 4096K, 0% used [0x00000000d6e80000,0x00000000d6e80000,0x00000000d7280000)
 ParOldGen       total 68608K, used 5790K [0x0000000080000000, 0x0000000084300000, 0x00000000d5580000)
  object space 68608K, 8% used [0x0000000080000000,0x00000000805a7a00,0x0000000084300000)
 Metaspace       used 16096K, committed 16704K, reserved 1114112K
  class space    used 1665K, committed 1920K, reserved 1048576K
}

Dll operation events (9 events):
Event: 0.039 Loaded shared library c:\Users\USER\.vscode\extensions\redhat.java-1.44.0-win32-x64\jre\21.0.8-win32-x86_64\bin\java.dll
Event: 0.216 Loaded shared library c:\Users\USER\.vscode\extensions\redhat.java-1.44.0-win32-x64\jre\21.0.8-win32-x86_64\bin\zip.dll
Event: 0.280 Loaded shared library C:\Users\USER\.vscode\extensions\redhat.java-1.44.0-win32-x64\jre\21.0.8-win32-x86_64\bin\instrument.dll
Event: 0.290 Loaded shared library C:\Users\USER\.vscode\extensions\redhat.java-1.44.0-win32-x64\jre\21.0.8-win32-x86_64\bin\net.dll
Event: 0.296 Loaded shared library C:\Users\USER\.vscode\extensions\redhat.java-1.44.0-win32-x64\jre\21.0.8-win32-x86_64\bin\nio.dll
Event: 0.303 Loaded shared library C:\Users\USER\.vscode\extensions\redhat.java-1.44.0-win32-x64\jre\21.0.8-win32-x86_64\bin\zip.dll
Event: 0.353 Loaded shared library C:\Users\USER\.vscode\extensions\redhat.java-1.44.0-win32-x64\jre\21.0.8-win32-x86_64\bin\jimage.dll
Event: 0.554 Loaded shared library c:\Users\USER\.vscode\extensions\redhat.java-1.44.0-win32-x64\jre\21.0.8-win32-x86_64\bin\verify.dll
Event: 4.467 Loaded shared library C:\Users\USER\AppData\Roaming\Code\User\globalStorage\redhat.java\1.44.0\config_ss_win\org.eclipse.equinox.launcher\org.eclipse.equinox.launcher.win32.win32.x86_64_1.2.1400.v20250730-1736\eclipse_11913.dll

Deoptimization events (20 events):
Event: 7.966 Thread 0x000001ddaeaba830 DEOPT PACKING pc=0x000001ddb98fd794 sp=0x0000002b91bef520
Event: 7.966 Thread 0x000001ddaeaba830 DEOPT UNPACKING pc=0x000001ddb92d3aa2 sp=0x0000002b91bef4c8 mode 2
Event: 7.966 Thread 0x000001ddaeaba830 Uncommon trap: trap_request=0xffffffde fr.pc=0x000001ddb98fd794 relative=0x00000000000003b4
Event: 7.966 Thread 0x000001ddaeaba830 Uncommon trap: reason=class_check action=maybe_recompile pc=0x000001ddb98fd794 method=java.util.regex.Pattern$BmpCharPropertyGreedy.match(Ljava/util/regex/Matcher;ILjava/lang/CharSequence;)Z @ 70 c2
Event: 7.966 Thread 0x000001ddaeaba830 DEOPT PACKING pc=0x000001ddb98fd794 sp=0x0000002b91bef370
Event: 7.966 Thread 0x000001ddaeaba830 DEOPT UNPACKING pc=0x000001ddb92d3aa2 sp=0x0000002b91bef318 mode 2
Event: 8.075 Thread 0x000001ddaeaba830 DEOPT PACKING pc=0x000001ddb20e8756 sp=0x0000002b91bf4a90
Event: 8.075 Thread 0x000001ddaeaba830 DEOPT UNPACKING pc=0x000001ddb92d4242 sp=0x0000002b91bf3fa0 mode 0
Event: 9.373 Thread 0x000001ddaeaba830 Uncommon trap: trap_request=0xffffff45 fr.pc=0x000001ddb991df6c relative=0x000000000000014c
Event: 9.373 Thread 0x000001ddaeaba830 Uncommon trap: reason=unstable_if action=reinterpret pc=0x000001ddb991df6c method=org.lombokweb.asm.ByteVector.putByteArray([BII)Lorg/lombokweb/asm/ByteVector; @ 20 c2
Event: 9.373 Thread 0x000001ddaeaba830 DEOPT PACKING pc=0x000001ddb991df6c sp=0x0000002b91beea50
Event: 9.373 Thread 0x000001ddaeaba830 DEOPT UNPACKING pc=0x000001ddb92d3aa2 sp=0x0000002b91beea20 mode 2
Event: 9.373 Thread 0x000001ddaeaba830 Uncommon trap: trap_request=0xffffff45 fr.pc=0x000001ddb991d3a4 relative=0x0000000000000364
Event: 9.373 Thread 0x000001ddaeaba830 Uncommon trap: reason=unstable_if action=reinterpret pc=0x000001ddb991d3a4 method=org.lombokweb.asm.Label.resolve([BLorg/lombokweb/asm/ByteVector;I)Z @ 81 c2
Event: 9.373 Thread 0x000001ddaeaba830 DEOPT PACKING pc=0x000001ddb991d3a4 sp=0x0000002b91beeae0
Event: 9.373 Thread 0x000001ddaeaba830 DEOPT UNPACKING pc=0x000001ddb92d3aa2 sp=0x0000002b91bee9e8 mode 2
Event: 9.493 Thread 0x000001ddaeaba830 Uncommon trap: trap_request=0xffffff6e fr.pc=0x000001ddb991f080 relative=0x0000000000000a00
Event: 9.493 Thread 0x000001ddaeaba830 Uncommon trap: reason=loop_limit_check action=maybe_recompile pc=0x000001ddb991f080 method=java.util.regex.Pattern$StartS.match(Ljava/util/regex/Matcher;ILjava/lang/CharSequence;)Z @ 34 c2
Event: 9.493 Thread 0x000001ddaeaba830 DEOPT PACKING pc=0x000001ddb991f080 sp=0x0000002b91bf26c0
Event: 9.493 Thread 0x000001ddaeaba830 DEOPT UNPACKING pc=0x000001ddb92d3aa2 sp=0x0000002b91bf2610 mode 2

Classes loaded (20 events):
Event: 8.005 Loading class java/io/StringReader
Event: 8.005 Loading class java/io/StringReader done
Event: 8.026 Loading class java/util/zip/GZIPInputStream
Event: 8.026 Loading class java/util/zip/GZIPInputStream done
Event: 8.061 Loading class java/net/SocketTimeoutException
Event: 8.069 Loading class java/io/InterruptedIOException
Event: 8.069 Loading class java/io/InterruptedIOException done
Event: 8.069 Loading class java/net/SocketTimeoutException done
Event: 8.070 Loading class java/net/SocketException
Event: 8.070 Loading class java/net/SocketException done
Event: 8.070 Loading class java/net/UnknownHostException
Event: 8.070 Loading class java/net/UnknownHostException done
Event: 8.070 Loading class java/net/ProtocolException
Event: 8.071 Loading class java/net/ProtocolException done
Event: 8.160 Loading class java/lang/ThreadLocal$SuppliedThreadLocal
Event: 8.160 Loading class java/lang/ThreadLocal$SuppliedThreadLocal done
Event: 8.205 Loading class java/lang/NegativeArraySizeException
Event: 8.206 Loading class java/lang/NegativeArraySizeException done
Event: 8.206 Loading class java/io/FileWriter
Event: 8.206 Loading class java/io/FileWriter done

Classes unloaded (0 events):
No events

Classes redefined (0 events):
No events

Internal exceptions (20 events):
Event: 6.818 Thread 0x000001ddaeaba830 Exception <a 'java/io/FileNotFoundException'{0x00000000d57a2ab0}> (0x00000000d57a2ab0) 
thrown [s\src\hotspot\share\prims\jni.cpp, line 520]
Event: 6.822 Thread 0x000001ddaeaba830 Exception <a 'java/io/FileNotFoundException'{0x00000000d57a9fa0}> (0x00000000d57a9fa0) 
thrown [s\src\hotspot\share\prims\jni.cpp, line 520]
Event: 7.303 Thread 0x000001ddaeaba830 Exception <a 'java/lang/NoSuchMethodError'{0x00000000d5d69e60}: 'java.lang.Object java.lang.invoke.DirectMethodHandle$Holder.newInvokeSpecial(java.lang.Object, java.lang.Object, java.lang.Object, java.lang.Object, java.lang.Object)'> (0x00000000d5d69e60) 
thrown [s\src\hotspot\share\interpreter\linkResolver.cpp, line 773]
Event: 7.418 Thread 0x000001ddaeaba830 Exception <a 'java/lang/NoSuchMethodError'{0x00000000d5e48148}: 'java.lang.Object java.lang.invoke.DirectMethodHandle$Holder.invokeSpecial(java.lang.Object, java.lang.Object, java.lang.Object, long, java.lang.Object)'> (0x00000000d5e48148) 
thrown [s\src\hotspot\share\interpreter\linkResolver.cpp, line 773]
Event: 7.422 Thread 0x000001ddaeaba830 Exception <a 'java/lang/NoSuchMethodError'{0x00000000d5e4f990}: 'java.lang.Object java.lang.invoke.DirectMethodHandle$Holder.newInvokeSpecial(java.lang.Object, java.lang.Object, java.lang.Object, long)'> (0x00000000d5e4f990) 
thrown [s\src\hotspot\share\interpreter\linkResolver.cpp, line 773]
Event: 7.424 Thread 0x000001ddaeaba830 Exception <a 'java/lang/NoSuchMethodError'{0x00000000d5e53d80}: 'java.lang.Object java.lang.invoke.DirectMethodHandle$Holder.invokeSpecial(java.lang.Object, java.lang.Object, java.lang.Object, java.lang.Object, long)'> (0x00000000d5e53d80) 
thrown [s\src\hotspot\share\interpreter\linkResolver.cpp, line 773]
Event: 7.425 Thread 0x000001ddaeaba830 Exception <a 'java/lang/NoSuchMethodError'{0x00000000d5e57e28}: 'java.lang.Object java.lang.invoke.Invokers$Holder.linkToTargetMethod(java.lang.Object, java.lang.Object, long, java.lang.Object)'> (0x00000000d5e57e28) 
thrown [s\src\hotspot\share\interpreter\linkResolver.cpp, line 773]
Event: 7.460 Thread 0x000001ddaeaba830 Exception <a 'java/lang/NoSuchMethodError'{0x00000000d5eafdb8}: 'int java.lang.invoke.DirectMethodHandle$Holder.invokeStaticInit(java.lang.Object, java.lang.Object, java.lang.Object)'> (0x00000000d5eafdb8) 
thrown [s\src\hotspot\share\interpreter\linkResolver.cpp, line 773]
Event: 7.534 Thread 0x000001ddaeaba830 Exception <a 'java/lang/IncompatibleClassChangeError'{0x00000000d5f58fc0}: Found class java.lang.Object, but interface was expected> (0x00000000d5f58fc0) 
thrown [s\src\hotspot\share\interpreter\linkResolver.cpp, line 840]
Event: 7.543 Thread 0x000001ddaeaba830 Exception <a 'java/lang/NoSuchMethodError'{0x00000000d5f6ab60}: 'java.lang.Object java.lang.invoke.DirectMethodHandle$Holder.invokeSpecial(java.lang.Object, java.lang.Object, java.lang.Object, int, java.lang.Object, java.lang.Object)'> (0x00000000d5f6ab60) 
thrown [s\src\hotspot\share\interpreter\linkResolver.cpp, line 773]
Event: 7.552 Thread 0x000001ddaeaba830 Exception <a 'java/lang/NoSuchMethodError'{0x00000000d5f72638}: 'java.lang.Object java.lang.invoke.DirectMethodHandle$Holder.newInvokeSpecial(java.lang.Object, java.lang.Object, java.lang.Object, int, java.lang.Object)'> (0x00000000d5f72638) 
thrown [s\src\hotspot\share\interpreter\linkResolver.cpp, line 773]
Event: 7.554 Thread 0x000001ddaeaba830 Exception <a 'java/lang/NoSuchMethodError'{0x00000000d5f765f8}: 'java.lang.Object java.lang.invoke.DirectMethodHandle$Holder.invokeSpecial(java.lang.Object, java.lang.Object, java.lang.Object, java.lang.Object, int, java.lang.Object)'> (0x00000000d5f765f8) 
thrown [s\src\hotspot\share\interpreter\linkResolver.cpp, line 773]
Event: 7.555 Thread 0x000001ddaeaba830 Exception <a 'java/lang/NoSuchMethodError'{0x00000000d5f7a138}: 'java.lang.Object java.lang.invoke.Invokers$Holder.linkToTargetMethod(java.lang.Object, java.lang.Object, int, java.lang.Object, java.lang.Object)'> (0x00000000d5f7a138) 
thrown [s\src\hotspot\share\interpreter\linkResolver.cpp, line 773]
Event: 7.557 Thread 0x000001de0cd45ff0 Exception <a 'java/lang/NoSuchMethodError'{0x00000000d5eccc98}: 'java.lang.Object java.lang.invoke.DirectMethodHandle$Holder.invokeSpecial(java.lang.Object, java.lang.Object, int, java.lang.Object, java.lang.Object)'> (0x00000000d5eccc98) 
thrown [s\src\hotspot\share\interpreter\linkResolver.cpp, line 773]
Event: 7.559 Thread 0x000001de0cd45ff0 Exception <a 'java/lang/NoSuchMethodError'{0x00000000d5ed39d0}: 'java.lang.Object java.lang.invoke.DirectMethodHandle$Holder.newInvokeSpecial(java.lang.Object, java.lang.Object, int, java.lang.Object)'> (0x00000000d5ed39d0) 
thrown [s\src\hotspot\share\interpreter\linkResolver.cpp, line 773]
Event: 7.561 Thread 0x000001de0cd45ff0 Exception <a 'java/lang/NoSuchMethodError'{0x00000000d5ed72f0}: 'java.lang.Object java.lang.invoke.DirectMethodHandle$Holder.invokeSpecial(java.lang.Object, java.lang.Object, java.lang.Object, int, java.lang.Object)'> (0x00000000d5ed72f0) 
thrown [s\src\hotspot\share\interpreter\linkResolver.cpp, line 773]
Event: 7.688 Thread 0x000001ddaeaba830 Exception <a 'java/lang/NoSuchMethodError'{0x00000000d60bbc58}: 'void java.lang.invoke.DirectMethodHandle$Holder.invokeSpecial(java.lang.Object, java.lang.Object, java.lang.Object, java.lang.Object, java.lang.Object)'> (0x00000000d60bbc58) 
thrown [s\src\hotspot\share\interpreter\linkResolver.cpp, line 773]
Event: 7.891 Thread 0x000001ddaeaba830 Exception <a 'java/lang/NoSuchMethodError'{0x00000000d6360b98}: 'double java.lang.invoke.DirectMethodHandle$Holder.invokeStatic(java.lang.Object, java.lang.Object)'> (0x00000000d6360b98) 
thrown [s\src\hotspot\share\interpreter\linkResolver.cpp, line 773]
Event: 7.893 Thread 0x000001ddaeaba830 Exception <a 'java/lang/NoSuchMethodError'{0x00000000d6364258}: 'double java.lang.invoke.DirectMethodHandle$Holder.invokeStaticInit(java.lang.Object, java.lang.Object)'> (0x00000000d6364258) 
thrown [s\src\hotspot\share\interpreter\linkResolver.cpp, line 773]
Event: 9.373 Thread 0x000001ddaeaba830 Implicit null exception at 0x000001ddb991de75 to 0x000001ddb991df50

ZGC Phase Switch (0 events):
No events

VM Operations (20 events):
Event: 4.581 Executing VM operation: ParallelGCFailedAllocation (Allocation Failure)
Event: 4.590 Executing VM operation: ParallelGCFailedAllocation (Allocation Failure) done
Event: 5.105 Executing VM operation: HandshakeAllThreads (Deoptimize)
Event: 5.106 Executing VM operation: HandshakeAllThreads (Deoptimize) done
Event: 6.026 Executing VM operation: HandshakeAllThreads (Deoptimize)
Event: 6.026 Executing VM operation: HandshakeAllThreads (Deoptimize) done
Event: 6.026 Executing VM operation: Cleanup
Event: 6.026 Executing VM operation: Cleanup done
Event: 6.622 Executing VM operation: ParallelGCFailedAllocation (Allocation Failure)
Event: 6.631 Executing VM operation: ParallelGCFailedAllocation (Allocation Failure) done
Event: 6.897 Executing VM operation: HandshakeAllThreads (Deoptimize)
Event: 6.898 Executing VM operation: HandshakeAllThreads (Deoptimize) done
Event: 6.935 Executing VM operation: HandshakeAllThreads (Deoptimize)
Event: 6.935 Executing VM operation: HandshakeAllThreads (Deoptimize) done
Event: 7.035 Executing VM operation: HandshakeAllThreads (Deoptimize)
Event: 7.035 Executing VM operation: HandshakeAllThreads (Deoptimize) done
Event: 8.035 Executing VM operation: Cleanup
Event: 8.038 Executing VM operation: Cleanup done
Event: 8.352 Executing VM operation: ParallelGCFailedAllocation (Allocation Failure)
Event: 8.359 Executing VM operation: ParallelGCFailedAllocation (Allocation Failure) done

Memory protections (0 events):
No events

Nmethod flushes (0 events):
No events

Events (20 events):
Event: 0.109 Thread 0x000001ddaeb48cf0 Thread added: 0x000001ddaeab24b0
Event: 0.109 Thread 0x000001ddaeb48cf0 Thread added: 0x000001ddaeab3d10
Event: 0.110 Thread 0x000001ddaeb48cf0 Thread added: 0x000001ddaeab7580
Event: 0.110 Thread 0x000001ddaeb48cf0 Thread added: 0x000001ddaeabb550
Event: 0.111 Thread 0x000001ddaeb48cf0 Thread added: 0x000001ddaeab8760
Event: 0.111 Thread 0x000001ddaeb48cf0 Thread added: 0x000001ddaeab8df0
Event: 0.112 Thread 0x000001ddaeb48cf0 Thread added: 0x000001ddaeac9f60
Event: 0.113 Thread 0x000001ddaeb48cf0 Thread added: 0x000001ddaeae5d40
Event: 0.179 Thread 0x000001ddaeb48cf0 Thread added: 0x000001ddaeabbbe0
Event: 0.546 Thread 0x000001ddaeac9f60 Thread added: 0x000001de0c232a70
Event: 0.841 Thread 0x000001ddaeb48cf0 Thread added: 0x000001ddaeab9480
Event: 2.181 Thread 0x000001de0c232a70 Thread exited: 0x000001de0c232a70
Event: 3.776 Thread 0x000001ddaeb48cf0 Thread added: 0x000001ddaeab9b10
Event: 4.436 Thread 0x000001ddaeb48cf0 Thread added: 0x000001ddaeaba1a0
Event: 4.452 Thread 0x000001ddaeb48cf0 Thread added: 0x000001ddaeaba830
Event: 4.654 Thread 0x000001ddaeaba830 Thread added: 0x000001ddaeabaec0
Event: 5.056 Thread 0x000001ddaeaba830 Thread added: 0x000001de0cd40aa0
Event: 6.165 Thread 0x000001ddaeaba830 Thread added: 0x000001de0cd43890
Event: 7.444 Thread 0x000001ddaeaba830 Thread added: 0x000001de0cd45ff0
Event: 7.559 Thread 0x000001ddaeaba830 Thread added: 0x000001de0cd424e0


Dynamic libraries:
0x00007ff662990000 - 0x00007ff66299e000 	c:\Users\USER\.vscode\extensions\redhat.java-1.44.0-win32-x64\jre\21.0.8-win32-x86_64\bin\java.exe
0x00007ffbdba30000 - 0x00007ffbdbc28000 	C:\WINDOWS\SYSTEM32\ntdll.dll
0x00007ffbdb4e0000 - 0x00007ffbdb59d000 	C:\WINDOWS\System32\KERNEL32.DLL
0x00007ffbd94a0000 - 0x00007ffbd9796000 	C:\WINDOWS\System32\KERNELBASE.dll
0x00007ffbd9270000 - 0x00007ffbd9370000 	C:\WINDOWS\System32\ucrtbase.dll
0x00007ffbbc8d0000 - 0x00007ffbbc8e8000 	c:\Users\USER\.vscode\extensions\redhat.java-1.44.0-win32-x64\jre\21.0.8-win32-x86_64\bin\jli.dll
0x00007ffbd9aa0000 - 0x00007ffbd9c3e000 	C:\WINDOWS\System32\USER32.dll
0x00007ffbc1fc0000 - 0x00007ffbc1fde000 	c:\Users\USER\.vscode\extensions\redhat.java-1.44.0-win32-x64\jre\21.0.8-win32-x86_64\bin\VCRUNTIME140.dll
0x00007ffbc8750000 - 0x00007ffbc89ea000 	C:\WINDOWS\WinSxS\amd64_microsoft.windows.common-controls_6595b64144ccf1df_6.0.19041.3636_none_60b6a03d71f818d5\COMCTL32.dll
0x00007ffbd9370000 - 0x00007ffbd9392000 	C:\WINDOWS\System32\win32u.dll
0x00007ffbdb620000 - 0x00007ffbdb6be000 	C:\WINDOWS\System32\msvcrt.dll
0x00007ffbdb040000 - 0x00007ffbdb06c000 	C:\WINDOWS\System32\GDI32.dll
0x00007ffbd97d0000 - 0x00007ffbd98ea000 	C:\WINDOWS\System32\gdi32full.dll
0x00007ffbd99f0000 - 0x00007ffbd9a8d000 	C:\WINDOWS\System32\msvcp_win.dll
0x00007ffbdaf10000 - 0x00007ffbdaf40000 	C:\WINDOWS\System32\IMM32.DLL
0x00007ffbc39f0000 - 0x00007ffbc39fc000 	c:\Users\USER\.vscode\extensions\redhat.java-1.44.0-win32-x64\jre\21.0.8-win32-x86_64\bin\vcruntime140_1.dll
0x00007ffbad470000 - 0x00007ffbad4fd000 	c:\Users\USER\.vscode\extensions\redhat.java-1.44.0-win32-x64\jre\21.0.8-win32-x86_64\bin\msvcp140.dll
0x00007ffb8cd80000 - 0x00007ffb8db17000 	c:\Users\USER\.vscode\extensions\redhat.java-1.44.0-win32-x64\jre\21.0.8-win32-x86_64\bin\server\jvm.dll
0x00007ffbdab40000 - 0x00007ffbdabef000 	C:\WINDOWS\System32\ADVAPI32.dll
0x00007ffbdb6c0000 - 0x00007ffbdb75c000 	C:\WINDOWS\System32\sechost.dll
0x00007ffbdade0000 - 0x00007ffbdaf06000 	C:\WINDOWS\System32\RPCRT4.dll
0x00007ffbdad70000 - 0x00007ffbdaddb000 	C:\WINDOWS\System32\WS2_32.dll
0x00007ffbd8f70000 - 0x00007ffbd8fbb000 	C:\WINDOWS\SYSTEM32\POWRPROF.dll
0x00007ffbd1ee0000 - 0x00007ffbd1eea000 	C:\WINDOWS\SYSTEM32\VERSION.dll
0x00007ffbd1ef0000 - 0x00007ffbd1f17000 	C:\WINDOWS\SYSTEM32\WINMM.dll
0x00007ffbd8f50000 - 0x00007ffbd8f62000 	C:\WINDOWS\SYSTEM32\UMPDC.dll
0x00007ffbd6f80000 - 0x00007ffbd6f92000 	C:\WINDOWS\SYSTEM32\kernel.appcore.dll
0x00007ffbc0750000 - 0x00007ffbc075a000 	c:\Users\USER\.vscode\extensions\redhat.java-1.44.0-win32-x64\jre\21.0.8-win32-x86_64\bin\jimage.dll
0x00007ffbc7bb0000 - 0x00007ffbc7d94000 	C:\WINDOWS\SYSTEM32\DBGHELP.DLL
0x00007ffbc70b0000 - 0x00007ffbc70e4000 	C:\WINDOWS\SYSTEM32\dbgcore.DLL
0x00007ffbd98f0000 - 0x00007ffbd9972000 	C:\WINDOWS\System32\bcryptPrimitives.dll
0x00007ffbcd080000 - 0x00007ffbcd08f000 	c:\Users\USER\.vscode\extensions\redhat.java-1.44.0-win32-x64\jre\21.0.8-win32-x86_64\bin\instrument.dll
0x00007ffbb4dc0000 - 0x00007ffbb4ddf000 	c:\Users\USER\.vscode\extensions\redhat.java-1.44.0-win32-x64\jre\21.0.8-win32-x86_64\bin\java.dll
0x00007ffbda340000 - 0x00007ffbdaa85000 	C:\WINDOWS\System32\SHELL32.dll
0x00007ffbd7180000 - 0x00007ffbd791b000 	C:\WINDOWS\SYSTEM32\windows.storage.dll
0x00007ffbd9c40000 - 0x00007ffbd9f94000 	C:\WINDOWS\System32\combase.dll
0x00007ffbd89a0000 - 0x00007ffbd89cd000 	C:\WINDOWS\SYSTEM32\Wldp.dll
0x00007ffbda290000 - 0x00007ffbda33d000 	C:\WINDOWS\System32\SHCORE.dll
0x00007ffbdabf0000 - 0x00007ffbdac45000 	C:\WINDOWS\System32\shlwapi.dll
0x00007ffbd9040000 - 0x00007ffbd9065000 	C:\WINDOWS\SYSTEM32\profapi.dll
0x00007ffbb4da0000 - 0x00007ffbb4db8000 	c:\Users\USER\.vscode\extensions\redhat.java-1.44.0-win32-x64\jre\21.0.8-win32-x86_64\bin\zip.dll
0x00007ffbc06c0000 - 0x00007ffbc06d0000 	C:\Users\USER\.vscode\extensions\redhat.java-1.44.0-win32-x64\jre\21.0.8-win32-x86_64\bin\net.dll
0x00007ffbcf600000 - 0x00007ffbcf70a000 	C:\WINDOWS\SYSTEM32\WINHTTP.dll
0x00007ffbd8780000 - 0x00007ffbd87ea000 	C:\WINDOWS\system32\mswsock.dll
0x00007ffbb4d50000 - 0x00007ffbb4d66000 	C:\Users\USER\.vscode\extensions\redhat.java-1.44.0-win32-x64\jre\21.0.8-win32-x86_64\bin\nio.dll
0x00007ffbcd090000 - 0x00007ffbcd0a0000 	c:\Users\USER\.vscode\extensions\redhat.java-1.44.0-win32-x64\jre\21.0.8-win32-x86_64\bin\verify.dll
0x00007ffbb0db0000 - 0x00007ffbb0df5000 	C:\Users\USER\AppData\Roaming\Code\User\globalStorage\redhat.java\1.44.0\config_ss_win\org.eclipse.equinox.launcher\org.eclipse.equinox.launcher.win32.win32.x86_64_1.2.1400.v20250730-1736\eclipse_11913.dll
0x00007ffbda160000 - 0x00007ffbda28b000 	C:\WINDOWS\System32\ole32.dll

JVMTI agents:
c:\Users\USER\.vscode\extensions\redhat.java-1.44.0-win32-x64\lombok\lombok-1.18.39-4050.jar path:c:\Users\USER\.vscode\extensions\redhat.java-1.44.0-win32-x64\jre\21.0.8-win32-x86_64\bin\instrument.dll, loaded, initialized, instrumentlib options:none

dbghelp: loaded successfully - version: 4.0.5 - missing functions: none
symbol engine: initialized successfully - sym options: 0x614 - pdb path: .;c:\Users\USER\.vscode\extensions\redhat.java-1.44.0-win32-x64\jre\21.0.8-win32-x86_64\bin;C:\WINDOWS\SYSTEM32;C:\WINDOWS\WinSxS\amd64_microsoft.windows.common-controls_6595b64144ccf1df_6.0.19041.3636_none_60b6a03d71f818d5;c:\Users\USER\.vscode\extensions\redhat.java-1.44.0-win32-x64\jre\21.0.8-win32-x86_64\bin\server;C:\Users\USER\AppData\Roaming\Code\User\globalStorage\redhat.java\1.44.0\config_ss_win\org.eclipse.equinox.launcher\org.eclipse.equinox.launcher.win32.win32.x86_64_1.2.1400.v20250730-1736

VM Arguments:
jvm_args: --add-modules=ALL-SYSTEM --add-opens=java.base/java.util=ALL-UNNAMED --add-opens=java.base/java.lang=ALL-UNNAMED --add-opens=java.base/sun.nio.fs=ALL-UNNAMED -Declipse.application=org.eclipse.jdt.ls.core.id1 -Dosgi.bundles.defaultStartLevel=4 -Declipse.product=org.eclipse.jdt.ls.core.product -Djava.import.generatesMetadataFilesAtProjectRoot=false -DDetectVMInstallationsJob.disabled=true -Dfile.encoding=utf8 -XX:+UseParallelGC -XX:GCTimeRatio=4 -XX:AdaptiveSizePolicyWeight=90 -Dsun.zip.disableMemoryMapping=true -Xmx2G -Xms100m -Xlog:disable -javaagent:c:\Users\USER\.vscode\extensions\redhat.java-1.44.0-win32-x64\lombok\lombok-1.18.39-4050.jar 
java_command: c:\Users\USER\.vscode\extensions\redhat.java-1.44.0-win32-x64\server\plugins\org.eclipse.equinox.launcher_1.7.0.v20250519-0528.jar -configuration c:\Users\USER\AppData\Roaming\Code\User\globalStorage\redhat.java\1.44.0\config_ss_win -data c:\Users\USER\AppData\Roaming\Code\User\workspaceStorage\86792585dbc43faf0f2f2baa02294349\redhat.java\ss_ws --pipe=\\.\pipe\lsp-e696d6a666fce8a8128a7ff2413b0f21-sock
java_class_path (initial): c:\Users\USER\.vscode\extensions\redhat.java-1.44.0-win32-x64\server\plugins\org.eclipse.equinox.launcher_1.7.0.v20250519-0528.jar
Launcher Type: SUN_STANDARD

[Global flags]
    uintx AdaptiveSizePolicyWeight                 = 90                                        {product} {command line}
     intx CICompilerCount                          = 4                                         {product} {ergonomic}
    uintx GCTimeRatio                              = 4                                         {product} {command line}
   size_t InitialHeapSize                          = 104857600                                 {product} {command line}
   size_t MaxHeapSize                              = 2147483648                                {product} {command line}
   size_t MaxNewSize                               = 715653120                                 {product} {ergonomic}
   size_t MinHeapDeltaBytes                        = 524288                                    {product} {ergonomic}
   size_t MinHeapSize                              = 104857600                                 {product} {command line}
   size_t NewSize                                  = 34603008                                  {product} {ergonomic}
    uintx NonNMethodCodeHeapSize                   = 5839372                                {pd product} {ergonomic}
    uintx NonProfiledCodeHeapSize                  = 122909434                              {pd product} {ergonomic}
   size_t OldSize                                  = 70254592                                  {product} {ergonomic}
    uintx ProfiledCodeHeapSize                     = 122909434                              {pd product} {ergonomic}
    uintx ReservedCodeCacheSize                    = 251658240                              {pd product} {ergonomic}
     bool SegmentedCodeCache                       = true                                      {product} {ergonomic}
   size_t SoftMaxHeapSize                          = 2147483648                             {manageable} {ergonomic}
     bool UseCompressedOops                        = true                           {product lp64_product} {ergonomic}
     bool UseLargePagesIndividualAllocation        = false                                  {pd product} {ergonomic}
     bool UseParallelGC                            = true                                      {product} {command line}

Logging:
Log output configuration:
 #0: stdout all=off uptime,level,tags foldmultilines=false
 #1: stderr all=off uptime,level,tags foldmultilines=false

Environment Variables:
PATH=C:\Program Files\Common Files\Oracle\Java\javapath;C:\WINDOWS\system32;C:\WINDOWS;C:\WINDOWS\System32\Wbem;C:\WINDOWS\System32\WindowsPowerShell\v1.0\;C:\WINDOWS\System32\OpenSSH\;C:\Program Files\Git\cmd;C:\Program Files\Git LFS;C:\Program Files\CMake\bin;C:\Program Files\Go\bin;C:\xampp\php;C:\Program Files\nodejs\;C:\ProgramData\chocolatey\bin;C:\Dev\flutter\bin;C:\Users\USER\AppData\Local\Android\Sdk\platform-tools;C:\Users\USER\AppData\Local\Programs\Python\Python312\Scripts\;C:\Users\USER\AppData\Local\Programs\Python\Python312\;C:\Users\USER\.console-ninja\.bin;C:\Users\USER\anaconda3;C:\Users\USER\anaconda3\Library\mingw-w64\bin;C:\Users\USER\anaconda3\Library\usr\bin;C:\Users\USER\anaconda3\Library\bin;C:\Users\USER\anaconda3\Scripts;C:\Users\USER\.cargo\bin;C:\Users\USER\AppData\Local\Microsoft\WindowsApps;D:\Users\fredr\AppData\Local\GitHubDesktop\bin;C:\Users\USER\AppData\Local\Programs\Microsoft VS Code\bin;C:\Program Files\JetBrains\PyCharm 2024.1.4\bin;C:\Program Files\JetBrains\PyCharm Community Edition 2024.2.3\bin;;C:\Users\USER\go\bin;C:\Users\USER\AppData\Roaming\npm;C:\Users\USER\AppData\Local\Microsoft\WindowsApps;C:\Dev\flutter\bin;
USERNAME=USER
OS=Windows_NT
PROCESSOR_IDENTIFIER=AMD64 Family 23 Model 24 Stepping 1, AuthenticAMD
TMP=C:\Users\USER\AppData\Local\Temp
TEMP=C:\Users\USER\AppData\Local\Temp




Periodic native trim disabled

---------------  S Y S T E M  ---------------

OS:
 Windows 10 , 64 bit Build 19041 (10.0.19041.3636)
OS uptime: 3 days 2:15 hours
Hyper-V role detected

CPU: total 8 (initial active 8) (8 cores per cpu, 2 threads per core) family 23 model 24 stepping 1 microcode 0x0, cx8, cmov, fxsr, ht, mmx, 3dnowpref, sse, sse2, sse3, ssse3, sse4a, sse4.1, sse4.2, popcnt, lzcnt, tsc, tscinvbit, avx, avx2, aes, clmul, bmi1, bmi2, adx, sha, fma, vzeroupper, clflush, clflushopt, hv, rdtscp, f16c
Processor Information for the first 8 processors :
  Max Mhz: 2100, Current Mhz: 2100, Mhz Limit: 2100

Memory: 4k page, system-wide physical 6082M (299M free)
TotalPageFile size 16322M (AvailPageFile size 57M)
current process WorkingSet (physical memory assigned to process): 123M, peak: 123M
current process commit charge ("private bytes"): 263M, peak: 263M

vm_info: OpenJDK 64-Bit Server VM (21.0.8+9-LTS) for windows-amd64 JRE (21.0.8+9-LTS), built on 2025-07-15T00:00:00Z by "admin" with MS VC++ 17.7 (VS2022)

END.
