#
# There is insufficient memory for the Java Runtime Environment to continue.
# Native memory allocation (mmap) failed to map 65536 bytes for Failed to commit metaspace.
# Possible reasons:
#   The system is out of physical RAM or swap space
#   The process is running with CompressedOops enabled, and the Java Heap may be blocking the growth of the native heap
# Possible solutions:
#   Reduce memory load on the system
#   Increase physical memory or swap space
#   Check if swap backing store is full
#   Decrease Java heap size (-Xmx/-Xms)
#   Decrease number of Java threads
#   Decrease Java thread stack sizes (-Xss)
#   Set larger code cache with -XX:ReservedCodeCacheSize=
#   JVM is running with Zero Based Compressed Oops mode in which the Java heap is
#     placed in the first 32GB address space. The Java Heap base address is the
#     maximum limit for the native heap growth. Please use -XX:HeapBaseMinAddress
#     to set the Java Heap base and to place the Java Heap above 32GB virtual address.
# This output file may be truncated or incomplete.
#
#  Out of Memory Error (virtualSpaceNode.cpp:112), pid=4808, tid=7508
#
# JRE version: Java(TM) SE Runtime Environment (21.0.2+13) (build 21.0.2+13-LTS-58)
# Java VM: Java HotSpot(TM) 64-Bit Server VM (21.0.2+13-LTS-58, mixed mode, sharing, tiered, compressed oops, compressed class ptrs, g1 gc, windows-amd64)
# No core dump will be written. Minidumps are not enabled by default on client versions of Windows
#

---------------  S U M M A R Y ------------

Command Line: --add-opens=java.base/java.lang=ALL-UNNAMED --add-opens=java.base/java.lang.invoke=ALL-UNNAMED --add-opens=java.base/java.util=ALL-UNNAMED --add-opens=java.prefs/java.util.prefs=ALL-UNNAMED --add-exports=jdk.compiler/com.sun.tools.javac.api=ALL-UNNAMED --add-exports=jdk.compiler/com.sun.tools.javac.util=ALL-UNNAMED --add-opens=java.base/java.util=ALL-UNNAMED --add-opens=java.prefs/java.util.prefs=ALL-UNNAMED --add-opens=java.base/java.nio.charset=ALL-UNNAMED --add-opens=java.base/java.net=ALL-UNNAMED --add-opens=java.base/java.util.concurrent.atomic=ALL-UNNAMED --add-opens=java.xml/javax.xml.namespace=ALL-UNNAMED -XX:MaxMetaspaceSize=4G -XX:ReservedCodeCacheSize=512m -XX:+HeapDumpOnOutOfMemoryError -Xmx8G -Dfile.encoding=UTF-8 -Duser.country=MX -Duser.language=es -Duser.variant -javaagent:C:\Users\USER\.gradle\wrapper\dists\gradle-8.12-all\ejduaidbjup3bmmkhw3rie4zb\gradle-8.12\lib\agents\gradle-instrumentation-agent-8.12.jar org.gradle.launcher.daemon.bootstrap.GradleDaemon 8.12

Host: AMD Ryzen 5 3500U with Radeon Vega Mobile Gfx  , 8 cores, 5G,  Windows 10 , 64 bit Build 19041 (10.0.19041.3636)
Time: Sun Aug 17 18:14:46 2025 Hora est. Pacífico, Sudamérica elapsed time: 118.050371 seconds (0d 0h 1m 58s)

---------------  T H R E A D  ---------------

Current thread (0x00000266f65869a0):  JavaThread "C1 CompilerThread0" daemon [_thread_in_vm, id=7508, stack(0x000000b9de800000,0x000000b9de900000) (1024K)]


Current CompileTask:
C1: 118050 21775       3       com.android.build.gradle.internal.cxx.model.MetaModelKt::lookup (837 bytes)

Stack: [0x000000b9de800000,0x000000b9de900000]
Native frames: (J=compiled Java code, j=interpreted, Vv=VM code, C=native code)
V  [jvm.dll+0x6cade9]
V  [jvm.dll+0x8569c1]
V  [jvm.dll+0x858d2e]
V  [jvm.dll+0x859413]
V  [jvm.dll+0x280e56]
V  [jvm.dll+0x8526ee]
V  [jvm.dll+0x66e705]
V  [jvm.dll+0x1e68cc]
V  [jvm.dll+0x1e669e]
V  [jvm.dll+0x67104c]
V  [jvm.dll+0x670e62]
V  [jvm.dll+0x66f0de]
V  [jvm.dll+0x68038a]
V  [jvm.dll+0x679622]
V  [jvm.dll+0x1f44e0]
V  [jvm.dll+0x1f46c8]
V  [jvm.dll+0x166a66]
V  [jvm.dll+0x1668b6]
V  [jvm.dll+0x15e3d8]
V  [jvm.dll+0x16064d]
V  [jvm.dll+0x15ec75]
V  [jvm.dll+0x1589ce]
V  [jvm.dll+0x168576]
V  [jvm.dll+0x153e00]
V  [jvm.dll+0x154183]
V  [jvm.dll+0x154444]
V  [jvm.dll+0x153886]
V  [jvm.dll+0x1555ed]
V  [jvm.dll+0x258859]
V  [jvm.dll+0x256e3a]
V  [jvm.dll+0x3ef6c6]
V  [jvm.dll+0x7ff568]
V  [jvm.dll+0x6c953d]
C  [ucrtbase.dll+0x21bb2]
C  [KERNEL32.DLL+0x17344]
C  [ntdll.dll+0x526b1]


---------------  P R O C E S S  ---------------

Threads class SMR info:
_java_thread_list=0x0000026750f41470, length=121, elements={
0x00000266bf52ca70, 0x00000266f6574aa0, 0x00000266f6577980, 0x00000266f657c9b0,
0x00000266f657d410, 0x00000266f657e970, 0x00000266f657fb70, 0x00000266f6585760,
0x00000266f65869a0, 0x000002673c08b150, 0x000002673c279010, 0x000002673c298470,
0x000002673c189dd0, 0x000002673c38e950, 0x000002673d0e1b70, 0x000002673c3838a0,
0x000002673cbf3040, 0x000002673d3999b0, 0x000002673d397ac0, 0x000002673d396080,
0x000002673d3987e0, 0x000002673d398e70, 0x000002673d396710, 0x000002673d396da0,
0x000002673d3959f0, 0x000002673d397430, 0x000002673f51beb0, 0x000002673f514f20,
0x000002673f5183a0, 0x000002673f519de0, 0x000002673f51a470, 0x000002673f51ab00,
0x000002673f519750, 0x000002673f518a30, 0x000002673f51b190, 0x000002673f5190c0,
0x000002673f51b820, 0x000002673f51c540, 0x000002673f5155b0, 0x000002673f516ff0,
0x000002673f517680, 0x000002673f1626b0, 0x000002673f1633d0, 0x000002673f15d160,
0x000002673f161300, 0x000002673f1605e0, 0x000002673f15c440, 0x000002673f161990,
0x000002673f160c70, 0x000002673f15de80, 0x000002673f15f230, 0x000002673f162020,
0x000002673f15e510, 0x000002673fafe7a0, 0x000002673faf7ea0, 0x000002673fafac90,
0x000002673faf98e0, 0x000002673fafee30, 0x000002673faf9250, 0x000002673fafa600,
0x000002673fafb9b0, 0x000002673faf8bc0, 0x000002673fafb320, 0x000002673fafda80,
0x000002673fafcd60, 0x000002673dbb3930, 0x000002674ebc0c40, 0x000002674ebbd130,
0x000002674ebc1960, 0x000002674ebbcaa0, 0x000002674ebc1ff0, 0x000002674ebc2680,
0x000002674ebbc410, 0x0000026751e33bc0, 0x0000026751e34f70, 0x0000026751e37d60,
0x0000026751e383f0, 0x0000026751e35c90, 0x0000026751e376d0, 0x0000026751e36320,
0x0000026751e39e30, 0x0000026751e37040, 0x0000026751e34250, 0x0000026751e397a0,
0x0000026751e38a80, 0x0000026751e39110, 0x0000026751e3a4c0, 0x0000026751e3ab50,
0x0000026751e369b0, 0x0000026751e3b1e0, 0x0000026751e35600, 0x0000026751e348e0,
0x0000026741d33f40, 0x0000026741d32500, 0x0000026741d31e70, 0x0000026741d30ac0,
0x0000026741d2f080, 0x0000026741d30430, 0x0000026741d33220, 0x0000026741d36010,
0x0000026741d366a0, 0x0000026741d338b0, 0x0000026741d345d0, 0x0000026741d31150,
0x0000026741d34c60, 0x0000026741d352f0, 0x0000026741d2f710, 0x0000026741d2fda0,
0x0000026741d317e0, 0x00000267419b39c0, 0x00000267419b2ca0, 0x00000267419b4d70,
0x00000267419b6120, 0x00000267419b1260, 0x00000267419b4050, 0x00000267419b2610,
0x00000267419b6e40, 0x00000267419b74d0, 0x00000267419b7b60, 0x00000267419b1f80,
0x00000267419ba950
}

Java Threads: ( => current thread )
  0x00000266bf52ca70 JavaThread "main"                              [_thread_blocked, id=9976, stack(0x000000b9dd900000,0x000000b9dda00000) (1024K)]
  0x00000266f6574aa0 JavaThread "Reference Handler"          daemon [_thread_blocked, id=11088, stack(0x000000b9de100000,0x000000b9de200000) (1024K)]
  0x00000266f6577980 JavaThread "Finalizer"                  daemon [_thread_blocked, id=12560, stack(0x000000b9de200000,0x000000b9de300000) (1024K)]
  0x00000266f657c9b0 JavaThread "Signal Dispatcher"          daemon [_thread_blocked, id=544, stack(0x000000b9de300000,0x000000b9de400000) (1024K)]
  0x00000266f657d410 JavaThread "Attach Listener"            daemon [_thread_blocked, id=15412, stack(0x000000b9de400000,0x000000b9de500000) (1024K)]
  0x00000266f657e970 JavaThread "Service Thread"             daemon [_thread_blocked, id=11272, stack(0x000000b9de500000,0x000000b9de600000) (1024K)]
  0x00000266f657fb70 JavaThread "Monitor Deflation Thread"   daemon [_thread_blocked, id=21448, stack(0x000000b9de600000,0x000000b9de700000) (1024K)]
  0x00000266f6585760 JavaThread "C2 CompilerThread0"         daemon [_thread_in_native, id=18620, stack(0x000000b9de700000,0x000000b9de800000) (1024K)]
=>0x00000266f65869a0 JavaThread "C1 CompilerThread0"         daemon [_thread_in_vm, id=7508, stack(0x000000b9de800000,0x000000b9de900000) (1024K)]
  0x000002673c08b150 JavaThread "Common-Cleaner"             daemon [_thread_blocked, id=17612, stack(0x000000b9de900000,0x000000b9dea00000) (1024K)]
  0x000002673c279010 JavaThread "Notification Thread"        daemon [_thread_blocked, id=13248, stack(0x000000b9dea00000,0x000000b9deb00000) (1024K)]
  0x000002673c298470 JavaThread "Daemon health stats"               [_thread_blocked, id=7912, stack(0x000000b9ded00000,0x000000b9dee00000) (1024K)]
  0x000002673c189dd0 JavaThread "Incoming local TCP Connector on port 56791"        [_thread_in_native, id=10460, stack(0x000000b9df000000,0x000000b9df100000) (1024K)]
  0x000002673c38e950 JavaThread "Daemon periodic checks"            [_thread_blocked, id=6200, stack(0x000000b9df200000,0x000000b9df300000) (1024K)]
  0x000002673d0e1b70 JavaThread "Daemon"                            [_thread_blocked, id=20868, stack(0x000000b9df300000,0x000000b9df400000) (1024K)]
  0x000002673c3838a0 JavaThread "Handler for socket connection from /127.0.0.1:56791 to /127.0.0.1:56792"        [_thread_in_native, id=21140, stack(0x000000b9df400000,0x000000b9df500000) (1024K)]
  0x000002673cbf3040 JavaThread "Cancel handler"                    [_thread_blocked, id=24164, stack(0x000000b9df500000,0x000000b9df600000) (1024K)]
  0x000002673d3999b0 JavaThread "Daemon worker"                     [_thread_in_vm, id=13392, stack(0x000000b9df600000,0x000000b9df700000) (1024K)]
  0x000002673d397ac0 JavaThread "Asynchronous log dispatcher for DefaultDaemonConnection: socket connection from /127.0.0.1:56791 to /127.0.0.1:56792"        [_thread_blocked, id=17320, stack(0x000000b9df700000,0x000000b9df800000) (1024K)]
  0x000002673d396080 JavaThread "Stdin handler"                     [_thread_blocked, id=22480, stack(0x000000b9df800000,0x000000b9df900000) (1024K)]
  0x000002673d3987e0 JavaThread "Daemon client event forwarder"        [_thread_blocked, id=16104, stack(0x000000b9df900000,0x000000b9dfa00000) (1024K)]
  0x000002673d398e70 JavaThread "Cache worker for journal cache (C:\Users\USER\.gradle\caches\journal-1)"        [_thread_blocked, id=22964, stack(0x000000b9df100000,0x000000b9df200000) (1024K)]
  0x000002673d396710 JavaThread "File lock request listener"        [_thread_in_native, id=18572, stack(0x000000b9dfd00000,0x000000b9dfe00000) (1024K)]
  0x000002673d396da0 JavaThread "Cache worker for file hash cache (C:\Users\USER\.gradle\caches\8.12\fileHashes)"        [_thread_blocked, id=19832, stack(0x000000b9dfe00000,0x000000b9dff00000) (1024K)]
  0x000002673d3959f0 JavaThread "Cache worker for file hash cache (C:\Users\USER\Documents\GitHub\LP-Videogame_2\frontend\android\.gradle\8.12\fileHashes)"        [_thread_blocked, id=24008, stack(0x000000b9e0000000,0x000000b9e0100000) (1024K)]
  0x000002673d397430 JavaThread "Cache worker for Build Output Cleanup Cache (C:\Users\USER\Documents\GitHub\LP-Videogame_2\frontend\android\.gradle\buildOutputCleanup)"        [_thread_blocked, id=13436, stack(0x000000b9e0100000,0x000000b9e0200000) (1024K)]
  0x000002673f51beb0 JavaThread "File watcher server"        daemon [_thread_in_native, id=23876, stack(0x000000b9e0200000,0x000000b9e0300000) (1024K)]
  0x000002673f514f20 JavaThread "File watcher consumer"      daemon [_thread_blocked, id=7264, stack(0x000000b9e0300000,0x000000b9e0400000) (1024K)]
  0x000002673f5183a0 JavaThread "jar transforms"                    [_thread_blocked, id=21512, stack(0x000000b9e0400000,0x000000b9e0500000) (1024K)]
  0x000002673f519de0 JavaThread "jar transforms Thread 2"           [_thread_blocked, id=24148, stack(0x000000b9e0500000,0x000000b9e0600000) (1024K)]
  0x000002673f51a470 JavaThread "jar transforms Thread 3"           [_thread_blocked, id=19352, stack(0x000000b9e0600000,0x000000b9e0700000) (1024K)]
  0x000002673f51ab00 JavaThread "jar transforms Thread 4"           [_thread_blocked, id=2052, stack(0x000000b9e0700000,0x000000b9e0800000) (1024K)]
  0x000002673f519750 JavaThread "jar transforms Thread 5"           [_thread_blocked, id=1876, stack(0x000000b9e0800000,0x000000b9e0900000) (1024K)]
  0x000002673f518a30 JavaThread "File lock release action executor"        [_thread_blocked, id=21464, stack(0x000000b9e0900000,0x000000b9e0a00000) (1024K)]
  0x000002673f51b190 JavaThread "Cache worker for checksums cache (C:\Users\USER\Documents\GitHub\LP-Videogame_2\frontend\android\.gradle\8.12\checksums)"        [_thread_blocked, id=20300, stack(0x000000b9e0a00000,0x000000b9e0b00000) (1024K)]
  0x000002673f5190c0 JavaThread "Cache worker for file content cache (C:\Users\USER\.gradle\caches\8.12\fileContent)"        [_thread_blocked, id=18112, stack(0x000000b9e0b00000,0x000000b9e0c00000) (1024K)]
  0x000002673f51b820 JavaThread "jar transforms Thread 6"           [_thread_blocked, id=21036, stack(0x000000b9e0c00000,0x000000b9e0d00000) (1024K)]
  0x000002673f51c540 JavaThread "jar transforms Thread 7"           [_thread_blocked, id=9792, stack(0x000000b9e0d00000,0x000000b9e0e00000) (1024K)]
  0x000002673f5155b0 JavaThread "jar transforms Thread 8"           [_thread_blocked, id=22212, stack(0x000000b9e0e00000,0x000000b9e0f00000) (1024K)]
  0x000002673f516ff0 JavaThread "Cache worker for cache directory md-rule (C:\Users\USER\.gradle\caches\8.12\md-rule)"        [_thread_blocked, id=23076, stack(0x000000b9e1000000,0x000000b9e1100000) (1024K)]
  0x000002673f517680 JavaThread "Cache worker for cache directory md-supplier (C:\Users\USER\.gradle\caches\8.12\md-supplier)"        [_thread_blocked, id=5280, stack(0x000000b9e1100000,0x000000b9e1200000) (1024K)]
  0x000002673f1626b0 JavaThread "Cache worker for Build Output Cleanup Cache (C:\Dev\flutter\packages\flutter_tools\gradle\.gradle\buildOutputCleanup)"        [_thread_blocked, id=17556, stack(0x000000b9e1200000,0x000000b9e1300000) (1024K)]
  0x000002673f1633d0 JavaThread "Unconstrained build operations"        [_thread_blocked, id=6680, stack(0x000000b9e0f00000,0x000000b9e1000000) (1024K)]
  0x000002673f15d160 JavaThread "Unconstrained build operations Thread 2"        [_thread_blocked, id=17508, stack(0x000000b9e1300000,0x000000b9e1400000) (1024K)]
  0x000002673f161300 JavaThread "Unconstrained build operations Thread 3"        [_thread_blocked, id=15312, stack(0x000000b9e1400000,0x000000b9e1500000) (1024K)]
  0x000002673f1605e0 JavaThread "Unconstrained build operations Thread 4"        [_thread_blocked, id=16188, stack(0x000000b9e1500000,0x000000b9e1600000) (1024K)]
  0x000002673f15c440 JavaThread "Unconstrained build operations Thread 5"        [_thread_blocked, id=17444, stack(0x000000b9e1600000,0x000000b9e1700000) (1024K)]
  0x000002673f161990 JavaThread "Unconstrained build operations Thread 6"        [_thread_blocked, id=24292, stack(0x000000b9e1700000,0x000000b9e1800000) (1024K)]
  0x000002673f160c70 JavaThread "Unconstrained build operations Thread 7"        [_thread_blocked, id=24260, stack(0x000000b9e1800000,0x000000b9e1900000) (1024K)]
  0x000002673f15de80 JavaThread "Unconstrained build operations Thread 8"        [_thread_blocked, id=4788, stack(0x000000b9e1900000,0x000000b9e1a00000) (1024K)]
  0x000002673f15f230 JavaThread "Unconstrained build operations Thread 9"        [_thread_blocked, id=7208, stack(0x000000b9e1a00000,0x000000b9e1b00000) (1024K)]
  0x000002673f162020 JavaThread "Unconstrained build operations Thread 10"        [_thread_blocked, id=21412, stack(0x000000b9e1b00000,0x000000b9e1c00000) (1024K)]
  0x000002673f15e510 JavaThread "Unconstrained build operations Thread 11"        [_thread_blocked, id=20636, stack(0x000000b9e1c00000,0x000000b9e1d00000) (1024K)]
  0x000002673fafe7a0 JavaThread "Unconstrained build operations Thread 12"        [_thread_blocked, id=11216, stack(0x000000b9e1d00000,0x000000b9e1e00000) (1024K)]
  0x000002673faf7ea0 JavaThread "Unconstrained build operations Thread 13"        [_thread_blocked, id=7844, stack(0x000000b9e1e00000,0x000000b9e1f00000) (1024K)]
  0x000002673fafac90 JavaThread "Unconstrained build operations Thread 14"        [_thread_blocked, id=23704, stack(0x000000b9e1f00000,0x000000b9e2000000) (1024K)]
  0x000002673faf98e0 JavaThread "Unconstrained build operations Thread 15"        [_thread_blocked, id=16596, stack(0x000000b9e2000000,0x000000b9e2100000) (1024K)]
  0x000002673fafee30 JavaThread "Unconstrained build operations Thread 16"        [_thread_blocked, id=12612, stack(0x000000b9e2100000,0x000000b9e2200000) (1024K)]
  0x000002673faf9250 JavaThread "Unconstrained build operations Thread 17"        [_thread_blocked, id=6764, stack(0x000000b9e2200000,0x000000b9e2300000) (1024K)]
  0x000002673fafa600 JavaThread "Unconstrained build operations Thread 18"        [_thread_blocked, id=10488, stack(0x000000b9e2300000,0x000000b9e2400000) (1024K)]
  0x000002673fafb9b0 JavaThread "Unconstrained build operations Thread 19"        [_thread_blocked, id=14616, stack(0x000000b9e2400000,0x000000b9e2500000) (1024K)]
  0x000002673faf8bc0 JavaThread "Unconstrained build operations Thread 20"        [_thread_blocked, id=12300, stack(0x000000b9e2500000,0x000000b9e2600000) (1024K)]
  0x000002673fafb320 JavaThread "Unconstrained build operations Thread 21"        [_thread_blocked, id=22456, stack(0x000000b9e2600000,0x000000b9e2700000) (1024K)]
  0x000002673fafda80 JavaThread "Memory manager"                    [_thread_blocked, id=7852, stack(0x000000b9e2700000,0x000000b9e2800000) (1024K)]
  0x000002673fafcd60 JavaThread "build event listener"              [_thread_blocked, id=5936, stack(0x000000b9e2800000,0x000000b9e2900000) (1024K)]
  0x000002673dbb3930 JavaThread "Kotlin DSL Writer"                 [_thread_blocked, id=20912, stack(0x000000b9e2900000,0x000000b9e2a00000) (1024K)]
  0x000002674ebc0c40 JavaThread "included builds"                   [_thread_blocked, id=17580, stack(0x000000b9dd800000,0x000000b9dd900000) (1024K)]
  0x000002674ebbd130 JavaThread "Execution worker"                  [_thread_blocked, id=12924, stack(0x000000b9e2a00000,0x000000b9e2b00000) (1024K)]
  0x000002674ebc1960 JavaThread "Execution worker Thread 2"         [_thread_blocked, id=17660, stack(0x000000b9e2b00000,0x000000b9e2c00000) (1024K)]
  0x000002674ebbcaa0 JavaThread "Execution worker Thread 3"         [_thread_blocked, id=4432, stack(0x000000b9e2c00000,0x000000b9e2d00000) (1024K)]
  0x000002674ebc1ff0 JavaThread "Execution worker Thread 4"         [_thread_blocked, id=19284, stack(0x000000b9e2d00000,0x000000b9e2e00000) (1024K)]
  0x000002674ebc2680 JavaThread "Execution worker Thread 5"         [_thread_blocked, id=2496, stack(0x000000b9e2e00000,0x000000b9e2f00000) (1024K)]
  0x000002674ebbc410 JavaThread "Execution worker Thread 6"         [_thread_blocked, id=4984, stack(0x000000b9e2f00000,0x000000b9e3000000) (1024K)]
  0x0000026751e33bc0 JavaThread "Execution worker Thread 7"         [_thread_blocked, id=22840, stack(0x000000b9e3000000,0x000000b9e3100000) (1024K)]
  0x0000026751e34f70 JavaThread "Cache worker for execution history cache (C:\Dev\flutter\packages\flutter_tools\gradle\.gradle\8.12\executionHistory)"        [_thread_blocked, id=17104, stack(0x000000b9e3100000,0x000000b9e3200000) (1024K)]
  0x0000026751e37d60 JavaThread "Unconstrained build operations Thread 22"        [_thread_blocked, id=17244, stack(0x000000b9e3200000,0x000000b9e3300000) (1024K)]
  0x0000026751e383f0 JavaThread "Unconstrained build operations Thread 23"        [_thread_blocked, id=20276, stack(0x000000b9e3300000,0x000000b9e3400000) (1024K)]
  0x0000026751e35c90 JavaThread "Unconstrained build operations Thread 24"        [_thread_blocked, id=16300, stack(0x000000b9e3400000,0x000000b9e3500000) (1024K)]
  0x0000026751e376d0 JavaThread "Unconstrained build operations Thread 25"        [_thread_blocked, id=18260, stack(0x000000b9e3500000,0x000000b9e3600000) (1024K)]
  0x0000026751e36320 JavaThread "Unconstrained build operations Thread 26"        [_thread_blocked, id=23832, stack(0x000000b9e3600000,0x000000b9e3700000) (1024K)]
  0x0000026751e39e30 JavaThread "Unconstrained build operations Thread 27"        [_thread_blocked, id=11504, stack(0x000000b9e3700000,0x000000b9e3800000) (1024K)]
  0x0000026751e37040 JavaThread "Unconstrained build operations Thread 28"        [_thread_blocked, id=18716, stack(0x000000b9e3800000,0x000000b9e3900000) (1024K)]
  0x0000026751e34250 JavaThread "Unconstrained build operations Thread 29"        [_thread_blocked, id=13708, stack(0x000000b9e3900000,0x000000b9e3a00000) (1024K)]
  0x0000026751e397a0 JavaThread "Unconstrained build operations Thread 30"        [_thread_blocked, id=18704, stack(0x000000b9e3a00000,0x000000b9e3b00000) (1024K)]
  0x0000026751e38a80 JavaThread "Unconstrained build operations Thread 31"        [_thread_blocked, id=23228, stack(0x000000b9e3b00000,0x000000b9e3c00000) (1024K)]
  0x0000026751e39110 JavaThread "Unconstrained build operations Thread 32"        [_thread_blocked, id=22532, stack(0x000000b9e3c00000,0x000000b9e3d00000) (1024K)]
  0x0000026751e3a4c0 JavaThread "Unconstrained build operations Thread 33"        [_thread_blocked, id=11132, stack(0x000000b9e3d00000,0x000000b9e3e00000) (1024K)]
  0x0000026751e3ab50 JavaThread "Unconstrained build operations Thread 34"        [_thread_blocked, id=15912, stack(0x000000b9e3e00000,0x000000b9e3f00000) (1024K)]
  0x0000026751e369b0 JavaThread "Unconstrained build operations Thread 35"        [_thread_blocked, id=7536, stack(0x000000b9e3f00000,0x000000b9e4000000) (1024K)]
  0x0000026751e3b1e0 JavaThread "Unconstrained build operations Thread 36"        [_thread_blocked, id=15536, stack(0x000000b9e4000000,0x000000b9e4100000) (1024K)]
  0x0000026751e35600 JavaThread "Unconstrained build operations Thread 37"        [_thread_blocked, id=9356, stack(0x000000b9e4100000,0x000000b9e4200000) (1024K)]
  0x0000026751e348e0 JavaThread "Unconstrained build operations Thread 38"        [_thread_blocked, id=4028, stack(0x000000b9e4200000,0x000000b9e4300000) (1024K)]
  0x0000026741d33f40 JavaThread "Unconstrained build operations Thread 39"        [_thread_blocked, id=17436, stack(0x000000b9e4300000,0x000000b9e4400000) (1024K)]
  0x0000026741d32500 JavaThread "Unconstrained build operations Thread 40"        [_thread_blocked, id=16780, stack(0x000000b9e4400000,0x000000b9e4500000) (1024K)]
  0x0000026741d31e70 JavaThread "Unconstrained build operations Thread 41"        [_thread_blocked, id=12656, stack(0x000000b9e4500000,0x000000b9e4600000) (1024K)]
  0x0000026741d30ac0 JavaThread "Unconstrained build operations Thread 42"        [_thread_blocked, id=17640, stack(0x000000b9e4600000,0x000000b9e4700000) (1024K)]
  0x0000026741d2f080 JavaThread "Unconstrained build operations Thread 43"        [_thread_blocked, id=7252, stack(0x000000b9e4700000,0x000000b9e4800000) (1024K)]
  0x0000026741d30430 JavaThread "Unconstrained build operations Thread 44"        [_thread_blocked, id=18228, stack(0x000000b9e4800000,0x000000b9e4900000) (1024K)]
  0x0000026741d33220 JavaThread "Unconstrained build operations Thread 45"        [_thread_blocked, id=12788, stack(0x000000b9dd600000,0x000000b9dd700000) (1024K)]
  0x0000026741d36010 JavaThread "Unconstrained build operations Thread 46"        [_thread_blocked, id=21740, stack(0x000000b9e4900000,0x000000b9e4a00000) (1024K)]
  0x0000026741d366a0 JavaThread "Unconstrained build operations Thread 47"        [_thread_blocked, id=14768, stack(0x000000b9e4a00000,0x000000b9e4b00000) (1024K)]
  0x0000026741d338b0 JavaThread "Unconstrained build operations Thread 48"        [_thread_blocked, id=14408, stack(0x000000b9e4b00000,0x000000b9e4c00000) (1024K)]
  0x0000026741d345d0 JavaThread "Unconstrained build operations Thread 49"        [_thread_blocked, id=23728, stack(0x000000b9e4c00000,0x000000b9e4d00000) (1024K)]
  0x0000026741d31150 JavaThread "Unconstrained build operations Thread 50"        [_thread_blocked, id=5272, stack(0x000000b9e4d00000,0x000000b9e4e00000) (1024K)]
  0x0000026741d34c60 JavaThread "Unconstrained build operations Thread 51"        [_thread_blocked, id=9376, stack(0x000000b9e4e00000,0x000000b9e4f00000) (1024K)]
  0x0000026741d352f0 JavaThread "Unconstrained build operations Thread 52"        [_thread_blocked, id=9572, stack(0x000000b9e4f00000,0x000000b9e5000000) (1024K)]
  0x0000026741d2f710 JavaThread "Unconstrained build operations Thread 53"        [_thread_blocked, id=2584, stack(0x000000b9e5000000,0x000000b9e5100000) (1024K)]
  0x0000026741d2fda0 JavaThread "Unconstrained build operations Thread 54"        [_thread_blocked, id=22020, stack(0x000000b9e5100000,0x000000b9e5200000) (1024K)]
  0x0000026741d317e0 JavaThread "Unconstrained build operations Thread 55"        [_thread_blocked, id=19536, stack(0x000000b9e5200000,0x000000b9e5300000) (1024K)]
  0x00000267419b39c0 JavaThread "Unconstrained build operations Thread 56"        [_thread_blocked, id=20884, stack(0x000000b9e5300000,0x000000b9e5400000) (1024K)]
  0x00000267419b2ca0 JavaThread "Unconstrained build operations Thread 57"        [_thread_blocked, id=13440, stack(0x000000b9e5400000,0x000000b9e5500000) (1024K)]
  0x00000267419b4d70 JavaThread "Unconstrained build operations Thread 58"        [_thread_blocked, id=4904, stack(0x000000b9e5600000,0x000000b9e5700000) (1024K)]
  0x00000267419b6120 JavaThread "Unconstrained build operations Thread 59"        [_thread_blocked, id=7092, stack(0x000000b9e5500000,0x000000b9e5600000) (1024K)]
  0x00000267419b1260 JavaThread "Unconstrained build operations Thread 60"        [_thread_blocked, id=5136, stack(0x000000b9e5700000,0x000000b9e5800000) (1024K)]
  0x00000267419b4050 JavaThread "Unconstrained build operations Thread 61"        [_thread_blocked, id=18968, stack(0x000000b9e5800000,0x000000b9e5900000) (1024K)]
  0x00000267419b2610 JavaThread "Unconstrained build operations Thread 62"        [_thread_blocked, id=14540, stack(0x000000b9e5900000,0x000000b9e5a00000) (1024K)]
  0x00000267419b6e40 JavaThread "Unconstrained build operations Thread 63"        [_thread_blocked, id=18448, stack(0x000000b9e5a00000,0x000000b9e5b00000) (1024K)]
  0x00000267419b74d0 JavaThread "Unconstrained build operations Thread 64"        [_thread_blocked, id=10456, stack(0x000000b9e5b00000,0x000000b9e5c00000) (1024K)]
  0x00000267419b7b60 JavaThread "Unconstrained build operations Thread 65"        [_thread_blocked, id=12412, stack(0x000000b9e5c00000,0x000000b9e5d00000) (1024K)]
  0x00000267419b1f80 JavaThread "Kotlin DSL Writer"                 [_thread_blocked, id=3876, stack(0x000000b9e5d00000,0x000000b9e5e00000) (1024K)]
  0x00000267419ba950 JavaThread "build event listener"              [_thread_blocked, id=20812, stack(0x000000b9e6000000,0x000000b9e6100000) (1024K)]
Total: 121

Other Threads:
  0x00000266f6557e50 VMThread "VM Thread"                           [id=18076, stack(0x000000b9de000000,0x000000b9de100000) (1024K)]
  0x00000266f653ee40 WatcherThread "VM Periodic Task Thread"        [id=3372, stack(0x000000b9ddf00000,0x000000b9de000000) (1024K)]
  0x00000266c17a6f20 WorkerThread "GC Thread#0"                     [id=9188, stack(0x000000b9dda00000,0x000000b9ddb00000) (1024K)]
  0x000002673c3be460 WorkerThread "GC Thread#1"                     [id=16940, stack(0x000000b9deb00000,0x000000b9dec00000) (1024K)]
  0x000002673c45b870 WorkerThread "GC Thread#2"                     [id=22484, stack(0x000000b9dec00000,0x000000b9ded00000) (1024K)]
  0x000002673cf58570 WorkerThread "GC Thread#3"                     [id=18080, stack(0x000000b9dee00000,0x000000b9def00000) (1024K)]
  0x000002673cf58910 WorkerThread "GC Thread#4"                     [id=2060, stack(0x000000b9def00000,0x000000b9df000000) (1024K)]
  0x000002673d2be060 WorkerThread "GC Thread#5"                     [id=22036, stack(0x000000b9dfa00000,0x000000b9dfb00000) (1024K)]
  0x000002673d2be400 WorkerThread "GC Thread#6"                     [id=8684, stack(0x000000b9dfb00000,0x000000b9dfc00000) (1024K)]
  0x000002673d2d1c70 WorkerThread "GC Thread#7"                     [id=10288, stack(0x000000b9dfc00000,0x000000b9dfd00000) (1024K)]
  0x00000266bf5edfe0 ConcurrentGCThread "G1 Main Marker"            [id=14724, stack(0x000000b9ddb00000,0x000000b9ddc00000) (1024K)]
  0x00000266bf5eeae0 WorkerThread "G1 Conc#0"                       [id=23824, stack(0x000000b9ddc00000,0x000000b9ddd00000) (1024K)]
  0x000002673db35f40 WorkerThread "G1 Conc#1"                       [id=13848, stack(0x000000b9dff00000,0x000000b9e0000000) (1024K)]
  0x00000266f64118b0 ConcurrentGCThread "G1 Refine#0"               [id=23508, stack(0x000000b9ddd00000,0x000000b9dde00000) (1024K)]
  0x00000266f6412420 ConcurrentGCThread "G1 Service"                [id=23284, stack(0x000000b9dde00000,0x000000b9ddf00000) (1024K)]
Total: 15

Threads with active compile tasks:
C2 CompilerThread0   118192 21762 %     4       com.android.build.gradle.internal.cxx.settings.ParseMacroStringKt::tokenizeMacroString @ 27 (401 bytes)
C1 CompilerThread0   118192 21775       3       com.android.build.gradle.internal.cxx.model.MetaModelKt::lookup (837 bytes)
Total: 2

VM state: not at safepoint (normal execution)

VM Mutex/Monitor currently owned by a thread:  ([mutex/lock_event])
[0x00007ffb87f6ace8] Metaspace_lock - owner thread: 0x00000266f65869a0

Heap address: 0x0000000600000000, size: 8192 MB, Compressed Oops mode: Zero based, Oop shift amount: 3

CDS archive(s) mapped at: [0x00000266f7000000-0x00000266f7c90000-0x00000266f7c90000), size 13172736, SharedBaseAddress: 0x00000266f7000000, ArchiveRelocationMode: 1.
Compressed class space mapped at: 0x00000266f8000000-0x0000026738000000, reserved size: 1073741824
Narrow klass base: 0x00000266f7000000, Narrow klass shift: 0, Narrow klass range: 0x100000000

GC Precious Log:
 CardTable entry size: 512
 Card Set container configuration: InlinePtr #cards 4 size 8 Array Of Cards #cards 32 size 80 Howl #buckets 8 coarsen threshold 7372 Howl Bitmap #cards 1024 size 144 coarsen threshold 921 Card regions per heap region 1 cards per card region 8192
 CPUs: 8 total, 8 available
 Memory: 6082M
 Large Page Support: Disabled
 NUMA Support: Disabled
 Compressed Oops: Enabled (Zero based)
 Heap Region Size: 4M
 Heap Min Capacity: 8M
 Heap Initial Capacity: 96M
 Heap Max Capacity: 8G
 Pre-touch: Disabled
 Parallel Workers: 8
 Concurrent Workers: 2
 Concurrent Refinement Workers: 8
 Periodic GC: Disabled

Heap:
 garbage-first heap   total 438272K, used 346130K [0x0000000600000000, 0x0000000800000000)
  region size 4096K, 35 young (143360K), 3 survivors (12288K)
 Metaspace       used 165981K, committed 168832K, reserved 1245184K
  class space    used 21645K, committed 23104K, reserved 1048576K

Heap Regions: E=young(eden), S=young(survivor), O=old, HS=humongous(starts), HC=humongous(continues), CS=collection set, F=free, TAMS=top-at-mark-start, PB=parsable bottom
|   0|0x0000000600000000, 0x0000000600400000, 0x0000000600400000|100%|HS|  |TAMS 0x0000000600000000| PB 0x0000000600000000| Complete 
|   1|0x0000000600400000, 0x0000000600800000, 0x0000000600800000|100%| O|  |TAMS 0x0000000600400000| PB 0x0000000600400000| Untracked 
|   2|0x0000000600800000, 0x0000000600c00000, 0x0000000600c00000|100%| O|  |TAMS 0x0000000600800000| PB 0x0000000600800000| Untracked 
|   3|0x0000000600c00000, 0x0000000601000000, 0x0000000601000000|100%| O|  |TAMS 0x0000000600c00000| PB 0x0000000600c00000| Untracked 
|   4|0x0000000601000000, 0x0000000601400000, 0x0000000601400000|100%| O|  |TAMS 0x0000000601000000| PB 0x0000000601000000| Untracked 
|   5|0x0000000601400000, 0x0000000601800000, 0x0000000601800000|100%| O|  |TAMS 0x0000000601400000| PB 0x0000000601400000| Untracked 
|   6|0x0000000601800000, 0x0000000601c00000, 0x0000000601c00000|100%| O|  |TAMS 0x0000000601800000| PB 0x0000000601800000| Untracked 
|   7|0x0000000601c00000, 0x0000000602000000, 0x0000000602000000|100%| O|  |TAMS 0x0000000601c00000| PB 0x0000000601c00000| Untracked 
|   8|0x0000000602000000, 0x0000000602400000, 0x0000000602400000|100%| O|  |TAMS 0x0000000602000000| PB 0x0000000602000000| Untracked 
|   9|0x0000000602400000, 0x0000000602800000, 0x0000000602800000|100%| O|  |TAMS 0x0000000602400000| PB 0x0000000602400000| Untracked 
|  10|0x0000000602800000, 0x0000000602c00000, 0x0000000602c00000|100%| O|  |TAMS 0x0000000602800000| PB 0x0000000602800000| Untracked 
|  11|0x0000000602c00000, 0x0000000603000000, 0x0000000603000000|100%|HS|  |TAMS 0x0000000602c00000| PB 0x0000000602c00000| Complete 
|  12|0x0000000603000000, 0x0000000603400000, 0x0000000603400000|100%| O|  |TAMS 0x0000000603000000| PB 0x0000000603000000| Untracked 
|  13|0x0000000603400000, 0x0000000603800000, 0x0000000603800000|100%| O|  |TAMS 0x0000000603400000| PB 0x0000000603400000| Untracked 
|  14|0x0000000603800000, 0x0000000603c00000, 0x0000000603c00000|100%|HS|  |TAMS 0x0000000603800000| PB 0x0000000603800000| Complete 
|  15|0x0000000603c00000, 0x0000000604000000, 0x0000000604000000|100%| O|  |TAMS 0x0000000603c00000| PB 0x0000000603c00000| Untracked 
|  16|0x0000000604000000, 0x0000000604400000, 0x0000000604400000|100%| O|  |TAMS 0x0000000604000000| PB 0x0000000604000000| Untracked 
|  17|0x0000000604400000, 0x0000000604800000, 0x0000000604800000|100%| O|  |TAMS 0x0000000604400000| PB 0x0000000604400000| Untracked 
|  18|0x0000000604800000, 0x0000000604c00000, 0x0000000604c00000|100%| O|  |TAMS 0x0000000604800000| PB 0x0000000604800000| Untracked 
|  19|0x0000000604c00000, 0x0000000605000000, 0x0000000605000000|100%| O|  |TAMS 0x0000000604c00000| PB 0x0000000604c00000| Untracked 
|  20|0x0000000605000000, 0x0000000605400000, 0x0000000605400000|100%| O|  |TAMS 0x0000000605000000| PB 0x0000000605000000| Untracked 
|  21|0x0000000605400000, 0x0000000605800000, 0x0000000605800000|100%| O|  |TAMS 0x0000000605400000| PB 0x0000000605400000| Untracked 
|  22|0x0000000605800000, 0x0000000605c00000, 0x0000000605c00000|100%| O|  |TAMS 0x0000000605800000| PB 0x0000000605800000| Untracked 
|  23|0x0000000605c00000, 0x0000000606000000, 0x0000000606000000|100%| O|  |TAMS 0x0000000605c00000| PB 0x0000000605c00000| Untracked 
|  24|0x0000000606000000, 0x0000000606400000, 0x0000000606400000|100%| O|  |TAMS 0x0000000606000000| PB 0x0000000606000000| Untracked 
|  25|0x0000000606400000, 0x0000000606800000, 0x0000000606800000|100%| O|  |TAMS 0x0000000606400000| PB 0x0000000606400000| Untracked 
|  26|0x0000000606800000, 0x0000000606c00000, 0x0000000606c00000|100%| O|  |TAMS 0x0000000606800000| PB 0x0000000606800000| Untracked 
|  27|0x0000000606c00000, 0x0000000607000000, 0x0000000607000000|100%| O|  |TAMS 0x0000000606c00000| PB 0x0000000606c00000| Untracked 
|  28|0x0000000607000000, 0x0000000607400000, 0x0000000607400000|100%| O|  |TAMS 0x0000000607000000| PB 0x0000000607000000| Untracked 
|  29|0x0000000607400000, 0x0000000607800000, 0x0000000607800000|100%| O|  |TAMS 0x0000000607400000| PB 0x0000000607400000| Untracked 
|  30|0x0000000607800000, 0x0000000607c00000, 0x0000000607c00000|100%| O|  |TAMS 0x0000000607800000| PB 0x0000000607800000| Untracked 
|  31|0x0000000607c00000, 0x0000000608000000, 0x0000000608000000|100%| O|  |TAMS 0x0000000607c00000| PB 0x0000000607c00000| Untracked 
|  32|0x0000000608000000, 0x0000000608400000, 0x0000000608400000|100%|HS|  |TAMS 0x0000000608000000| PB 0x0000000608000000| Complete 
|  33|0x0000000608400000, 0x0000000608800000, 0x0000000608800000|100%|HC|  |TAMS 0x0000000608400000| PB 0x0000000608400000| Complete 
|  34|0x0000000608800000, 0x0000000608c00000, 0x0000000608c00000|100%| O|  |TAMS 0x0000000608800000| PB 0x0000000608800000| Untracked 
|  35|0x0000000608c00000, 0x0000000609000000, 0x0000000609000000|100%| O|  |TAMS 0x0000000608c00000| PB 0x0000000608c00000| Untracked 
|  36|0x0000000609000000, 0x0000000609400000, 0x0000000609400000|100%| O|Cm|TAMS 0x0000000609000000| PB 0x0000000609000000| Complete 
|  37|0x0000000609400000, 0x0000000609800000, 0x0000000609800000|100%| O|Cm|TAMS 0x0000000609400000| PB 0x0000000609400000| Complete 
|  38|0x0000000609800000, 0x0000000609c00000, 0x0000000609c00000|100%| O|  |TAMS 0x0000000609800000| PB 0x0000000609800000| Untracked 
|  39|0x0000000609c00000, 0x000000060a000000, 0x000000060a000000|100%| O|  |TAMS 0x0000000609c00000| PB 0x0000000609c00000| Untracked 
|  40|0x000000060a000000, 0x000000060a400000, 0x000000060a400000|100%| O|  |TAMS 0x000000060a000000| PB 0x000000060a000000| Untracked 
|  41|0x000000060a400000, 0x000000060a800000, 0x000000060a800000|100%| O|  |TAMS 0x000000060a400000| PB 0x000000060a400000| Untracked 
|  42|0x000000060a800000, 0x000000060ac00000, 0x000000060ac00000|100%| O|  |TAMS 0x000000060a800000| PB 0x000000060a800000| Untracked 
|  43|0x000000060ac00000, 0x000000060b000000, 0x000000060b000000|100%| O|  |TAMS 0x000000060ac00000| PB 0x000000060ac00000| Untracked 
|  44|0x000000060b000000, 0x000000060b400000, 0x000000060b400000|100%| O|  |TAMS 0x000000060b000000| PB 0x000000060b000000| Untracked 
|  45|0x000000060b400000, 0x000000060b800000, 0x000000060b800000|100%| O|  |TAMS 0x000000060b400000| PB 0x000000060b400000| Untracked 
|  46|0x000000060b800000, 0x000000060b800000, 0x000000060bc00000|  0%| F|  |TAMS 0x000000060b800000| PB 0x000000060b800000| Untracked 
|  47|0x000000060bc00000, 0x000000060bc00000, 0x000000060c000000|  0%| F|  |TAMS 0x000000060bc00000| PB 0x000000060bc00000| Untracked 
|  48|0x000000060c000000, 0x000000060c000000, 0x000000060c400000|  0%| F|  |TAMS 0x000000060c000000| PB 0x000000060c000000| Untracked 
|  49|0x000000060c400000, 0x000000060c800000, 0x000000060c800000|100%| O|  |TAMS 0x000000060c400000| PB 0x000000060c400000| Untracked 
|  50|0x000000060c800000, 0x000000060c8e1840, 0x000000060cc00000| 22%| O|  |TAMS 0x000000060c800000| PB 0x000000060c800000| Untracked 
|  51|0x000000060cc00000, 0x000000060cc00000, 0x000000060d000000|  0%| F|  |TAMS 0x000000060cc00000| PB 0x000000060cc00000| Untracked 
|  52|0x000000060d000000, 0x000000060d000000, 0x000000060d400000|  0%| F|  |TAMS 0x000000060d000000| PB 0x000000060d000000| Untracked 
|  53|0x000000060d400000, 0x000000060d400000, 0x000000060d800000|  0%| F|  |TAMS 0x000000060d400000| PB 0x000000060d400000| Untracked 
|  54|0x000000060d800000, 0x000000060d800000, 0x000000060dc00000|  0%| F|  |TAMS 0x000000060d800000| PB 0x000000060d800000| Untracked 
|  55|0x000000060dc00000, 0x000000060dc00000, 0x000000060e000000|  0%| F|  |TAMS 0x000000060dc00000| PB 0x000000060dc00000| Untracked 
|  56|0x000000060e000000, 0x000000060e000000, 0x000000060e400000|  0%| F|  |TAMS 0x000000060e000000| PB 0x000000060e000000| Untracked 
|  57|0x000000060e400000, 0x000000060e400000, 0x000000060e800000|  0%| F|  |TAMS 0x000000060e400000| PB 0x000000060e400000| Untracked 
|  58|0x000000060e800000, 0x000000060e800000, 0x000000060ec00000|  0%| F|  |TAMS 0x000000060e800000| PB 0x000000060e800000| Untracked 
|  59|0x000000060ec00000, 0x000000060ec00000, 0x000000060f000000|  0%| F|  |TAMS 0x000000060ec00000| PB 0x000000060ec00000| Untracked 
|  60|0x000000060f000000, 0x000000060f000000, 0x000000060f400000|  0%| F|  |TAMS 0x000000060f000000| PB 0x000000060f000000| Untracked 
|  61|0x000000060f400000, 0x000000060f400000, 0x000000060f800000|  0%| F|  |TAMS 0x000000060f400000| PB 0x000000060f400000| Untracked 
|  62|0x000000060f800000, 0x000000060f800000, 0x000000060fc00000|  0%| F|  |TAMS 0x000000060f800000| PB 0x000000060f800000| Untracked 
|  63|0x000000060fc00000, 0x000000060fc00000, 0x0000000610000000|  0%| F|  |TAMS 0x000000060fc00000| PB 0x000000060fc00000| Untracked 
|  64|0x0000000610000000, 0x0000000610000000, 0x0000000610400000|  0%| F|  |TAMS 0x0000000610000000| PB 0x0000000610000000| Untracked 
|  65|0x0000000610400000, 0x0000000610400000, 0x0000000610800000|  0%| F|  |TAMS 0x0000000610400000| PB 0x0000000610400000| Untracked 
|  66|0x0000000610800000, 0x0000000610800000, 0x0000000610c00000|  0%| F|  |TAMS 0x0000000610800000| PB 0x0000000610800000| Untracked 
|  67|0x0000000610c00000, 0x0000000610ea33d0, 0x0000000611000000| 65%| E|  |TAMS 0x0000000610c00000| PB 0x0000000610c00000| Complete 
|  68|0x0000000611000000, 0x0000000611400000, 0x0000000611400000|100%| E|CS|TAMS 0x0000000611000000| PB 0x0000000611000000| Complete 
|  69|0x0000000611400000, 0x0000000611800000, 0x0000000611800000|100%| E|CS|TAMS 0x0000000611400000| PB 0x0000000611400000| Complete 
|  70|0x0000000611800000, 0x0000000611c00000, 0x0000000611c00000|100%| E|CS|TAMS 0x0000000611800000| PB 0x0000000611800000| Complete 
|  71|0x0000000611c00000, 0x0000000612000000, 0x0000000612000000|100%| E|CS|TAMS 0x0000000611c00000| PB 0x0000000611c00000| Complete 
|  72|0x0000000612000000, 0x0000000612400000, 0x0000000612400000|100%| E|  |TAMS 0x0000000612000000| PB 0x0000000612000000| Complete 
|  73|0x0000000612400000, 0x0000000612800000, 0x0000000612800000|100%| E|CS|TAMS 0x0000000612400000| PB 0x0000000612400000| Complete 
|  74|0x0000000612800000, 0x0000000612c00000, 0x0000000612c00000|100%| E|CS|TAMS 0x0000000612800000| PB 0x0000000612800000| Complete 
|  75|0x0000000612c00000, 0x0000000613000000, 0x0000000613000000|100%| E|CS|TAMS 0x0000000612c00000| PB 0x0000000612c00000| Complete 
|  76|0x0000000613000000, 0x0000000613400000, 0x0000000613400000|100%| E|CS|TAMS 0x0000000613000000| PB 0x0000000613000000| Complete 
|  77|0x0000000613400000, 0x0000000613800000, 0x0000000613800000|100%| E|CS|TAMS 0x0000000613400000| PB 0x0000000613400000| Complete 
|  78|0x0000000613800000, 0x0000000613c00000, 0x0000000613c00000|100%| E|CS|TAMS 0x0000000613800000| PB 0x0000000613800000| Complete 
|  79|0x0000000613c00000, 0x0000000614000000, 0x0000000614000000|100%| E|CS|TAMS 0x0000000613c00000| PB 0x0000000613c00000| Complete 
|  80|0x0000000614000000, 0x0000000614400000, 0x0000000614400000|100%| E|CS|TAMS 0x0000000614000000| PB 0x0000000614000000| Complete 
|  81|0x0000000614400000, 0x0000000614800000, 0x0000000614800000|100%| E|CS|TAMS 0x0000000614400000| PB 0x0000000614400000| Complete 
|  82|0x0000000614800000, 0x0000000614c00000, 0x0000000614c00000|100%| E|CS|TAMS 0x0000000614800000| PB 0x0000000614800000| Complete 
|  83|0x0000000614c00000, 0x0000000615000000, 0x0000000615000000|100%| E|CS|TAMS 0x0000000614c00000| PB 0x0000000614c00000| Complete 
|  84|0x0000000615000000, 0x0000000615400000, 0x0000000615400000|100%| E|CS|TAMS 0x0000000615000000| PB 0x0000000615000000| Complete 
|  85|0x0000000615400000, 0x0000000615800000, 0x0000000615800000|100%| E|CS|TAMS 0x0000000615400000| PB 0x0000000615400000| Complete 
|  86|0x0000000615800000, 0x0000000615c00000, 0x0000000615c00000|100%| E|CS|TAMS 0x0000000615800000| PB 0x0000000615800000| Complete 
|  87|0x0000000615c00000, 0x0000000616000000, 0x0000000616000000|100%| E|CS|TAMS 0x0000000615c00000| PB 0x0000000615c00000| Complete 
|  88|0x0000000616000000, 0x0000000616400000, 0x0000000616400000|100%| E|CS|TAMS 0x0000000616000000| PB 0x0000000616000000| Complete 
|  89|0x0000000616400000, 0x0000000616800000, 0x0000000616800000|100%| E|CS|TAMS 0x0000000616400000| PB 0x0000000616400000| Complete 
|  90|0x0000000616800000, 0x0000000616c00000, 0x0000000616c00000|100%| E|CS|TAMS 0x0000000616800000| PB 0x0000000616800000| Complete 
|  91|0x0000000616c00000, 0x0000000617000000, 0x0000000617000000|100%| E|CS|TAMS 0x0000000616c00000| PB 0x0000000616c00000| Complete 
|  92|0x0000000617000000, 0x0000000617400000, 0x0000000617400000|100%| E|CS|TAMS 0x0000000617000000| PB 0x0000000617000000| Complete 
|  93|0x0000000617400000, 0x0000000617523220, 0x0000000617800000| 28%| S|CS|TAMS 0x0000000617400000| PB 0x0000000617400000| Complete 
|  94|0x0000000617800000, 0x0000000617c00000, 0x0000000617c00000|100%| S|CS|TAMS 0x0000000617800000| PB 0x0000000617800000| Complete 
|  95|0x0000000617c00000, 0x0000000618000000, 0x0000000618000000|100%| S|CS|TAMS 0x0000000617c00000| PB 0x0000000617c00000| Complete 
|  96|0x0000000618000000, 0x0000000618400000, 0x0000000618400000|100%| E|CS|TAMS 0x0000000618000000| PB 0x0000000618000000| Complete 
|  97|0x0000000618400000, 0x0000000618800000, 0x0000000618800000|100%| E|CS|TAMS 0x0000000618400000| PB 0x0000000618400000| Complete 
|  98|0x0000000618800000, 0x0000000618c00000, 0x0000000618c00000|100%| E|CS|TAMS 0x0000000618800000| PB 0x0000000618800000| Complete 
|  99|0x0000000618c00000, 0x0000000619000000, 0x0000000619000000|100%| E|CS|TAMS 0x0000000618c00000| PB 0x0000000618c00000| Complete 
| 100|0x0000000619000000, 0x0000000619400000, 0x0000000619400000|100%| E|CS|TAMS 0x0000000619000000| PB 0x0000000619000000| Complete 
| 101|0x0000000619400000, 0x0000000619800000, 0x0000000619800000|100%| E|CS|TAMS 0x0000000619400000| PB 0x0000000619400000| Complete 
|2043|0x00000007fec00000, 0x00000007ff000000, 0x00000007ff000000|100%| O|  |TAMS 0x00000007fec00000| PB 0x00000007fec00000| Untracked 
|2044|0x00000007ff000000, 0x00000007ff400000, 0x00000007ff400000|100%| O|Cm|TAMS 0x00000007ff000000| PB 0x00000007ff000000| Complete 
|2045|0x00000007ff400000, 0x00000007ff800000, 0x00000007ff800000|100%| O|  |TAMS 0x00000007ff400000| PB 0x00000007ff400000| Untracked 
|2046|0x00000007ff800000, 0x00000007ffc00000, 0x00000007ffc00000|100%| O|  |TAMS 0x00000007ff800000| PB 0x00000007ff800000| Untracked 
|2047|0x00000007ffc00000, 0x0000000800000000, 0x0000000800000000|100%| O|  |TAMS 0x00000007ffc00000| PB 0x00000007ffc00000| Untracked 

Card table byte_map: [0x00000266eb0b0000,0x00000266ec0b0000] _byte_map_base: 0x00000266e80b0000

Marking Bits: (CMBitMap*) 0x00000266c17a7620
 Bits: [0x00000266ec0b0000, 0x00000266f40b0000)

Polling page: 0x00000266bf6f0000

Metaspace:

Usage:
  Non-class:    140.95 MB used.
      Class:     21.14 MB used.
       Both:    162.09 MB used.

Virtual space:
  Non-class space:      192.00 MB reserved,     142.31 MB ( 74%) committed,  3 nodes.
      Class space:        1.00 GB reserved,      22.56 MB (  2%) committed,  1 nodes.
             Both:        1.19 GB reserved,     164.88 MB ( 14%) committed. 

Chunk freelists:
   Non-Class:  1.23 MB
       Class:  9.48 MB
        Both:  10.72 MB

MaxMetaspaceSize: 4.00 GB
CompressedClassSpaceSize: 1.00 GB
Initial GC threshold: 21.00 MB
Current GC threshold: 259.81 MB
CDS: on
 - commit_granule_bytes: 65536.
 - commit_granule_words: 8192.
 - virtual_space_node_default_size: 8388608.
 - enlarge_chunks_in_place: 1.
 - use_allocation_guard: 0.


Internal statistics:

num_allocs_failed_limit: 6.
num_arena_births: 5298.
num_arena_deaths: 0.
num_vsnodes_births: 4.
num_vsnodes_deaths: 0.
num_space_committed: 2636.
num_space_uncommitted: 0.
num_chunks_returned_to_freelist: 6.
num_chunks_taken_from_freelist: 12514.
num_chunk_merges: 6.
num_chunk_splits: 8636.
num_chunks_enlarged: 5961.
num_inconsistent_stats: 0.

CodeHeap 'non-profiled nmethods': size=259264Kb used=10738Kb max_used=10738Kb free=248525Kb
 bounds [0x00000266d9e30000, 0x00000266da8b0000, 0x00000266e9b60000]
CodeHeap 'profiled nmethods': size=259264Kb used=42440Kb max_used=42440Kb free=216823Kb
 bounds [0x00000266c9b60000, 0x00000266cc4e0000, 0x00000266d9890000]
CodeHeap 'non-nmethods': size=5760Kb used=3191Kb max_used=3214Kb free=2568Kb
 bounds [0x00000266d9890000, 0x00000266d9bd0000, 0x00000266d9e30000]
 total_blobs=19752 nmethods=18547 adapters=1106
 compilation: enabled
              stopped_count=0, restarted_count=0
 full_count=0

Compilation events (20 events):
Event: 118.004 Thread 0x00000266f65869a0 nmethod 21758 0x00000266cc4ce510 code [0x00000266cc4ce700, 0x00000266cc4ceb00]
Event: 118.004 Thread 0x00000266f65869a0 21768       3       com.android.build.gradle.internal.cxx.settings.CxxAbiModelSettingsRewriterKt$getPreHashReifier$1::invoke (9 bytes)
Event: 118.004 Thread 0x00000266f65869a0 nmethod 21768 0x00000266cc4cec90 code [0x00000266cc4cee40, 0x00000266cc4cf070]
Event: 118.005 Thread 0x00000266f65869a0 21769       3       com.android.build.gradle.internal.cxx.settings.CxxAbiModelSettingsRewriterKt$getPreHashReifier$1::invoke (29 bytes)
Event: 118.006 Thread 0x00000266f65869a0 nmethod 21769 0x00000266cc4cf110 code [0x00000266cc4cf360, 0x00000266cc4cfbc8]
Event: 118.006 Thread 0x00000266f65869a0 21770       3       com.android.build.gradle.internal.cxx.settings.CxxAbiModelSettingsRewriterKt$getPreHashReifier$1$1::<init> (16 bytes)
Event: 118.007 Thread 0x00000266f65869a0 nmethod 21770 0x00000266cc4cff10 code [0x00000266cc4d00c0, 0x00000266cc4d0358]
Event: 118.007 Thread 0x00000266f65869a0 21763       3       java.util.Collections::swap (25 bytes)
Event: 118.007 Thread 0x00000266f65869a0 nmethod 21763 0x00000266cc4d0490 code [0x00000266cc4d0660, 0x00000266cc4d09d0]
Event: 118.007 Thread 0x00000266f65869a0 21767       3       com.google.gson.stream.JsonReader::endObject (100 bytes)
Event: 118.008 Thread 0x00000266f65869a0 nmethod 21767 0x00000266cc4d0b10 code [0x00000266cc4d0dc0, 0x00000266cc4d1a90]
Event: 118.010 Thread 0x00000266f65869a0 21771       3       java.io.StringWriter::write (14 bytes)
Event: 118.011 Thread 0x00000266f65869a0 nmethod 21771 0x00000266cc4d1f10 code [0x00000266cc4d20c0, 0x00000266cc4d2398]
Event: 118.011 Thread 0x00000266f65869a0 21772  s    3       java.lang.StringBuffer::append (15 bytes)
Event: 118.012 Thread 0x00000266f65869a0 nmethod 21772 0x00000266cc4d2510 code [0x00000266cc4d26c0, 0x00000266cc4d2900]
Event: 118.012 Thread 0x00000266f65869a0 21773       3       java.io.StringWriter::write (10 bytes)
Event: 118.012 Thread 0x00000266f65869a0 nmethod 21773 0x00000266cc4d2a10 code [0x00000266cc4d2bc0, 0x00000266cc4d2e90]
Event: 118.012 Thread 0x00000266f65869a0 21774       3       java.security.Provider$Service::newInstanceOf (13 bytes)
Event: 118.020 Thread 0x00000266f65869a0 nmethod 21774 0x00000266cc4d2f90 code [0x00000266cc4d3180, 0x00000266cc4d3458]
Event: 118.020 Thread 0x00000266f65869a0 21775       3       com.android.build.gradle.internal.cxx.model.MetaModelKt::lookup (837 bytes)

GC Heap History (20 events):
Event: 83.345 GC heap before
{Heap before GC invocations=50 (full 0):
 garbage-first heap   total 233472K, used 173851K [0x0000000600000000, 0x0000000800000000)
  region size 4096K, 13 young (53248K), 1 survivors (4096K)
 Metaspace       used 140913K, committed 143680K, reserved 1179648K
  class space    used 18507K, committed 19904K, reserved 1048576K
}
Event: 83.357 GC heap after
{Heap after GC invocations=51 (full 0):
 garbage-first heap   total 233472K, used 144737K [0x0000000600000000, 0x0000000800000000)
  region size 4096K, 3 young (12288K), 3 survivors (12288K)
 Metaspace       used 140913K, committed 143680K, reserved 1179648K
  class space    used 18507K, committed 19904K, reserved 1048576K
}
Event: 85.433 GC heap before
{Heap before GC invocations=52 (full 0):
 garbage-first heap   total 266240K, used 222561K [0x0000000600000000, 0x0000000800000000)
  region size 4096K, 17 young (69632K), 3 survivors (12288K)
 Metaspace       used 140970K, committed 143744K, reserved 1179648K
  class space    used 18508K, committed 19904K, reserved 1048576K
}
Event: 85.458 GC heap after
{Heap after GC invocations=53 (full 0):
 garbage-first heap   total 266240K, used 157827K [0x0000000600000000, 0x0000000800000000)
  region size 4096K, 3 young (12288K), 3 survivors (12288K)
 Metaspace       used 140970K, committed 143744K, reserved 1179648K
  class space    used 18508K, committed 19904K, reserved 1048576K
}
Event: 86.262 GC heap before
{Heap before GC invocations=53 (full 0):
 garbage-first heap   total 266240K, used 243843K [0x0000000600000000, 0x0000000800000000)
  region size 4096K, 22 young (90112K), 3 survivors (12288K)
 Metaspace       used 141126K, committed 143872K, reserved 1179648K
  class space    used 18514K, committed 19904K, reserved 1048576K
}
Event: 86.311 GC heap after
{Heap after GC invocations=54 (full 0):
 garbage-first heap   total 282624K, used 177528K [0x0000000600000000, 0x0000000800000000)
  region size 4096K, 3 young (12288K), 3 survivors (12288K)
 Metaspace       used 141126K, committed 143872K, reserved 1179648K
  class space    used 18514K, committed 19904K, reserved 1048576K
}
Event: 93.051 GC heap before
{Heap before GC invocations=54 (full 0):
 garbage-first heap   total 282624K, used 243064K [0x0000000600000000, 0x0000000800000000)
  region size 4096K, 19 young (77824K), 3 survivors (12288K)
 Metaspace       used 142503K, committed 145280K, reserved 1179648K
  class space    used 18561K, committed 19904K, reserved 1048576K
}
Event: 93.085 GC heap after
{Heap after GC invocations=55 (full 0):
 garbage-first heap   total 282624K, used 188809K [0x0000000600000000, 0x0000000800000000)
  region size 4096K, 3 young (12288K), 3 survivors (12288K)
 Metaspace       used 142503K, committed 145280K, reserved 1179648K
  class space    used 18561K, committed 19904K, reserved 1048576K
}
Event: 98.539 GC heap before
{Heap before GC invocations=56 (full 0):
 garbage-first heap   total 327680K, used 246153K [0x0000000600000000, 0x0000000800000000)
  region size 4096K, 17 young (69632K), 3 survivors (12288K)
 Metaspace       used 146800K, committed 149568K, reserved 1179648K
  class space    used 19028K, committed 20416K, reserved 1048576K
}
Event: 98.552 GC heap after
{Heap after GC invocations=57 (full 0):
 garbage-first heap   total 327680K, used 195214K [0x0000000600000000, 0x0000000800000000)
  region size 4096K, 2 young (8192K), 2 survivors (8192K)
 Metaspace       used 146800K, committed 149568K, reserved 1179648K
  class space    used 19028K, committed 20416K, reserved 1048576K
}
Event: 100.828 GC heap before
{Heap before GC invocations=57 (full 0):
 garbage-first heap   total 327680K, used 285326K [0x0000000600000000, 0x0000000800000000)
  region size 4096K, 24 young (98304K), 2 survivors (8192K)
 Metaspace       used 152002K, committed 154816K, reserved 1245184K
  class space    used 19726K, committed 21120K, reserved 1048576K
}
Event: 100.849 GC heap after
{Heap after GC invocations=58 (full 0):
 garbage-first heap   total 327680K, used 200704K [0x0000000600000000, 0x0000000800000000)
  region size 4096K, 3 young (12288K), 3 survivors (12288K)
 Metaspace       used 152002K, committed 154816K, reserved 1245184K
  class space    used 19726K, committed 21120K, reserved 1048576K
}
Event: 103.568 GC heap before
{Heap before GC invocations=58 (full 0):
 garbage-first heap   total 327680K, used 290816K [0x0000000600000000, 0x0000000800000000)
  region size 4096K, 25 young (102400K), 3 survivors (12288K)
 Metaspace       used 156517K, committed 159360K, reserved 1245184K
  class space    used 20312K, committed 21696K, reserved 1048576K
}
Event: 103.587 GC heap after
{Heap after GC invocations=59 (full 0):
 garbage-first heap   total 327680K, used 204108K [0x0000000600000000, 0x0000000800000000)
  region size 4096K, 3 young (12288K), 3 survivors (12288K)
 Metaspace       used 156517K, committed 159360K, reserved 1245184K
  class space    used 20312K, committed 21696K, reserved 1048576K
}
Event: 106.127 GC heap before
{Heap before GC invocations=59 (full 0):
 garbage-first heap   total 327680K, used 290124K [0x0000000600000000, 0x0000000800000000)
  region size 4096K, 25 young (102400K), 3 survivors (12288K)
 Metaspace       used 156663K, committed 159488K, reserved 1245184K
  class space    used 20312K, committed 21696K, reserved 1048576K
}
Event: 106.138 GC heap after
{Heap after GC invocations=60 (full 0):
 garbage-first heap   total 327680K, used 204578K [0x0000000600000000, 0x0000000800000000)
  region size 4096K, 2 young (8192K), 2 survivors (8192K)
 Metaspace       used 156663K, committed 159488K, reserved 1245184K
  class space    used 20312K, committed 21696K, reserved 1048576K
}
Event: 107.718 GC heap before
{Heap before GC invocations=60 (full 0):
 garbage-first heap   total 327680K, used 298786K [0x0000000600000000, 0x0000000800000000)
  region size 4096K, 25 young (102400K), 2 survivors (8192K)
 Metaspace       used 156784K, committed 159616K, reserved 1245184K
  class space    used 20312K, committed 21696K, reserved 1048576K
}
Event: 107.738 GC heap after
{Heap after GC invocations=61 (full 0):
 garbage-first heap   total 327680K, used 213945K [0x0000000600000000, 0x0000000800000000)
  region size 4096K, 4 young (16384K), 4 survivors (16384K)
 Metaspace       used 156784K, committed 159616K, reserved 1245184K
  class space    used 20312K, committed 21696K, reserved 1048576K
}
Event: 109.076 GC heap before
{Heap before GC invocations=62 (full 0):
 garbage-first heap   total 438272K, used 283577K [0x0000000600000000, 0x0000000800000000)
  region size 4096K, 21 young (86016K), 4 survivors (16384K)
 Metaspace       used 157224K, committed 160064K, reserved 1245184K
  class space    used 20324K, committed 21696K, reserved 1048576K
}
Event: 109.110 GC heap after
{Heap after GC invocations=63 (full 0):
 garbage-first heap   total 438272K, used 223250K [0x0000000600000000, 0x0000000800000000)
  region size 4096K, 3 young (12288K), 3 survivors (12288K)
 Metaspace       used 157224K, committed 160064K, reserved 1245184K
  class space    used 20324K, committed 21696K, reserved 1048576K
}

Dll operation events (16 events):
Event: 0.026 Loaded shared library C:\Program Files\Java\jdk-21\bin\java.dll
Event: 0.101 Loaded shared library C:\Program Files\Java\jdk-21\bin\jsvml.dll
Event: 0.201 Loaded shared library C:\Program Files\Java\jdk-21\bin\zip.dll
Event: 0.215 Loaded shared library C:\Program Files\Java\jdk-21\bin\instrument.dll
Event: 0.228 Loaded shared library C:\Program Files\Java\jdk-21\bin\net.dll
Event: 0.234 Loaded shared library C:\Program Files\Java\jdk-21\bin\nio.dll
Event: 0.245 Loaded shared library C:\Program Files\Java\jdk-21\bin\zip.dll
Event: 0.995 Loaded shared library C:\Program Files\Java\jdk-21\bin\jimage.dll
Event: 1.410 Loaded shared library C:\Program Files\Java\jdk-21\bin\verify.dll
Event: 2.074 Loaded shared library C:\Users\USER\.gradle\native\1def1411415f61bf3af743bc5b6707747c0891f09f0c88961ee8f79bc544acac\windows-amd64\native-platform.dll
Event: 2.152 Loaded shared library C:\Users\USER\.gradle\native\0.2.5\x86_64-windows-gnu\gradle-fileevents.dll
Event: 5.652 Loaded shared library C:\Program Files\Java\jdk-21\bin\management.dll
Event: 5.660 Loaded shared library C:\Program Files\Java\jdk-21\bin\management_ext.dll
Event: 6.107 Loaded shared library C:\Program Files\Java\jdk-21\bin\extnet.dll
Event: 6.383 Loaded shared library C:\Program Files\Java\jdk-21\bin\sunmscapi.dll
Event: 9.023 Loaded shared library C:\Users\USER\AppData\Local\Temp\native-platform2820611126742917046dir\gradle-fileevents.dll

Deoptimization events (20 events):
Event: 117.891 Thread 0x000002673d3999b0 DEOPT PACKING pc=0x00000266d9f8db84 sp=0x000000b9df6f4f80
Event: 117.891 Thread 0x000002673d3999b0 DEOPT UNPACKING pc=0x00000266d98e46a2 sp=0x000000b9df6f4e90 mode 2
Event: 117.892 Thread 0x000002673d3999b0 Uncommon trap: trap_request=0xffffffde fr.pc=0x00000266d9f8db84 relative=0x0000000000000324
Event: 117.892 Thread 0x000002673d3999b0 Uncommon trap: reason=class_check action=maybe_recompile pc=0x00000266d9f8db84 method=java.lang.AbstractStringBuilder.append(Ljava/lang/CharSequence;)Ljava/lang/AbstractStringBuilder; @ 10 c2
Event: 117.892 Thread 0x000002673d3999b0 DEOPT PACKING pc=0x00000266d9f8db84 sp=0x000000b9df6f4f80
Event: 117.892 Thread 0x000002673d3999b0 DEOPT UNPACKING pc=0x00000266d98e46a2 sp=0x000000b9df6f4e90 mode 2
Event: 117.892 Thread 0x000002673d3999b0 Uncommon trap: trap_request=0xffffffde fr.pc=0x00000266d9f8db84 relative=0x0000000000000324
Event: 117.892 Thread 0x000002673d3999b0 Uncommon trap: reason=class_check action=maybe_recompile pc=0x00000266d9f8db84 method=java.lang.AbstractStringBuilder.append(Ljava/lang/CharSequence;)Ljava/lang/AbstractStringBuilder; @ 10 c2
Event: 117.892 Thread 0x000002673d3999b0 DEOPT PACKING pc=0x00000266d9f8db84 sp=0x000000b9df6f4f80
Event: 117.892 Thread 0x000002673d3999b0 DEOPT UNPACKING pc=0x00000266d98e46a2 sp=0x000000b9df6f4e90 mode 2
Event: 117.892 Thread 0x000002673d3999b0 Uncommon trap: trap_request=0xffffffde fr.pc=0x00000266d9f8db84 relative=0x0000000000000324
Event: 117.892 Thread 0x000002673d3999b0 Uncommon trap: reason=class_check action=maybe_recompile pc=0x00000266d9f8db84 method=java.lang.AbstractStringBuilder.append(Ljava/lang/CharSequence;)Ljava/lang/AbstractStringBuilder; @ 10 c2
Event: 117.892 Thread 0x000002673d3999b0 DEOPT PACKING pc=0x00000266d9f8db84 sp=0x000000b9df6f4f80
Event: 117.892 Thread 0x000002673d3999b0 DEOPT UNPACKING pc=0x00000266d98e46a2 sp=0x000000b9df6f4e90 mode 2
Event: 117.892 Thread 0x000002673d3999b0 Uncommon trap: trap_request=0xffffffde fr.pc=0x00000266d9f8bc28 relative=0x0000000000000348
Event: 117.892 Thread 0x000002673d3999b0 Uncommon trap: reason=class_check action=maybe_recompile pc=0x00000266d9f8bc28 method=java.lang.AbstractStringBuilder.append(Ljava/lang/CharSequence;)Ljava/lang/AbstractStringBuilder; @ 10 c2
Event: 117.892 Thread 0x000002673d3999b0 DEOPT PACKING pc=0x00000266d9f8bc28 sp=0x000000b9df6f4ed0
Event: 117.892 Thread 0x000002673d3999b0 DEOPT UNPACKING pc=0x00000266d98e46a2 sp=0x000000b9df6f4ea0 mode 2
Event: 117.892 Thread 0x000002673d3999b0 DEOPT PACKING pc=0x00000266ca86b7f5 sp=0x000000b9df6f50b0
Event: 117.892 Thread 0x000002673d3999b0 DEOPT UNPACKING pc=0x00000266d98e4e42 sp=0x000000b9df6f4570 mode 0

Classes loaded (20 events):
Event: 111.422 Loading class java/util/concurrent/atomic/AtomicIntegerArray
Event: 111.437 Loading class java/util/concurrent/atomic/AtomicIntegerArray done
Event: 111.444 Loading class java/util/Currency
Event: 111.453 Loading class java/util/Currency done
Event: 111.478 Loading class java/util/concurrent/atomic/AtomicLongArray
Event: 111.479 Loading class java/util/concurrent/atomic/AtomicLongArray done
Event: 111.585 Loading class sun/reflect/generics/repository/FieldRepository
Event: 111.587 Loading class sun/reflect/generics/repository/FieldRepository done
Event: 111.630 Loading class jdk/internal/vm/annotation/ForceInline
Event: 111.631 Loading class jdk/internal/vm/annotation/ForceInline done
Event: 111.824 Loading class java/util/regex/Pattern$Caret
Event: 111.825 Loading class java/util/regex/Pattern$Caret done
Event: 114.332 Loading class java/util/ArrayList$SubList$2
Event: 114.333 Loading class java/util/ArrayList$SubList$2 done
Event: 116.412 Loading class java/net/Proxy
Event: 116.416 Loading class java/net/Proxy done
Event: 116.416 Loading class java/net/Proxy$Type
Event: 116.416 Loading class java/net/Proxy$Type done
Event: 116.728 Loading class java/io/FileReader
Event: 116.729 Loading class java/io/FileReader done

Classes unloaded (0 events):
No events

Classes redefined (0 events):
No events

Internal exceptions (20 events):
Event: 102.484 Thread 0x000002673d3999b0 Exception <a 'java/lang/ClassNotFoundException'{0x000000060fbc9750}: org/gradle/internal/metaobject/AbstractDynamicObjectCustomizer> (0x000000060fbc9750) 
thrown [s\open\src\hotspot\share\classfile\systemDictionary.cpp, line 312]
Event: 102.487 Thread 0x000002673d3999b0 Exception <a 'java/lang/ClassNotFoundException'{0x000000060fbef0e8}: org/gradle/plugin/software/internal/SoftwareFeaturesDynamicObjectCustomizer> (0x000000060fbef0e8) 
thrown [s\open\src\hotspot\share\classfile\systemDictionary.cpp, line 312]
Event: 102.491 Thread 0x000002673d3999b0 Exception <a 'java/lang/ClassNotFoundException'{0x000000060f410008}: org/gradle/plugin/software/internal/SoftwareFeaturesDynamicObject_DecoratedCustomizer> (0x000000060f410008) 
thrown [s\open\src\hotspot\share\classfile\systemDictionary.cpp, line 312]
Event: 102.496 Thread 0x000002673d3999b0 Exception <a 'java/lang/NoSuchMethodError'{0x000000060f439a68}: 'java.lang.Object java.lang.invoke.Invokers$Holder.invokeExact_MT(java.lang.Object, java.lang.Object, java.lang.Object, int, java.lang.Object, java.lang.Object)'> (0x000000060f439a68) 
thrown [s\open\src\hotspot\share\interpreter\linkResolver.cpp, line 773]
Event: 107.059 Thread 0x000002673d3999b0 Exception <a 'sun/nio/fs/WindowsException'{0x0000000611418b00}> (0x0000000611418b00) 
thrown [s\open\src\hotspot\share\prims\jni.cpp, line 520]
Event: 107.059 Thread 0x000002673d3999b0 Exception <a 'sun/nio/fs/WindowsException'{0x000000061141ae10}> (0x000000061141ae10) 
thrown [s\open\src\hotspot\share\prims\jni.cpp, line 520]
Event: 109.545 Thread 0x000002673d3999b0 Exception <a 'sun/nio/fs/WindowsException'{0x00000006191110d0}> (0x00000006191110d0) 
thrown [s\open\src\hotspot\share\prims\jni.cpp, line 520]
Event: 109.547 Thread 0x000002673d3999b0 Exception <a 'sun/nio/fs/WindowsException'{0x0000000619113288}> (0x0000000619113288) 
thrown [s\open\src\hotspot\share\prims\jni.cpp, line 520]
Event: 109.550 Thread 0x000002673d3999b0 Exception <a 'sun/nio/fs/WindowsException'{0x000000061911dd20}> (0x000000061911dd20) 
thrown [s\open\src\hotspot\share\prims\jni.cpp, line 520]
Event: 109.557 Thread 0x000002673d3999b0 Exception <a 'sun/nio/fs/WindowsException'{0x0000000619126b18}> (0x0000000619126b18) 
thrown [s\open\src\hotspot\share\prims\jni.cpp, line 520]
Event: 109.563 Thread 0x000002673d3999b0 Exception <a 'sun/nio/fs/WindowsException'{0x0000000619132338}> (0x0000000619132338) 
thrown [s\open\src\hotspot\share\prims\jni.cpp, line 520]
Event: 109.569 Thread 0x000002673d3999b0 Exception <a 'sun/nio/fs/WindowsException'{0x000000061913ba78}> (0x000000061913ba78) 
thrown [s\open\src\hotspot\share\prims\jni.cpp, line 520]
Event: 109.575 Thread 0x000002673d3999b0 Exception <a 'sun/nio/fs/WindowsException'{0x0000000619145350}> (0x0000000619145350) 
thrown [s\open\src\hotspot\share\prims\jni.cpp, line 520]
Event: 109.582 Thread 0x000002673d3999b0 Exception <a 'sun/nio/fs/WindowsException'{0x00000006191535a8}> (0x00000006191535a8) 
thrown [s\open\src\hotspot\share\prims\jni.cpp, line 520]
Event: 109.588 Thread 0x000002673d3999b0 Exception <a 'sun/nio/fs/WindowsException'{0x000000061915afa0}> (0x000000061915afa0) 
thrown [s\open\src\hotspot\share\prims\jni.cpp, line 520]
Event: 109.594 Thread 0x000002673d3999b0 Exception <a 'sun/nio/fs/WindowsException'{0x0000000619164760}> (0x0000000619164760) 
thrown [s\open\src\hotspot\share\prims\jni.cpp, line 520]
Event: 109.602 Thread 0x000002673d3999b0 Exception <a 'sun/nio/fs/WindowsException'{0x000000061916bf88}> (0x000000061916bf88) 
thrown [s\open\src\hotspot\share\prims\jni.cpp, line 520]
Event: 111.634 Thread 0x000002673d3999b0 Exception <a 'java/lang/NoSuchMethodError'{0x0000000615f90bd8}: 'void java.lang.invoke.Invokers$Holder.invokeExact_MT(java.lang.Object, java.lang.Object, java.lang.Object, java.lang.Object)'> (0x0000000615f90bd8) 
thrown [s\open\src\hotspot\share\interpreter\linkResolver.cpp, line 773]
Event: 116.884 Thread 0x000002673d3999b0 Exception <a 'java/lang/NoSuchMethodError'{0x000000061196ba98}: 'void java.lang.invoke.DelegatingMethodHandle$Holder.reinvoke_L(java.lang.Object, java.lang.Object, int)'> (0x000000061196ba98) 
thrown [s\open\src\hotspot\share\interpreter\linkResolver.cpp, line 773]
Event: 116.887 Thread 0x000002673d3999b0 Exception <a 'java/lang/NoSuchMethodError'{0x00000006119735b0}: 'void java.lang.invoke.Invokers$Holder.invokeExact_MT(java.lang.Object, java.lang.Object, int, java.lang.Object)'> (0x00000006119735b0) 
thrown [s\open\src\hotspot\share\interpreter\linkResolver.cpp, line 773]

ZGC Phase Switch (0 events):
No events

VM Operations (20 events):
Event: 110.143 Executing VM operation: HandshakeAllThreads (Deoptimize)
Event: 110.144 Executing VM operation: HandshakeAllThreads (Deoptimize) done
Event: 111.150 Executing VM operation: Cleanup
Event: 111.181 Executing VM operation: Cleanup done
Event: 112.186 Executing VM operation: Cleanup
Event: 112.216 Executing VM operation: Cleanup done
Event: 113.220 Executing VM operation: Cleanup
Event: 113.236 Executing VM operation: Cleanup done
Event: 114.242 Executing VM operation: Cleanup
Event: 114.243 Executing VM operation: Cleanup done
Event: 115.249 Executing VM operation: Cleanup
Event: 115.250 Executing VM operation: Cleanup done
Event: 116.258 Executing VM operation: Cleanup
Event: 116.259 Executing VM operation: Cleanup done
Event: 116.717 Executing VM operation: HandshakeAllThreads (Deoptimize)
Event: 116.721 Executing VM operation: HandshakeAllThreads (Deoptimize) done
Event: 116.735 Executing VM operation: HandshakeAllThreads (Deoptimize)
Event: 116.736 Executing VM operation: HandshakeAllThreads (Deoptimize) done
Event: 117.749 Executing VM operation: Cleanup
Event: 117.749 Executing VM operation: Cleanup done

Events (20 events):
Event: 108.045 Thread 0x00000266f6557e50 flushing nmethod 0x00000266c9d35c10
Event: 108.045 Thread 0x00000266f6557e50 flushing nmethod 0x00000266c9c3c490
Event: 108.045 Thread 0x00000266f6557e50 flushing nmethod 0x00000266c9c25310
Event: 108.045 Thread 0x00000266f6557e50 flushing nmethod 0x00000266c9c1ff10
Event: 108.045 Thread 0x00000266f6557e50 flushing nmethod 0x00000266c9bd2490
Event: 108.045 Thread 0x00000266f6557e50 flushing nmethod 0x00000266c9bd1b90
Event: 108.045 Thread 0x00000266f6557e50 flushing nmethod 0x00000266c9bd8910
Event: 108.045 Thread 0x00000266f6557e50 flushing nmethod 0x00000266c9bb1b10
Event: 108.045 Thread 0x00000266f6557e50 flushing nmethod 0x00000266da73ef10
Event: 108.045 Thread 0x00000266f6557e50 flushing nmethod 0x00000266da62a210
Event: 108.045 Thread 0x00000266f6557e50 flushing nmethod 0x00000266da433b10
Event: 108.045 Thread 0x00000266f6557e50 flushing nmethod 0x00000266da421b90
Event: 108.045 Thread 0x00000266f6557e50 flushing nmethod 0x00000266da43e510
Event: 108.045 Thread 0x00000266f6557e50 flushing nmethod 0x00000266da3b2010
Event: 108.045 Thread 0x00000266f6557e50 flushing nmethod 0x00000266da354990
Event: 108.045 Thread 0x00000266f6557e50 flushing nmethod 0x00000266da2d8e90
Event: 108.045 Thread 0x00000266f6557e50 flushing nmethod 0x00000266da2d3610
Event: 108.045 Thread 0x00000266f6557e50 flushing nmethod 0x00000266da0d5590
Event: 108.045 Thread 0x00000266f6557e50 flushing nmethod 0x00000266da04af90
Event: 108.045 Thread 0x00000266f6557e50 flushing nmethod 0x00000266d9f8cf90


Dynamic libraries:
0x00007ff787870000 - 0x00007ff787880000 	C:\Program Files\Java\jdk-21\bin\java.exe
0x00007ffbdba30000 - 0x00007ffbdbc28000 	C:\WINDOWS\SYSTEM32\ntdll.dll
0x00007ffbdb4e0000 - 0x00007ffbdb59d000 	C:\WINDOWS\System32\KERNEL32.DLL
0x00007ffbd94a0000 - 0x00007ffbd9796000 	C:\WINDOWS\System32\KERNELBASE.dll
0x00007ffbd6a00000 - 0x00007ffbd6a90000 	C:\WINDOWS\SYSTEM32\apphelp.dll
0x00007ffbd9270000 - 0x00007ffbd9370000 	C:\WINDOWS\System32\ucrtbase.dll
0x00007ffbb4f20000 - 0x00007ffbb4f39000 	C:\Program Files\Java\jdk-21\bin\jli.dll
0x00007ffbdab40000 - 0x00007ffbdabef000 	C:\WINDOWS\System32\ADVAPI32.dll
0x00007ffbdb620000 - 0x00007ffbdb6be000 	C:\WINDOWS\System32\msvcrt.dll
0x00007ffbdb6c0000 - 0x00007ffbdb75c000 	C:\WINDOWS\System32\sechost.dll
0x00007ffbdade0000 - 0x00007ffbdaf06000 	C:\WINDOWS\System32\RPCRT4.dll
0x00007ffbb4c90000 - 0x00007ffbb4cab000 	C:\Program Files\Java\jdk-21\bin\VCRUNTIME140.dll
0x00007ffbd9aa0000 - 0x00007ffbd9c3e000 	C:\WINDOWS\System32\USER32.dll
0x00007ffbd9370000 - 0x00007ffbd9392000 	C:\WINDOWS\System32\win32u.dll
0x00007ffbc8750000 - 0x00007ffbc89ea000 	C:\WINDOWS\WinSxS\amd64_microsoft.windows.common-controls_6595b64144ccf1df_6.0.19041.3636_none_60b6a03d71f818d5\COMCTL32.dll
0x00007ffbdb040000 - 0x00007ffbdb06c000 	C:\WINDOWS\System32\GDI32.dll
0x00007ffbd97d0000 - 0x00007ffbd98ea000 	C:\WINDOWS\System32\gdi32full.dll
0x00007ffbd99f0000 - 0x00007ffbd9a8d000 	C:\WINDOWS\System32\msvcp_win.dll
0x00007ffbd1ee0000 - 0x00007ffbd1eea000 	C:\WINDOWS\SYSTEM32\VERSION.dll
0x00007ffbdaf10000 - 0x00007ffbdaf40000 	C:\WINDOWS\System32\IMM32.DLL
0x00007ffbcb180000 - 0x00007ffbcb18c000 	C:\Program Files\Java\jdk-21\bin\vcruntime140_1.dll
0x00007ffbb3130000 - 0x00007ffbb31be000 	C:\Program Files\Java\jdk-21\bin\msvcp140.dll
0x00007ffb87330000 - 0x00007ffb88047000 	C:\Program Files\Java\jdk-21\bin\server\jvm.dll
0x00007ffbdad70000 - 0x00007ffbdaddb000 	C:\WINDOWS\System32\WS2_32.dll
0x00007ffbd8f70000 - 0x00007ffbd8fbb000 	C:\WINDOWS\SYSTEM32\POWRPROF.dll
0x00007ffbd1ef0000 - 0x00007ffbd1f17000 	C:\WINDOWS\SYSTEM32\WINMM.dll
0x00007ffbd8f50000 - 0x00007ffbd8f62000 	C:\WINDOWS\SYSTEM32\UMPDC.dll
0x00007ffbd6f80000 - 0x00007ffbd6f92000 	C:\WINDOWS\SYSTEM32\kernel.appcore.dll
0x00007ffbb4e50000 - 0x00007ffbb4e5a000 	C:\Program Files\Java\jdk-21\bin\jimage.dll
0x00007ffbc7bb0000 - 0x00007ffbc7d94000 	C:\WINDOWS\SYSTEM32\DBGHELP.DLL
0x00007ffbc70b0000 - 0x00007ffbc70e4000 	C:\WINDOWS\SYSTEM32\dbgcore.DLL
0x00007ffbd98f0000 - 0x00007ffbd9972000 	C:\WINDOWS\System32\bcryptPrimitives.dll
0x00007ffbb4c80000 - 0x00007ffbb4c8f000 	C:\Program Files\Java\jdk-21\bin\instrument.dll
0x00007ffbb3230000 - 0x00007ffbb324f000 	C:\Program Files\Java\jdk-21\bin\java.dll
0x00007ffbda340000 - 0x00007ffbdaa85000 	C:\WINDOWS\System32\SHELL32.dll
0x00007ffbd7180000 - 0x00007ffbd791b000 	C:\WINDOWS\SYSTEM32\windows.storage.dll
0x00007ffbd9c40000 - 0x00007ffbd9f94000 	C:\WINDOWS\System32\combase.dll
0x00007ffbd89a0000 - 0x00007ffbd89cd000 	C:\WINDOWS\SYSTEM32\Wldp.dll
0x00007ffbda290000 - 0x00007ffbda33d000 	C:\WINDOWS\System32\SHCORE.dll
0x00007ffbdabf0000 - 0x00007ffbdac45000 	C:\WINDOWS\System32\shlwapi.dll
0x00007ffbd9040000 - 0x00007ffbd9065000 	C:\WINDOWS\SYSTEM32\profapi.dll
0x00007ffba98a0000 - 0x00007ffba9977000 	C:\Program Files\Java\jdk-21\bin\jsvml.dll
0x00007ffbb3110000 - 0x00007ffbb3128000 	C:\Program Files\Java\jdk-21\bin\zip.dll
0x00007ffbb4ad0000 - 0x00007ffbb4ae0000 	C:\Program Files\Java\jdk-21\bin\net.dll
0x00007ffbcf600000 - 0x00007ffbcf70a000 	C:\WINDOWS\SYSTEM32\WINHTTP.dll
0x00007ffbd8780000 - 0x00007ffbd87ea000 	C:\WINDOWS\system32\mswsock.dll
0x00007ffbb30f0000 - 0x00007ffbb3106000 	C:\Program Files\Java\jdk-21\bin\nio.dll
0x00007ffbb30c0000 - 0x00007ffbb30d0000 	C:\Program Files\Java\jdk-21\bin\verify.dll
0x00007ffbb5b60000 - 0x00007ffbb5b87000 	C:\Users\USER\.gradle\native\1def1411415f61bf3af743bc5b6707747c0891f09f0c88961ee8f79bc544acac\windows-amd64\native-platform.dll
0x000000005bb70000 - 0x000000005bbe3000 	C:\Users\USER\.gradle\native\0.2.5\x86_64-windows-gnu\gradle-fileevents.dll
0x00007ffbb30b0000 - 0x00007ffbb30ba000 	C:\Program Files\Java\jdk-21\bin\management.dll
0x00007ffbb30a0000 - 0x00007ffbb30ab000 	C:\Program Files\Java\jdk-21\bin\management_ext.dll
0x00007ffbd9a90000 - 0x00007ffbd9a98000 	C:\WINDOWS\System32\PSAPI.DLL
0x00007ffbd89e0000 - 0x00007ffbd89f8000 	C:\WINDOWS\SYSTEM32\CRYPTSP.dll
0x00007ffbd80d0000 - 0x00007ffbd8104000 	C:\WINDOWS\system32\rsaenh.dll
0x00007ffbd97a0000 - 0x00007ffbd97c7000 	C:\WINDOWS\System32\bcrypt.dll
0x00007ffbd8fc0000 - 0x00007ffbd8fee000 	C:\WINDOWS\SYSTEM32\USERENV.dll
0x00007ffbd8910000 - 0x00007ffbd891c000 	C:\WINDOWS\SYSTEM32\CRYPTBASE.dll
0x00007ffbd8490000 - 0x00007ffbd84cb000 	C:\WINDOWS\SYSTEM32\IPHLPAPI.DLL
0x00007ffbdb610000 - 0x00007ffbdb618000 	C:\WINDOWS\System32\NSI.dll
0x00007ffbb0e50000 - 0x00007ffbb0e59000 	C:\Program Files\Java\jdk-21\bin\extnet.dll
0x00007ffbb0d10000 - 0x00007ffbb0d1e000 	C:\Program Files\Java\jdk-21\bin\sunmscapi.dll
0x00007ffbd9110000 - 0x00007ffbd926d000 	C:\WINDOWS\System32\CRYPT32.dll
0x00007ffbd8af0000 - 0x00007ffbd8b17000 	C:\WINDOWS\SYSTEM32\ncrypt.dll
0x00007ffbd8ab0000 - 0x00007ffbd8aeb000 	C:\WINDOWS\SYSTEM32\NTASN1.dll
0x00007ffbb0e40000 - 0x00007ffbb0e47000 	C:\WINDOWS\system32\wshunix.dll
0x000000005ba70000 - 0x000000005bae3000 	C:\Users\USER\AppData\Local\Temp\native-platform2820611126742917046dir\gradle-fileevents.dll
0x00007ffbbd580000 - 0x00007ffbbd597000 	C:\WINDOWS\system32\napinsp.dll
0x00007ffbbd5c0000 - 0x00007ffbbd5db000 	C:\WINDOWS\system32\pnrpnsp.dll
0x00007ffbbd540000 - 0x00007ffbbd555000 	C:\WINDOWS\system32\wshbth.dll
0x00007ffbd48c0000 - 0x00007ffbd48dd000 	C:\WINDOWS\system32\NLAapi.dll
0x00007ffbd84d0000 - 0x00007ffbd859a000 	C:\WINDOWS\SYSTEM32\DNSAPI.dll
0x00007ffbbd560000 - 0x00007ffbbd572000 	C:\WINDOWS\System32\winrnr.dll
0x00007ffbd0580000 - 0x00007ffbd058a000 	C:\Windows\System32\rasadhlp.dll
0x00007ffbcf240000 - 0x00007ffbcf2c0000 	C:\WINDOWS\System32\fwpuclnt.dll

dbghelp: loaded successfully - version: 4.0.5 - missing functions: none
symbol engine: initialized successfully - sym options: 0x614 - pdb path: .;C:\Program Files\Java\jdk-21\bin;C:\WINDOWS\SYSTEM32;C:\WINDOWS\WinSxS\amd64_microsoft.windows.common-controls_6595b64144ccf1df_6.0.19041.3636_none_60b6a03d71f818d5;C:\Program Files\Java\jdk-21\bin\server;C:\Users\USER\.gradle\native\1def1411415f61bf3af743bc5b6707747c0891f09f0c88961ee8f79bc544acac\windows-amd64;C:\Users\USER\.gradle\native\0.2.5\x86_64-windows-gnu;C:\Users\USER\AppData\Local\Temp\native-platform2820611126742917046dir

VM Arguments:
jvm_args: --add-opens=java.base/java.lang=ALL-UNNAMED --add-opens=java.base/java.lang.invoke=ALL-UNNAMED --add-opens=java.base/java.util=ALL-UNNAMED --add-opens=java.prefs/java.util.prefs=ALL-UNNAMED --add-exports=jdk.compiler/com.sun.tools.javac.api=ALL-UNNAMED --add-exports=jdk.compiler/com.sun.tools.javac.util=ALL-UNNAMED --add-opens=java.base/java.util=ALL-UNNAMED --add-opens=java.prefs/java.util.prefs=ALL-UNNAMED --add-opens=java.base/java.nio.charset=ALL-UNNAMED --add-opens=java.base/java.net=ALL-UNNAMED --add-opens=java.base/java.util.concurrent.atomic=ALL-UNNAMED --add-opens=java.xml/javax.xml.namespace=ALL-UNNAMED -XX:MaxMetaspaceSize=4G -XX:ReservedCodeCacheSize=512m -XX:+HeapDumpOnOutOfMemoryError -Xmx8G -Dfile.encoding=UTF-8 -Duser.country=MX -Duser.language=es -Duser.variant -javaagent:C:\Users\USER\.gradle\wrapper\dists\gradle-8.12-all\ejduaidbjup3bmmkhw3rie4zb\gradle-8.12\lib\agents\gradle-instrumentation-agent-8.12.jar 
java_command: org.gradle.launcher.daemon.bootstrap.GradleDaemon 8.12
java_class_path (initial): C:\Users\USER\.gradle\wrapper\dists\gradle-8.12-all\ejduaidbjup3bmmkhw3rie4zb\gradle-8.12\lib\gradle-daemon-main-8.12.jar
Launcher Type: SUN_STANDARD

[Global flags]
     intx CICompilerCount                          = 4                                         {product} {ergonomic}
     uint ConcGCThreads                            = 2                                         {product} {ergonomic}
     uint G1ConcRefinementThreads                  = 8                                         {product} {ergonomic}
   size_t G1HeapRegionSize                         = 4194304                                   {product} {ergonomic}
    uintx GCDrainStackTargetSize                   = 64                                        {product} {ergonomic}
     bool HeapDumpOnOutOfMemoryError               = true                                   {manageable} {command line}
   size_t InitialHeapSize                          = 100663296                                 {product} {ergonomic}
   size_t MarkStackSize                            = 4194304                                   {product} {ergonomic}
   size_t MaxHeapSize                              = 8589934592                                {product} {command line}
   size_t MaxMetaspaceSize                         = 4294967296                                {product} {command line}
   size_t MaxNewSize                               = 5150605312                                {product} {ergonomic}
   size_t MinHeapDeltaBytes                        = 4194304                                   {product} {ergonomic}
   size_t MinHeapSize                              = 8388608                                   {product} {ergonomic}
    uintx NonNMethodCodeHeapSize                   = 5839372                                {pd product} {ergonomic}
    uintx NonProfiledCodeHeapSize                  = 265515770                              {pd product} {ergonomic}
    uintx ProfiledCodeHeapSize                     = 265515770                              {pd product} {ergonomic}
    uintx ReservedCodeCacheSize                    = 536870912                              {pd product} {command line}
     bool SegmentedCodeCache                       = true                                      {product} {ergonomic}
   size_t SoftMaxHeapSize                          = 8589934592                             {manageable} {ergonomic}
     bool UseCompressedOops                        = true                           {product lp64_product} {ergonomic}
     bool UseG1GC                                  = true                                      {product} {ergonomic}
     bool UseLargePagesIndividualAllocation        = false                                  {pd product} {ergonomic}

Logging:
Log output configuration:
 #0: stdout all=warning uptime,level,tags foldmultilines=false
 #1: stderr all=off uptime,level,tags foldmultilines=false

Environment Variables:
PATH=C:\Program Files\Common Files\Oracle\Java\javapath;C:\WINDOWS\system32;C:\WINDOWS;C:\WINDOWS\System32\Wbem;C:\WINDOWS\System32\WindowsPowerShell\v1.0\;C:\WINDOWS\System32\OpenSSH\;C:\Program Files\Git\cmd;C:\Program Files\Git LFS;C:\Program Files\CMake\bin;C:\Program Files\Go\bin;C:\xampp\php;C:\Program Files\nodejs\;C:\ProgramData\chocolatey\bin;C:\Users\USER\AppData\Local\Programs\Python\Python312\Scripts\;C:\Users\USER\AppData\Local\Programs\Python\Python312\;C:\Users\USER\.console-ninja\.bin;C:\Users\USER\anaconda3;C:\Users\USER\anaconda3\Library\mingw-w64\bin;C:\Users\USER\anaconda3\Library\usr\bin;C:\Users\USER\anaconda3\Library\bin;C:\Users\USER\anaconda3\Scripts;C:\Users\USER\.cargo\bin;C:\Users\USER\AppData\Local\Microsoft\WindowsApps;D:\Users\fredr\AppData\Local\GitHubDesktop\bin;C:\Users\USER\AppData\Local\Programs\Microsoft VS Code\bin;C:\Program Files\JetBrains\PyCharm 2024.1.4\bin;C:\Program Files\JetBrains\PyCharm Community Edition 2024.2.3\bin;;C:\Users\USER\go\bin;C:\Users\USER\AppData\Roaming\npm;C:\Users\USER\AppData\Local\Microsoft\WindowsApps;
USERNAME=USER
OS=Windows_NT
PROCESSOR_IDENTIFIER=AMD64 Family 23 Model 24 Stepping 1, AuthenticAMD
TMP=C:\Users\USER\AppData\Local\Temp
TEMP=C:\Users\USER\AppData\Local\Temp




Periodic native trim disabled

---------------  S Y S T E M  ---------------

OS:
 Windows 10 , 64 bit Build 19041 (10.0.19041.3636)
OS uptime: 3 days 1:30 hours
Hyper-V role detected

CPU: total 8 (initial active 8) (8 cores per cpu, 2 threads per core) family 23 model 24 stepping 1 microcode 0x0, cx8, cmov, fxsr, ht, mmx, 3dnowpref, sse, sse2, sse3, ssse3, sse4a, sse4.1, sse4.2, popcnt, lzcnt, tsc, tscinvbit, avx, avx2, aes, clmul, bmi1, bmi2, adx, sha, fma, vzeroupper, clflush, clflushopt, hv, rdtscp, f16c
Processor Information for all 8 processors :
  Max Mhz: 2100, Current Mhz: 2100, Mhz Limit: 2100

Memory: 4k page, system-wide physical 6082M (721M free)
TotalPageFile size 16322M (AvailPageFile size 0M)
current process WorkingSet (physical memory assigned to process): 629M, peak: 675M
current process commit charge ("private bytes"): 880M, peak: 880M

vm_info: Java HotSpot(TM) 64-Bit Server VM (21.0.2+13-LTS-58) for windows-amd64 JRE (21.0.2+13-LTS-58), built on 2024-01-05T18:32:24Z by "mach5one" with MS VC++ 17.1 (VS2022)

END.
