#
# There is insufficient memory for the Java Runtime Environment to continue.
# Native memory allocation (malloc) failed to allocate 290768 bytes. Error detail: Chunk::new
# Possible reasons:
#   The system is out of physical RAM or swap space
#   This process is running with CompressedOops enabled, and the Java Heap may be blocking the growth of the native heap
# Possible solutions:
#   Reduce memory load on the system
#   Increase physical memory or swap space
#   Check if swap backing store is full
#   Decrease Java heap size (-Xmx/-Xms)
#   Decrease number of Java threads
#   Decrease Java thread stack sizes (-Xss)
#   Set larger code cache with -XX:ReservedCodeCacheSize=
#   JVM is running with Unscaled Compressed Oops mode in which the Java heap is
#     placed in the first 4GB address space. The Java Heap base address is the
#     maximum limit for the native heap growth. Please use -XX:HeapBaseMinAddress
#     to set the Java Heap base and to place the Java Heap above 4GB virtual address.
# This output file may be truncated or incomplete.
#
#  Out of Memory Error (arena.cpp:168), pid=14616, tid=16560
#
# JRE version: OpenJDK Runtime Environment Temurin-21.0.8+9 (21.0.8+9) (build 21.0.8+9-LTS)
# Java VM: OpenJDK 64-Bit Server VM Temurin-21.0.8+9 (21.0.8+9-LTS, mixed mode, sharing, tiered, compressed oops, compressed class ptrs, parallel gc, windows-amd64)
# No core dump will be written. Minidumps are not enabled by default on client versions of Windows
#

---------------  S U M M A R Y ------------

Command Line: --add-modules=ALL-SYSTEM --add-opens=java.base/java.util=ALL-UNNAMED --add-opens=java.base/java.lang=ALL-UNNAMED --add-opens=java.base/sun.nio.fs=ALL-UNNAMED -Declipse.application=org.eclipse.jdt.ls.core.id1 -Dosgi.bundles.defaultStartLevel=4 -Declipse.product=org.eclipse.jdt.ls.core.product -Djava.import.generatesMetadataFilesAtProjectRoot=false -DDetectVMInstallationsJob.disabled=true -Dfile.encoding=utf8 -XX:+UseParallelGC -XX:GCTimeRatio=4 -XX:AdaptiveSizePolicyWeight=90 -Dsun.zip.disableMemoryMapping=true -Xmx2G -Xms100m -Xlog:disable -javaagent:c:\Users\USER\.vscode\extensions\redhat.java-1.44.0-win32-x64\lombok\lombok-1.18.39-4050.jar -XX:+HeapDumpOnOutOfMemoryError -XX:HeapDumpPath=c:\Users\USER\AppData\Roaming\Code\User\workspaceStorage\86792585dbc43faf0f2f2baa02294349\redhat.java -Daether.dependencyCollector.impl=bf c:\Users\USER\.vscode\extensions\redhat.java-1.44.0-win32-x64\server\plugins\org.eclipse.equinox.launcher_1.7.0.v20250519-0528.jar -configuration c:\Users\USER\AppData\Roaming\Code\User\globalStorage\redhat.java\1.44.0\config_win -data c:\Users\USER\AppData\Roaming\Code\User\workspaceStorage\86792585dbc43faf0f2f2baa02294349\redhat.java\jdt_ws --pipe=\\.\pipe\lsp-391411026a6c48757faaa63c7ac86c05-sock

Host: AMD Ryzen 5 3500U with Radeon Vega Mobile Gfx  , 8 cores, 5G,  Windows 10 , 64 bit Build 19041 (10.0.19041.3636)
Time: Sun Aug 17 19:26:06 2025 Hora est. Pacífico, Sudamérica elapsed time: 23.787849 seconds (0d 0h 0m 23s)

---------------  T H R E A D  ---------------

Current thread (0x00000288721b7740):  JavaThread "C2 CompilerThread0" daemon [_thread_in_native, id=16560, stack(0x0000008bddc00000,0x0000008bddd00000) (1024K)]


Current CompileTask:
C2:23787 8038       4       org.eclipse.jdt.internal.core.index.DiskIndex::writeDocumentNumbers (384 bytes)

Stack: [0x0000008bddc00000,0x0000008bddd00000]
Native frames: (J=compiled Java code, j=interpreted, Vv=VM code, C=native code)
V  [jvm.dll+0x6d2449]
V  [jvm.dll+0x8ae341]
V  [jvm.dll+0x8b08be]
V  [jvm.dll+0x8b0fa3]
V  [jvm.dll+0x280c96]
V  [jvm.dll+0xc581d]
V  [jvm.dll+0xc5d53]
V  [jvm.dll+0x3b919c]
V  [jvm.dll+0x1e1409]
V  [jvm.dll+0x249022]
V  [jvm.dll+0x2484af]
V  [jvm.dll+0x1c89ee]
V  [jvm.dll+0x257d4d]
V  [jvm.dll+0x2562ea]
V  [jvm.dll+0x3f2d16]
V  [jvm.dll+0x857e6b]
V  [jvm.dll+0x6d0b0d]
C  [ucrtbase.dll+0x21bb2]
C  [KERNEL32.DLL+0x17344]
C  [ntdll.dll+0x526b1]


---------------  P R O C E S S  ---------------

Threads class SMR info:
_java_thread_list=0x000002887ca7a730, length=39, elements={
0x000002881a5b8290, 0x00000288721a6750, 0x00000288721a7fb0, 0x00000288721a9a90,
0x00000288721ad150, 0x00000288721ad7e0, 0x00000288721ade70, 0x00000288721b7740,
0x00000288721cf270, 0x00000288721aa9f0, 0x00000288721ab080, 0x00000288721ab710,
0x00000288721acac0, 0x00000288721abda0, 0x00000288721ac430, 0x0000028878b82c80,
0x0000028878b81f60, 0x0000028878b846c0, 0x0000028878b839a0, 0x0000028878b84030,
0x0000028878b84d50, 0x000002887ab7c800, 0x000002887ab7e240, 0x000002887ab79380,
0x000002887ab7adc0, 0x000002887ab79a10, 0x000002887ab78cf0, 0x000002887ab7bae0,
0x000002887ab7ef60, 0x000002887ab7b450, 0x000002887ab7d520, 0x000002887ab7c170,
0x000002887ab7dbb0, 0x000002887ab7ce90, 0x000002887ab7e8d0, 0x000002887ab7a0a0,
0x000002887ab78660, 0x000002887ab7a730, 0x000002887d956fb0
}

Java Threads: ( => current thread )
  0x000002881a5b8290 
[error occurred during error reporting (printing all threads), id 0xc0000005, EXCEPTION_ACCESS_VIOLATION (0xc0000005) at pc=0x00007ffb8cec3f50]
VM state: at safepoint (normal execution)

VM Mutex/Monitor currently owned by a thread:  ([mutex/lock_event])
[0x00007ffb8da35458] Threads_lock - owner thread: 0x000002881a68ebb0
[0x00007ffb8da35558] Heap_lock - owner thread: 0x000002887ab7c800

Heap address: 0x0000000080000000, size: 2048 MB, Compressed Oops mode: 32-bit

CDS archive(s) mapped at: [0x0000028831000000-0x0000028831ba0000-0x0000028831ba0000), size 12189696, SharedBaseAddress: 0x0000028831000000, ArchiveRelocationMode: 1.
Compressed class space mapped at: 0x0000028832000000-0x0000028872000000, reserved size: 1073741824
Narrow klass base: 0x0000028831000000, Narrow klass shift: 0, Narrow klass range: 0x100000000

GC Precious Log:
 CardTable entry size: 512
 CPUs: 8 total, 8 available
 Memory: 6082M
 Large Page Support: Disabled
 NUMA Support: Disabled
 Compressed Oops: Enabled (32-bit)
 Alignments: Space 512K, Generation 512K, Heap 2M
 Heap Min Capacity: 100M
 Heap Initial Capacity: 100M
 Heap Max Capacity: 2G
 Pre-touch: Disabled
 Parallel Workers: 8

Heap:
 PSYoungGen      total 2048K, used 1792K [0x00000000d5580000, 0x00000000d5880000, 0x0000000100000000)
  eden space 1024K, 100% used [0x00000000d5580000,0x00000000d5680000,0x00000000d5680000)
  from space 1024K, 75% used [0x00000000d5780000,0x00000000d5840000,0x00000000d5880000)
  to   space 1024K, 62% used [0x00000000d5680000,0x00000000d5720000,0x00000000d5780000)
 ParOldGen       total 415744K, used 415463K [0x0000000080000000, 0x0000000099600000, 0x00000000d5580000)
  object space 415744K, 99% used [0x0000000080000000,0x00000000995b9cf0,0x0000000099600000)
 Metaspace       used 58604K, committed 59968K, reserved 1114112K
  class space    used 6796K, committed 7360K, reserved 1048576K

Card table byte_map: [0x0000028819fa0000,0x000002881a3b0000] _byte_map_base: 0x0000028819ba0000

Marking Bits: (ParMarkBitMap*) 0x00007ffb8da3a340
 Begin Bits: [0x000002882ca70000, 0x000002882ea70000)
 End Bits:   [0x000002882ea70000, 0x0000028830a70000)

Polling page: 0x0000028819d90000

Metaspace:

Usage:
  Non-class:     50.59 MB used.
      Class:      6.64 MB used.
       Both:     57.23 MB used.

Virtual space:
  Non-class space:       64.00 MB reserved,      51.38 MB ( 80%) committed,  1 nodes.
      Class space:        1.00 GB reserved,       7.19 MB ( <1%) committed,  1 nodes.
             Both:        1.06 GB reserved,      58.56 MB (  5%) committed. 

Chunk freelists:
   Non-Class:  12.23 MB
       Class:  8.67 MB
        Both:  20.91 MB

MaxMetaspaceSize: unlimited
CompressedClassSpaceSize: 1.00 GB
Initial GC threshold: 21.00 MB
Current GC threshold: 58.88 MB
CDS: on
 - commit_granule_bytes: 65536.
 - commit_granule_words: 8192.
 - virtual_space_node_default_size: 8388608.
 - enlarge_chunks_in_place: 1.
 - use_allocation_guard: 0.


Internal statistics:

num_allocs_failed_limit: 10.
num_arena_births: 1012.
num_arena_deaths: 20.
num_vsnodes_births: 2.
num_vsnodes_deaths: 0.
num_space_committed: 937.
num_space_uncommitted: 0.
num_chunks_returned_to_freelist: 31.
num_chunks_taken_from_freelist: 3568.
num_chunk_merges: 12.
num_chunk_splits: 2323.
num_chunks_enlarged: 1476.
num_inconsistent_stats: 0.

CodeHeap 'non-profiled nmethods': size=120000Kb used=5739Kb max_used=5880Kb free=114260Kb
 bounds [0x0000028825290000, 0x0000028825850000, 0x000002882c7c0000]
CodeHeap 'profiled nmethods': size=120000Kb used=15136Kb max_used=15829Kb free=104863Kb
 bounds [0x000002881d7c0000, 0x000002881e740000, 0x0000028824cf0000]
CodeHeap 'non-nmethods': size=5760Kb used=1408Kb max_used=1480Kb free=4351Kb
 bounds [0x0000028824cf0000, 0x0000028824f60000, 0x0000028825290000]
CodeCache: size=245760Kb, used=22283Kb, max_used=23189Kb, free=223474Kb
 total_blobs=8003, nmethods=7290, adapters=619, full_count=0
Compilation: enabled, stopped_count=0, restarted_count=0

Compilation events (20 events):
Event: 23.492 Thread 0x00000288721cf270 8028 %     3       org.eclipse.jdt.internal.core.index.DiskIndex::writeCategoryTable @ 22 (252 bytes)
Event: 23.494 Thread 0x00000288721cf270 nmethod 8028% 0x000002881e72d590 code [0x000002881e72d8a0, 0x000002881e72ee48]
Event: 23.494 Thread 0x00000288721cf270 8029       3       org.eclipse.jdt.internal.core.index.DiskIndex::writeCategoryTable (252 bytes)
Event: 23.496 Thread 0x00000288721cf270 nmethod 8029 0x000002881e72f590 code [0x000002881e72f880, 0x000002881e730b60]
Event: 23.499 Thread 0x00000288721cf270 8031       3       org.eclipse.jdt.internal.core.index.DiskIndex::writeStreamInt (122 bytes)
Event: 23.499 Thread 0x00000288721cf270 nmethod 8031 0x000002881e731190 code [0x000002881e731340, 0x000002881e731640]
Event: 23.499 Thread 0x00000288721cf270 8032       3       org.eclipse.jdt.internal.core.index.DiskIndex::writeDocumentNumbers (384 bytes)
Event: 23.501 Thread 0x00000288721cf270 nmethod 8032 0x000002881e731790 code [0x000002881e731a20, 0x000002881e732748]
Event: 23.501 Thread 0x00000288721cf270 8033       3       org.eclipse.jdt.internal.core.util.Util::sort (16 bytes)
Event: 23.501 Thread 0x00000288721cf270 nmethod 8033 0x000002881e732d10 code [0x000002881e732ec0, 0x000002881e733028]
Event: 23.501 Thread 0x00000288721cf270 8034   !   3       java.io.BufferedOutputStream::write (73 bytes)
Event: 23.502 Thread 0x00000288721cf270 nmethod 8034 0x000002881e733110 code [0x000002881e7333a0, 0x000002881e734028]
Event: 23.502 Thread 0x00000288721cf270 8035       3       java.io.BufferedOutputStream::implWrite (71 bytes)
Event: 23.503 Thread 0x00000288721cf270 nmethod 8035 0x000002881e734490 code [0x000002881e7346a0, 0x000002881e734d50]
Event: 23.503 Thread 0x00000288721cf270 8036       3       java.io.BufferedOutputStream::growIfNeeded (59 bytes)
Event: 23.503 Thread 0x00000288721cf270 nmethod 8036 0x000002881e734f90 code [0x000002881e735140, 0x000002881e7353e8]
Event: 23.507 Thread 0x00000288721b7740 nmethod 8026 0x0000028825849b10 code [0x0000028825849d00, 0x000002882584a3c8]
Event: 23.507 Thread 0x00000288721b7740 8030 %     4       org.eclipse.jdt.internal.core.index.DiskIndex::writeCategoryTable @ 22 (252 bytes)
Event: 23.624 Thread 0x00000288721b7740 nmethod 8030% 0x000002882584a990 code [0x000002882584ace0, 0x000002882584ce68]
Event: 23.624 Thread 0x00000288721b7740 8038       4       org.eclipse.jdt.internal.core.index.DiskIndex::writeDocumentNumbers (384 bytes)

GC Heap History (20 events):
Event: 23.393 GC heap after
{Heap after GC invocations=434 (full 2):
 PSYoungGen      total 1536K, used 595K [0x00000000d5580000, 0x00000000d5800000, 0x0000000100000000)
  eden space 512K, 0% used [0x00000000d5580000,0x00000000d5580000,0x00000000d5600000)
  from space 1024K, 58% used [0x00000000d5700000,0x00000000d5794fd0,0x00000000d5800000)
  to   space 1024K, 0% used [0x00000000d5600000,0x00000000d5600000,0x00000000d5700000)
 ParOldGen       total 411136K, used 410881K [0x0000000080000000, 0x0000000099180000, 0x00000000d5580000)
  object space 411136K, 99% used [0x0000000080000000,0x00000000991405b8,0x0000000099180000)
 Metaspace       used 58578K, committed 59840K, reserved 1114112K
  class space    used 6796K, committed 7360K, reserved 1048576K
}
Event: 23.405 GC heap before
{Heap before GC invocations=435 (full 2):
 PSYoungGen      total 1536K, used 1107K [0x00000000d5580000, 0x00000000d5800000, 0x0000000100000000)
  eden space 512K, 100% used [0x00000000d5580000,0x00000000d5600000,0x00000000d5600000)
  from space 1024K, 58% used [0x00000000d5700000,0x00000000d5794fd0,0x00000000d5800000)
  to   space 1024K, 0% used [0x00000000d5600000,0x00000000d5600000,0x00000000d5700000)
 ParOldGen       total 411136K, used 410881K [0x0000000080000000, 0x0000000099180000, 0x00000000d5580000)
  object space 411136K, 99% used [0x0000000080000000,0x00000000991405b8,0x0000000099180000)
 Metaspace       used 58578K, committed 59840K, reserved 1114112K
  class space    used 6796K, committed 7360K, reserved 1048576K
}
Event: 23.408 GC heap after
{Heap after GC invocations=435 (full 2):
 PSYoungGen      total 1536K, used 647K [0x00000000d5580000, 0x00000000d5800000, 0x0000000100000000)
  eden space 512K, 0% used [0x00000000d5580000,0x00000000d5580000,0x00000000d5600000)
  from space 1024K, 63% used [0x00000000d5600000,0x00000000d56a1d80,0x00000000d5700000)
  to   space 1024K, 0% used [0x00000000d5700000,0x00000000d5700000,0x00000000d5800000)
 ParOldGen       total 411648K, used 411390K [0x0000000080000000, 0x0000000099200000, 0x00000000d5580000)
  object space 411648K, 99% used [0x0000000080000000,0x00000000991bfad0,0x0000000099200000)
 Metaspace       used 58578K, committed 59840K, reserved 1114112K
  class space    used 6796K, committed 7360K, reserved 1048576K
}
Event: 23.433 GC heap before
{Heap before GC invocations=436 (full 2):
 PSYoungGen      total 1536K, used 1159K [0x00000000d5580000, 0x00000000d5800000, 0x0000000100000000)
  eden space 512K, 100% used [0x00000000d5580000,0x00000000d5600000,0x00000000d5600000)
  from space 1024K, 63% used [0x00000000d5600000,0x00000000d56a1d80,0x00000000d5700000)
  to   space 1024K, 0% used [0x00000000d5700000,0x00000000d5700000,0x00000000d5800000)
 ParOldGen       total 411648K, used 411390K [0x0000000080000000, 0x0000000099200000, 0x00000000d5580000)
  object space 411648K, 99% used [0x0000000080000000,0x00000000991bfad0,0x0000000099200000)
 Metaspace       used 58578K, committed 59840K, reserved 1114112K
  class space    used 6796K, committed 7360K, reserved 1048576K
}
Event: 23.437 GC heap after
{Heap after GC invocations=436 (full 2):
 PSYoungGen      total 1536K, used 595K [0x00000000d5580000, 0x00000000d5800000, 0x0000000100000000)
  eden space 512K, 0% used [0x00000000d5580000,0x00000000d5580000,0x00000000d5600000)
  from space 1024K, 58% used [0x00000000d5700000,0x00000000d5794fd0,0x00000000d5800000)
  to   space 1024K, 0% used [0x00000000d5600000,0x00000000d5600000,0x00000000d5700000)
 ParOldGen       total 412160K, used 411927K [0x0000000080000000, 0x0000000099280000, 0x00000000d5580000)
  object space 412160K, 99% used [0x0000000080000000,0x0000000099245d70,0x0000000099280000)
 Metaspace       used 58578K, committed 59840K, reserved 1114112K
  class space    used 6796K, committed 7360K, reserved 1048576K
}
Event: 23.461 GC heap before
{Heap before GC invocations=437 (full 2):
 PSYoungGen      total 1536K, used 1107K [0x00000000d5580000, 0x00000000d5800000, 0x0000000100000000)
  eden space 512K, 100% used [0x00000000d5580000,0x00000000d5600000,0x00000000d5600000)
  from space 1024K, 58% used [0x00000000d5700000,0x00000000d5794fd0,0x00000000d5800000)
  to   space 1024K, 0% used [0x00000000d5600000,0x00000000d5600000,0x00000000d5700000)
 ParOldGen       total 412160K, used 411927K [0x0000000080000000, 0x0000000099280000, 0x00000000d5580000)
  object space 412160K, 99% used [0x0000000080000000,0x0000000099245d70,0x0000000099280000)
 Metaspace       used 58597K, committed 59904K, reserved 1114112K
  class space    used 6796K, committed 7360K, reserved 1048576K
}
Event: 23.466 GC heap after
{Heap after GC invocations=437 (full 2):
 PSYoungGen      total 1536K, used 640K [0x00000000d5580000, 0x00000000d5800000, 0x0000000100000000)
  eden space 512K, 0% used [0x00000000d5580000,0x00000000d5580000,0x00000000d5600000)
  from space 1024K, 62% used [0x00000000d5600000,0x00000000d56a0000,0x00000000d5700000)
  to   space 1024K, 0% used [0x00000000d5700000,0x00000000d5700000,0x00000000d5800000)
 ParOldGen       total 412672K, used 412452K [0x0000000080000000, 0x0000000099300000, 0x00000000d5580000)
  object space 412672K, 99% used [0x0000000080000000,0x00000000992c9288,0x0000000099300000)
 Metaspace       used 58597K, committed 59904K, reserved 1114112K
  class space    used 6796K, committed 7360K, reserved 1048576K
}
Event: 23.484 GC heap before
{Heap before GC invocations=438 (full 2):
 PSYoungGen      total 1536K, used 1152K [0x00000000d5580000, 0x00000000d5800000, 0x0000000100000000)
  eden space 512K, 100% used [0x00000000d5580000,0x00000000d5600000,0x00000000d5600000)
  from space 1024K, 62% used [0x00000000d5600000,0x00000000d56a0000,0x00000000d5700000)
  to   space 1024K, 0% used [0x00000000d5700000,0x00000000d5700000,0x00000000d5800000)
 ParOldGen       total 412672K, used 412452K [0x0000000080000000, 0x0000000099300000, 0x00000000d5580000)
  object space 412672K, 99% used [0x0000000080000000,0x00000000992c9288,0x0000000099300000)
 Metaspace       used 58598K, committed 59904K, reserved 1114112K
  class space    used 6796K, committed 7360K, reserved 1048576K
}
Event: 23.488 GC heap after
{Heap after GC invocations=438 (full 2):
 PSYoungGen      total 1536K, used 627K [0x00000000d5580000, 0x00000000d5800000, 0x0000000100000000)
  eden space 512K, 0% used [0x00000000d5580000,0x00000000d5580000,0x00000000d5600000)
  from space 1024K, 61% used [0x00000000d5700000,0x00000000d579cfd0,0x00000000d5800000)
  to   space 1024K, 0% used [0x00000000d5600000,0x00000000d5600000,0x00000000d5700000)
 ParOldGen       total 413184K, used 412967K [0x0000000080000000, 0x0000000099380000, 0x00000000d5580000)
  object space 413184K, 99% used [0x0000000080000000,0x0000000099349d28,0x0000000099380000)
 Metaspace       used 58598K, committed 59904K, reserved 1114112K
  class space    used 6796K, committed 7360K, reserved 1048576K
}
Event: 23.542 GC heap before
{Heap before GC invocations=439 (full 2):
 PSYoungGen      total 1536K, used 1139K [0x00000000d5580000, 0x00000000d5800000, 0x0000000100000000)
  eden space 512K, 100% used [0x00000000d5580000,0x00000000d5600000,0x00000000d5600000)
  from space 1024K, 61% used [0x00000000d5700000,0x00000000d579cfd0,0x00000000d5800000)
  to   space 1024K, 0% used [0x00000000d5600000,0x00000000d5600000,0x00000000d5700000)
 ParOldGen       total 413184K, used 412967K [0x0000000080000000, 0x0000000099380000, 0x00000000d5580000)
  object space 413184K, 99% used [0x0000000080000000,0x0000000099349d28,0x0000000099380000)
 Metaspace       used 58604K, committed 59968K, reserved 1114112K
  class space    used 6796K, committed 7360K, reserved 1048576K
}
Event: 23.543 GC heap after
{Heap after GC invocations=439 (full 2):
 PSYoungGen      total 1536K, used 512K [0x00000000d5580000, 0x00000000d5800000, 0x0000000100000000)
  eden space 512K, 0% used [0x00000000d5580000,0x00000000d5580000,0x00000000d5600000)
  from space 1024K, 50% used [0x00000000d5600000,0x00000000d5680000,0x00000000d5700000)
  to   space 1024K, 0% used [0x00000000d5700000,0x00000000d5700000,0x00000000d5800000)
 ParOldGen       total 413696K, used 413471K [0x0000000080000000, 0x0000000099400000, 0x00000000d5580000)
  object space 413696K, 99% used [0x0000000080000000,0x00000000993c7cf0,0x0000000099400000)
 Metaspace       used 58604K, committed 59968K, reserved 1114112K
  class space    used 6796K, committed 7360K, reserved 1048576K
}
Event: 23.592 GC heap before
{Heap before GC invocations=440 (full 2):
 PSYoungGen      total 1536K, used 1023K [0x00000000d5580000, 0x00000000d5800000, 0x0000000100000000)
  eden space 512K, 99% used [0x00000000d5580000,0x00000000d55fff90,0x00000000d5600000)
  from space 1024K, 50% used [0x00000000d5600000,0x00000000d5680000,0x00000000d5700000)
  to   space 1024K, 0% used [0x00000000d5700000,0x00000000d5700000,0x00000000d5800000)
 ParOldGen       total 413696K, used 413471K [0x0000000080000000, 0x0000000099400000, 0x00000000d5580000)
  object space 413696K, 99% used [0x0000000080000000,0x00000000993c7cf0,0x0000000099400000)
 Metaspace       used 58604K, committed 59968K, reserved 1114112K
  class space    used 6796K, committed 7360K, reserved 1048576K
}
Event: 23.594 GC heap after
{Heap after GC invocations=440 (full 2):
 PSYoungGen      total 1536K, used 384K [0x00000000d5580000, 0x00000000d5780000, 0x0000000100000000)
  eden space 1024K, 0% used [0x00000000d5580000,0x00000000d5580000,0x00000000d5680000)
  from space 512K, 75% used [0x00000000d5700000,0x00000000d5760000,0x00000000d5780000)
  to   space 512K, 0% used [0x00000000d5680000,0x00000000d5680000,0x00000000d5700000)
 ParOldGen       total 414208K, used 413927K [0x0000000080000000, 0x0000000099480000, 0x00000000d5580000)
  object space 414208K, 99% used [0x0000000080000000,0x0000000099439cf0,0x0000000099480000)
 Metaspace       used 58604K, committed 59968K, reserved 1114112K
  class space    used 6796K, committed 7360K, reserved 1048576K
}
Event: 23.631 GC heap before
{Heap before GC invocations=441 (full 2):
 PSYoungGen      total 1536K, used 1408K [0x00000000d5580000, 0x00000000d5780000, 0x0000000100000000)
  eden space 1024K, 100% used [0x00000000d5580000,0x00000000d5680000,0x00000000d5680000)
  from space 512K, 75% used [0x00000000d5700000,0x00000000d5760000,0x00000000d5780000)
  to   space 512K, 0% used [0x00000000d5680000,0x00000000d5680000,0x00000000d5700000)
 ParOldGen       total 414208K, used 413927K [0x0000000080000000, 0x0000000099480000, 0x00000000d5580000)
  object space 414208K, 99% used [0x0000000080000000,0x0000000099439cf0,0x0000000099480000)
 Metaspace       used 58604K, committed 59968K, reserved 1114112K
  class space    used 6796K, committed 7360K, reserved 1048576K
}
Event: 23.634 GC heap after
{Heap after GC invocations=441 (full 2):
 PSYoungGen      total 1536K, used 512K [0x00000000d5580000, 0x00000000d5880000, 0x0000000100000000)
  eden space 1024K, 0% used [0x00000000d5580000,0x00000000d5580000,0x00000000d5680000)
  from space 512K, 100% used [0x00000000d5680000,0x00000000d5700000,0x00000000d5700000)
  to   space 1024K, 0% used [0x00000000d5780000,0x00000000d5780000,0x00000000d5880000)
 ParOldGen       total 414720K, used 414343K [0x0000000080000000, 0x0000000099500000, 0x00000000d5580000)
  object space 414720K, 99% used [0x0000000080000000,0x00000000994a1cf0,0x0000000099500000)
 Metaspace       used 58604K, committed 59968K, reserved 1114112K
  class space    used 6796K, committed 7360K, reserved 1048576K
}
Event: 23.649 GC heap before
{Heap before GC invocations=442 (full 2):
 PSYoungGen      total 1536K, used 1536K [0x00000000d5580000, 0x00000000d5880000, 0x0000000100000000)
  eden space 1024K, 100% used [0x00000000d5580000,0x00000000d5680000,0x00000000d5680000)
  from space 512K, 100% used [0x00000000d5680000,0x00000000d5700000,0x00000000d5700000)
  to   space 1024K, 0% used [0x00000000d5780000,0x00000000d5780000,0x00000000d5880000)
 ParOldGen       total 414720K, used 414343K [0x0000000080000000, 0x0000000099500000, 0x00000000d5580000)
  object space 414720K, 99% used [0x0000000080000000,0x00000000994a1cf0,0x0000000099500000)
 Metaspace       used 58604K, committed 59968K, reserved 1114112K
  class space    used 6796K, committed 7360K, reserved 1048576K
}
Event: 23.654 GC heap after
{Heap after GC invocations=442 (full 2):
 PSYoungGen      total 2048K, used 768K [0x00000000d5580000, 0x00000000d5880000, 0x0000000100000000)
  eden space 1024K, 0% used [0x00000000d5580000,0x00000000d5580000,0x00000000d5680000)
  from space 1024K, 75% used [0x00000000d5780000,0x00000000d5840000,0x00000000d5880000)
  to   space 1024K, 0% used [0x00000000d5680000,0x00000000d5680000,0x00000000d5780000)
 ParOldGen       total 415232K, used 414887K [0x0000000080000000, 0x0000000099580000, 0x00000000d5580000)
  object space 415232K, 99% used [0x0000000080000000,0x0000000099529cf0,0x0000000099580000)
 Metaspace       used 58604K, committed 59968K, reserved 1114112K
  class space    used 6796K, committed 7360K, reserved 1048576K
}
Event: 23.674 GC heap before
{Heap before GC invocations=443 (full 2):
 PSYoungGen      total 2048K, used 1792K [0x00000000d5580000, 0x00000000d5880000, 0x0000000100000000)
  eden space 1024K, 100% used [0x00000000d5580000,0x00000000d5680000,0x00000000d5680000)
  from space 1024K, 75% used [0x00000000d5780000,0x00000000d5840000,0x00000000d5880000)
  to   space 1024K, 0% used [0x00000000d5680000,0x00000000d5680000,0x00000000d5780000)
 ParOldGen       total 415232K, used 414887K [0x0000000080000000, 0x0000000099580000, 0x00000000d5580000)
  object space 415232K, 99% used [0x0000000080000000,0x0000000099529cf0,0x0000000099580000)
 Metaspace       used 58604K, committed 59968K, reserved 1114112K
  class space    used 6796K, committed 7360K, reserved 1048576K
}
Event: 23.677 GC heap after
{Heap after GC invocations=443 (full 2):
 PSYoungGen      total 2048K, used 1792K [0x00000000d5580000, 0x00000000d5880000, 0x0000000100000000)
  eden space 1024K, 100% used [0x00000000d5580000,0x00000000d5680000,0x00000000d5680000)
  from space 1024K, 75% used [0x00000000d5780000,0x00000000d5840000,0x00000000d5880000)
  to   space 1024K, 62% used [0x00000000d5680000,0x00000000d5720000,0x00000000d5780000)
 ParOldGen       total 415744K, used 415463K [0x0000000080000000, 0x0000000099600000, 0x00000000d5580000)
  object space 415744K, 99% used [0x0000000080000000,0x00000000995b9cf0,0x0000000099600000)
 Metaspace       used 58604K, committed 59968K, reserved 1114112K
  class space    used 6796K, committed 7360K, reserved 1048576K
}
Event: 23.677 GC heap before
{Heap before GC invocations=444 (full 3):
 PSYoungGen      total 2048K, used 1792K [0x00000000d5580000, 0x00000000d5880000, 0x0000000100000000)
  eden space 1024K, 100% used [0x00000000d5580000,0x00000000d5680000,0x00000000d5680000)
  from space 1024K, 75% used [0x00000000d5780000,0x00000000d5840000,0x00000000d5880000)
  to   space 1024K, 62% used [0x00000000d5680000,0x00000000d5720000,0x00000000d5780000)
 ParOldGen       total 415744K, used 415463K [0x0000000080000000, 0x0000000099600000, 0x00000000d5580000)
  object space 415744K, 99% used [0x0000000080000000,0x00000000995b9cf0,0x0000000099600000)
 Metaspace       used 58604K, committed 59968K, reserved 1114112K
  class space    used 6796K, committed 7360K, reserved 1048576K
}

Dll operation events (13 events):
Event: 0.010 Loaded shared library c:\Users\USER\.vscode\extensions\redhat.java-1.44.0-win32-x64\jre\21.0.8-win32-x86_64\bin\java.dll
Event: 0.148 Loaded shared library c:\Users\USER\.vscode\extensions\redhat.java-1.44.0-win32-x64\jre\21.0.8-win32-x86_64\bin\zip.dll
Event: 0.187 Loaded shared library C:\Users\USER\.vscode\extensions\redhat.java-1.44.0-win32-x64\jre\21.0.8-win32-x86_64\bin\instrument.dll
Event: 0.193 Loaded shared library C:\Users\USER\.vscode\extensions\redhat.java-1.44.0-win32-x64\jre\21.0.8-win32-x86_64\bin\net.dll
Event: 0.197 Loaded shared library C:\Users\USER\.vscode\extensions\redhat.java-1.44.0-win32-x64\jre\21.0.8-win32-x86_64\bin\nio.dll
Event: 0.203 Loaded shared library C:\Users\USER\.vscode\extensions\redhat.java-1.44.0-win32-x64\jre\21.0.8-win32-x86_64\bin\zip.dll
Event: 0.237 Loaded shared library C:\Users\USER\.vscode\extensions\redhat.java-1.44.0-win32-x64\jre\21.0.8-win32-x86_64\bin\jimage.dll
Event: 0.351 Loaded shared library c:\Users\USER\.vscode\extensions\redhat.java-1.44.0-win32-x64\jre\21.0.8-win32-x86_64\bin\verify.dll
Event: 2.041 Loaded shared library C:\Users\USER\AppData\Roaming\Code\User\globalStorage\redhat.java\1.44.0\config_win\org.eclipse.equinox.launcher\org.eclipse.equinox.launcher.win32.win32.x86_64_1.2.1400.v20250730-1736\eclipse_11913.dll
Event: 3.797 Loaded shared library C:\Users\USER\AppData\Local\Temp\jna-2614219\jna3906584475750634419.dll
Event: 12.477 Loaded shared library C:\Users\USER\.gradle\native\1def1411415f61bf3af743bc5b6707747c0891f09f0c88961ee8f79bc544acac\windows-amd64\native-platform.dll
Event: 14.606 Loaded shared library C:\Users\USER\.vscode\extensions\redhat.java-1.44.0-win32-x64\jre\21.0.8-win32-x86_64\bin\management.dll
Event: 14.613 Loaded shared library C:\Users\USER\.vscode\extensions\redhat.java-1.44.0-win32-x64\jre\21.0.8-win32-x86_64\bin\management_ext.dll

Deoptimization events (20 events):
Event: 21.182 Thread 0x000002887ab7c800 DEOPT PACKING pc=0x000002881e722c1a sp=0x0000008bdf4feed0
Event: 21.182 Thread 0x000002887ab7c800 DEOPT UNPACKING pc=0x0000028824d44242 sp=0x0000008bdf4fe398 mode 0
Event: 21.202 Thread 0x000002887ab7c800 DEOPT PACKING pc=0x000002881e722c1a sp=0x0000008bdf4feed0
Event: 21.202 Thread 0x000002887ab7c800 DEOPT UNPACKING pc=0x0000028824d44242 sp=0x0000008bdf4fe398 mode 0
Event: 21.241 Thread 0x000002887ab7c800 DEOPT PACKING pc=0x000002881e722c8b sp=0x0000008bdf4feed0
Event: 21.242 Thread 0x000002887ab7c800 DEOPT UNPACKING pc=0x0000028824d44242 sp=0x0000008bdf4fe398 mode 0
Event: 21.244 Thread 0x000002887ab7c800 DEOPT PACKING pc=0x000002881e722c8b sp=0x0000008bdf4feed0
Event: 21.245 Thread 0x000002887ab7c800 DEOPT UNPACKING pc=0x0000028824d44242 sp=0x0000008bdf4fe398 mode 0
Event: 21.257 Thread 0x000002887ab7c800 DEOPT PACKING pc=0x000002881e722c8b sp=0x0000008bdf4feed0
Event: 21.257 Thread 0x000002887ab7c800 DEOPT UNPACKING pc=0x0000028824d44242 sp=0x0000008bdf4fe398 mode 0
Event: 21.277 Thread 0x000002887ab7c800 DEOPT PACKING pc=0x000002881e722c8b sp=0x0000008bdf4feed0
Event: 21.277 Thread 0x000002887ab7c800 DEOPT UNPACKING pc=0x0000028824d44242 sp=0x0000008bdf4fe398 mode 0
Event: 21.298 Thread 0x000002887ab7c800 DEOPT PACKING pc=0x000002881e722c8b sp=0x0000008bdf4feed0
Event: 21.298 Thread 0x000002887ab7c800 DEOPT UNPACKING pc=0x0000028824d44242 sp=0x0000008bdf4fe398 mode 0
Event: 21.303 Thread 0x000002887ab7c800 DEOPT PACKING pc=0x000002881e722c8b sp=0x0000008bdf4feed0
Event: 21.303 Thread 0x000002887ab7c800 DEOPT UNPACKING pc=0x0000028824d44242 sp=0x0000008bdf4fe398 mode 0
Event: 21.305 Thread 0x000002887ab7c800 DEOPT PACKING pc=0x000002881e722c1a sp=0x0000008bdf4feed0
Event: 21.305 Thread 0x000002887ab7c800 DEOPT UNPACKING pc=0x0000028824d44242 sp=0x0000008bdf4fe398 mode 0
Event: 23.630 Thread 0x000002887ab7c800 DEOPT PACKING pc=0x000002881e73094e sp=0x0000008bdf4fee40
Event: 23.630 Thread 0x000002887ab7c800 DEOPT UNPACKING pc=0x0000028824d44242 sp=0x0000008bdf4fe340 mode 0

Classes loaded (20 events):
Event: 14.638 Loading class java/lang/management/ManagementPermission
Event: 14.638 Loading class java/lang/management/ManagementPermission done
Event: 14.792 Loading class java/lang/Throwable$WrappedPrintWriter
Event: 14.792 Loading class java/lang/Throwable$PrintStreamOrWriter
Event: 14.793 Loading class java/lang/Throwable$PrintStreamOrWriter done
Event: 14.793 Loading class java/lang/Throwable$WrappedPrintWriter done
Event: 14.864 Loading class java/security/DigestInputStream
Event: 14.865 Loading class java/security/DigestInputStream done
Event: 15.160 Loading class java/util/Collections$SynchronizedRandomAccessList
Event: 15.160 Loading class java/util/Collections$SynchronizedList
Event: 15.160 Loading class java/util/Collections$SynchronizedList done
Event: 15.160 Loading class java/util/Collections$SynchronizedRandomAccessList done
Event: 15.220 Loading class java/util/Hashtable$KeySet
Event: 15.220 Loading class java/util/Hashtable$KeySet done
Event: 15.272 Loading class java/util/stream/DistinctOps
Event: 15.272 Loading class java/util/stream/DistinctOps done
Event: 15.272 Loading class java/util/stream/DistinctOps$1
Event: 15.272 Loading class java/util/stream/DistinctOps$1 done
Event: 15.290 Loading class java/util/stream/DistinctOps$1$2
Event: 15.290 Loading class java/util/stream/DistinctOps$1$2 done

Classes unloaded (10 events):
Event: 4.491 Thread 0x000002881a68ebb0 Unloading class 0x00000288321ab800 'java/lang/invoke/LambdaForm$MH+0x00000288321ab800'
Event: 4.491 Thread 0x000002881a68ebb0 Unloading class 0x00000288321ab400 'java/lang/invoke/LambdaForm$MH+0x00000288321ab400'
Event: 4.491 Thread 0x000002881a68ebb0 Unloading class 0x00000288321ab000 'java/lang/invoke/LambdaForm$MH+0x00000288321ab000'
Event: 4.491 Thread 0x000002881a68ebb0 Unloading class 0x00000288321aac00 'java/lang/invoke/LambdaForm$MH+0x00000288321aac00'
Event: 4.491 Thread 0x000002881a68ebb0 Unloading class 0x00000288321aa800 'java/lang/invoke/LambdaForm$BMH+0x00000288321aa800'
Event: 4.491 Thread 0x000002881a68ebb0 Unloading class 0x00000288321aa400 'java/lang/invoke/LambdaForm$DMH+0x00000288321aa400'
Event: 4.491 Thread 0x000002881a68ebb0 Unloading class 0x00000288321a9000 'java/lang/invoke/LambdaForm$DMH+0x00000288321a9000'
Event: 6.324 Thread 0x000002881a68ebb0 Unloading class 0x000002883231ec00 'java/lang/invoke/LambdaForm$MH+0x000002883231ec00'
Event: 6.324 Thread 0x000002881a68ebb0 Unloading class 0x000002883231e800 'java/lang/invoke/LambdaForm$DMH+0x000002883231e800'
Event: 6.324 Thread 0x000002881a68ebb0 Unloading class 0x000002883231e000 'java/lang/invoke/LambdaForm$MH+0x000002883231e000'

Classes redefined (0 events):
No events

Internal exceptions (20 events):
Event: 15.350 Thread 0x000002887ab79380 Exception <a 'sun/nio/fs/WindowsException'{0x00000000d5887338}> (0x00000000d5887338) 
thrown [s\src\hotspot\share\prims\jni.cpp, line 520]
Event: 15.365 Thread 0x000002887ab79380 Exception <a 'sun/nio/fs/WindowsException'{0x00000000d59baeb0}> (0x00000000d59baeb0) 
thrown [s\src\hotspot\share\prims\jni.cpp, line 520]
Event: 15.366 Thread 0x000002887ab79380 Exception <a 'sun/nio/fs/WindowsException'{0x00000000d59bb4e0}> (0x00000000d59bb4e0) 
thrown [s\src\hotspot\share\prims\jni.cpp, line 520]
Event: 15.366 Thread 0x000002887ab79380 Exception <a 'sun/nio/fs/WindowsException'{0x00000000d59bbf78}> (0x00000000d59bbf78) 
thrown [s\src\hotspot\share\prims\jni.cpp, line 520]
Event: 15.367 Thread 0x000002887ab79380 Exception <a 'sun/nio/fs/WindowsException'{0x00000000d59bc5a8}> (0x00000000d59bc5a8) 
thrown [s\src\hotspot\share\prims\jni.cpp, line 520]
Event: 15.368 Thread 0x000002887ab79380 Exception <a 'sun/nio/fs/WindowsException'{0x00000000d59ddf48}> (0x00000000d59ddf48) 
thrown [s\src\hotspot\share\prims\jni.cpp, line 520]
Event: 15.368 Thread 0x000002887ab79380 Exception <a 'sun/nio/fs/WindowsException'{0x00000000d59de578}> (0x00000000d59de578) 
thrown [s\src\hotspot\share\prims\jni.cpp, line 520]
Event: 15.378 Thread 0x0000028878b84d50 Exception <a 'java/io/IOException'{0x00000000d5b01910}> (0x00000000d5b01910) 
thrown [s\src\hotspot\share\prims\jni.cpp, line 520]
Event: 15.378 Thread 0x0000028878b84d50 Exception <a 'java/io/IOException'{0x00000000d5b3c168}> (0x00000000d5b3c168) 
thrown [s\src\hotspot\share\prims\jni.cpp, line 520]
Event: 15.382 Thread 0x0000028878b84d50 Exception <a 'java/io/IOException'{0x00000000d5b633c8}> (0x00000000d5b633c8) 
thrown [s\src\hotspot\share\prims\jni.cpp, line 520]
Event: 15.382 Thread 0x0000028878b84d50 Exception <a 'java/io/IOException'{0x00000000d5b76a08}> (0x00000000d5b76a08) 
thrown [s\src\hotspot\share\prims\jni.cpp, line 520]
Event: 15.384 Thread 0x0000028878b84d50 Exception <a 'java/io/IOException'{0x00000000d5bbc340}> (0x00000000d5bbc340) 
thrown [s\src\hotspot\share\prims\jni.cpp, line 520]
Event: 15.385 Thread 0x0000028878b84d50 Exception <a 'java/io/IOException'{0x00000000d5bc1d68}> (0x00000000d5bc1d68) 
thrown [s\src\hotspot\share\prims\jni.cpp, line 520]
Event: 15.387 Thread 0x0000028878b84d50 Exception <a 'java/io/IOException'{0x00000000d5bcc198}> (0x00000000d5bcc198) 
thrown [s\src\hotspot\share\prims\jni.cpp, line 520]
Event: 15.406 Thread 0x000002887ab79380 Exception <a 'java/io/IOException'{0x00000000d56b1630}> (0x00000000d56b1630) 
thrown [s\src\hotspot\share\prims\jni.cpp, line 520]
Event: 15.408 Thread 0x000002887ab7adc0 Exception <a 'java/io/IOException'{0x00000000d56c1848}> (0x00000000d56c1848) 
thrown [s\src\hotspot\share\prims\jni.cpp, line 520]
Event: 15.408 Thread 0x000002887ab7adc0 Exception <a 'java/io/IOException'{0x00000000d56c3d90}> (0x00000000d56c3d90) 
thrown [s\src\hotspot\share\prims\jni.cpp, line 520]
Event: 15.409 Thread 0x000002887ab7adc0 Exception <a 'java/io/IOException'{0x00000000d56ee2b8}> (0x00000000d56ee2b8) 
thrown [s\src\hotspot\share\prims\jni.cpp, line 520]
Event: 15.410 Thread 0x000002887ab7adc0 Exception <a 'java/io/IOException'{0x00000000d5710198}> (0x00000000d5710198) 
thrown [s\src\hotspot\share\prims\jni.cpp, line 520]
Event: 15.411 Thread 0x000002887ab7adc0 Exception <a 'java/io/IOException'{0x00000000d573e8f8}> (0x00000000d573e8f8) 
thrown [s\src\hotspot\share\prims\jni.cpp, line 520]

ZGC Phase Switch (0 events):
No events

VM Operations (20 events):
Event: 23.367 Executing VM operation: ParallelGCFailedAllocation (Allocation Failure) done
Event: 23.388 Executing VM operation: ParallelGCFailedAllocation (Allocation Failure)
Event: 23.393 Executing VM operation: ParallelGCFailedAllocation (Allocation Failure) done
Event: 23.405 Executing VM operation: ParallelGCFailedAllocation (Allocation Failure)
Event: 23.408 Executing VM operation: ParallelGCFailedAllocation (Allocation Failure) done
Event: 23.433 Executing VM operation: ParallelGCFailedAllocation (Allocation Failure)
Event: 23.437 Executing VM operation: ParallelGCFailedAllocation (Allocation Failure) done
Event: 23.461 Executing VM operation: ParallelGCFailedAllocation (Allocation Failure)
Event: 23.466 Executing VM operation: ParallelGCFailedAllocation (Allocation Failure) done
Event: 23.484 Executing VM operation: ParallelGCFailedAllocation (Allocation Failure)
Event: 23.488 Executing VM operation: ParallelGCFailedAllocation (Allocation Failure) done
Event: 23.541 Executing VM operation: ParallelGCFailedAllocation (Allocation Failure)
Event: 23.543 Executing VM operation: ParallelGCFailedAllocation (Allocation Failure) done
Event: 23.592 Executing VM operation: ParallelGCFailedAllocation (Allocation Failure)
Event: 23.594 Executing VM operation: ParallelGCFailedAllocation (Allocation Failure) done
Event: 23.631 Executing VM operation: ParallelGCFailedAllocation (Allocation Failure)
Event: 23.634 Executing VM operation: ParallelGCFailedAllocation (Allocation Failure) done
Event: 23.649 Executing VM operation: ParallelGCFailedAllocation (Allocation Failure)
Event: 23.654 Executing VM operation: ParallelGCFailedAllocation (Allocation Failure) done
Event: 23.674 Executing VM operation: ParallelGCFailedAllocation (Allocation Failure)

Memory protections (0 events):
No events

Nmethod flushes (20 events):
Event: 6.338 Thread 0x000002881a68ebb0 flushing  nmethod 0x000002881de30790
Event: 6.338 Thread 0x000002881a68ebb0 flushing  nmethod 0x000002881de30f10
Event: 6.338 Thread 0x000002881a68ebb0 flushing  nmethod 0x000002881de32890
Event: 6.338 Thread 0x000002881a68ebb0 flushing  nmethod 0x000002881de33190
Event: 6.338 Thread 0x000002881a68ebb0 flushing  nmethod 0x000002881de34690
Event: 6.338 Thread 0x000002881a68ebb0 flushing  nmethod 0x000002881de34b10
Event: 6.338 Thread 0x000002881a68ebb0 flushing  nmethod 0x000002881de35c10
Event: 6.338 Thread 0x000002881a68ebb0 flushing  nmethod 0x000002881de36410
Event: 6.338 Thread 0x000002881a68ebb0 flushing  nmethod 0x000002881de37390
Event: 6.338 Thread 0x000002881a68ebb0 flushing  nmethod 0x000002881de40390
Event: 6.338 Thread 0x000002881a68ebb0 flushing  nmethod 0x000002881de56010
Event: 6.338 Thread 0x000002881a68ebb0 flushing  nmethod 0x000002881de6ae90
Event: 6.338 Thread 0x000002881a68ebb0 flushing  nmethod 0x000002881de71410
Event: 6.338 Thread 0x000002881a68ebb0 flushing  nmethod 0x000002881de79d10
Event: 6.338 Thread 0x000002881a68ebb0 flushing  nmethod 0x000002881de86610
Event: 6.338 Thread 0x000002881a68ebb0 flushing  nmethod 0x000002881dec9310
Event: 6.338 Thread 0x000002881a68ebb0 flushing  nmethod 0x000002881def6890
Event: 6.338 Thread 0x000002881a68ebb0 flushing  nmethod 0x000002881df0a690
Event: 6.338 Thread 0x000002881a68ebb0 flushing  nmethod 0x000002881df0c410
Event: 6.338 Thread 0x000002881a68ebb0 flushing  nmethod 0x000002881df2d690

Events (20 events):
Event: 6.187 Thread 0x000002881a5b8290 Thread added: 0x000002887ab7d520
Event: 6.187 Thread 0x000002881a5b8290 Thread added: 0x000002887ab7c170
Event: 6.187 Thread 0x000002881a5b8290 Thread added: 0x000002887ab7dbb0
Event: 6.187 Thread 0x000002881a5b8290 Thread added: 0x000002887ab7ce90
Event: 6.188 Thread 0x000002881a5b8290 Thread added: 0x000002887ab7e8d0
Event: 6.241 Thread 0x000002881a5b8290 Thread added: 0x000002887ab7a0a0
Event: 6.569 Thread 0x000002881a5b8290 Thread added: 0x000002887ab78660
Event: 6.569 Thread 0x000002881a5b8290 Thread added: 0x000002887ab7a730
Event: 9.499 Thread 0x0000028878b825f0 Thread exited: 0x0000028878b825f0
Event: 11.305 Thread 0x000002887ab79a10 Thread added: 0x000002887d956fb0
Event: 11.504 Thread 0x000002887ab79a10 Thread added: 0x000002887d956290
Event: 14.822 Thread 0x000002887d956290 Thread exited: 0x000002887d956290
Event: 15.657 Thread 0x00000288793496c0 Thread exited: 0x00000288793496c0
Event: 15.976 Thread 0x0000028878b971b0 Thread exited: 0x0000028878b971b0
Event: 19.356 Thread 0x00000288721b7740 Thread added: 0x000002887c3f8710
Event: 19.389 Thread 0x00000288721cf270 Thread added: 0x000002887c098b10
Event: 19.947 Thread 0x000002887c098b10 Thread exited: 0x000002887c098b10
Event: 20.106 Thread 0x000002887c3f8710 Thread exited: 0x000002887c3f8710
Event: 20.961 Thread 0x00000288721cf270 Thread added: 0x000002887a0bc0e0
Event: 21.213 Thread 0x000002887a0bc0e0 Thread exited: 0x000002887a0bc0e0


Dynamic libraries:
0x00007ff662990000 - 0x00007ff66299e000 	c:\Users\USER\.vscode\extensions\redhat.java-1.44.0-win32-x64\jre\21.0.8-win32-x86_64\bin\java.exe
0x00007ffbdba30000 - 0x00007ffbdbc28000 	C:\WINDOWS\SYSTEM32\ntdll.dll
0x00007ffbdb4e0000 - 0x00007ffbdb59d000 	C:\WINDOWS\System32\KERNEL32.DLL
0x00007ffbd94a0000 - 0x00007ffbd9796000 	C:\WINDOWS\System32\KERNELBASE.dll
0x00007ffbd9270000 - 0x00007ffbd9370000 	C:\WINDOWS\System32\ucrtbase.dll
0x00007ffbc1fc0000 - 0x00007ffbc1fde000 	c:\Users\USER\.vscode\extensions\redhat.java-1.44.0-win32-x64\jre\21.0.8-win32-x86_64\bin\VCRUNTIME140.dll
0x00007ffbbc8d0000 - 0x00007ffbbc8e8000 	c:\Users\USER\.vscode\extensions\redhat.java-1.44.0-win32-x64\jre\21.0.8-win32-x86_64\bin\jli.dll
0x00007ffbd9aa0000 - 0x00007ffbd9c3e000 	C:\WINDOWS\System32\USER32.dll
0x00007ffbc8750000 - 0x00007ffbc89ea000 	C:\WINDOWS\WinSxS\amd64_microsoft.windows.common-controls_6595b64144ccf1df_6.0.19041.3636_none_60b6a03d71f818d5\COMCTL32.dll
0x00007ffbd9370000 - 0x00007ffbd9392000 	C:\WINDOWS\System32\win32u.dll
0x00007ffbdb620000 - 0x00007ffbdb6be000 	C:\WINDOWS\System32\msvcrt.dll
0x00007ffbdb040000 - 0x00007ffbdb06c000 	C:\WINDOWS\System32\GDI32.dll
0x00007ffbd97d0000 - 0x00007ffbd98ea000 	C:\WINDOWS\System32\gdi32full.dll
0x00007ffbd99f0000 - 0x00007ffbd9a8d000 	C:\WINDOWS\System32\msvcp_win.dll
0x00007ffbdaf10000 - 0x00007ffbdaf40000 	C:\WINDOWS\System32\IMM32.DLL
0x00007ffbc39f0000 - 0x00007ffbc39fc000 	c:\Users\USER\.vscode\extensions\redhat.java-1.44.0-win32-x64\jre\21.0.8-win32-x86_64\bin\vcruntime140_1.dll
0x00007ffbad470000 - 0x00007ffbad4fd000 	c:\Users\USER\.vscode\extensions\redhat.java-1.44.0-win32-x64\jre\21.0.8-win32-x86_64\bin\msvcp140.dll
0x00007ffb8cd80000 - 0x00007ffb8db17000 	c:\Users\USER\.vscode\extensions\redhat.java-1.44.0-win32-x64\jre\21.0.8-win32-x86_64\bin\server\jvm.dll
0x00007ffbdab40000 - 0x00007ffbdabef000 	C:\WINDOWS\System32\ADVAPI32.dll
0x00007ffbdb6c0000 - 0x00007ffbdb75c000 	C:\WINDOWS\System32\sechost.dll
0x00007ffbdade0000 - 0x00007ffbdaf06000 	C:\WINDOWS\System32\RPCRT4.dll
0x00007ffbdad70000 - 0x00007ffbdaddb000 	C:\WINDOWS\System32\WS2_32.dll
0x00007ffbd8f70000 - 0x00007ffbd8fbb000 	C:\WINDOWS\SYSTEM32\POWRPROF.dll
0x00007ffbd1ee0000 - 0x00007ffbd1eea000 	C:\WINDOWS\SYSTEM32\VERSION.dll
0x00007ffbd1ef0000 - 0x00007ffbd1f17000 	C:\WINDOWS\SYSTEM32\WINMM.dll
0x00007ffbd8f50000 - 0x00007ffbd8f62000 	C:\WINDOWS\SYSTEM32\UMPDC.dll
0x00007ffbd6f80000 - 0x00007ffbd6f92000 	C:\WINDOWS\SYSTEM32\kernel.appcore.dll
0x00007ffbc0750000 - 0x00007ffbc075a000 	c:\Users\USER\.vscode\extensions\redhat.java-1.44.0-win32-x64\jre\21.0.8-win32-x86_64\bin\jimage.dll
0x00007ffbc7bb0000 - 0x00007ffbc7d94000 	C:\WINDOWS\SYSTEM32\DBGHELP.DLL
0x00007ffbc70b0000 - 0x00007ffbc70e4000 	C:\WINDOWS\SYSTEM32\dbgcore.DLL
0x00007ffbd98f0000 - 0x00007ffbd9972000 	C:\WINDOWS\System32\bcryptPrimitives.dll
0x00007ffbcfb90000 - 0x00007ffbcfb9f000 	c:\Users\USER\.vscode\extensions\redhat.java-1.44.0-win32-x64\jre\21.0.8-win32-x86_64\bin\instrument.dll
0x00007ffbb4dc0000 - 0x00007ffbb4ddf000 	c:\Users\USER\.vscode\extensions\redhat.java-1.44.0-win32-x64\jre\21.0.8-win32-x86_64\bin\java.dll
0x00007ffbda340000 - 0x00007ffbdaa85000 	C:\WINDOWS\System32\SHELL32.dll
0x00007ffbd7180000 - 0x00007ffbd791b000 	C:\WINDOWS\SYSTEM32\windows.storage.dll
0x00007ffbd9c40000 - 0x00007ffbd9f94000 	C:\WINDOWS\System32\combase.dll
0x00007ffbd89a0000 - 0x00007ffbd89cd000 	C:\WINDOWS\SYSTEM32\Wldp.dll
0x00007ffbda290000 - 0x00007ffbda33d000 	C:\WINDOWS\System32\SHCORE.dll
0x00007ffbdabf0000 - 0x00007ffbdac45000 	C:\WINDOWS\System32\shlwapi.dll
0x00007ffbd9040000 - 0x00007ffbd9065000 	C:\WINDOWS\SYSTEM32\profapi.dll
0x00007ffbb4da0000 - 0x00007ffbb4db8000 	c:\Users\USER\.vscode\extensions\redhat.java-1.44.0-win32-x64\jre\21.0.8-win32-x86_64\bin\zip.dll
0x00007ffbc06c0000 - 0x00007ffbc06d0000 	C:\Users\USER\.vscode\extensions\redhat.java-1.44.0-win32-x64\jre\21.0.8-win32-x86_64\bin\net.dll
0x00007ffbcf600000 - 0x00007ffbcf70a000 	C:\WINDOWS\SYSTEM32\WINHTTP.dll
0x00007ffbd8780000 - 0x00007ffbd87ea000 	C:\WINDOWS\system32\mswsock.dll
0x00007ffbb4d50000 - 0x00007ffbb4d66000 	C:\Users\USER\.vscode\extensions\redhat.java-1.44.0-win32-x64\jre\21.0.8-win32-x86_64\bin\nio.dll
0x00007ffbcd090000 - 0x00007ffbcd0a0000 	c:\Users\USER\.vscode\extensions\redhat.java-1.44.0-win32-x64\jre\21.0.8-win32-x86_64\bin\verify.dll
0x00007ffbb4f40000 - 0x00007ffbb4f85000 	C:\Users\USER\AppData\Roaming\Code\User\globalStorage\redhat.java\1.44.0\config_win\org.eclipse.equinox.launcher\org.eclipse.equinox.launcher.win32.win32.x86_64_1.2.1400.v20250730-1736\eclipse_11913.dll
0x00007ffbda160000 - 0x00007ffbda28b000 	C:\WINDOWS\System32\ole32.dll
0x00007ffbd89e0000 - 0x00007ffbd89f8000 	C:\WINDOWS\SYSTEM32\CRYPTSP.dll
0x00007ffbd80d0000 - 0x00007ffbd8104000 	C:\WINDOWS\system32\rsaenh.dll
0x00007ffbd97a0000 - 0x00007ffbd97c7000 	C:\WINDOWS\System32\bcrypt.dll
0x00007ffbd8fc0000 - 0x00007ffbd8fee000 	C:\WINDOWS\SYSTEM32\USERENV.dll
0x00007ffbd8910000 - 0x00007ffbd891c000 	C:\WINDOWS\SYSTEM32\CRYPTBASE.dll
0x00007ffbd8490000 - 0x00007ffbd84cb000 	C:\WINDOWS\SYSTEM32\IPHLPAPI.DLL
0x00007ffbdb610000 - 0x00007ffbdb618000 	C:\WINDOWS\System32\NSI.dll
0x00007ffbb0db0000 - 0x00007ffbb0df9000 	C:\Users\USER\AppData\Local\Temp\jna-2614219\jna3906584475750634419.dll
0x00007ffbd9a90000 - 0x00007ffbd9a98000 	C:\WINDOWS\System32\PSAPI.DLL
0x00007ffbd2090000 - 0x00007ffbd20a7000 	C:\WINDOWS\SYSTEM32\dhcpcsvc6.DLL
0x00007ffbd2070000 - 0x00007ffbd208d000 	C:\WINDOWS\SYSTEM32\dhcpcsvc.DLL
0x00007ffbb5b60000 - 0x00007ffbb5b87000 	C:\Users\USER\.gradle\native\1def1411415f61bf3af743bc5b6707747c0891f09f0c88961ee8f79bc544acac\windows-amd64\native-platform.dll
0x00007ffbc32a0000 - 0x00007ffbc32aa000 	C:\Users\USER\.vscode\extensions\redhat.java-1.44.0-win32-x64\jre\21.0.8-win32-x86_64\bin\management.dll
0x00007ffbc0650000 - 0x00007ffbc065b000 	C:\Users\USER\.vscode\extensions\redhat.java-1.44.0-win32-x64\jre\21.0.8-win32-x86_64\bin\management_ext.dll

JVMTI agents:
c:\Users\USER\.vscode\extensions\redhat.java-1.44.0-win32-x64\lombok\lombok-1.18.39-4050.jar path:c:\Users\USER\.vscode\extensions\redhat.java-1.44.0-win32-x64\jre\21.0.8-win32-x86_64\bin\instrument.dll, loaded, initialized, instrumentlib options:none

dbghelp: loaded successfully - version: 4.0.5 - missing functions: none
symbol engine: initialized successfully - sym options: 0x614 - pdb path: .;c:\Users\USER\.vscode\extensions\redhat.java-1.44.0-win32-x64\jre\21.0.8-win32-x86_64\bin;C:\WINDOWS\SYSTEM32;C:\WINDOWS\WinSxS\amd64_microsoft.windows.common-controls_6595b64144ccf1df_6.0.19041.3636_none_60b6a03d71f818d5;c:\Users\USER\.vscode\extensions\redhat.java-1.44.0-win32-x64\jre\21.0.8-win32-x86_64\bin\server;C:\Users\USER\AppData\Roaming\Code\User\globalStorage\redhat.java\1.44.0\config_win\org.eclipse.equinox.launcher\org.eclipse.equinox.launcher.win32.win32.x86_64_1.2.1400.v20250730-1736;C:\Users\USER\AppData\Local\Temp\jna-2614219;C:\Users\USER\.gradle\native\1def1411415f61bf3af743bc5b6707747c0891f09f0c88961ee8f79bc544acac\windows-amd64

VM Arguments:
jvm_args: --add-modules=ALL-SYSTEM --add-opens=java.base/java.util=ALL-UNNAMED --add-opens=java.base/java.lang=ALL-UNNAMED --add-opens=java.base/sun.nio.fs=ALL-UNNAMED -Declipse.application=org.eclipse.jdt.ls.core.id1 -Dosgi.bundles.defaultStartLevel=4 -Declipse.product=org.eclipse.jdt.ls.core.product -Djava.import.generatesMetadataFilesAtProjectRoot=false -DDetectVMInstallationsJob.disabled=true -Dfile.encoding=utf8 -XX:+UseParallelGC -XX:GCTimeRatio=4 -XX:AdaptiveSizePolicyWeight=90 -Dsun.zip.disableMemoryMapping=true -Xmx2G -Xms100m -Xlog:disable -javaagent:c:\Users\USER\.vscode\extensions\redhat.java-1.44.0-win32-x64\lombok\lombok-1.18.39-4050.jar -XX:+HeapDumpOnOutOfMemoryError -XX:HeapDumpPath=c:\Users\USER\AppData\Roaming\Code\User\workspaceStorage\86792585dbc43faf0f2f2baa02294349\redhat.java -Daether.dependencyCollector.impl=bf 
java_command: c:\Users\USER\.vscode\extensions\redhat.java-1.44.0-win32-x64\server\plugins\org.eclipse.equinox.launcher_1.7.0.v20250519-0528.jar -configuration c:\Users\USER\AppData\Roaming\Code\User\globalStorage\redhat.java\1.44.0\config_win -data c:\Users\USER\AppData\Roaming\Code\User\workspaceStorage\86792585dbc43faf0f2f2baa02294349\redhat.java\jdt_ws --pipe=\\.\pipe\lsp-391411026a6c48757faaa63c7ac86c05-sock
java_class_path (initial): c:\Users\USER\.vscode\extensions\redhat.java-1.44.0-win32-x64\server\plugins\org.eclipse.equinox.launcher_1.7.0.v20250519-0528.jar
Launcher Type: SUN_STANDARD

[Global flags]
    uintx AdaptiveSizePolicyWeight                 = 90                                        {product} {command line}
     intx CICompilerCount                          = 4                                         {product} {ergonomic}
    uintx GCTimeRatio                              = 4                                         {product} {command line}
     bool HeapDumpOnOutOfMemoryError               = true                                   {manageable} {command line}
    ccstr HeapDumpPath                             = c:\Users\USER\AppData\Roaming\Code\User\workspaceStorage\86792585dbc43faf0f2f2baa02294349\redhat.java         {manageable} {command line}
   size_t InitialHeapSize                          = 104857600                                 {product} {command line}
   size_t MaxHeapSize                              = 2147483648                                {product} {command line}
   size_t MaxNewSize                               = 715653120                                 {product} {ergonomic}
   size_t MinHeapDeltaBytes                        = 524288                                    {product} {ergonomic}
   size_t MinHeapSize                              = 104857600                                 {product} {command line}
   size_t NewSize                                  = 34603008                                  {product} {ergonomic}
    uintx NonNMethodCodeHeapSize                   = 5839372                                {pd product} {ergonomic}
    uintx NonProfiledCodeHeapSize                  = 122909434                              {pd product} {ergonomic}
   size_t OldSize                                  = 70254592                                  {product} {ergonomic}
    uintx ProfiledCodeHeapSize                     = 122909434                              {pd product} {ergonomic}
    uintx ReservedCodeCacheSize                    = 251658240                              {pd product} {ergonomic}
     bool SegmentedCodeCache                       = true                                      {product} {ergonomic}
   size_t SoftMaxHeapSize                          = 2147483648                             {manageable} {ergonomic}
     bool UseCompressedOops                        = true                           {product lp64_product} {ergonomic}
     bool UseLargePagesIndividualAllocation        = false                                  {pd product} {ergonomic}
     bool UseParallelGC                            = true                                      {product} {command line}

Logging:
Log output configuration:
 #0: stdout all=off uptime,level,tags foldmultilines=false
 #1: stderr all=off uptime,level,tags foldmultilines=false

Environment Variables:
PATH=C:\Program Files\Common Files\Oracle\Java\javapath;C:\WINDOWS\system32;C:\WINDOWS;C:\WINDOWS\System32\Wbem;C:\WINDOWS\System32\WindowsPowerShell\v1.0\;C:\WINDOWS\System32\OpenSSH\;C:\Program Files\Git\cmd;C:\Program Files\Git LFS;C:\Program Files\CMake\bin;C:\Program Files\Go\bin;C:\xampp\php;C:\Program Files\nodejs\;C:\ProgramData\chocolatey\bin;C:\Dev\flutter\bin;C:\Users\USER\AppData\Local\Android\Sdk\platform-tools;C:\Users\USER\AppData\Local\Programs\Python\Python312\Scripts\;C:\Users\USER\AppData\Local\Programs\Python\Python312\;C:\Users\USER\.console-ninja\.bin;C:\Users\USER\anaconda3;C:\Users\USER\anaconda3\Library\mingw-w64\bin;C:\Users\USER\anaconda3\Library\usr\bin;C:\Users\USER\anaconda3\Library\bin;C:\Users\USER\anaconda3\Scripts;C:\Users\USER\.cargo\bin;C:\Users\USER\AppData\Local\Microsoft\WindowsApps;D:\Users\fredr\AppData\Local\GitHubDesktop\bin;C:\Users\USER\AppData\Local\Programs\Microsoft VS Code\bin;C:\Program Files\JetBrains\PyCharm 2024.1.4\bin;C:\Program Files\JetBrains\PyCharm Community Edition 2024.2.3\bin;;C:\Users\USER\go\bin;C:\Users\USER\AppData\Roaming\npm;C:\Users\USER\AppData\Local\Microsoft\WindowsApps;C:\Dev\flutter\bin;
USERNAME=USER
OS=Windows_NT
PROCESSOR_IDENTIFIER=AMD64 Family 23 Model 24 Stepping 1, AuthenticAMD
TMP=C:\Users\USER\AppData\Local\Temp
TEMP=C:\Users\USER\AppData\Local\Temp




Periodic native trim disabled

---------------  S Y S T E M  ---------------

OS:
 Windows 10 , 64 bit Build 19041 (10.0.19041.3636)
OS uptime: 3 days 2:41 hours
Hyper-V role detected

CPU: total 8 (initial active 8) (8 cores per cpu, 2 threads per core) family 23 model 24 stepping 1 microcode 0x0, cx8, cmov, fxsr, ht, mmx, 3dnowpref, sse, sse2, sse3, ssse3, sse4a, sse4.1, sse4.2, popcnt, lzcnt, tsc, tscinvbit, avx, avx2, aes, clmul, bmi1, bmi2, adx, sha, fma, vzeroupper, clflush, clflushopt, hv, rdtscp, f16c
Processor Information for the first 8 processors :
  Max Mhz: 2100, Current Mhz: 2100, Mhz Limit: 2100

Memory: 4k page, system-wide physical 6082M (299M free)
TotalPageFile size 16322M (AvailPageFile size 156M)
current process WorkingSet (physical memory assigned to process): 739M, peak: 739M
current process commit charge ("private bytes"): 676M, peak: 1635M

vm_info: OpenJDK 64-Bit Server VM (21.0.8+9-LTS) for windows-amd64 JRE (21.0.8+9-LTS), built on 2025-07-15T00:00:00Z by "admin" with MS VC++ 17.7 (VS2022)

END.
