#
# There is insufficient memory for the Java Runtime Environment to continue.
# Native memory allocation (mmap) failed to map 65536 bytes. Error detail: Failed to commit metaspace.
# Possible reasons:
#   The system is out of physical RAM or swap space
#   This process is running with CompressedOops enabled, and the Java Heap may be blocking the growth of the native heap
# Possible solutions:
#   Reduce memory load on the system
#   Increase physical memory or swap space
#   Check if swap backing store is full
#   Decrease Java heap size (-Xmx/-Xms)
#   Decrease number of Java threads
#   Decrease Java thread stack sizes (-Xss)
#   Set larger code cache with -XX:ReservedCodeCacheSize=
#   JVM is running with Unscaled Compressed Oops mode in which the Java heap is
#     placed in the first 4GB address space. The Java Heap base address is the
#     maximum limit for the native heap growth. Please use -XX:HeapBaseMinAddress
#     to set the Java Heap base and to place the Java Heap above 4GB virtual address.
# This output file may be truncated or incomplete.
#
#  Out of Memory Error (virtualSpaceNode.cpp:113), pid=5192, tid=16492
#
# JRE version: OpenJDK Runtime Environment Temurin-21.0.8+9 (21.0.8+9) (build 21.0.8+9-LTS)
# Java VM: OpenJDK 64-Bit Server VM Temurin-21.0.8+9 (21.0.8+9-LTS, mixed mode, sharing, tiered, compressed oops, compressed class ptrs, parallel gc, windows-amd64)
# No core dump will be written. Minidumps are not enabled by default on client versions of Windows
#

---------------  S U M M A R Y ------------

Command Line: --add-modules=ALL-SYSTEM --add-opens=java.base/java.util=ALL-UNNAMED --add-opens=java.base/java.lang=ALL-UNNAMED --add-opens=java.base/sun.nio.fs=ALL-UNNAMED -Declipse.application=org.eclipse.jdt.ls.core.id1 -Dosgi.bundles.defaultStartLevel=4 -Declipse.product=org.eclipse.jdt.ls.core.product -Djava.import.generatesMetadataFilesAtProjectRoot=false -DDetectVMInstallationsJob.disabled=true -Dfile.encoding=utf8 -XX:+UseParallelGC -XX:GCTimeRatio=4 -XX:AdaptiveSizePolicyWeight=90 -Dsun.zip.disableMemoryMapping=true -Xmx2G -Xms100m -Xlog:disable -javaagent:c:\Users\USER\.vscode\extensions\redhat.java-1.44.0-win32-x64\lombok\lombok-1.18.39-4050.jar c:\Users\USER\.vscode\extensions\redhat.java-1.44.0-win32-x64\server\plugins\org.eclipse.equinox.launcher_1.7.0.v20250519-0528.jar -configuration c:\Users\USER\AppData\Roaming\Code\User\globalStorage\redhat.java\1.44.0\config_ss_win -data c:\Users\USER\AppData\Roaming\Code\User\workspaceStorage\86792585dbc43faf0f2f2baa02294349\redhat.java\ss_ws --pipe=\\.\pipe\lsp-0f394ca4cdc99be1118345cfc570352a-sock

Host: AMD Ryzen 5 3500U with Radeon Vega Mobile Gfx  , 8 cores, 5G,  Windows 10 , 64 bit Build 19041 (10.0.19041.3636)
Time: Sun Aug 17 19:26:17 2025 Hora est. Pacífico, Sudamérica elapsed time: 3.065336 seconds (0d 0h 0m 3s)

---------------  T H R E A D  ---------------

Current thread (0x0000018161011a30):  JavaThread "Start Level: Equinox Container: 1b462dbf-7cef-4f8f-a170-2d9c6f8fb27f" daemon [_thread_in_vm, id=16492, stack(0x0000003668e00000,0x0000003668f00000) (1024K)]

Stack: [0x0000003668e00000,0x0000003668f00000]
Native frames: (J=compiled Java code, j=interpreted, Vv=VM code, C=native code)
V  [jvm.dll+0x6d2449]
V  [jvm.dll+0x8ae341]
V  [jvm.dll+0x8b08be]
V  [jvm.dll+0x8b0fa3]
V  [jvm.dll+0x280c96]
V  [jvm.dll+0x8aa07e]
V  [jvm.dll+0x6745b5]
V  [jvm.dll+0x67461a]
V  [jvm.dll+0x676e02]
V  [jvm.dll+0x676cd2]
V  [jvm.dll+0x674f8e]
V  [jvm.dll+0x3c155f]
V  [jvm.dll+0x20eaab]
V  [jvm.dll+0x5b1a06]
V  [jvm.dll+0x21e5ba]
V  [jvm.dll+0x826c6c]
V  [jvm.dll+0x827c94]
V  [jvm.dll+0x828480]
V  [jvm.dll+0x214f5b]
V  [jvm.dll+0x217852]
V  [jvm.dll+0x20cece]
V  [jvm.dll+0x5b19dc]
V  [jvm.dll+0x21e5ba]
V  [jvm.dll+0x826c6c]
V  [jvm.dll+0x827c94]
V  [jvm.dll+0x828480]
V  [jvm.dll+0x214f5b]
V  [jvm.dll+0x217852]
V  [jvm.dll+0x20cece]
V  [jvm.dll+0x5b19dc]
V  [jvm.dll+0x21e5ba]
V  [jvm.dll+0x826c6c]
V  [jvm.dll+0x827c94]
V  [jvm.dll+0x828262]
V  [jvm.dll+0x827ee8]
V  [jvm.dll+0x26e30b]
V  [jvm.dll+0x3d725e]
C  0x000001814e7b925f

The last pc belongs to new (printed below).
Java frames: (J=compiled Java code, j=interpreted, Vv=VM code)
j  com.sun.org.apache.xerces.internal.impl.XMLDocumentScannerImpl.<init>()V+110 java.xml@21.0.8
j  com.sun.org.apache.xerces.internal.impl.XMLNSDocumentScannerImpl.<init>()V+1 java.xml@21.0.8
j  com.sun.org.apache.xerces.internal.parsers.XML11Configuration.<init>(Lcom/sun/org/apache/xerces/internal/util/SymbolTable;Lcom/sun/org/apache/xerces/internal/xni/grammars/XMLGrammarPool;Lcom/sun/org/apache/xerces/internal/xni/parser/XMLComponentManager;)V+997 java.xml@21.0.8
j  com.sun.org.apache.xerces.internal.parsers.XIncludeAwareParserConfiguration.<init>(Lcom/sun/org/apache/xerces/internal/util/SymbolTable;Lcom/sun/org/apache/xerces/internal/xni/grammars/XMLGrammarPool;Lcom/sun/org/apache/xerces/internal/xni/parser/XMLComponentManager;)V+4 java.xml@21.0.8
j  com.sun.org.apache.xerces.internal.parsers.XIncludeAwareParserConfiguration.<init>()V+4 java.xml@21.0.8
j  com.sun.org.apache.xerces.internal.parsers.SAXParser.<init>(Lcom/sun/org/apache/xerces/internal/util/SymbolTable;Lcom/sun/org/apache/xerces/internal/xni/grammars/XMLGrammarPool;)V+5 java.xml@21.0.8
j  com.sun.org.apache.xerces.internal.parsers.SAXParser.<init>()V+3 java.xml@21.0.8
j  com.sun.org.apache.xerces.internal.jaxp.SAXParserImpl$JAXPSAXParser.<init>(Lcom/sun/org/apache/xerces/internal/jaxp/SAXParserImpl;Lcom/sun/org/apache/xerces/internal/utils/XMLSecurityPropertyManager;Lcom/sun/org/apache/xerces/internal/utils/XMLSecurityManager;)V+1 java.xml@21.0.8
j  com.sun.org.apache.xerces.internal.jaxp.SAXParserImpl.<init>(Lcom/sun/org/apache/xerces/internal/jaxp/SAXParserFactoryImpl;Ljava/util/Map;Z)V+46 java.xml@21.0.8
j  com.sun.org.apache.xerces.internal.jaxp.SAXParserFactoryImpl.newSAXParser()Ljavax/xml/parsers/SAXParser;+13 java.xml@21.0.8
j  org.apache.felix.scr.impl.BundleComponentActivator.loadDescriptor(Ljava/net/URL;)V+64
j  org.apache.felix.scr.impl.BundleComponentActivator.initialize(Ljava/util/List;)V+221
j  org.apache.felix.scr.impl.BundleComponentActivator.<init>(Lorg/apache/felix/scr/impl/logger/ScrLogger;Lorg/apache/felix/scr/impl/ComponentRegistry;Lorg/apache/felix/scr/impl/ComponentActorThread;Lorg/osgi/framework/BundleContext;Lorg/apache/felix/scr/impl/manager/ScrConfiguration;Ljava/util/List;Lorg/osgi/framework/ServiceReference;)V+124
j  org.apache.felix.scr.impl.Activator.loadComponents(Lorg/osgi/framework/Bundle;)V+385
j  org.apache.felix.scr.impl.Activator.access$200(Lorg/apache/felix/scr/impl/Activator;Lorg/osgi/framework/Bundle;)V+2
j  org.apache.felix.scr.impl.Activator$ScrExtension.start()V+72
j  org.apache.felix.scr.impl.AbstractExtender.createExtension(Lorg/osgi/framework/Bundle;)V+71
j  org.apache.felix.scr.impl.AbstractExtender.modifiedBundle(Lorg/osgi/framework/Bundle;Lorg/osgi/framework/BundleEvent;Lorg/osgi/framework/Bundle;)V+115
j  org.apache.felix.scr.impl.AbstractExtender.addingBundle(Lorg/osgi/framework/Bundle;Lorg/osgi/framework/BundleEvent;)Lorg/osgi/framework/Bundle;+4
j  org.apache.felix.scr.impl.AbstractExtender.addingBundle(Lorg/osgi/framework/Bundle;Lorg/osgi/framework/BundleEvent;)Ljava/lang/Object;+3
j  org.osgi.util.tracker.BundleTracker$Tracked.customizerAdding(Lorg/osgi/framework/Bundle;Lorg/osgi/framework/BundleEvent;)Ljava/lang/Object;+9
j  org.osgi.util.tracker.BundleTracker$Tracked.customizerAdding(Ljava/lang/Object;Ljava/lang/Object;)Ljava/lang/Object;+9
j  org.osgi.util.tracker.AbstractTracked.trackAdding(Ljava/lang/Object;Ljava/lang/Object;)V+8
j  org.osgi.util.tracker.AbstractTracked.track(Ljava/lang/Object;Ljava/lang/Object;)V+83
j  org.osgi.util.tracker.BundleTracker$Tracked.bundleChanged(Lorg/osgi/framework/BundleEvent;)V+35
j  org.eclipse.osgi.internal.framework.BundleContextImpl.dispatchEvent(Ljava/lang/Object;Ljava/lang/Object;ILjava/lang/Object;)V+166
j  org.eclipse.osgi.framework.eventmgr.EventManager.dispatchEvent(Ljava/util/Set;Lorg/eclipse/osgi/framework/eventmgr/EventDispatcher;ILjava/lang/Object;)V+48
j  org.eclipse.osgi.framework.eventmgr.ListenerQueue.dispatchEventSynchronous(ILjava/lang/Object;)V+67
j  org.eclipse.osgi.internal.framework.EquinoxEventPublisher.publishBundleEventPrivileged(Lorg/osgi/framework/BundleEvent;)V+547
j  org.eclipse.osgi.internal.framework.EquinoxEventPublisher.publishBundleEvent(Lorg/osgi/framework/BundleEvent;)V+8
j  org.eclipse.osgi.internal.framework.EquinoxEventPublisher.publishBundleEvent(ILorg/osgi/framework/Bundle;Lorg/osgi/framework/Bundle;)V+15
j  org.eclipse.osgi.internal.framework.EquinoxContainerAdaptor.publishModuleEvent(Lorg/eclipse/osgi/container/ModuleContainerAdaptor$ModuleEvent;Lorg/eclipse/osgi/container/Module;Lorg/eclipse/osgi/container/Module;)V+29
j  org.eclipse.osgi.container.Module.publishEvent(Lorg/eclipse/osgi/container/ModuleContainerAdaptor$ModuleEvent;)V+13
j  org.eclipse.osgi.container.Module.start([Lorg/eclipse/osgi/container/Module$StartOptions;)V+588
j  org.eclipse.osgi.container.ModuleContainer$ContainerStartLevel$2.run()V+83
j  org.eclipse.osgi.internal.framework.EquinoxContainerAdaptor$1$1.execute(Ljava/lang/Runnable;)V+1
j  org.eclipse.osgi.container.ModuleContainer$ContainerStartLevel.incStartLevel(ILjava/util/List;Z)V+193
j  org.eclipse.osgi.container.ModuleContainer$ContainerStartLevel.incStartLevel(ILjava/util/List;Ljava/util/List;Ljava/util/List;Ljava/util/List;)V+4
j  org.eclipse.osgi.container.ModuleContainer$ContainerStartLevel.doContainerStartLevel(Lorg/eclipse/osgi/container/Module;I[Lorg/osgi/framework/FrameworkListener;)V+358
j  org.eclipse.osgi.container.ModuleContainer$ContainerStartLevel.dispatchEvent(Lorg/eclipse/osgi/container/Module;[Lorg/osgi/framework/FrameworkListener;ILjava/lang/Integer;)V+32
j  org.eclipse.osgi.container.ModuleContainer$ContainerStartLevel.dispatchEvent(Ljava/lang/Object;Ljava/lang/Object;ILjava/lang/Object;)V+15
j  org.eclipse.osgi.framework.eventmgr.EventManager.dispatchEvent(Ljava/util/Set;Lorg/eclipse/osgi/framework/eventmgr/EventDispatcher;ILjava/lang/Object;)V+48
j  org.eclipse.osgi.framework.eventmgr.EventManager$EventThread.run()V+26
v  ~StubRoutines::call_stub 0x000001814e7a100d
new  187 new  [0x000001814e7b90e0, 0x000001814e7b92e8]  520 bytes
[MachCode]
  0x000001814e7b90e0: 4883 ec08 | c5fa 1104 | 24eb 1f48 | 83ec 10c5 | fb11 0424 | eb14 4883 | ec10 4889 | 0424 48c7 
  0x000001814e7b9100: 4424 0800 | 0000 00eb | 0150 410f | b755 010f | cac1 ea10 | 488b 4de8 | 488b 4908 | 488b 4908 
  0x000001814e7b9120: 488b 4108 | 807c 1004 | 070f 85d3 | 0000 0066 | 8b54 d148 | 488b 4928 | 488b 4cd1 | 0851 80b9 
  0x000001814e7b9140: 3101 0000 | 040f 85b6 | 0000 008b | 5108 f6c2 | 010f 85aa | 0000 0049 | 8b87 b801 | 0000 488d 
  0x000001814e7b9160: 1c10 493b | 9fc8 0100 | 000f 8792 | 0000 0049 | 899f b801 | 0000 4883 | ea10 0f84 | 0f00 0000 
  0x000001814e7b9180: 33c9 c1ea | 0348 894c | d008 48ff | ca75 f648 | c700 0100 | 0000 5933 | f689 700c | 49ba 0000 
  0x000001814e7b91a0: 0000 8101 | 0000 492b | ca89 4808 | 49ba 57cc | a18d fb7f | 0000 4180 | 3a00 0f84 | 3c00 0000 
  0x000001814e7b91c0: 5048 8bc8 | 4883 ec20 | 40f6 c40f | 0f84 1900 | 0000 4883 | ec08 48b8 | d08d 4b8d | fb7f 0000 
  0x000001814e7b91e0: ffd0 4883 | c408 e90c | 0000 0048 | b8d0 8d4b | 8dfb 7f00 | 00ff d048 | 83c4 2058 | e9cb 0000 
  0x000001814e7b9200: 0059 488b | 55e8 488b | 5208 488b | 5208 450f | b745 0141 | 0fc8 41c1 | e810 e805 | 0000 00e9 
  0x000001814e7b9220: a800 0000 | 488d 4424 | 084c 896d | c049 8bcf | c5f8 7749 | 89af a803 | 0000 4989 | 8798 0300 
  0x000001814e7b9240: 0048 83ec | 2040 f6c4 | 0f0f 8419 | 0000 0048 | 83ec 0848 | b810 7215 | 8dfb 7f00 | 00ff d048 
  0x000001814e7b9260: 83c4 08e9 | 0c00 0000 | 48b8 1072 | 158d fb7f | 0000 ffd0 | 4883 c420 | 49c7 8798 | 0300 0000 
  0x000001814e7b9280: 0000 0049 | c787 a803 | 0000 0000 | 0000 49c7 | 87a0 0300 | 0000 0000 | 00c5 f877 | 4983 7f08 
  0x000001814e7b92a0: 000f 8405 | 0000 00e9 | 547c feff | 498b 87f0 | 0300 0049 | c787 f003 | 0000 0000 | 0000 4c8b 
  0x000001814e7b92c0: 6dc0 4c8b | 75c8 4e8d | 74f5 00c3 | 410f b65d | 0349 83c5 | 0349 ba30 | 94a4 8dfb | 7f00 0041 
  0x000001814e7b92e0: ff24 da0f | 1f44 0000 
[/MachCode]

---------------  P R O C E S S  ---------------

Threads class SMR info:
_java_thread_list=0x00000181610794a0, length=15, elements={
0x0000018141d33540, 0x000001815aac7270, 0x000001815aac92e0, 0x000001815aacbc20,
0x000001815aaccb30, 0x000001815aacf850, 0x000001815aad1a50, 0x000001815aad5f70,
0x000001815ab02020, 0x000001815c44ed70, 0x000001815c6977b0, 0x00000181611d5b40,
0x00000181610113d0, 0x0000018161011a30, 0x00000181610454e0
}

Java Threads: ( => current thread )
  0x0000018141d33540 JavaThread "main"                              [_thread_blocked, id=16596, stack(0x0000003667700000,0x0000003667800000) (1024K)]
  0x000001815aac7270 JavaThread "Reference Handler"          daemon [_thread_blocked, id=19756, stack(0x0000003667b00000,0x0000003667c00000) (1024K)]
  0x000001815aac92e0 JavaThread "Finalizer"                  daemon [_thread_blocked, id=13912, stack(0x0000003667c00000,0x0000003667d00000) (1024K)]
  0x000001815aacbc20 JavaThread "Signal Dispatcher"          daemon [_thread_blocked, id=14436, stack(0x0000003667d00000,0x0000003667e00000) (1024K)]
  0x000001815aaccb30 JavaThread "Attach Listener"            daemon [_thread_blocked, id=22240, stack(0x0000003667e00000,0x0000003667f00000) (1024K)]
  0x000001815aacf850 JavaThread "Service Thread"             daemon [_thread_blocked, id=19572, stack(0x0000003667f00000,0x0000003668000000) (1024K)]
  0x000001815aad1a50 JavaThread "Monitor Deflation Thread"   daemon [_thread_blocked, id=404, stack(0x0000003668000000,0x0000003668100000) (1024K)]
  0x000001815aad5f70 JavaThread "C2 CompilerThread0"         daemon [_thread_blocked, id=22904, stack(0x0000003668100000,0x0000003668200000) (1024K)]
  0x000001815ab02020 JavaThread "C1 CompilerThread0"         daemon [_thread_blocked, id=9396, stack(0x0000003668200000,0x0000003668300000) (1024K)]
  0x000001815c44ed70 JavaThread "Common-Cleaner"             daemon [_thread_blocked, id=1904, stack(0x0000003668300000,0x0000003668400000) (1024K)]
  0x000001815c6977b0 JavaThread "Notification Thread"        daemon [_thread_blocked, id=3820, stack(0x0000003668500000,0x0000003668600000) (1024K)]
  0x00000181611d5b40 JavaThread "Active Thread: Equinox Container: 1b462dbf-7cef-4f8f-a170-2d9c6f8fb27f"        [_thread_blocked, id=1344, stack(0x0000003668600000,0x0000003668700000) (1024K)]
  0x00000181610113d0 JavaThread "Framework Event Dispatcher: Equinox Container: 1b462dbf-7cef-4f8f-a170-2d9c6f8fb27f" daemon [_thread_blocked, id=1968, stack(0x0000003668d00000,0x0000003668e00000) (1024K)]
=>0x0000018161011a30 JavaThread "Start Level: Equinox Container: 1b462dbf-7cef-4f8f-a170-2d9c6f8fb27f" daemon [_thread_in_vm, id=16492, stack(0x0000003668e00000,0x0000003668f00000) (1024K)]
  0x00000181610454e0 JavaThread "SCR Component Actor"        daemon [_thread_blocked, id=6600, stack(0x0000003669000000,0x0000003669100000) (1024K)]
Total: 15

Other Threads:
  0x000001815aaab6e0 VMThread "VM Thread"                           [id=15968, stack(0x0000003667a00000,0x0000003667b00000) (1024K)]
  0x000001815a9a1b00 WatcherThread "VM Periodic Task Thread"        [id=13892, stack(0x0000003667900000,0x0000003667a00000) (1024K)]
  0x0000018144088ed0 WorkerThread "GC Thread#0"                     [id=12700, stack(0x0000003667800000,0x0000003667900000) (1024K)]
  0x000001815cdfd3b0 WorkerThread "GC Thread#1"                     [id=16268, stack(0x0000003668700000,0x0000003668800000) (1024K)]
  0x000001815cdfd750 WorkerThread "GC Thread#2"                     [id=10648, stack(0x0000003668800000,0x0000003668900000) (1024K)]
  0x000001815cdc47c0 WorkerThread "GC Thread#3"                     [id=13368, stack(0x0000003668900000,0x0000003668a00000) (1024K)]
  0x000001815cdc4b60 WorkerThread "GC Thread#4"                     [id=20368, stack(0x0000003668a00000,0x0000003668b00000) (1024K)]
  0x000001815cbf5b60 WorkerThread "GC Thread#5"                     [id=24440, stack(0x0000003668b00000,0x0000003668c00000) (1024K)]
  0x000001815cbf5f00 WorkerThread "GC Thread#6"                     [id=15952, stack(0x0000003668c00000,0x0000003668d00000) (1024K)]
  0x00000181613311c0 WorkerThread "GC Thread#7"                     [id=20572, stack(0x0000003668f00000,0x0000003669000000) (1024K)]
Total: 10

Threads with active compile tasks:
Total: 0

VM state: not at safepoint (normal execution)

VM Mutex/Monitor currently owned by a thread:  ([mutex/lock_event])
[0x00007ffb8da33458] Metaspace_lock - owner thread: 0x0000018161011a30

Heap address: 0x0000000080000000, size: 2048 MB, Compressed Oops mode: 32-bit

CDS archive(s) mapped at: [0x0000018100000000-0x0000018100ba0000-0x0000018100ba0000), size 12189696, SharedBaseAddress: 0x0000018100000000, ArchiveRelocationMode: 1.
Compressed class space mapped at: 0x0000018101000000-0x0000018141000000, reserved size: 1073741824
Narrow klass base: 0x0000018100000000, Narrow klass shift: 0, Narrow klass range: 0x100000000

GC Precious Log:
 CardTable entry size: 512
 CPUs: 8 total, 8 available
 Memory: 6082M
 Large Page Support: Disabled
 NUMA Support: Disabled
 Compressed Oops: Enabled (32-bit)
 Alignments: Space 512K, Generation 512K, Heap 2M
 Heap Min Capacity: 100M
 Heap Initial Capacity: 100M
 Heap Max Capacity: 2G
 Pre-touch: Disabled
 Parallel Workers: 8

Heap:
 PSYoungGen      total 29696K, used 9823K [0x00000000d5580000, 0x00000000d7680000, 0x0000000100000000)
  eden space 25600K, 22% used [0x00000000d5580000,0x00000000d5b18bd0,0x00000000d6e80000)
  from space 4096K, 99% used [0x00000000d7280000,0x00000000d767f398,0x00000000d7680000)
  to   space 4096K, 0% used [0x00000000d6e80000,0x00000000d6e80000,0x00000000d7280000)
 ParOldGen       total 68608K, used 908K [0x0000000080000000, 0x0000000084300000, 0x00000000d5580000)
  object space 68608K, 1% used [0x0000000080000000,0x00000000800e3030,0x0000000084300000)
 Metaspace       used 9277K, committed 9600K, reserved 1114112K
  class space    used 991K, committed 1152K, reserved 1048576K

Card table byte_map: [0x0000018143a40000,0x0000018143e50000] _byte_map_base: 0x0000018143640000

Marking Bits: (ParMarkBitMap*) 0x00007ffb8da3a340
 Begin Bits: [0x0000018156520000, 0x0000018158520000)
 End Bits:   [0x0000018158520000, 0x000001815a520000)

Polling page: 0x0000018141f60000

Metaspace:

Usage:
  Non-class:      8.09 MB used.
      Class:    991.68 KB used.
       Both:      9.06 MB used.

Virtual space:
  Non-class space:       64.00 MB reserved,       8.25 MB ( 13%) committed,  1 nodes.
      Class space:        1.00 GB reserved,       1.12 MB ( <1%) committed,  1 nodes.
             Both:        1.06 GB reserved,       9.38 MB ( <1%) committed. 

Chunk freelists:
   Non-Class:  7.00 MB
       Class:  14.80 MB
        Both:  21.80 MB

MaxMetaspaceSize: unlimited
CompressedClassSpaceSize: 1.00 GB
Initial GC threshold: 21.00 MB
Current GC threshold: 21.00 MB
CDS: on
 - commit_granule_bytes: 65536.
 - commit_granule_words: 8192.
 - virtual_space_node_default_size: 8388608.
 - enlarge_chunks_in_place: 1.
 - use_allocation_guard: 0.


Internal statistics:

num_allocs_failed_limit: 0.
num_arena_births: 240.
num_arena_deaths: 0.
num_vsnodes_births: 2.
num_vsnodes_deaths: 0.
num_space_committed: 150.
num_space_uncommitted: 0.
num_chunks_returned_to_freelist: 0.
num_chunks_taken_from_freelist: 482.
num_chunk_merges: 0.
num_chunk_splits: 304.
num_chunks_enlarged: 200.
num_inconsistent_stats: 0.

CodeHeap 'non-profiled nmethods': size=120000Kb used=795Kb max_used=795Kb free=119204Kb
 bounds [0x000001814ed40000, 0x000001814efb0000, 0x0000018156270000]
CodeHeap 'profiled nmethods': size=120000Kb used=3325Kb max_used=3325Kb free=116674Kb
 bounds [0x0000018147270000, 0x00000181475b0000, 0x000001814e7a0000]
CodeHeap 'non-nmethods': size=5760Kb used=1218Kb max_used=1243Kb free=4541Kb
 bounds [0x000001814e7a0000, 0x000001814ea10000, 0x000001814ed40000]
CodeCache: size=245760Kb, used=5338Kb, max_used=5363Kb, free=240419Kb
 total_blobs=2334, nmethods=1850, adapters=391, full_count=0
Compilation: enabled, stopped_count=0, restarted_count=0

Compilation events (20 events):
Event: 2.927 Thread 0x000001815ab02020 1843   !   3       org.eclipse.osgi.storage.BundleInfo$Generation::getRevision (17 bytes)
Event: 2.927 Thread 0x000001815ab02020 nmethod 1843 0x00000181475a9610 code [0x00000181475a97c0, 0x00000181475a99c0]
Event: 2.930 Thread 0x000001815ab02020 1844       3       org.eclipse.osgi.internal.serviceregistry.FilteredServiceListener::serviceChanged (296 bytes)
Event: 2.934 Thread 0x000001815ab02020 nmethod 1844 0x00000181475a9a90 code [0x00000181475aa1a0, 0x00000181475ad670]
Event: 2.934 Thread 0x000001815ab02020 1845       1       org.eclipse.osgi.internal.framework.EquinoxConfiguration::getHookRegistry (5 bytes)
Event: 2.935 Thread 0x000001815ab02020 nmethod 1845 0x000001814ee06090 code [0x000001814ee06220, 0x000001814ee062e8]
Event: 2.935 Thread 0x000001815ab02020 1846       1       org.eclipse.osgi.storage.bundlefile.BundleFile::getMruIndex (5 bytes)
Event: 2.935 Thread 0x000001815ab02020 nmethod 1846 0x000001814ee06390 code [0x000001814ee06520, 0x000001814ee065e8]
Event: 2.935 Thread 0x000001815ab02020 1847       1       org.eclipse.osgi.internal.hookregistry.ClassLoaderHook::processClass (2 bytes)
Event: 2.936 Thread 0x000001815ab02020 nmethod 1847 0x000001814ee06690 code [0x000001814ee06820, 0x000001814ee068f0]
Event: 2.936 Thread 0x000001815ab02020 1848       1       org.eclipse.osgi.internal.loader.classpath.ClasspathManager::getClassLoader (5 bytes)
Event: 2.936 Thread 0x000001815ab02020 nmethod 1848 0x000001814ee06990 code [0x000001814ee06b20, 0x000001814ee06be8]
Event: 2.944 Thread 0x000001815ab02020 1849       3       org.eclipse.osgi.internal.framework.EquinoxBundle::getSymbolicName (11 bytes)
Event: 2.944 Thread 0x000001815ab02020 nmethod 1849 0x00000181475aea10 code [0x00000181475aebc0, 0x00000181475aed88]
Event: 2.969 Thread 0x000001815ab02020 1850       3       java.lang.invoke.MethodHandleNatives::refKindHasReceiver (33 bytes)
Event: 2.970 Thread 0x000001815ab02020 nmethod 1850 0x00000181475aee90 code [0x00000181475af020, 0x00000181475af170]
Event: 2.970 Thread 0x000001815ab02020 1851       1       java.lang.invoke.MethodHandleNatives::isPullModeBSM (2 bytes)
Event: 2.970 Thread 0x000001815ab02020 nmethod 1851 0x000001814ee06c90 code [0x000001814ee06e20, 0x000001814ee06ec8]
Event: 2.971 Thread 0x000001815ab02020 1852       3       java.lang.invoke.ConstantCallSite::getTarget (20 bytes)
Event: 2.971 Thread 0x000001815ab02020 nmethod 1852 0x00000181475af210 code [0x00000181475af3c0, 0x00000181475af5d8]

GC Heap History (4 events):
Event: 1.330 GC heap before
{Heap before GC invocations=1 (full 0):
 PSYoungGen      total 29696K, used 25600K [0x00000000d5580000, 0x00000000d7680000, 0x0000000100000000)
  eden space 25600K, 100% used [0x00000000d5580000,0x00000000d6e80000,0x00000000d6e80000)
  from space 4096K, 0% used [0x00000000d7280000,0x00000000d7280000,0x00000000d7680000)
  to   space 4096K, 0% used [0x00000000d6e80000,0x00000000d6e80000,0x00000000d7280000)
 ParOldGen       total 68608K, used 0K [0x0000000080000000, 0x0000000084300000, 0x00000000d5580000)
  object space 68608K, 0% used [0x0000000080000000,0x0000000080000000,0x0000000084300000)
 Metaspace       used 4319K, committed 4608K, reserved 1114112K
  class space    used 470K, committed 576K, reserved 1048576K
}
Event: 1.343 GC heap after
{Heap after GC invocations=1 (full 0):
 PSYoungGen      total 29696K, used 3334K [0x00000000d5580000, 0x00000000d7680000, 0x0000000100000000)
  eden space 25600K, 0% used [0x00000000d5580000,0x00000000d5580000,0x00000000d6e80000)
  from space 4096K, 81% used [0x00000000d6e80000,0x00000000d71c1bb8,0x00000000d7280000)
  to   space 4096K, 0% used [0x00000000d7280000,0x00000000d7280000,0x00000000d7680000)
 ParOldGen       total 68608K, used 8K [0x0000000080000000, 0x0000000084300000, 0x00000000d5580000)
  object space 68608K, 0% used [0x0000000080000000,0x0000000080002000,0x0000000084300000)
 Metaspace       used 4319K, committed 4608K, reserved 1114112K
  class space    used 470K, committed 576K, reserved 1048576K
}
Event: 2.814 GC heap before
{Heap before GC invocations=2 (full 0):
 PSYoungGen      total 29696K, used 28934K [0x00000000d5580000, 0x00000000d7680000, 0x0000000100000000)
  eden space 25600K, 100% used [0x00000000d5580000,0x00000000d6e80000,0x00000000d6e80000)
  from space 4096K, 81% used [0x00000000d6e80000,0x00000000d71c1bb8,0x00000000d7280000)
  to   space 4096K, 0% used [0x00000000d7280000,0x00000000d7280000,0x00000000d7680000)
 ParOldGen       total 68608K, used 8K [0x0000000080000000, 0x0000000084300000, 0x00000000d5580000)
  object space 68608K, 0% used [0x0000000080000000,0x0000000080002000,0x0000000084300000)
 Metaspace       used 8153K, committed 8384K, reserved 1114112K
  class space    used 863K, committed 960K, reserved 1048576K
}
Event: 2.822 GC heap after
{Heap after GC invocations=2 (full 0):
 PSYoungGen      total 29696K, used 4092K [0x00000000d5580000, 0x00000000d7680000, 0x0000000100000000)
  eden space 25600K, 0% used [0x00000000d5580000,0x00000000d5580000,0x00000000d6e80000)
  from space 4096K, 99% used [0x00000000d7280000,0x00000000d767f398,0x00000000d7680000)
  to   space 4096K, 0% used [0x00000000d6e80000,0x00000000d6e80000,0x00000000d7280000)
 ParOldGen       total 68608K, used 908K [0x0000000080000000, 0x0000000084300000, 0x00000000d5580000)
  object space 68608K, 1% used [0x0000000080000000,0x00000000800e3030,0x0000000084300000)
 Metaspace       used 8153K, committed 8384K, reserved 1114112K
  class space    used 863K, committed 960K, reserved 1048576K
}

Dll operation events (9 events):
Event: 0.011 Loaded shared library c:\Users\USER\.vscode\extensions\redhat.java-1.44.0-win32-x64\jre\21.0.8-win32-x86_64\bin\java.dll
Event: 0.137 Loaded shared library c:\Users\USER\.vscode\extensions\redhat.java-1.44.0-win32-x64\jre\21.0.8-win32-x86_64\bin\zip.dll
Event: 0.174 Loaded shared library C:\Users\USER\.vscode\extensions\redhat.java-1.44.0-win32-x64\jre\21.0.8-win32-x86_64\bin\instrument.dll
Event: 0.182 Loaded shared library C:\Users\USER\.vscode\extensions\redhat.java-1.44.0-win32-x64\jre\21.0.8-win32-x86_64\bin\net.dll
Event: 0.184 Loaded shared library C:\Users\USER\.vscode\extensions\redhat.java-1.44.0-win32-x64\jre\21.0.8-win32-x86_64\bin\nio.dll
Event: 0.189 Loaded shared library C:\Users\USER\.vscode\extensions\redhat.java-1.44.0-win32-x64\jre\21.0.8-win32-x86_64\bin\zip.dll
Event: 0.216 Loaded shared library C:\Users\USER\.vscode\extensions\redhat.java-1.44.0-win32-x64\jre\21.0.8-win32-x86_64\bin\jimage.dll
Event: 0.340 Loaded shared library c:\Users\USER\.vscode\extensions\redhat.java-1.44.0-win32-x64\jre\21.0.8-win32-x86_64\bin\verify.dll
Event: 2.762 Loaded shared library C:\Users\USER\AppData\Roaming\Code\User\globalStorage\redhat.java\1.44.0\config_ss_win\org.eclipse.equinox.launcher\org.eclipse.equinox.launcher.win32.win32.x86_64_1.2.1400.v20250730-1736\eclipse_11913.dll

Deoptimization events (20 events):
Event: 2.134 Thread 0x0000018141d33540 DEOPT PACKING pc=0x000001814edbc7b4 sp=0x00000036677fe8b0
Event: 2.134 Thread 0x0000018141d33540 DEOPT UNPACKING pc=0x000001814e7f3aa2 sp=0x00000036677fe830 mode 2
Event: 2.335 Thread 0x0000018141d33540 Uncommon trap: trap_request=0xffffffde fr.pc=0x000001814eddd2fc relative=0x0000000000000a7c
Event: 2.335 Thread 0x0000018141d33540 Uncommon trap: reason=class_check action=maybe_recompile pc=0x000001814eddd2fc method=java.util.HashMap.putVal(ILjava/lang/Object;Ljava/lang/Object;ZZ)Ljava/lang/Object; @ 253 c2
Event: 2.335 Thread 0x0000018141d33540 DEOPT PACKING pc=0x000001814eddd2fc sp=0x00000036677fe1e0
Event: 2.335 Thread 0x0000018141d33540 DEOPT UNPACKING pc=0x000001814e7f3aa2 sp=0x00000036677fe108 mode 2
Event: 2.339 Thread 0x0000018141d33540 Uncommon trap: trap_request=0xffffffde fr.pc=0x000001814eddd2fc relative=0x0000000000000a7c
Event: 2.339 Thread 0x0000018141d33540 Uncommon trap: reason=class_check action=maybe_recompile pc=0x000001814eddd2fc method=java.util.HashMap.putVal(ILjava/lang/Object;Ljava/lang/Object;ZZ)Ljava/lang/Object; @ 253 c2
Event: 2.339 Thread 0x0000018141d33540 DEOPT PACKING pc=0x000001814eddd2fc sp=0x00000036677fe1e0
Event: 2.339 Thread 0x0000018141d33540 DEOPT UNPACKING pc=0x000001814e7f3aa2 sp=0x00000036677fe108 mode 2
Event: 2.340 Thread 0x0000018141d33540 Uncommon trap: trap_request=0xffffffde fr.pc=0x000001814eddbb2c relative=0x0000000000000a2c
Event: 2.340 Thread 0x0000018141d33540 Uncommon trap: reason=class_check action=maybe_recompile pc=0x000001814eddbb2c method=java.util.HashMap.putVal(ILjava/lang/Object;Ljava/lang/Object;ZZ)Ljava/lang/Object; @ 253 c2
Event: 2.340 Thread 0x0000018141d33540 DEOPT PACKING pc=0x000001814eddbb2c sp=0x00000036677fe040
Event: 2.340 Thread 0x0000018141d33540 DEOPT UNPACKING pc=0x000001814e7f3aa2 sp=0x00000036677fe000 mode 2
Event: 2.491 Thread 0x0000018141d33540 DEOPT PACKING pc=0x000001814737238b sp=0x00000036677fcaf0
Event: 2.494 Thread 0x0000018141d33540 DEOPT UNPACKING pc=0x000001814e7f4242 sp=0x00000036677fbf68 mode 0
Event: 2.774 Thread 0x0000018161011a30 Uncommon trap: trap_request=0xffffff6e fr.pc=0x000001814edb4f28 relative=0x0000000000000368
Event: 2.774 Thread 0x0000018161011a30 Uncommon trap: reason=loop_limit_check action=maybe_recompile pc=0x000001814edb4f28 method=java.lang.StringLatin1.indexOf([BI[BII)I @ 37 c2
Event: 2.774 Thread 0x0000018161011a30 DEOPT PACKING pc=0x000001814edb4f28 sp=0x0000003668efce90
Event: 2.774 Thread 0x0000018161011a30 DEOPT UNPACKING pc=0x000001814e7f3aa2 sp=0x0000003668efcdf0 mode 2

Classes loaded (20 events):
Event: 3.056 Loading class com/sun/org/apache/xerces/internal/util/XMLAttributesImpl
Event: 3.057 Loading class com/sun/org/apache/xerces/internal/xni/XMLAttributes
Event: 3.057 Loading class com/sun/org/apache/xerces/internal/xni/XMLAttributes done
Event: 3.057 Loading class com/sun/org/apache/xerces/internal/util/XMLAttributesImpl done
Event: 3.057 Loading class com/sun/org/apache/xerces/internal/util/XMLAttributesIteratorImpl done
Event: 3.057 Loading class com/sun/org/apache/xerces/internal/util/XMLAttributesImpl$Attribute
Event: 3.057 Loading class com/sun/org/apache/xerces/internal/util/XMLAttributesImpl$Attribute done
Event: 3.057 Loading class com/sun/org/apache/xerces/internal/util/NamespaceSupport
Event: 3.060 Loading class com/sun/org/apache/xerces/internal/xni/NamespaceContext
Event: 3.060 Loading class com/sun/org/apache/xerces/internal/xni/NamespaceContext done
Event: 3.060 Loading class com/sun/org/apache/xerces/internal/util/NamespaceSupport done
Event: 3.060 Loading class com/sun/org/apache/xerces/internal/impl/XMLDocumentScannerImpl$XMLDeclDriver
Event: 3.061 Loading class com/sun/org/apache/xerces/internal/impl/XMLDocumentScannerImpl$XMLDeclDriver done
Event: 3.061 Loading class com/sun/org/apache/xerces/internal/impl/XMLDocumentScannerImpl$PrologDriver
Event: 3.061 Loading class com/sun/org/apache/xerces/internal/impl/XMLDocumentScannerImpl$PrologDriver done
Event: 3.061 Loading class com/sun/org/apache/xerces/internal/impl/XMLDocumentScannerImpl$TrailingMiscDriver
Event: 3.061 Loading class com/sun/org/apache/xerces/internal/impl/XMLDocumentScannerImpl$TrailingMiscDriver done
Event: 3.061 Loading class com/sun/org/apache/xerces/internal/impl/dtd/XMLDTDDescription
Event: 3.062 Loading class com/sun/org/apache/xerces/internal/xni/grammars/XMLDTDDescription
Event: 3.062 Loading class com/sun/org/apache/xerces/internal/xni/grammars/XMLGrammarDescription

Classes unloaded (0 events):
No events

Classes redefined (0 events):
No events

Internal exceptions (20 events):
Event: 1.356 Thread 0x0000018141d33540 Exception <a 'java/lang/ClassNotFoundException'{0x00000000d5620de8}: sun/net/www/protocol/c/Handler> (0x00000000d5620de8) 
thrown [s\src\hotspot\share\classfile\systemDictionary.cpp, line 312]
Event: 1.356 Thread 0x0000018141d33540 Exception <a 'java/lang/ClassNotFoundException'{0x00000000d5622190}: sun/net/www/protocol/c/Handler> (0x00000000d5622190) 
thrown [s\src\hotspot\share\classfile\systemDictionary.cpp, line 312]
Event: 1.357 Thread 0x0000018141d33540 Exception <a 'java/lang/ClassNotFoundException'{0x00000000d5623380}: sun/net/www/protocol/c/Handler> (0x00000000d5623380) 
thrown [s\src\hotspot\share\classfile\systemDictionary.cpp, line 312]
Event: 1.381 Thread 0x0000018141d33540 Exception <a 'java/io/FileNotFoundException'{0x00000000d5647e10}> (0x00000000d5647e10) 
thrown [s\src\hotspot\share\prims\jni.cpp, line 520]
Event: 1.459 Thread 0x0000018141d33540 Implicit null exception at 0x000001814edb0949 to 0x000001814edb140c
Event: 1.459 Thread 0x0000018141d33540 Implicit null exception at 0x000001814eda131a to 0x000001814eda1524
Event: 1.460 Thread 0x0000018141d33540 Exception <a 'java/lang/NoSuchMethodError'{0x00000000d57b3b80}: 'void java.lang.invoke.DirectMethodHandle$Holder.invokeStatic(java.lang.Object, java.lang.Object, java.lang.Object, java.lang.Object)'> (0x00000000d57b3b80) 
thrown [s\src\hotspot\share\interpreter\linkResolver.cpp, line 773]
Event: 1.463 Thread 0x0000018141d33540 Implicit null exception at 0x000001814ed9e33c to 0x000001814ed9e5c8
Event: 1.463 Thread 0x0000018141d33540 Implicit null exception at 0x000001814ed9d0bd to 0x000001814ed9d141
Event: 1.613 Thread 0x0000018141d33540 Exception <a 'java/lang/NoSuchMethodError'{0x00000000d5a27f68}: 'void java.lang.invoke.DirectMethodHandle$Holder.invokeSpecial(java.lang.Object, java.lang.Object, java.lang.Object)'> (0x00000000d5a27f68) 
thrown [s\src\hotspot\share\interpreter\linkResolver.cpp, line 773]
Event: 2.066 Thread 0x0000018141d33540 Exception <a 'java/lang/NoSuchMethodError'{0x00000000d62d4ab8}: 'int java.lang.invoke.DirectMethodHandle$Holder.invokeVirtual(java.lang.Object, java.lang.Object)'> (0x00000000d62d4ab8) 
thrown [s\src\hotspot\share\interpreter\linkResolver.cpp, line 773]
Event: 2.165 Thread 0x0000018141d33540 Exception <a 'java/lang/NoSuchMethodError'{0x00000000d6446670}: 'int java.lang.invoke.DirectMethodHandle$Holder.invokeStaticInit(java.lang.Object, java.lang.Object, java.lang.Object, java.lang.Object)'> (0x00000000d6446670) 
thrown [s\src\hotspot\share\interpreter\linkResolver.cpp, line 773]
Event: 2.168 Thread 0x0000018141d33540 Exception <a 'java/lang/IncompatibleClassChangeError'{0x00000000d644eaf8}: Found class java.lang.Object, but interface was expected> (0x00000000d644eaf8) 
thrown [s\src\hotspot\share\interpreter\linkResolver.cpp, line 840]
Event: 2.171 Thread 0x0000018141d33540 Exception <a 'java/lang/NoSuchMethodError'{0x00000000d6455108}: 'void java.lang.invoke.DirectMethodHandle$Holder.invokeStaticInit(java.lang.Object, java.lang.Object)'> (0x00000000d6455108) 
thrown [s\src\hotspot\share\interpreter\linkResolver.cpp, line 773]
Event: 2.173 Thread 0x0000018141d33540 Exception <a 'java/lang/NoSuchMethodError'{0x00000000d64602e0}: 'int java.lang.invoke.DirectMethodHandle$Holder.invokeStaticInit(java.lang.Object, java.lang.Object)'> (0x00000000d64602e0) 
thrown [s\src\hotspot\share\interpreter\linkResolver.cpp, line 773]
Event: 2.296 Thread 0x0000018141d33540 Exception <a 'java/lang/NoSuchMethodError'{0x00000000d66a3720}: 'java.lang.Object java.lang.invoke.DirectMethodHandle$Holder.newInvokeSpecial(java.lang.Object, int, java.lang.Object)'> (0x00000000d66a3720) 
thrown [s\src\hotspot\share\interpreter\linkResolver.cpp, line 773]
Event: 2.417 Thread 0x0000018141d33540 Exception <a 'java/lang/ClassNotFoundException'{0x00000000d68ae770}: sun/net/www/protocol/plurl/Handler> (0x00000000d68ae770) 
thrown [s\src\hotspot\share\classfile\systemDictionary.cpp, line 312]
Event: 2.754 Thread 0x0000018141d33540 Exception <a 'java/lang/UnsatisfiedLinkError'{0x00000000d6d18d78}: 'void org.eclipse.equinox.launcher.JNIBridge._update_splash()'> (0x00000000d6d18d78) 
thrown [s\src\hotspot\share\prims\nativeLookup.cpp, line 415]
Event: 2.925 Thread 0x0000018161011a30 Exception <a 'java/lang/NullPointerException'{0x00000000d5892958}> (0x00000000d5892958) 
thrown [s\src\hotspot\share\interpreter\linkResolver.cpp, line 1372]
Event: 2.925 Thread 0x0000018161011a30 Exception <a 'java/lang/NullPointerException'{0x00000000d5892c38}> (0x00000000d5892c38) 
thrown [s\src\hotspot\share\interpreter\linkResolver.cpp, line 1372]

ZGC Phase Switch (0 events):
No events

VM Operations (20 events):
Event: 0.833 Executing VM operation: HandshakeAllThreads (Deoptimize)
Event: 0.833 Executing VM operation: HandshakeAllThreads (Deoptimize) done
Event: 1.232 Executing VM operation: ICBufferFull
Event: 1.232 Executing VM operation: ICBufferFull done
Event: 1.303 Executing VM operation: HandshakeAllThreads (Deoptimize)
Event: 1.303 Executing VM operation: HandshakeAllThreads (Deoptimize) done
Event: 1.330 Executing VM operation: ParallelGCFailedAllocation (Allocation Failure)
Event: 1.343 Executing VM operation: ParallelGCFailedAllocation (Allocation Failure) done
Event: 2.237 Executing VM operation: HandshakeAllThreads (Deoptimize)
Event: 2.237 Executing VM operation: HandshakeAllThreads (Deoptimize) done
Event: 2.258 Executing VM operation: HandshakeAllThreads (Deoptimize)
Event: 2.258 Executing VM operation: HandshakeAllThreads (Deoptimize) done
Event: 2.385 Executing VM operation: HandshakeAllThreads (Deoptimize)
Event: 2.385 Executing VM operation: HandshakeAllThreads (Deoptimize) done
Event: 2.385 Executing VM operation: Cleanup
Event: 2.385 Executing VM operation: Cleanup done
Event: 2.407 Executing VM operation: HandshakeAllThreads (Deoptimize)
Event: 2.407 Executing VM operation: HandshakeAllThreads (Deoptimize) done
Event: 2.814 Executing VM operation: ParallelGCFailedAllocation (Allocation Failure)
Event: 2.822 Executing VM operation: ParallelGCFailedAllocation (Allocation Failure) done

Memory protections (0 events):
No events

Nmethod flushes (0 events):
No events

Events (19 events):
Event: 0.031 Thread 0x0000018141d33540 Thread added: 0x0000018141d33540
Event: 0.062 Thread 0x0000018141d33540 Thread added: 0x000001815aac7270
Event: 0.062 Thread 0x0000018141d33540 Thread added: 0x000001815aac92e0
Event: 0.062 Thread 0x0000018141d33540 Thread added: 0x000001815aacbc20
Event: 0.062 Thread 0x0000018141d33540 Thread added: 0x000001815aaccb30
Event: 0.062 Thread 0x0000018141d33540 Thread added: 0x000001815aacf850
Event: 0.063 Thread 0x0000018141d33540 Thread added: 0x000001815aad1a50
Event: 0.063 Thread 0x0000018141d33540 Thread added: 0x000001815aad5f70
Event: 0.064 Thread 0x0000018141d33540 Thread added: 0x000001815ab02020
Event: 0.111 Thread 0x0000018141d33540 Thread added: 0x000001815c44ed70
Event: 0.325 Thread 0x000001815ab02020 Thread added: 0x000001815c5f5b60
Event: 0.516 Thread 0x0000018141d33540 Thread added: 0x000001815c6977b0
Event: 0.701 Thread 0x000001815aad5f70 Thread added: 0x000001815c738ca0
Event: 1.415 Thread 0x000001815c738ca0 Thread exited: 0x000001815c738ca0
Event: 2.204 Thread 0x0000018141d33540 Thread added: 0x00000181611d5b40
Event: 2.740 Thread 0x0000018141d33540 Thread added: 0x00000181610113d0
Event: 2.751 Thread 0x0000018141d33540 Thread added: 0x0000018161011a30
Event: 2.849 Thread 0x0000018161011a30 Thread added: 0x00000181610454e0
Event: 2.882 Thread 0x000001815c5f5b60 Thread exited: 0x000001815c5f5b60


Dynamic libraries:
0x00007ff662990000 - 0x00007ff66299e000 	c:\Users\USER\.vscode\extensions\redhat.java-1.44.0-win32-x64\jre\21.0.8-win32-x86_64\bin\java.exe
0x00007ffbdba30000 - 0x00007ffbdbc28000 	C:\WINDOWS\SYSTEM32\ntdll.dll
0x00007ffbdb4e0000 - 0x00007ffbdb59d000 	C:\WINDOWS\System32\KERNEL32.DLL
0x00007ffbd94a0000 - 0x00007ffbd9796000 	C:\WINDOWS\System32\KERNELBASE.dll
0x00007ffbd9270000 - 0x00007ffbd9370000 	C:\WINDOWS\System32\ucrtbase.dll
0x00007ffbc1fc0000 - 0x00007ffbc1fde000 	c:\Users\USER\.vscode\extensions\redhat.java-1.44.0-win32-x64\jre\21.0.8-win32-x86_64\bin\VCRUNTIME140.dll
0x00007ffbbc8d0000 - 0x00007ffbbc8e8000 	c:\Users\USER\.vscode\extensions\redhat.java-1.44.0-win32-x64\jre\21.0.8-win32-x86_64\bin\jli.dll
0x00007ffbd9aa0000 - 0x00007ffbd9c3e000 	C:\WINDOWS\System32\USER32.dll
0x00007ffbc8750000 - 0x00007ffbc89ea000 	C:\WINDOWS\WinSxS\amd64_microsoft.windows.common-controls_6595b64144ccf1df_6.0.19041.3636_none_60b6a03d71f818d5\COMCTL32.dll
0x00007ffbd9370000 - 0x00007ffbd9392000 	C:\WINDOWS\System32\win32u.dll
0x00007ffbdb620000 - 0x00007ffbdb6be000 	C:\WINDOWS\System32\msvcrt.dll
0x00007ffbdb040000 - 0x00007ffbdb06c000 	C:\WINDOWS\System32\GDI32.dll
0x00007ffbd97d0000 - 0x00007ffbd98ea000 	C:\WINDOWS\System32\gdi32full.dll
0x00007ffbd99f0000 - 0x00007ffbd9a8d000 	C:\WINDOWS\System32\msvcp_win.dll
0x00007ffbdaf10000 - 0x00007ffbdaf40000 	C:\WINDOWS\System32\IMM32.DLL
0x00007ffbc39f0000 - 0x00007ffbc39fc000 	c:\Users\USER\.vscode\extensions\redhat.java-1.44.0-win32-x64\jre\21.0.8-win32-x86_64\bin\vcruntime140_1.dll
0x00007ffbad470000 - 0x00007ffbad4fd000 	c:\Users\USER\.vscode\extensions\redhat.java-1.44.0-win32-x64\jre\21.0.8-win32-x86_64\bin\msvcp140.dll
0x00007ffb8cd80000 - 0x00007ffb8db17000 	c:\Users\USER\.vscode\extensions\redhat.java-1.44.0-win32-x64\jre\21.0.8-win32-x86_64\bin\server\jvm.dll
0x00007ffbdab40000 - 0x00007ffbdabef000 	C:\WINDOWS\System32\ADVAPI32.dll
0x00007ffbdb6c0000 - 0x00007ffbdb75c000 	C:\WINDOWS\System32\sechost.dll
0x00007ffbdade0000 - 0x00007ffbdaf06000 	C:\WINDOWS\System32\RPCRT4.dll
0x00007ffbdad70000 - 0x00007ffbdaddb000 	C:\WINDOWS\System32\WS2_32.dll
0x00007ffbd8f70000 - 0x00007ffbd8fbb000 	C:\WINDOWS\SYSTEM32\POWRPROF.dll
0x00007ffbd1ef0000 - 0x00007ffbd1f17000 	C:\WINDOWS\SYSTEM32\WINMM.dll
0x00007ffbd1ee0000 - 0x00007ffbd1eea000 	C:\WINDOWS\SYSTEM32\VERSION.dll
0x00007ffbd8f50000 - 0x00007ffbd8f62000 	C:\WINDOWS\SYSTEM32\UMPDC.dll
0x00007ffbd6f80000 - 0x00007ffbd6f92000 	C:\WINDOWS\SYSTEM32\kernel.appcore.dll
0x00007ffbc0750000 - 0x00007ffbc075a000 	c:\Users\USER\.vscode\extensions\redhat.java-1.44.0-win32-x64\jre\21.0.8-win32-x86_64\bin\jimage.dll
0x00007ffbc7bb0000 - 0x00007ffbc7d94000 	C:\WINDOWS\SYSTEM32\DBGHELP.DLL
0x00007ffbc70b0000 - 0x00007ffbc70e4000 	C:\WINDOWS\SYSTEM32\dbgcore.DLL
0x00007ffbd98f0000 - 0x00007ffbd9972000 	C:\WINDOWS\System32\bcryptPrimitives.dll
0x00007ffbcfb90000 - 0x00007ffbcfb9f000 	c:\Users\USER\.vscode\extensions\redhat.java-1.44.0-win32-x64\jre\21.0.8-win32-x86_64\bin\instrument.dll
0x00007ffbb4dc0000 - 0x00007ffbb4ddf000 	c:\Users\USER\.vscode\extensions\redhat.java-1.44.0-win32-x64\jre\21.0.8-win32-x86_64\bin\java.dll
0x00007ffbda340000 - 0x00007ffbdaa85000 	C:\WINDOWS\System32\SHELL32.dll
0x00007ffbd7180000 - 0x00007ffbd791b000 	C:\WINDOWS\SYSTEM32\windows.storage.dll
0x00007ffbd9c40000 - 0x00007ffbd9f94000 	C:\WINDOWS\System32\combase.dll
0x00007ffbd89a0000 - 0x00007ffbd89cd000 	C:\WINDOWS\SYSTEM32\Wldp.dll
0x00007ffbda290000 - 0x00007ffbda33d000 	C:\WINDOWS\System32\SHCORE.dll
0x00007ffbdabf0000 - 0x00007ffbdac45000 	C:\WINDOWS\System32\shlwapi.dll
0x00007ffbd9040000 - 0x00007ffbd9065000 	C:\WINDOWS\SYSTEM32\profapi.dll
0x00007ffbb4da0000 - 0x00007ffbb4db8000 	c:\Users\USER\.vscode\extensions\redhat.java-1.44.0-win32-x64\jre\21.0.8-win32-x86_64\bin\zip.dll
0x00007ffbc06c0000 - 0x00007ffbc06d0000 	C:\Users\USER\.vscode\extensions\redhat.java-1.44.0-win32-x64\jre\21.0.8-win32-x86_64\bin\net.dll
0x00007ffbcf600000 - 0x00007ffbcf70a000 	C:\WINDOWS\SYSTEM32\WINHTTP.dll
0x00007ffbd8780000 - 0x00007ffbd87ea000 	C:\WINDOWS\system32\mswsock.dll
0x00007ffbb4d50000 - 0x00007ffbb4d66000 	C:\Users\USER\.vscode\extensions\redhat.java-1.44.0-win32-x64\jre\21.0.8-win32-x86_64\bin\nio.dll
0x00007ffbcd080000 - 0x00007ffbcd090000 	c:\Users\USER\.vscode\extensions\redhat.java-1.44.0-win32-x64\jre\21.0.8-win32-x86_64\bin\verify.dll
0x00007ffbb4f40000 - 0x00007ffbb4f85000 	C:\Users\USER\AppData\Roaming\Code\User\globalStorage\redhat.java\1.44.0\config_ss_win\org.eclipse.equinox.launcher\org.eclipse.equinox.launcher.win32.win32.x86_64_1.2.1400.v20250730-1736\eclipse_11913.dll
0x00007ffbda160000 - 0x00007ffbda28b000 	C:\WINDOWS\System32\ole32.dll

JVMTI agents:
c:\Users\USER\.vscode\extensions\redhat.java-1.44.0-win32-x64\lombok\lombok-1.18.39-4050.jar path:c:\Users\USER\.vscode\extensions\redhat.java-1.44.0-win32-x64\jre\21.0.8-win32-x86_64\bin\instrument.dll, loaded, initialized, instrumentlib options:none

dbghelp: loaded successfully - version: 4.0.5 - missing functions: none
symbol engine: initialized successfully - sym options: 0x614 - pdb path: .;c:\Users\USER\.vscode\extensions\redhat.java-1.44.0-win32-x64\jre\21.0.8-win32-x86_64\bin;C:\WINDOWS\SYSTEM32;C:\WINDOWS\WinSxS\amd64_microsoft.windows.common-controls_6595b64144ccf1df_6.0.19041.3636_none_60b6a03d71f818d5;c:\Users\USER\.vscode\extensions\redhat.java-1.44.0-win32-x64\jre\21.0.8-win32-x86_64\bin\server;C:\Users\USER\AppData\Roaming\Code\User\globalStorage\redhat.java\1.44.0\config_ss_win\org.eclipse.equinox.launcher\org.eclipse.equinox.launcher.win32.win32.x86_64_1.2.1400.v20250730-1736

VM Arguments:
jvm_args: --add-modules=ALL-SYSTEM --add-opens=java.base/java.util=ALL-UNNAMED --add-opens=java.base/java.lang=ALL-UNNAMED --add-opens=java.base/sun.nio.fs=ALL-UNNAMED -Declipse.application=org.eclipse.jdt.ls.core.id1 -Dosgi.bundles.defaultStartLevel=4 -Declipse.product=org.eclipse.jdt.ls.core.product -Djava.import.generatesMetadataFilesAtProjectRoot=false -DDetectVMInstallationsJob.disabled=true -Dfile.encoding=utf8 -XX:+UseParallelGC -XX:GCTimeRatio=4 -XX:AdaptiveSizePolicyWeight=90 -Dsun.zip.disableMemoryMapping=true -Xmx2G -Xms100m -Xlog:disable -javaagent:c:\Users\USER\.vscode\extensions\redhat.java-1.44.0-win32-x64\lombok\lombok-1.18.39-4050.jar 
java_command: c:\Users\USER\.vscode\extensions\redhat.java-1.44.0-win32-x64\server\plugins\org.eclipse.equinox.launcher_1.7.0.v20250519-0528.jar -configuration c:\Users\USER\AppData\Roaming\Code\User\globalStorage\redhat.java\1.44.0\config_ss_win -data c:\Users\USER\AppData\Roaming\Code\User\workspaceStorage\86792585dbc43faf0f2f2baa02294349\redhat.java\ss_ws --pipe=\\.\pipe\lsp-0f394ca4cdc99be1118345cfc570352a-sock
java_class_path (initial): c:\Users\USER\.vscode\extensions\redhat.java-1.44.0-win32-x64\server\plugins\org.eclipse.equinox.launcher_1.7.0.v20250519-0528.jar
Launcher Type: SUN_STANDARD

[Global flags]
    uintx AdaptiveSizePolicyWeight                 = 90                                        {product} {command line}
     intx CICompilerCount                          = 4                                         {product} {ergonomic}
    uintx GCTimeRatio                              = 4                                         {product} {command line}
   size_t InitialHeapSize                          = 104857600                                 {product} {command line}
   size_t MaxHeapSize                              = 2147483648                                {product} {command line}
   size_t MaxNewSize                               = 715653120                                 {product} {ergonomic}
   size_t MinHeapDeltaBytes                        = 524288                                    {product} {ergonomic}
   size_t MinHeapSize                              = 104857600                                 {product} {command line}
   size_t NewSize                                  = 34603008                                  {product} {ergonomic}
    uintx NonNMethodCodeHeapSize                   = 5839372                                {pd product} {ergonomic}
    uintx NonProfiledCodeHeapSize                  = 122909434                              {pd product} {ergonomic}
   size_t OldSize                                  = 70254592                                  {product} {ergonomic}
    uintx ProfiledCodeHeapSize                     = 122909434                              {pd product} {ergonomic}
    uintx ReservedCodeCacheSize                    = 251658240                              {pd product} {ergonomic}
     bool SegmentedCodeCache                       = true                                      {product} {ergonomic}
   size_t SoftMaxHeapSize                          = 2147483648                             {manageable} {ergonomic}
     bool UseCompressedOops                        = true                           {product lp64_product} {ergonomic}
     bool UseLargePagesIndividualAllocation        = false                                  {pd product} {ergonomic}
     bool UseParallelGC                            = true                                      {product} {command line}

Logging:
Log output configuration:
 #0: stdout all=off uptime,level,tags foldmultilines=false
 #1: stderr all=off uptime,level,tags foldmultilines=false

Environment Variables:
PATH=C:\Program Files\Common Files\Oracle\Java\javapath;C:\WINDOWS\system32;C:\WINDOWS;C:\WINDOWS\System32\Wbem;C:\WINDOWS\System32\WindowsPowerShell\v1.0\;C:\WINDOWS\System32\OpenSSH\;C:\Program Files\Git\cmd;C:\Program Files\Git LFS;C:\Program Files\CMake\bin;C:\Program Files\Go\bin;C:\xampp\php;C:\Program Files\nodejs\;C:\ProgramData\chocolatey\bin;C:\Dev\flutter\bin;C:\Users\USER\AppData\Local\Android\Sdk\platform-tools;C:\Users\USER\AppData\Local\Programs\Python\Python312\Scripts\;C:\Users\USER\AppData\Local\Programs\Python\Python312\;C:\Users\USER\.console-ninja\.bin;C:\Users\USER\anaconda3;C:\Users\USER\anaconda3\Library\mingw-w64\bin;C:\Users\USER\anaconda3\Library\usr\bin;C:\Users\USER\anaconda3\Library\bin;C:\Users\USER\anaconda3\Scripts;C:\Users\USER\.cargo\bin;C:\Users\USER\AppData\Local\Microsoft\WindowsApps;D:\Users\fredr\AppData\Local\GitHubDesktop\bin;C:\Users\USER\AppData\Local\Programs\Microsoft VS Code\bin;C:\Program Files\JetBrains\PyCharm 2024.1.4\bin;C:\Program Files\JetBrains\PyCharm Community Edition 2024.2.3\bin;;C:\Users\USER\go\bin;C:\Users\USER\AppData\Roaming\npm;C:\Users\USER\AppData\Local\Microsoft\WindowsApps;C:\Dev\flutter\bin;
USERNAME=USER
OS=Windows_NT
PROCESSOR_IDENTIFIER=AMD64 Family 23 Model 24 Stepping 1, AuthenticAMD
TMP=C:\Users\USER\AppData\Local\Temp
TEMP=C:\Users\USER\AppData\Local\Temp




Periodic native trim disabled

---------------  S Y S T E M  ---------------

OS:
 Windows 10 , 64 bit Build 19041 (10.0.19041.3636)
OS uptime: 3 days 2:41 hours
Hyper-V role detected

CPU: total 8 (initial active 8) (8 cores per cpu, 2 threads per core) family 23 model 24 stepping 1 microcode 0x0, cx8, cmov, fxsr, ht, mmx, 3dnowpref, sse, sse2, sse3, ssse3, sse4a, sse4.1, sse4.2, popcnt, lzcnt, tsc, tscinvbit, avx, avx2, aes, clmul, bmi1, bmi2, adx, sha, fma, vzeroupper, clflush, clflushopt, hv, rdtscp, f16c
Processor Information for the first 8 processors :
  Max Mhz: 2100, Current Mhz: 2100, Mhz Limit: 2100

Memory: 4k page, system-wide physical 6082M (397M free)
TotalPageFile size 16322M (AvailPageFile size 8M)
current process WorkingSet (physical memory assigned to process): 97M, peak: 97M
current process commit charge ("private bytes"): 245M, peak: 245M

vm_info: OpenJDK 64-Bit Server VM (21.0.8+9-LTS) for windows-amd64 JRE (21.0.8+9-LTS), built on 2025-07-15T00:00:00Z by "admin" with MS VC++ 17.7 (VS2022)

END.
