#
# There is insufficient memory for the Java Runtime Environment to continue.
# Native memory allocation (malloc) failed to allocate 667936 bytes. Error detail: Chunk::new
# Possible reasons:
#   The system is out of physical RAM or swap space
#   This process is running with CompressedOops enabled, and the Java Heap may be blocking the growth of the native heap
# Possible solutions:
#   Reduce memory load on the system
#   Increase physical memory or swap space
#   Check if swap backing store is full
#   Decrease Java heap size (-Xmx/-Xms)
#   Decrease number of Java threads
#   Decrease Java thread stack sizes (-Xss)
#   Set larger code cache with -XX:ReservedCodeCacheSize=
#   JVM is running with Unscaled Compressed Oops mode in which the Java heap is
#     placed in the first 4GB address space. The Java Heap base address is the
#     maximum limit for the native heap growth. Please use -XX:HeapBaseMinAddress
#     to set the Java Heap base and to place the Java Heap above 4GB virtual address.
# This output file may be truncated or incomplete.
#
#  Out of Memory Error (arena.cpp:168), pid=16252, tid=19924
#
# JRE version: OpenJDK Runtime Environment Temurin-21.0.8+9 (21.0.8+9) (build 21.0.8+9-LTS)
# Java VM: OpenJDK 64-Bit Server VM Temurin-21.0.8+9 (21.0.8+9-LTS, mixed mode, sharing, tiered, compressed oops, compressed class ptrs, parallel gc, windows-amd64)
# No core dump will be written. Minidumps are not enabled by default on client versions of Windows
#

---------------  S U M M A R Y ------------

Command Line: --add-modules=ALL-SYSTEM --add-opens=java.base/java.util=ALL-UNNAMED --add-opens=java.base/java.lang=ALL-UNNAMED --add-opens=java.base/sun.nio.fs=ALL-UNNAMED -Declipse.application=org.eclipse.jdt.ls.core.id1 -Dosgi.bundles.defaultStartLevel=4 -Declipse.product=org.eclipse.jdt.ls.core.product -Djava.import.generatesMetadataFilesAtProjectRoot=false -DDetectVMInstallationsJob.disabled=true -Dfile.encoding=utf8 -XX:+UseParallelGC -XX:GCTimeRatio=4 -XX:AdaptiveSizePolicyWeight=90 -Dsun.zip.disableMemoryMapping=true -Xmx2G -Xms100m -Xlog:disable -javaagent:c:\Users\USER\.vscode\extensions\redhat.java-1.44.0-win32-x64\lombok\lombok-1.18.39-4050.jar -XX:+HeapDumpOnOutOfMemoryError -XX:HeapDumpPath=c:\Users\USER\AppData\Roaming\Code\User\workspaceStorage\86792585dbc43faf0f2f2baa02294349\redhat.java -Daether.dependencyCollector.impl=bf c:\Users\USER\.vscode\extensions\redhat.java-1.44.0-win32-x64\server\plugins\org.eclipse.equinox.launcher_1.7.0.v20250519-0528.jar -configuration c:\Users\USER\AppData\Roaming\Code\User\globalStorage\redhat.java\1.44.0\config_win -data c:\Users\USER\AppData\Roaming\Code\User\workspaceStorage\86792585dbc43faf0f2f2baa02294349\redhat.java\jdt_ws --pipe=\\.\pipe\lsp-daa3e502e47be1c38f46de496577408f-sock

Host: AMD Ryzen 5 3500U with Radeon Vega Mobile Gfx  , 8 cores, 5G,  Windows 10 , 64 bit Build 19041 (10.0.19041.3636)
Time: Sun Aug 17 19:26:06 2025 Hora est. Pacífico, Sudamérica elapsed time: 3.849386 seconds (0d 0h 0m 3s)

---------------  T H R E A D  ---------------

Current thread (0x0000020f162df280):  JavaThread "C2 CompilerThread0" daemon [_thread_in_native, id=19924, stack(0x00000059d2e00000,0x00000059d2f00000) (1024K)]


Current CompileTask:
C2:3849 2074 %     4       org.eclipse.osgi.util.ManifestElement::readLine @ 0 (122 bytes)

Stack: [0x00000059d2e00000,0x00000059d2f00000]
Native frames: (J=compiled Java code, j=interpreted, Vv=VM code, C=native code)
V  [jvm.dll+0x6d2449]
V  [jvm.dll+0x8ae341]
V  [jvm.dll+0x8b08be]
V  [jvm.dll+0x8b0fa3]
V  [jvm.dll+0x280c96]
V  [jvm.dll+0xc581d]
V  [jvm.dll+0xc5d53]
V  [jvm.dll+0x3b919c]
V  [jvm.dll+0x385315]
V  [jvm.dll+0x38477a]
V  [jvm.dll+0x248ed0]
V  [jvm.dll+0x2484af]
V  [jvm.dll+0x1c89ee]
V  [jvm.dll+0x257d4d]
V  [jvm.dll+0x2562ea]
V  [jvm.dll+0x3f2d16]
V  [jvm.dll+0x857e6b]
V  [jvm.dll+0x6d0b0d]
C  [ucrtbase.dll+0x21bb2]
C  [KERNEL32.DLL+0x17344]
C  [ntdll.dll+0x526b1]


---------------  P R O C E S S  ---------------

Threads class SMR info:
_java_thread_list=0x0000020f5db2ec50, length=15, elements={
0x0000020f7eef8de0, 0x0000020f162d5880, 0x0000020f162d70e0, 0x0000020f162d8bc0,
0x0000020f162d9ad0, 0x0000020f162da9e0, 0x0000020f162de450, 0x0000020f162df280,
0x0000020f5d010110, 0x0000020f5d0aa180, 0x0000020f5d311e60, 0x0000020f5dc06960,
0x0000020f5dc1c0f0, 0x0000020f5de8d280, 0x0000020f5d849990
}

Java Threads: ( => current thread )
  0x0000020f7eef8de0 JavaThread "main"                              [_thread_blocked, id=18988, stack(0x00000059d2400000,0x00000059d2500000) (1024K)]
  0x0000020f162d5880 JavaThread "Reference Handler"          daemon [_thread_blocked, id=10460, stack(0x00000059d2800000,0x00000059d2900000) (1024K)]
  0x0000020f162d70e0 JavaThread "Finalizer"                  daemon [_thread_blocked, id=9380, stack(0x00000059d2900000,0x00000059d2a00000) (1024K)]
  0x0000020f162d8bc0 JavaThread "Signal Dispatcher"          daemon [_thread_blocked, id=12276, stack(0x00000059d2a00000,0x00000059d2b00000) (1024K)]
  0x0000020f162d9ad0 JavaThread "Attach Listener"            daemon [_thread_blocked, id=23112, stack(0x00000059d2b00000,0x00000059d2c00000) (1024K)]
  0x0000020f162da9e0 JavaThread "Service Thread"             daemon [_thread_blocked, id=16476, stack(0x00000059d2c00000,0x00000059d2d00000) (1024K)]
  0x0000020f162de450 JavaThread "Monitor Deflation Thread"   daemon [_thread_blocked, id=13204, stack(0x00000059d2d00000,0x00000059d2e00000) (1024K)]
=>0x0000020f162df280 JavaThread "C2 CompilerThread0"         daemon [_thread_in_native, id=19924, stack(0x00000059d2e00000,0x00000059d2f00000) (1024K)]
  0x0000020f5d010110 JavaThread "C1 CompilerThread0"         daemon [_thread_blocked, id=16504, stack(0x00000059d2f00000,0x00000059d3000000) (1024K)]
  0x0000020f5d0aa180 JavaThread "Common-Cleaner"             daemon [_thread_blocked, id=22180, stack(0x00000059d3000000,0x00000059d3100000) (1024K)]
  0x0000020f5d311e60 JavaThread "Notification Thread"        daemon [_thread_blocked, id=18488, stack(0x00000059d3200000,0x00000059d3300000) (1024K)]
  0x0000020f5dc06960 JavaThread "Active Thread: Equinox Container: c9ab59bf-c81f-436d-9198-d37edc87a032"        [_thread_blocked, id=8676, stack(0x00000059d3300000,0x00000059d3400000) (1024K)]
  0x0000020f5dc1c0f0 JavaThread "Refresh Thread: Equinox Container: c9ab59bf-c81f-436d-9198-d37edc87a032" daemon [_thread_blocked, id=19784, stack(0x00000059d3b00000,0x00000059d3c00000) (1024K)]
  0x0000020f5de8d280 JavaThread "Framework Event Dispatcher: Equinox Container: c9ab59bf-c81f-436d-9198-d37edc87a032" daemon [_thread_blocked, id=1704, stack(0x00000059d3c00000,0x00000059d3d00000) (1024K)]
  0x0000020f5d849990 JavaThread "Start Level: Equinox Container: c9ab59bf-c81f-436d-9198-d37edc87a032" daemon [_thread_in_native, id=6312, stack(0x00000059d3d00000,0x00000059d3e00000) (1024K)]
Total: 15

Other Threads:
  0x0000020f162b8070 VMThread "VM Thread"                           [id=17300, stack(0x00000059d2700000,0x00000059d2800000) (1024K)]
  0x0000020f161b1c40 WatcherThread "VM Periodic Task Thread"        [id=18656, stack(0x00000059d2600000,0x00000059d2700000) (1024K)]
  0x0000020f7ef15e20 WorkerThread "GC Thread#0"                     [id=5624, stack(0x00000059d2500000,0x00000059d2600000) (1024K)]
  0x0000020f5db79a70 WorkerThread "GC Thread#1"                     [id=9604, stack(0x00000059d3400000,0x00000059d3500000) (1024K)]
  0x0000020f5db73890 WorkerThread "GC Thread#2"                     [id=9016, stack(0x00000059d3500000,0x00000059d3600000) (1024K)]
  0x0000020f5dacb950 WorkerThread "GC Thread#3"                     [id=8840, stack(0x00000059d3600000,0x00000059d3700000) (1024K)]
  0x0000020f5dacbcf0 WorkerThread "GC Thread#4"                     [id=24276, stack(0x00000059d3700000,0x00000059d3800000) (1024K)]
  0x0000020f5db7df50 WorkerThread "GC Thread#5"                     [id=4248, stack(0x00000059d3800000,0x00000059d3900000) (1024K)]
  0x0000020f5db7e2f0 WorkerThread "GC Thread#6"                     [id=16100, stack(0x00000059d3900000,0x00000059d3a00000) (1024K)]
  0x0000020f5dc1a870 WorkerThread "GC Thread#7"                     [id=15612, stack(0x00000059d3a00000,0x00000059d3b00000) (1024K)]
Total: 10

Threads with active compile tasks:
C2 CompilerThread0  3879 2074 %     4       org.eclipse.osgi.util.ManifestElement::readLine @ 0 (122 bytes)
Total: 1

VM state: not at safepoint (normal execution)

VM Mutex/Monitor currently owned by a thread: None

Heap address: 0x0000000080000000, size: 2048 MB, Compressed Oops mode: 32-bit

CDS archive(s) mapped at: [0x0000020f17000000-0x0000020f17ba0000-0x0000020f17ba0000), size 12189696, SharedBaseAddress: 0x0000020f17000000, ArchiveRelocationMode: 1.
Compressed class space mapped at: 0x0000020f18000000-0x0000020f58000000, reserved size: 1073741824
Narrow klass base: 0x0000020f17000000, Narrow klass shift: 0, Narrow klass range: 0x100000000

GC Precious Log:
 CardTable entry size: 512
 CPUs: 8 total, 8 available
 Memory: 6082M
 Large Page Support: Disabled
 NUMA Support: Disabled
 Compressed Oops: Enabled (32-bit)
 Alignments: Space 512K, Generation 512K, Heap 2M
 Heap Min Capacity: 100M
 Heap Initial Capacity: 100M
 Heap Max Capacity: 2G
 Pre-touch: Disabled
 Parallel Workers: 8

Heap:
 PSYoungGen      total 29696K, used 26728K [0x00000000d5580000, 0x00000000d7680000, 0x0000000100000000)
  eden space 25600K, 88% used [0x00000000d5580000,0x00000000d6b9cda0,0x00000000d6e80000)
  from space 4096K, 99% used [0x00000000d7280000,0x00000000d767d530,0x00000000d7680000)
  to   space 4096K, 0% used [0x00000000d6e80000,0x00000000d6e80000,0x00000000d7280000)
 ParOldGen       total 68608K, used 1716K [0x0000000080000000, 0x0000000084300000, 0x00000000d5580000)
  object space 68608K, 2% used [0x0000000080000000,0x00000000801ad0c8,0x0000000084300000)
 Metaspace       used 9323K, committed 9664K, reserved 1114112K
  class space    used 997K, committed 1152K, reserved 1048576K

Card table byte_map: [0x0000020f7e8b0000,0x0000020f7ecc0000] _byte_map_base: 0x0000020f7e4b0000

Marking Bits: (ParMarkBitMap*) 0x00007ffb8da3a340
 Begin Bits: [0x0000020f12130000, 0x0000020f14130000)
 End Bits:   [0x0000020f14130000, 0x0000020f16130000)

Polling page: 0x0000020f7cd90000

Metaspace:

Usage:
  Non-class:      8.13 MB used.
      Class:    997.11 KB used.
       Both:      9.11 MB used.

Virtual space:
  Non-class space:       64.00 MB reserved,       8.31 MB ( 13%) committed,  1 nodes.
      Class space:        1.00 GB reserved,       1.12 MB ( <1%) committed,  1 nodes.
             Both:        1.06 GB reserved,       9.44 MB ( <1%) committed. 

Chunk freelists:
   Non-Class:  6.86 MB
       Class:  14.78 MB
        Both:  21.64 MB

MaxMetaspaceSize: unlimited
CompressedClassSpaceSize: 1.00 GB
Initial GC threshold: 21.00 MB
Current GC threshold: 21.00 MB
CDS: on
 - commit_granule_bytes: 65536.
 - commit_granule_words: 8192.
 - virtual_space_node_default_size: 8388608.
 - enlarge_chunks_in_place: 1.
 - use_allocation_guard: 0.


Internal statistics:

num_allocs_failed_limit: 0.
num_arena_births: 254.
num_arena_deaths: 0.
num_vsnodes_births: 2.
num_vsnodes_deaths: 0.
num_space_committed: 151.
num_space_uncommitted: 0.
num_chunks_returned_to_freelist: 0.
num_chunks_taken_from_freelist: 503.
num_chunk_merges: 0.
num_chunk_splits: 318.
num_chunks_enlarged: 210.
num_inconsistent_stats: 0.

CodeHeap 'non-profiled nmethods': size=120000Kb used=939Kb max_used=939Kb free=119060Kb
 bounds [0x0000020f0ac00000, 0x0000020f0ae70000, 0x0000020f12130000]
CodeHeap 'profiled nmethods': size=120000Kb used=3840Kb max_used=3840Kb free=116159Kb
 bounds [0x0000020f03130000, 0x0000020f03500000, 0x0000020f0a660000]
CodeHeap 'non-nmethods': size=5760Kb used=1222Kb max_used=1249Kb free=4537Kb
 bounds [0x0000020f0a660000, 0x0000020f0a8d0000, 0x0000020f0ac00000]
CodeCache: size=245760Kb, used=6001Kb, max_used=6028Kb, free=239756Kb
 total_blobs=2583, nmethods=2092, adapters=398, full_count=0
Compilation: enabled, stopped_count=0, restarted_count=0

Compilation events (20 events):
Event: 3.734 Thread 0x0000020f5d010110 2081       3       org.eclipse.osgi.storage.BundleInfo$CachedManifest::get (120 bytes)
Event: 3.735 Thread 0x0000020f5d010110 nmethod 2081 0x0000020f034e9c90 code [0x0000020f034ea000, 0x0000020f034eb3c8]
Event: 3.735 Thread 0x0000020f5d010110 2083       3       org.eclipse.osgi.framework.util.CaseInsensitiveDictionaryMap$EntryIterator::hasNext (10 bytes)
Event: 3.736 Thread 0x0000020f5d010110 nmethod 2083 0x0000020f034ebb90 code [0x0000020f034ebd40, 0x0000020f034ebf18]
Event: 3.736 Thread 0x0000020f5d010110 2082       3       org.eclipse.osgi.framework.util.CaseInsensitiveDictionaryMap$KeyIterator::next (27 bytes)
Event: 3.736 Thread 0x0000020f5d010110 nmethod 2082 0x0000020f034ec010 code [0x0000020f034ec1e0, 0x0000020f034ec5d0]
Event: 3.741 Thread 0x0000020f5d010110 2084       3       org.eclipse.osgi.container.ModuleRevision::getModuleCapabilities (9 bytes)
Event: 3.741 Thread 0x0000020f5d010110 nmethod 2084 0x0000020f034ec710 code [0x0000020f034ec8e0, 0x0000020f034eccd8]
Event: 3.748 Thread 0x0000020f5d010110 2086       1       org.eclipse.osgi.container.ModuleRevision::getTypes (5 bytes)
Event: 3.749 Thread 0x0000020f5d010110 nmethod 2086 0x0000020f0acea990 code [0x0000020f0aceab20, 0x0000020f0aceabe8]
Event: 3.750 Thread 0x0000020f5d6bb1d0 2087       4       jdk.internal.ref.CleanerFactory::cleaner (4 bytes)
Event: 3.750 Thread 0x0000020f5d6bb1d0 nmethod 2087 0x0000020f0aceac90 code [0x0000020f0aceae20, 0x0000020f0aceae90]
Event: 3.754 Thread 0x0000020f5d010110 2088       3       java.util.concurrent.ConcurrentHashMap::<init> (5 bytes)
Event: 3.754 Thread 0x0000020f5d010110 nmethod 2088 0x0000020f034ece10 code [0x0000020f034ecfc0, 0x0000020f034ed188]
Event: 3.754 Thread 0x0000020f5d010110 2089       3       java.nio.Buffer::position (52 bytes)
Event: 3.755 Thread 0x0000020f5d010110 nmethod 2089 0x0000020f034ed290 code [0x0000020f034ed440, 0x0000020f034ed698]
Event: 3.756 Thread 0x0000020f5d010110 2090       3       java.util.zip.ZipFile$Source::isSignatureRelated (227 bytes)
Event: 3.757 Thread 0x0000020f5d010110 nmethod 2090 0x0000020f034ed790 code [0x0000020f034ed960, 0x0000020f034edf68]
Event: 3.757 Thread 0x0000020f5d010110 2091       3       java.util.zip.ZipFile$Source::getMetaVersion (221 bytes)
Event: 3.758 Thread 0x0000020f5d010110 nmethod 2091 0x0000020f034ee190 code [0x0000020f034ee380, 0x0000020f034eea70]

GC Heap History (4 events):
Event: 1.830 GC heap before
{Heap before GC invocations=1 (full 0):
 PSYoungGen      total 29696K, used 25600K [0x00000000d5580000, 0x00000000d7680000, 0x0000000100000000)
  eden space 25600K, 100% used [0x00000000d5580000,0x00000000d6e80000,0x00000000d6e80000)
  from space 4096K, 0% used [0x00000000d7280000,0x00000000d7280000,0x00000000d7680000)
  to   space 4096K, 0% used [0x00000000d6e80000,0x00000000d6e80000,0x00000000d7280000)
 ParOldGen       total 68608K, used 0K [0x0000000080000000, 0x0000000084300000, 0x00000000d5580000)
  object space 68608K, 0% used [0x0000000080000000,0x0000000080000000,0x0000000084300000)
 Metaspace       used 4327K, committed 4608K, reserved 1114112K
  class space    used 471K, committed 576K, reserved 1048576K
}
Event: 1.842 GC heap after
{Heap after GC invocations=1 (full 0):
 PSYoungGen      total 29696K, used 3334K [0x00000000d5580000, 0x00000000d7680000, 0x0000000100000000)
  eden space 25600K, 0% used [0x00000000d5580000,0x00000000d5580000,0x00000000d6e80000)
  from space 4096K, 81% used [0x00000000d6e80000,0x00000000d71c1bb8,0x00000000d7280000)
  to   space 4096K, 0% used [0x00000000d7280000,0x00000000d7280000,0x00000000d7680000)
 ParOldGen       total 68608K, used 16K [0x0000000080000000, 0x0000000084300000, 0x00000000d5580000)
  object space 68608K, 0% used [0x0000000080000000,0x0000000080004000,0x0000000084300000)
 Metaspace       used 4327K, committed 4608K, reserved 1114112K
  class space    used 471K, committed 576K, reserved 1048576K
}
Event: 3.049 GC heap before
{Heap before GC invocations=2 (full 0):
 PSYoungGen      total 29696K, used 28934K [0x00000000d5580000, 0x00000000d7680000, 0x0000000100000000)
  eden space 25600K, 100% used [0x00000000d5580000,0x00000000d6e80000,0x00000000d6e80000)
  from space 4096K, 81% used [0x00000000d6e80000,0x00000000d71c1bb8,0x00000000d7280000)
  to   space 4096K, 0% used [0x00000000d7280000,0x00000000d7280000,0x00000000d7680000)
 ParOldGen       total 68608K, used 16K [0x0000000080000000, 0x0000000084300000, 0x00000000d5580000)
  object space 68608K, 0% used [0x0000000080000000,0x0000000080004000,0x0000000084300000)
 Metaspace       used 8022K, committed 8320K, reserved 1114112K
  class space    used 835K, committed 960K, reserved 1048576K
}
Event: 3.057 GC heap after
{Heap after GC invocations=2 (full 0):
 PSYoungGen      total 29696K, used 4085K [0x00000000d5580000, 0x00000000d7680000, 0x0000000100000000)
  eden space 25600K, 0% used [0x00000000d5580000,0x00000000d5580000,0x00000000d6e80000)
  from space 4096K, 99% used [0x00000000d7280000,0x00000000d767d530,0x00000000d7680000)
  to   space 4096K, 0% used [0x00000000d6e80000,0x00000000d6e80000,0x00000000d7280000)
 ParOldGen       total 68608K, used 1716K [0x0000000080000000, 0x0000000084300000, 0x00000000d5580000)
  object space 68608K, 2% used [0x0000000080000000,0x00000000801ad0c8,0x0000000084300000)
 Metaspace       used 8022K, committed 8320K, reserved 1114112K
  class space    used 835K, committed 960K, reserved 1048576K
}

Dll operation events (9 events):
Event: 0.032 Loaded shared library c:\Users\USER\.vscode\extensions\redhat.java-1.44.0-win32-x64\jre\21.0.8-win32-x86_64\bin\java.dll
Event: 0.192 Loaded shared library c:\Users\USER\.vscode\extensions\redhat.java-1.44.0-win32-x64\jre\21.0.8-win32-x86_64\bin\zip.dll
Event: 0.255 Loaded shared library C:\Users\USER\.vscode\extensions\redhat.java-1.44.0-win32-x64\jre\21.0.8-win32-x86_64\bin\instrument.dll
Event: 0.269 Loaded shared library C:\Users\USER\.vscode\extensions\redhat.java-1.44.0-win32-x64\jre\21.0.8-win32-x86_64\bin\net.dll
Event: 0.272 Loaded shared library C:\Users\USER\.vscode\extensions\redhat.java-1.44.0-win32-x64\jre\21.0.8-win32-x86_64\bin\nio.dll
Event: 0.284 Loaded shared library C:\Users\USER\.vscode\extensions\redhat.java-1.44.0-win32-x64\jre\21.0.8-win32-x86_64\bin\zip.dll
Event: 0.388 Loaded shared library C:\Users\USER\.vscode\extensions\redhat.java-1.44.0-win32-x64\jre\21.0.8-win32-x86_64\bin\jimage.dll
Event: 0.610 Loaded shared library c:\Users\USER\.vscode\extensions\redhat.java-1.44.0-win32-x64\jre\21.0.8-win32-x86_64\bin\verify.dll
Event: 3.071 Loaded shared library C:\Users\USER\AppData\Roaming\Code\User\globalStorage\redhat.java\1.44.0\config_win\org.eclipse.equinox.launcher\org.eclipse.equinox.launcher.win32.win32.x86_64_1.2.1400.v20250730-1736\eclipse_11913.dll

Deoptimization events (20 events):
Event: 3.731 Thread 0x0000020f5d849990 Uncommon trap: trap_request=0xffffff45 fr.pc=0x0000020f0acd5d5c relative=0x000000000000069c
Event: 3.731 Thread 0x0000020f5d849990 Uncommon trap: reason=unstable_if action=reinterpret pc=0x0000020f0acd5d5c method=java.util.regex.Matcher.search(I)Z @ 30 c2
Event: 3.731 Thread 0x0000020f5d849990 DEOPT PACKING pc=0x0000020f0acd5d5c sp=0x00000059d3dfdb00
Event: 3.731 Thread 0x0000020f5d849990 DEOPT UNPACKING pc=0x0000020f0a6b3aa2 sp=0x00000059d3dfdae0 mode 2
Event: 3.731 Thread 0x0000020f5d849990 Uncommon trap: trap_request=0xffffffde fr.pc=0x0000020f0acd4be4 relative=0x0000000000000304
Event: 3.731 Thread 0x0000020f5d849990 Uncommon trap: reason=class_check action=maybe_recompile pc=0x0000020f0acd4be4 method=java.util.regex.Pattern$BmpCharPropertyGreedy.match(Ljava/util/regex/Matcher;ILjava/lang/CharSequence;)Z @ 26 c2
Event: 3.731 Thread 0x0000020f5d849990 DEOPT PACKING pc=0x0000020f0acd4be4 sp=0x00000059d3dfd7e0
Event: 3.731 Thread 0x0000020f5d849990 DEOPT UNPACKING pc=0x0000020f0a6b3aa2 sp=0x00000059d3dfd798 mode 2
Event: 3.731 Thread 0x0000020f5d849990 Uncommon trap: trap_request=0xffffffde fr.pc=0x0000020f0acd4be4 relative=0x0000000000000304
Event: 3.731 Thread 0x0000020f5d849990 Uncommon trap: reason=class_check action=maybe_recompile pc=0x0000020f0acd4be4 method=java.util.regex.Pattern$BmpCharPropertyGreedy.match(Ljava/util/regex/Matcher;ILjava/lang/CharSequence;)Z @ 26 c2
Event: 3.731 Thread 0x0000020f5d849990 DEOPT PACKING pc=0x0000020f0acd4be4 sp=0x00000059d3dfd6e0
Event: 3.731 Thread 0x0000020f5d849990 DEOPT UNPACKING pc=0x0000020f0a6b3aa2 sp=0x00000059d3dfd678 mode 2
Event: 3.732 Thread 0x0000020f5d849990 Uncommon trap: trap_request=0xffffffde fr.pc=0x0000020f0acd4be4 relative=0x0000000000000304
Event: 3.732 Thread 0x0000020f5d849990 Uncommon trap: reason=class_check action=maybe_recompile pc=0x0000020f0acd4be4 method=java.util.regex.Pattern$BmpCharPropertyGreedy.match(Ljava/util/regex/Matcher;ILjava/lang/CharSequence;)Z @ 26 c2
Event: 3.732 Thread 0x0000020f5d849990 DEOPT PACKING pc=0x0000020f0acd4be4 sp=0x00000059d3dfd7e0
Event: 3.732 Thread 0x0000020f5d849990 DEOPT UNPACKING pc=0x0000020f0a6b3aa2 sp=0x00000059d3dfd798 mode 2
Event: 3.732 Thread 0x0000020f5d849990 Uncommon trap: trap_request=0xffffffde fr.pc=0x0000020f0acd4be4 relative=0x0000000000000304
Event: 3.732 Thread 0x0000020f5d849990 Uncommon trap: reason=class_check action=maybe_recompile pc=0x0000020f0acd4be4 method=java.util.regex.Pattern$BmpCharPropertyGreedy.match(Ljava/util/regex/Matcher;ILjava/lang/CharSequence;)Z @ 26 c2
Event: 3.732 Thread 0x0000020f5d849990 DEOPT PACKING pc=0x0000020f0acd4be4 sp=0x00000059d3dfd6e0
Event: 3.732 Thread 0x0000020f5d849990 DEOPT UNPACKING pc=0x0000020f0a6b3aa2 sp=0x00000059d3dfd678 mode 2

Classes loaded (20 events):
Event: 3.466 Loading class sun/util/logging/resources/logging_es_MX
Event: 3.466 Loading class sun/util/logging/resources/logging_es_MX done
Event: 3.466 Loading class sun/util/logging/resources/logging_es_MX
Event: 3.466 Loading class sun/util/logging/resources/logging_es_MX done
Event: 3.470 Loading class java/util/Formatter$DateTime
Event: 3.470 Loading class java/util/Formatter$DateTime done
Event: 3.470 Loading class java/util/Formatter$FixedString
Event: 3.470 Loading class java/util/Formatter$FixedString done
Event: 3.471 Loading class java/time/ZonedDateTime$1
Event: 3.471 Loading class java/time/ZonedDateTime$1 done
Event: 3.481 Loading class jdk/internal/module/ModulePatcher$PatchedModuleReader
Event: 3.481 Loading class jdk/internal/module/ModulePatcher$PatchedModuleReader done
Event: 3.500 Loading class sun/util/resources/LocaleData$CommonResourceBundleProvider
Event: 3.500 Loading class sun/util/resources/LocaleData$LocaleDataResourceBundleProvider
Event: 3.500 Loading class java/util/spi/ResourceBundleProvider
Event: 3.500 Loading class java/util/spi/ResourceBundleProvider done
Event: 3.500 Loading class sun/util/resources/LocaleData$LocaleDataResourceBundleProvider done
Event: 3.500 Loading class sun/util/resources/LocaleData$CommonResourceBundleProvider done
Event: 3.503 Loading class sun/util/resources/Bundles$2
Event: 3.503 Loading class sun/util/resources/Bundles$2 done

Classes unloaded (0 events):
No events

Classes redefined (0 events):
No events

Internal exceptions (20 events):
Event: 1.849 Thread 0x0000020f7eef8de0 Exception <a 'java/lang/ClassNotFoundException'{0x00000000d5599bc8}: sun/net/www/protocol/c/Handler> (0x00000000d5599bc8) 
thrown [s\src\hotspot\share\classfile\systemDictionary.cpp, line 312]
Event: 1.861 Thread 0x0000020f7eef8de0 Exception <a 'java/io/FileNotFoundException'{0x00000000d55c22c0}> (0x00000000d55c22c0) 
thrown [s\src\hotspot\share\prims\jni.cpp, line 520]
Event: 1.922 Thread 0x0000020f7eef8de0 Implicit null exception at 0x0000020f0ac71bc9 to 0x0000020f0ac726a4
Event: 1.922 Thread 0x0000020f7eef8de0 Implicit null exception at 0x0000020f0ac63a9a to 0x0000020f0ac63ca4
Event: 1.923 Thread 0x0000020f7eef8de0 Exception <a 'java/lang/NoSuchMethodError'{0x00000000d57ae8f8}: 'void java.lang.invoke.DirectMethodHandle$Holder.invokeStatic(java.lang.Object, java.lang.Object, java.lang.Object, java.lang.Object)'> (0x00000000d57ae8f8) 
thrown [s\src\hotspot\share\interpreter\linkResolver.cpp, line 773]
Event: 1.926 Thread 0x0000020f7eef8de0 Implicit null exception at 0x0000020f0ac60abc to 0x0000020f0ac60d4c
Event: 1.926 Thread 0x0000020f7eef8de0 Implicit null exception at 0x0000020f0ac6d5bd to 0x0000020f0ac6d641
Event: 2.087 Thread 0x0000020f7eef8de0 Exception <a 'java/lang/NoSuchMethodError'{0x00000000d5a45498}: 'void java.lang.invoke.DirectMethodHandle$Holder.invokeSpecial(java.lang.Object, java.lang.Object, java.lang.Object)'> (0x00000000d5a45498) 
thrown [s\src\hotspot\share\interpreter\linkResolver.cpp, line 773]
Event: 2.458 Thread 0x0000020f7eef8de0 Exception <a 'java/lang/NoSuchMethodError'{0x00000000d6434108}: 'int java.lang.invoke.DirectMethodHandle$Holder.invokeVirtual(java.lang.Object, java.lang.Object)'> (0x00000000d6434108) 
thrown [s\src\hotspot\share\interpreter\linkResolver.cpp, line 773]
Event: 2.560 Thread 0x0000020f7eef8de0 Exception <a 'java/lang/NoSuchMethodError'{0x00000000d65a7ef0}: 'int java.lang.invoke.DirectMethodHandle$Holder.invokeStaticInit(java.lang.Object, java.lang.Object, java.lang.Object, java.lang.Object)'> (0x00000000d65a7ef0) 
thrown [s\src\hotspot\share\interpreter\linkResolver.cpp, line 773]
Event: 2.563 Thread 0x0000020f7eef8de0 Exception <a 'java/lang/IncompatibleClassChangeError'{0x00000000d65b05e8}: Found class java.lang.Object, but interface was expected> (0x00000000d65b05e8) 
thrown [s\src\hotspot\share\interpreter\linkResolver.cpp, line 840]
Event: 2.565 Thread 0x0000020f7eef8de0 Exception <a 'java/lang/NoSuchMethodError'{0x00000000d65b6c18}: 'void java.lang.invoke.DirectMethodHandle$Holder.invokeStaticInit(java.lang.Object, java.lang.Object)'> (0x00000000d65b6c18) 
thrown [s\src\hotspot\share\interpreter\linkResolver.cpp, line 773]
Event: 2.567 Thread 0x0000020f7eef8de0 Exception <a 'java/lang/NoSuchMethodError'{0x00000000d65bfe10}: 'int java.lang.invoke.DirectMethodHandle$Holder.invokeStaticInit(java.lang.Object, java.lang.Object)'> (0x00000000d65bfe10) 
thrown [s\src\hotspot\share\interpreter\linkResolver.cpp, line 773]
Event: 2.650 Thread 0x0000020f7eef8de0 Exception <a 'java/lang/NoSuchMethodError'{0x00000000d68083a0}: 'java.lang.Object java.lang.invoke.DirectMethodHandle$Holder.newInvokeSpecial(java.lang.Object, int, java.lang.Object)'> (0x00000000d68083a0) 
thrown [s\src\hotspot\share\interpreter\linkResolver.cpp, line 773]
Event: 2.729 Thread 0x0000020f7eef8de0 Exception <a 'java/lang/ClassNotFoundException'{0x00000000d6a16220}: sun/net/www/protocol/plurl/Handler> (0x00000000d6a16220) 
thrown [s\src\hotspot\share\classfile\systemDictionary.cpp, line 312]
Event: 3.067 Thread 0x0000020f7eef8de0 Exception <a 'java/lang/UnsatisfiedLinkError'{0x00000000d55a86f0}: 'void org.eclipse.equinox.launcher.JNIBridge._update_splash()'> (0x00000000d55a86f0) 
thrown [s\src\hotspot\share\prims\nativeLookup.cpp, line 415]
Event: 3.373 Thread 0x0000020f5d849990 Exception <a 'java/lang/NoSuchMethodError'{0x00000000d5bc00d8}: 'java.lang.Object java.lang.invoke.DirectMethodHandle$Holder.newInvokeSpecial(java.lang.Object, java.lang.Object, int, java.lang.Object)'> (0x00000000d5bc00d8) 
thrown [s\src\hotspot\share\interpreter\linkResolver.cpp, line 773]
Event: 3.374 Thread 0x0000020f5d849990 Exception <a 'java/lang/NoSuchMethodError'{0x00000000d5bc3f48}: 'java.lang.Object java.lang.invoke.DirectMethodHandle$Holder.invokeSpecial(java.lang.Object, java.lang.Object, java.lang.Object, int, java.lang.Object)'> (0x00000000d5bc3f48) 
thrown [s\src\hotspot\share\interpreter\linkResolver.cpp, line 773]
Event: 3.409 Thread 0x0000020f5d849990 Exception <a 'java/lang/NoClassDefFoundError'{0x00000000d5c646e0}: jakarta/servlet/ServletContainerInitializer> (0x00000000d5c646e0) 
thrown [s\src\hotspot\share\classfile\systemDictionary.cpp, line 301]
Event: 3.454 Thread 0x0000020f5d849990 Exception <a 'java/lang/ClassNotFoundException'{0x00000000d5db1f80}: sun/util/logging/resources/spi/loggingProvider> (0x00000000d5db1f80) 
thrown [s\src\hotspot\share\classfile\systemDictionary.cpp, line 312]

ZGC Phase Switch (0 events):
No events

VM Operations (20 events):
Event: 2.609 Executing VM operation: HandshakeAllThreads (Deoptimize)
Event: 2.609 Executing VM operation: HandshakeAllThreads (Deoptimize) done
Event: 2.625 Executing VM operation: HandshakeAllThreads (Deoptimize)
Event: 2.626 Executing VM operation: HandshakeAllThreads (Deoptimize) done
Event: 2.701 Executing VM operation: HandshakeAllThreads (Deoptimize)
Event: 2.702 Executing VM operation: HandshakeAllThreads (Deoptimize) done
Event: 2.722 Executing VM operation: HandshakeAllThreads (Deoptimize)
Event: 2.722 Executing VM operation: HandshakeAllThreads (Deoptimize) done
Event: 2.899 Executing VM operation: ICBufferFull
Event: 2.899 Executing VM operation: ICBufferFull done
Event: 3.049 Executing VM operation: ParallelGCFailedAllocation (Allocation Failure)
Event: 3.057 Executing VM operation: ParallelGCFailedAllocation (Allocation Failure) done
Event: 3.434 Executing VM operation: HandshakeAllThreads (Deoptimize)
Event: 3.435 Executing VM operation: HandshakeAllThreads (Deoptimize) done
Event: 3.482 Executing VM operation: HandshakeAllThreads (Deoptimize)
Event: 3.482 Executing VM operation: HandshakeAllThreads (Deoptimize) done
Event: 3.521 Executing VM operation: HandshakeAllThreads (Deoptimize)
Event: 3.521 Executing VM operation: HandshakeAllThreads (Deoptimize) done
Event: 3.535 Executing VM operation: HandshakeAllThreads (Deoptimize)
Event: 3.535 Executing VM operation: HandshakeAllThreads (Deoptimize) done

Memory protections (0 events):
No events

Nmethod flushes (0 events):
No events

Events (20 events):
Event: 0.074 Thread 0x0000020f7eef8de0 Thread added: 0x0000020f7eef8de0
Event: 0.111 Thread 0x0000020f7eef8de0 Thread added: 0x0000020f162d5880
Event: 0.111 Thread 0x0000020f7eef8de0 Thread added: 0x0000020f162d70e0
Event: 0.113 Thread 0x0000020f7eef8de0 Thread added: 0x0000020f162d8bc0
Event: 0.113 Thread 0x0000020f7eef8de0 Thread added: 0x0000020f162d9ad0
Event: 0.113 Thread 0x0000020f7eef8de0 Thread added: 0x0000020f162da9e0
Event: 0.113 Thread 0x0000020f7eef8de0 Thread added: 0x0000020f162de450
Event: 0.114 Thread 0x0000020f7eef8de0 Thread added: 0x0000020f162df280
Event: 0.116 Thread 0x0000020f7eef8de0 Thread added: 0x0000020f5d010110
Event: 0.168 Thread 0x0000020f7eef8de0 Thread added: 0x0000020f5d0aa180
Event: 0.589 Thread 0x0000020f5d010110 Thread added: 0x0000020f5d2d6210
Event: 0.819 Thread 0x0000020f7eef8de0 Thread added: 0x0000020f5d311e60
Event: 1.243 Thread 0x0000020f162df280 Thread added: 0x0000020f5d937910
Event: 1.917 Thread 0x0000020f5d937910 Thread exited: 0x0000020f5d937910
Event: 2.050 Thread 0x0000020f5d2d6210 Thread exited: 0x0000020f5d2d6210
Event: 2.169 Thread 0x0000020f5d010110 Thread added: 0x0000020f5d6bb1d0
Event: 2.592 Thread 0x0000020f7eef8de0 Thread added: 0x0000020f5dc06960
Event: 3.062 Thread 0x0000020f7eef8de0 Thread added: 0x0000020f5dc1c0f0
Event: 3.148 Thread 0x0000020f5dc1c0f0 Thread added: 0x0000020f5de8d280
Event: 3.157 Thread 0x0000020f7eef8de0 Thread added: 0x0000020f5d849990


Dynamic libraries:
0x00007ff662990000 - 0x00007ff66299e000 	c:\Users\USER\.vscode\extensions\redhat.java-1.44.0-win32-x64\jre\21.0.8-win32-x86_64\bin\java.exe
0x00007ffbdba30000 - 0x00007ffbdbc28000 	C:\WINDOWS\SYSTEM32\ntdll.dll
0x00007ffbdb4e0000 - 0x00007ffbdb59d000 	C:\WINDOWS\System32\KERNEL32.DLL
0x00007ffbd94a0000 - 0x00007ffbd9796000 	C:\WINDOWS\System32\KERNELBASE.dll
0x00007ffbd9270000 - 0x00007ffbd9370000 	C:\WINDOWS\System32\ucrtbase.dll
0x00007ffbbc8d0000 - 0x00007ffbbc8e8000 	c:\Users\USER\.vscode\extensions\redhat.java-1.44.0-win32-x64\jre\21.0.8-win32-x86_64\bin\jli.dll
0x00007ffbd9aa0000 - 0x00007ffbd9c3e000 	C:\WINDOWS\System32\USER32.dll
0x00007ffbd9370000 - 0x00007ffbd9392000 	C:\WINDOWS\System32\win32u.dll
0x00007ffbdb040000 - 0x00007ffbdb06c000 	C:\WINDOWS\System32\GDI32.dll
0x00007ffbd97d0000 - 0x00007ffbd98ea000 	C:\WINDOWS\System32\gdi32full.dll
0x00007ffbd99f0000 - 0x00007ffbd9a8d000 	C:\WINDOWS\System32\msvcp_win.dll
0x00007ffbc1fc0000 - 0x00007ffbc1fde000 	c:\Users\USER\.vscode\extensions\redhat.java-1.44.0-win32-x64\jre\21.0.8-win32-x86_64\bin\VCRUNTIME140.dll
0x00007ffbc8750000 - 0x00007ffbc89ea000 	C:\WINDOWS\WinSxS\amd64_microsoft.windows.common-controls_6595b64144ccf1df_6.0.19041.3636_none_60b6a03d71f818d5\COMCTL32.dll
0x00007ffbdb620000 - 0x00007ffbdb6be000 	C:\WINDOWS\System32\msvcrt.dll
0x00007ffbdaf10000 - 0x00007ffbdaf40000 	C:\WINDOWS\System32\IMM32.DLL
0x00007ffbc39f0000 - 0x00007ffbc39fc000 	c:\Users\USER\.vscode\extensions\redhat.java-1.44.0-win32-x64\jre\21.0.8-win32-x86_64\bin\vcruntime140_1.dll
0x00007ffbad470000 - 0x00007ffbad4fd000 	c:\Users\USER\.vscode\extensions\redhat.java-1.44.0-win32-x64\jre\21.0.8-win32-x86_64\bin\msvcp140.dll
0x00007ffb8cd80000 - 0x00007ffb8db17000 	c:\Users\USER\.vscode\extensions\redhat.java-1.44.0-win32-x64\jre\21.0.8-win32-x86_64\bin\server\jvm.dll
0x00007ffbdab40000 - 0x00007ffbdabef000 	C:\WINDOWS\System32\ADVAPI32.dll
0x00007ffbdb6c0000 - 0x00007ffbdb75c000 	C:\WINDOWS\System32\sechost.dll
0x00007ffbdade0000 - 0x00007ffbdaf06000 	C:\WINDOWS\System32\RPCRT4.dll
0x00007ffbdad70000 - 0x00007ffbdaddb000 	C:\WINDOWS\System32\WS2_32.dll
0x00007ffbd8f70000 - 0x00007ffbd8fbb000 	C:\WINDOWS\SYSTEM32\POWRPROF.dll
0x00007ffbd1ef0000 - 0x00007ffbd1f17000 	C:\WINDOWS\SYSTEM32\WINMM.dll
0x00007ffbd1ee0000 - 0x00007ffbd1eea000 	C:\WINDOWS\SYSTEM32\VERSION.dll
0x00007ffbd8f50000 - 0x00007ffbd8f62000 	C:\WINDOWS\SYSTEM32\UMPDC.dll
0x00007ffbd6f80000 - 0x00007ffbd6f92000 	C:\WINDOWS\SYSTEM32\kernel.appcore.dll
0x00007ffbc0750000 - 0x00007ffbc075a000 	c:\Users\USER\.vscode\extensions\redhat.java-1.44.0-win32-x64\jre\21.0.8-win32-x86_64\bin\jimage.dll
0x00007ffbc7bb0000 - 0x00007ffbc7d94000 	C:\WINDOWS\SYSTEM32\DBGHELP.DLL
0x00007ffbc70b0000 - 0x00007ffbc70e4000 	C:\WINDOWS\SYSTEM32\dbgcore.DLL
0x00007ffbd98f0000 - 0x00007ffbd9972000 	C:\WINDOWS\System32\bcryptPrimitives.dll
0x00007ffbcfb90000 - 0x00007ffbcfb9f000 	c:\Users\USER\.vscode\extensions\redhat.java-1.44.0-win32-x64\jre\21.0.8-win32-x86_64\bin\instrument.dll
0x00007ffbb4dc0000 - 0x00007ffbb4ddf000 	c:\Users\USER\.vscode\extensions\redhat.java-1.44.0-win32-x64\jre\21.0.8-win32-x86_64\bin\java.dll
0x00007ffbda340000 - 0x00007ffbdaa85000 	C:\WINDOWS\System32\SHELL32.dll
0x00007ffbd7180000 - 0x00007ffbd791b000 	C:\WINDOWS\SYSTEM32\windows.storage.dll
0x00007ffbd9c40000 - 0x00007ffbd9f94000 	C:\WINDOWS\System32\combase.dll
0x00007ffbd89a0000 - 0x00007ffbd89cd000 	C:\WINDOWS\SYSTEM32\Wldp.dll
0x00007ffbda290000 - 0x00007ffbda33d000 	C:\WINDOWS\System32\SHCORE.dll
0x00007ffbdabf0000 - 0x00007ffbdac45000 	C:\WINDOWS\System32\shlwapi.dll
0x00007ffbd9040000 - 0x00007ffbd9065000 	C:\WINDOWS\SYSTEM32\profapi.dll
0x00007ffbb4da0000 - 0x00007ffbb4db8000 	c:\Users\USER\.vscode\extensions\redhat.java-1.44.0-win32-x64\jre\21.0.8-win32-x86_64\bin\zip.dll
0x00007ffbc06c0000 - 0x00007ffbc06d0000 	C:\Users\USER\.vscode\extensions\redhat.java-1.44.0-win32-x64\jre\21.0.8-win32-x86_64\bin\net.dll
0x00007ffbcf600000 - 0x00007ffbcf70a000 	C:\WINDOWS\SYSTEM32\WINHTTP.dll
0x00007ffbd8780000 - 0x00007ffbd87ea000 	C:\WINDOWS\system32\mswsock.dll
0x00007ffbb4d50000 - 0x00007ffbb4d66000 	C:\Users\USER\.vscode\extensions\redhat.java-1.44.0-win32-x64\jre\21.0.8-win32-x86_64\bin\nio.dll
0x00007ffbcd090000 - 0x00007ffbcd0a0000 	c:\Users\USER\.vscode\extensions\redhat.java-1.44.0-win32-x64\jre\21.0.8-win32-x86_64\bin\verify.dll
0x00007ffbb4f40000 - 0x00007ffbb4f85000 	C:\Users\USER\AppData\Roaming\Code\User\globalStorage\redhat.java\1.44.0\config_win\org.eclipse.equinox.launcher\org.eclipse.equinox.launcher.win32.win32.x86_64_1.2.1400.v20250730-1736\eclipse_11913.dll
0x00007ffbda160000 - 0x00007ffbda28b000 	C:\WINDOWS\System32\ole32.dll

JVMTI agents:
c:\Users\USER\.vscode\extensions\redhat.java-1.44.0-win32-x64\lombok\lombok-1.18.39-4050.jar path:c:\Users\USER\.vscode\extensions\redhat.java-1.44.0-win32-x64\jre\21.0.8-win32-x86_64\bin\instrument.dll, loaded, initialized, instrumentlib options:none

dbghelp: loaded successfully - version: 4.0.5 - missing functions: none
symbol engine: initialized successfully - sym options: 0x614 - pdb path: .;c:\Users\USER\.vscode\extensions\redhat.java-1.44.0-win32-x64\jre\21.0.8-win32-x86_64\bin;C:\WINDOWS\SYSTEM32;C:\WINDOWS\WinSxS\amd64_microsoft.windows.common-controls_6595b64144ccf1df_6.0.19041.3636_none_60b6a03d71f818d5;c:\Users\USER\.vscode\extensions\redhat.java-1.44.0-win32-x64\jre\21.0.8-win32-x86_64\bin\server;C:\Users\USER\AppData\Roaming\Code\User\globalStorage\redhat.java\1.44.0\config_win\org.eclipse.equinox.launcher\org.eclipse.equinox.launcher.win32.win32.x86_64_1.2.1400.v20250730-1736

VM Arguments:
jvm_args: --add-modules=ALL-SYSTEM --add-opens=java.base/java.util=ALL-UNNAMED --add-opens=java.base/java.lang=ALL-UNNAMED --add-opens=java.base/sun.nio.fs=ALL-UNNAMED -Declipse.application=org.eclipse.jdt.ls.core.id1 -Dosgi.bundles.defaultStartLevel=4 -Declipse.product=org.eclipse.jdt.ls.core.product -Djava.import.generatesMetadataFilesAtProjectRoot=false -DDetectVMInstallationsJob.disabled=true -Dfile.encoding=utf8 -XX:+UseParallelGC -XX:GCTimeRatio=4 -XX:AdaptiveSizePolicyWeight=90 -Dsun.zip.disableMemoryMapping=true -Xmx2G -Xms100m -Xlog:disable -javaagent:c:\Users\USER\.vscode\extensions\redhat.java-1.44.0-win32-x64\lombok\lombok-1.18.39-4050.jar -XX:+HeapDumpOnOutOfMemoryError -XX:HeapDumpPath=c:\Users\USER\AppData\Roaming\Code\User\workspaceStorage\86792585dbc43faf0f2f2baa02294349\redhat.java -Daether.dependencyCollector.impl=bf 
java_command: c:\Users\USER\.vscode\extensions\redhat.java-1.44.0-win32-x64\server\plugins\org.eclipse.equinox.launcher_1.7.0.v20250519-0528.jar -configuration c:\Users\USER\AppData\Roaming\Code\User\globalStorage\redhat.java\1.44.0\config_win -data c:\Users\USER\AppData\Roaming\Code\User\workspaceStorage\86792585dbc43faf0f2f2baa02294349\redhat.java\jdt_ws --pipe=\\.\pipe\lsp-daa3e502e47be1c38f46de496577408f-sock
java_class_path (initial): c:\Users\USER\.vscode\extensions\redhat.java-1.44.0-win32-x64\server\plugins\org.eclipse.equinox.launcher_1.7.0.v20250519-0528.jar
Launcher Type: SUN_STANDARD

[Global flags]
    uintx AdaptiveSizePolicyWeight                 = 90                                        {product} {command line}
     intx CICompilerCount                          = 4                                         {product} {ergonomic}
    uintx GCTimeRatio                              = 4                                         {product} {command line}
     bool HeapDumpOnOutOfMemoryError               = true                                   {manageable} {command line}
    ccstr HeapDumpPath                             = c:\Users\USER\AppData\Roaming\Code\User\workspaceStorage\86792585dbc43faf0f2f2baa02294349\redhat.java         {manageable} {command line}
   size_t InitialHeapSize                          = 104857600                                 {product} {command line}
   size_t MaxHeapSize                              = 2147483648                                {product} {command line}
   size_t MaxNewSize                               = 715653120                                 {product} {ergonomic}
   size_t MinHeapDeltaBytes                        = 524288                                    {product} {ergonomic}
   size_t MinHeapSize                              = 104857600                                 {product} {command line}
   size_t NewSize                                  = 34603008                                  {product} {ergonomic}
    uintx NonNMethodCodeHeapSize                   = 5839372                                {pd product} {ergonomic}
    uintx NonProfiledCodeHeapSize                  = 122909434                              {pd product} {ergonomic}
   size_t OldSize                                  = 70254592                                  {product} {ergonomic}
    uintx ProfiledCodeHeapSize                     = 122909434                              {pd product} {ergonomic}
    uintx ReservedCodeCacheSize                    = 251658240                              {pd product} {ergonomic}
     bool SegmentedCodeCache                       = true                                      {product} {ergonomic}
   size_t SoftMaxHeapSize                          = 2147483648                             {manageable} {ergonomic}
     bool UseCompressedOops                        = true                           {product lp64_product} {ergonomic}
     bool UseLargePagesIndividualAllocation        = false                                  {pd product} {ergonomic}
     bool UseParallelGC                            = true                                      {product} {command line}

Logging:
Log output configuration:
 #0: stdout all=off uptime,level,tags foldmultilines=false
 #1: stderr all=off uptime,level,tags foldmultilines=false

Environment Variables:
PATH=C:\Program Files\Common Files\Oracle\Java\javapath;C:\WINDOWS\system32;C:\WINDOWS;C:\WINDOWS\System32\Wbem;C:\WINDOWS\System32\WindowsPowerShell\v1.0\;C:\WINDOWS\System32\OpenSSH\;C:\Program Files\Git\cmd;C:\Program Files\Git LFS;C:\Program Files\CMake\bin;C:\Program Files\Go\bin;C:\xampp\php;C:\Program Files\nodejs\;C:\ProgramData\chocolatey\bin;C:\Dev\flutter\bin;C:\Users\USER\AppData\Local\Android\Sdk\platform-tools;C:\Users\USER\AppData\Local\Programs\Python\Python312\Scripts\;C:\Users\USER\AppData\Local\Programs\Python\Python312\;C:\Users\USER\.console-ninja\.bin;C:\Users\USER\anaconda3;C:\Users\USER\anaconda3\Library\mingw-w64\bin;C:\Users\USER\anaconda3\Library\usr\bin;C:\Users\USER\anaconda3\Library\bin;C:\Users\USER\anaconda3\Scripts;C:\Users\USER\.cargo\bin;C:\Users\USER\AppData\Local\Microsoft\WindowsApps;D:\Users\fredr\AppData\Local\GitHubDesktop\bin;C:\Users\USER\AppData\Local\Programs\Microsoft VS Code\bin;C:\Program Files\JetBrains\PyCharm 2024.1.4\bin;C:\Program Files\JetBrains\PyCharm Community Edition 2024.2.3\bin;;C:\Users\USER\go\bin;C:\Users\USER\AppData\Roaming\npm;C:\Users\USER\AppData\Local\Microsoft\WindowsApps;C:\Dev\flutter\bin;
USERNAME=USER
OS=Windows_NT
PROCESSOR_IDENTIFIER=AMD64 Family 23 Model 24 Stepping 1, AuthenticAMD
TMP=C:\Users\USER\AppData\Local\Temp
TEMP=C:\Users\USER\AppData\Local\Temp




Periodic native trim disabled

---------------  S Y S T E M  ---------------

OS:
 Windows 10 , 64 bit Build 19041 (10.0.19041.3636)
OS uptime: 3 days 2:41 hours
Hyper-V role detected

CPU: total 8 (initial active 8) (8 cores per cpu, 2 threads per core) family 23 model 24 stepping 1 microcode 0x0, cx8, cmov, fxsr, ht, mmx, 3dnowpref, sse, sse2, sse3, ssse3, sse4a, sse4.1, sse4.2, popcnt, lzcnt, tsc, tscinvbit, avx, avx2, aes, clmul, bmi1, bmi2, adx, sha, fma, vzeroupper, clflush, clflushopt, hv, rdtscp, f16c
Processor Information for the first 8 processors :
  Max Mhz: 2100, Current Mhz: 2100, Mhz Limit: 2100

Memory: 4k page, system-wide physical 6082M (299M free)
TotalPageFile size 16322M (AvailPageFile size 160M)
current process WorkingSet (physical memory assigned to process): 99M, peak: 99M
current process commit charge ("private bytes"): 247M, peak: 247M

vm_info: OpenJDK 64-Bit Server VM (21.0.8+9-LTS) for windows-amd64 JRE (21.0.8+9-LTS), built on 2025-07-15T00:00:00Z by "admin" with MS VC++ 17.7 (VS2022)

END.
