#
# There is insufficient memory for the Java Runtime Environment to continue.
# Native memory allocation (malloc) failed to allocate 317696 bytes. Error detail: Chunk::new
# Possible reasons:
#   The system is out of physical RAM or swap space
#   This process is running with CompressedOops enabled, and the Java Heap may be blocking the growth of the native heap
# Possible solutions:
#   Reduce memory load on the system
#   Increase physical memory or swap space
#   Check if swap backing store is full
#   Decrease Java heap size (-Xmx/-Xms)
#   Decrease number of Java threads
#   Decrease Java thread stack sizes (-Xss)
#   Set larger code cache with -XX:ReservedCodeCacheSize=
#   JVM is running with Unscaled Compressed Oops mode in which the Java heap is
#     placed in the first 4GB address space. The Java Heap base address is the
#     maximum limit for the native heap growth. Please use -XX:HeapBaseMinAddress
#     to set the Java Heap base and to place the Java Heap above 4GB virtual address.
# This output file may be truncated or incomplete.
#
#  Out of Memory Error (arena.cpp:168), pid=14740, tid=14064
#
# JRE version: OpenJDK Runtime Environment Temurin-21.0.8+9 (21.0.8+9) (build 21.0.8+9-LTS)
# Java VM: OpenJDK 64-Bit Server VM Temurin-21.0.8+9 (21.0.8+9-LTS, mixed mode, sharing, tiered, compressed oops, compressed class ptrs, parallel gc, windows-amd64)
# No core dump will be written. Minidumps are not enabled by default on client versions of Windows
#

---------------  S U M M A R Y ------------

Command Line: --add-modules=ALL-SYSTEM --add-opens=java.base/java.util=ALL-UNNAMED --add-opens=java.base/java.lang=ALL-UNNAMED --add-opens=java.base/sun.nio.fs=ALL-UNNAMED -Declipse.application=org.eclipse.jdt.ls.core.id1 -Dosgi.bundles.defaultStartLevel=4 -Declipse.product=org.eclipse.jdt.ls.core.product -Djava.import.generatesMetadataFilesAtProjectRoot=false -DDetectVMInstallationsJob.disabled=true -Dfile.encoding=utf8 -XX:+UseParallelGC -XX:GCTimeRatio=4 -XX:AdaptiveSizePolicyWeight=90 -Dsun.zip.disableMemoryMapping=true -Xmx2G -Xms100m -Xlog:disable -javaagent:c:\Users\USER\.vscode\extensions\redhat.java-1.44.0-win32-x64\lombok\lombok-1.18.39-4050.jar -XX:+HeapDumpOnOutOfMemoryError -XX:HeapDumpPath=c:\Users\USER\AppData\Roaming\Code\User\workspaceStorage\86792585dbc43faf0f2f2baa02294349\redhat.java -Daether.dependencyCollector.impl=bf c:\Users\USER\.vscode\extensions\redhat.java-1.44.0-win32-x64\server\plugins\org.eclipse.equinox.launcher_1.7.0.v20250519-0528.jar -configuration c:\Users\USER\AppData\Roaming\Code\User\globalStorage\redhat.java\1.44.0\config_win -data c:\Users\USER\AppData\Roaming\Code\User\workspaceStorage\86792585dbc43faf0f2f2baa02294349\redhat.java\jdt_ws --pipe=\\.\pipe\lsp-82cdddb7cb4c51be9c75a635cf5c014a-sock

Host: AMD Ryzen 5 3500U with Radeon Vega Mobile Gfx  , 8 cores, 5G,  Windows 10 , 64 bit Build 19041 (10.0.19041.3636)
Time: Sun Aug 17 18:59:44 2025 Hora est. Pacífico, Sudamérica elapsed time: 8.304386 seconds (0d 0h 0m 8s)

---------------  T H R E A D  ---------------

Current thread (0x000002d914c43b70):  JavaThread "C2 CompilerThread0" daemon [_thread_in_native, id=14064, stack(0x000000fb2ed00000,0x000000fb2ee00000) (1024K)]


Current CompileTask:
C2:8304 2296   !   4       java.util.jar.Attributes::read (494 bytes)

Stack: [0x000000fb2ed00000,0x000000fb2ee00000]
Native frames: (J=compiled Java code, j=interpreted, Vv=VM code, C=native code)
V  [jvm.dll+0x6d2449]
V  [jvm.dll+0x8ae341]
V  [jvm.dll+0x8b08be]
V  [jvm.dll+0x8b0fa3]
V  [jvm.dll+0x280c96]
V  [jvm.dll+0xc581d]
V  [jvm.dll+0xc5d53]
V  [jvm.dll+0x3b919c]
V  [jvm.dll+0x1e108a]
V  [jvm.dll+0x249022]
V  [jvm.dll+0x2484af]
V  [jvm.dll+0x1c89ee]
V  [jvm.dll+0x257d4d]
V  [jvm.dll+0x2562ea]
V  [jvm.dll+0x3f2d16]
V  [jvm.dll+0x857e6b]
V  [jvm.dll+0x6d0b0d]
C  [ucrtbase.dll+0x21bb2]
C  [KERNEL32.DLL+0x17344]
C  [ntdll.dll+0x526b1]


---------------  P R O C E S S  ---------------

Threads class SMR info:
_java_thread_list=0x000002d9731dc1b0, length=16, elements={
0x000002d914cc8ef0, 0x000002d914c37080, 0x000002d914c388e0, 0x000002d914c3a750,
0x000002d914c3b8e0, 0x000002d914c3d140, 0x000002d914c41500, 0x000002d914c43b70,
0x000002d914c55390, 0x000002d914d8f8d0, 0x000002d9721c4430, 0x000002d972986270,
0x000002d9727b1920, 0x000002d972b99cf0, 0x000002d972b8ad50, 0x000002d9731dc420
}

Java Threads: ( => current thread )
  0x000002d914cc8ef0 JavaThread "main"                              [_thread_blocked, id=19008, stack(0x000000fb2e300000,0x000000fb2e400000) (1024K)]
  0x000002d914c37080 JavaThread "Reference Handler"          daemon [_thread_blocked, id=19980, stack(0x000000fb2e700000,0x000000fb2e800000) (1024K)]
  0x000002d914c388e0 JavaThread "Finalizer"                  daemon [_thread_blocked, id=1540, stack(0x000000fb2e800000,0x000000fb2e900000) (1024K)]
  0x000002d914c3a750 JavaThread "Signal Dispatcher"          daemon [_thread_blocked, id=18452, stack(0x000000fb2e900000,0x000000fb2ea00000) (1024K)]
  0x000002d914c3b8e0 JavaThread "Attach Listener"            daemon [_thread_blocked, id=3936, stack(0x000000fb2ea00000,0x000000fb2eb00000) (1024K)]
  0x000002d914c3d140 JavaThread "Service Thread"             daemon [_thread_blocked, id=12728, stack(0x000000fb2eb00000,0x000000fb2ec00000) (1024K)]
  0x000002d914c41500 JavaThread "Monitor Deflation Thread"   daemon [_thread_blocked, id=15216, stack(0x000000fb2ec00000,0x000000fb2ed00000) (1024K)]
=>0x000002d914c43b70 JavaThread "C2 CompilerThread0"         daemon [_thread_in_native, id=14064, stack(0x000000fb2ed00000,0x000000fb2ee00000) (1024K)]
  0x000002d914c55390 JavaThread "C1 CompilerThread0"         daemon [_thread_blocked, id=10640, stack(0x000000fb2ee00000,0x000000fb2ef00000) (1024K)]
  0x000002d914d8f8d0 JavaThread "Common-Cleaner"             daemon [_thread_blocked, id=4228, stack(0x000000fb2ef00000,0x000000fb2f000000) (1024K)]
  0x000002d9721c4430 JavaThread "Notification Thread"        daemon [_thread_blocked, id=22344, stack(0x000000fb2f000000,0x000000fb2f100000) (1024K)]
  0x000002d972986270 JavaThread "Active Thread: Equinox Container: fd653080-6c66-4aac-8f58-117aa277158f"        [_thread_blocked, id=24184, stack(0x000000fb2f700000,0x000000fb2f800000) (1024K)]
  0x000002d9727b1920 JavaThread "Refresh Thread: Equinox Container: fd653080-6c66-4aac-8f58-117aa277158f" daemon [_thread_blocked, id=13576, stack(0x000000fb2f900000,0x000000fb2fa00000) (1024K)]
  0x000002d972b99cf0 JavaThread "Framework Event Dispatcher: Equinox Container: fd653080-6c66-4aac-8f58-117aa277158f" daemon [_thread_blocked, id=8196, stack(0x000000fb2fa00000,0x000000fb2fb00000) (1024K)]
  0x000002d972b8ad50 JavaThread "Start Level: Equinox Container: fd653080-6c66-4aac-8f58-117aa277158f" daemon [_thread_in_native_trans, id=7960, stack(0x000000fb2fb00000,0x000000fb2fc00000) (1024K)]
  0x000002d9731dc420 JavaThread "Bundle File Closer"         daemon [_thread_in_native, id=2180, stack(0x000000fb2fc00000,0x000000fb2fd00000) (1024K)]
Total: 16

Other Threads:
  0x000002d914d9e810 VMThread "VM Thread"                           [id=15276, stack(0x000000fb2e600000,0x000000fb2e700000) (1024K)]
  0x000002d914b11c40 WatcherThread "VM Periodic Task Thread"        [id=4516, stack(0x000000fb2e500000,0x000000fb2e600000) (1024K)]
  0x000002d914ce6600 WorkerThread "GC Thread#0"                     [id=15516, stack(0x000000fb2e400000,0x000000fb2e500000) (1024K)]
  0x000002d9725c0bd0 WorkerThread "GC Thread#1"                     [id=10304, stack(0x000000fb2f100000,0x000000fb2f200000) (1024K)]
  0x000002d97273e710 WorkerThread "GC Thread#2"                     [id=23000, stack(0x000000fb2f200000,0x000000fb2f300000) (1024K)]
  0x000002d97273eab0 WorkerThread "GC Thread#3"                     [id=15168, stack(0x000000fb2f300000,0x000000fb2f400000) (1024K)]
  0x000002d9726c3000 WorkerThread "GC Thread#4"                     [id=13828, stack(0x000000fb2f400000,0x000000fb2f500000) (1024K)]
  0x000002d9726c33a0 WorkerThread "GC Thread#5"                     [id=10140, stack(0x000000fb2f500000,0x000000fb2f600000) (1024K)]
  0x000002d9726c3b50 WorkerThread "GC Thread#6"                     [id=17612, stack(0x000000fb2f600000,0x000000fb2f700000) (1024K)]
  0x000002d9727c3fd0 WorkerThread "GC Thread#7"                     [id=18228, stack(0x000000fb2f800000,0x000000fb2f900000) (1024K)]
Total: 10

Threads with active compile tasks:
C2 CompilerThread0  8362 2296   !   4       java.util.jar.Attributes::read (494 bytes)
Total: 1

VM state: not at safepoint (normal execution)

VM Mutex/Monitor currently owned by a thread: None

OutOfMemory and StackOverflow Exception counts:
OutOfMemoryError java_heap_errors=1
LinkageErrors=30

Heap address: 0x0000000080000000, size: 2048 MB, Compressed Oops mode: 32-bit

CDS archive(s) mapped at: [0x000002d92c000000-0x000002d92cba0000-0x000002d92cba0000), size 12189696, SharedBaseAddress: 0x000002d92c000000, ArchiveRelocationMode: 1.
Compressed class space mapped at: 0x000002d92d000000-0x000002d96d000000, reserved size: 1073741824
Narrow klass base: 0x000002d92c000000, Narrow klass shift: 0, Narrow klass range: 0x100000000

GC Precious Log:
 CardTable entry size: 512
 CPUs: 8 total, 8 available
 Memory: 6082M
 Large Page Support: Disabled
 NUMA Support: Disabled
 Compressed Oops: Enabled (32-bit)
 Alignments: Space 512K, Generation 512K, Heap 2M
 Heap Min Capacity: 100M
 Heap Initial Capacity: 100M
 Heap Max Capacity: 2G
 Pre-touch: Disabled
 Parallel Workers: 8

Heap:
 PSYoungGen      total 29696K, used 15253K [0x00000000d5580000, 0x00000000d7680000, 0x0000000100000000)
  eden space 25600K, 43% used [0x00000000d5580000,0x00000000d6069e68,0x00000000d6e80000)
  from space 4096K, 99% used [0x00000000d6e80000,0x00000000d727b728,0x00000000d7280000)
  to   space 4096K, 0% used [0x00000000d7280000,0x00000000d7280000,0x00000000d7680000)
 ParOldGen       total 68608K, used 5147K [0x0000000080000000, 0x0000000084300000, 0x00000000d5580000)
  object space 68608K, 7% used [0x0000000080000000,0x0000000080506cd8,0x0000000084300000)
 Metaspace       used 9493K, committed 9856K, reserved 1114112K
  class space    used 997K, committed 1152K, reserved 1048576K

Card table byte_map: [0x000002d914680000,0x000002d914a90000] _byte_map_base: 0x000002d914280000

Marking Bits: (ParMarkBitMap*) 0x00007ffb8da3a340
 Begin Bits: [0x000002d927180000, 0x000002d929180000)
 End Bits:   [0x000002d929180000, 0x000002d92b180000)

Polling page: 0x000002d912a50000

Metaspace:

Usage:
  Non-class:      8.30 MB used.
      Class:    997.71 KB used.
       Both:      9.27 MB used.

Virtual space:
  Non-class space:       64.00 MB reserved,       8.50 MB ( 13%) committed,  1 nodes.
      Class space:        1.00 GB reserved,       1.12 MB ( <1%) committed,  1 nodes.
             Both:        1.06 GB reserved,       9.62 MB ( <1%) committed. 

Chunk freelists:
   Non-Class:  6.67 MB
       Class:  14.78 MB
        Both:  21.45 MB

MaxMetaspaceSize: unlimited
CompressedClassSpaceSize: 1.00 GB
Initial GC threshold: 21.00 MB
Current GC threshold: 21.00 MB
CDS: on
 - commit_granule_bytes: 65536.
 - commit_granule_words: 8192.
 - virtual_space_node_default_size: 8388608.
 - enlarge_chunks_in_place: 1.
 - use_allocation_guard: 0.


Internal statistics:

num_allocs_failed_limit: 0.
num_arena_births: 254.
num_arena_deaths: 0.
num_vsnodes_births: 2.
num_vsnodes_deaths: 0.
num_space_committed: 154.
num_space_uncommitted: 0.
num_chunks_returned_to_freelist: 0.
num_chunks_taken_from_freelist: 505.
num_chunk_merges: 0.
num_chunk_splits: 320.
num_chunks_enlarged: 212.
num_inconsistent_stats: 0.

CodeHeap 'non-profiled nmethods': size=120000Kb used=991Kb max_used=991Kb free=119008Kb
 bounds [0x000002d91f9a0000, 0x000002d91fc10000, 0x000002d926ed0000]
CodeHeap 'profiled nmethods': size=120000Kb used=4450Kb max_used=4450Kb free=115550Kb
 bounds [0x000002d917ed0000, 0x000002d918330000, 0x000002d91f400000]
CodeHeap 'non-nmethods': size=5760Kb used=1229Kb max_used=1254Kb free=4530Kb
 bounds [0x000002d91f400000, 0x000002d91f670000, 0x000002d91f9a0000]
CodeCache: size=245760Kb, used=6670Kb, max_used=6695Kb, free=239088Kb
 total_blobs=2800, nmethods=2308, adapters=398, full_count=0
Compilation: enabled, stopped_count=0, restarted_count=0

Compilation events (20 events):
Event: 8.146 Thread 0x000002d914c55390 2299       3       java.util.AbstractList::iterator (9 bytes)
Event: 8.146 Thread 0x000002d914c55390 nmethod 2299 0x000002d918321c90 code [0x000002d918321e40, 0x000002d918322098]
Event: 8.147 Thread 0x000002d914c55390 2300       3       java.util.AbstractList$Itr::<init> (31 bytes)
Event: 8.147 Thread 0x000002d914c55390 nmethod 2300 0x000002d918322190 code [0x000002d918322340, 0x000002d9183224e0]
Event: 8.150 Thread 0x000002d914c55390 2301       3       org.eclipse.osgi.internal.framework.EquinoxBundle::getHeaders (6 bytes)
Event: 8.151 Thread 0x000002d914c55390 nmethod 2301 0x000002d918322610 code [0x000002d9183227c0, 0x000002d918322998]
Event: 8.151 Thread 0x000002d914c55390 2303   !   3       org.eclipse.osgi.storage.ManifestLocalization::getHeaders (243 bytes)
Event: 8.154 Thread 0x000002d914c55390 nmethod 2303 0x000002d918322a90 code [0x000002d918322e60, 0x000002d918324850]
Event: 8.154 Thread 0x000002d914c55390 2302       3       org.eclipse.osgi.internal.framework.EquinoxBundle::getHeaders (16 bytes)
Event: 8.155 Thread 0x000002d914c55390 nmethod 2302 0x000002d918325210 code [0x000002d918325420, 0x000002d9183258a8]
Event: 8.155 Thread 0x000002d914c55390 2304       3       org.eclipse.osgi.framework.util.CaseInsensitiveDictionaryMap$UnmodifiableDictionary::get (9 bytes)
Event: 8.156 Thread 0x000002d914c55390 nmethod 2304 0x000002d918325b10 code [0x000002d918325cc0, 0x000002d918325e98]
Event: 8.164 Thread 0x000002d914c55390 2305       3       org.eclipse.osgi.container.ModuleRevision::getBundle (8 bytes)
Event: 8.165 Thread 0x000002d914c55390 nmethod 2305 0x000002d918325f90 code [0x000002d918326140, 0x000002d918326378]
Event: 8.165 Thread 0x000002d914c55390 2306       3       org.eclipse.osgi.container.ModuleRevisions::getBundle (8 bytes)
Event: 8.165 Thread 0x000002d914c55390 nmethod 2306 0x000002d918326490 code [0x000002d918326640, 0x000002d918326818]
Event: 8.204 Thread 0x000002d914c55390 2307       3       java.util.Collections::singletonIterator (9 bytes)
Event: 8.205 Thread 0x000002d914c55390 nmethod 2307 0x000002d918326910 code [0x000002d918326ac0, 0x000002d918326ce8]
Event: 8.205 Thread 0x000002d914c55390 2308       3       java.util.Collections$1::<init> (15 bytes)
Event: 8.206 Thread 0x000002d914c55390 nmethod 2308 0x000002d918326e10 code [0x000002d918326fc0, 0x000002d918327148]

GC Heap History (6 events):
Event: 2.687 GC heap before
{Heap before GC invocations=1 (full 0):
 PSYoungGen      total 29696K, used 25600K [0x00000000d5580000, 0x00000000d7680000, 0x0000000100000000)
  eden space 25600K, 100% used [0x00000000d5580000,0x00000000d6e80000,0x00000000d6e80000)
  from space 4096K, 0% used [0x00000000d7280000,0x00000000d7280000,0x00000000d7680000)
  to   space 4096K, 0% used [0x00000000d6e80000,0x00000000d6e80000,0x00000000d7280000)
 ParOldGen       total 68608K, used 0K [0x0000000080000000, 0x0000000084300000, 0x00000000d5580000)
  object space 68608K, 0% used [0x0000000080000000,0x0000000080000000,0x0000000084300000)
 Metaspace       used 4318K, committed 4608K, reserved 1114112K
  class space    used 470K, committed 576K, reserved 1048576K
}
Event: 2.706 GC heap after
{Heap after GC invocations=1 (full 0):
 PSYoungGen      total 29696K, used 3334K [0x00000000d5580000, 0x00000000d7680000, 0x0000000100000000)
  eden space 25600K, 0% used [0x00000000d5580000,0x00000000d5580000,0x00000000d6e80000)
  from space 4096K, 81% used [0x00000000d6e80000,0x00000000d71c1bb8,0x00000000d7280000)
  to   space 4096K, 0% used [0x00000000d7280000,0x00000000d7280000,0x00000000d7680000)
 ParOldGen       total 68608K, used 8K [0x0000000080000000, 0x0000000084300000, 0x00000000d5580000)
  object space 68608K, 0% used [0x0000000080000000,0x0000000080002000,0x0000000084300000)
 Metaspace       used 4318K, committed 4608K, reserved 1114112K
  class space    used 470K, committed 576K, reserved 1048576K
}
Event: 5.093 GC heap before
{Heap before GC invocations=2 (full 0):
 PSYoungGen      total 29696K, used 28934K [0x00000000d5580000, 0x00000000d7680000, 0x0000000100000000)
  eden space 25600K, 100% used [0x00000000d5580000,0x00000000d6e80000,0x00000000d6e80000)
  from space 4096K, 81% used [0x00000000d6e80000,0x00000000d71c1bb8,0x00000000d7280000)
  to   space 4096K, 0% used [0x00000000d7280000,0x00000000d7280000,0x00000000d7680000)
 ParOldGen       total 68608K, used 8K [0x0000000080000000, 0x0000000084300000, 0x00000000d5580000)
  object space 68608K, 0% used [0x0000000080000000,0x0000000080002000,0x0000000084300000)
 Metaspace       used 8026K, committed 8320K, reserved 1114112K
  class space    used 831K, committed 960K, reserved 1048576K
}
Event: 5.104 GC heap after
{Heap after GC invocations=2 (full 0):
 PSYoungGen      total 29696K, used 4085K [0x00000000d5580000, 0x00000000d7680000, 0x0000000100000000)
  eden space 25600K, 0% used [0x00000000d5580000,0x00000000d5580000,0x00000000d6e80000)
  from space 4096K, 99% used [0x00000000d7280000,0x00000000d767d530,0x00000000d7680000)
  to   space 4096K, 0% used [0x00000000d6e80000,0x00000000d6e80000,0x00000000d7280000)
 ParOldGen       total 68608K, used 1730K [0x0000000080000000, 0x0000000084300000, 0x00000000d5580000)
  object space 68608K, 2% used [0x0000000080000000,0x00000000801b0968,0x0000000084300000)
 Metaspace       used 8026K, committed 8320K, reserved 1114112K
  class space    used 831K, committed 960K, reserved 1048576K
}
Event: 7.112 GC heap before
{Heap before GC invocations=3 (full 0):
 PSYoungGen      total 29696K, used 29685K [0x00000000d5580000, 0x00000000d7680000, 0x0000000100000000)
  eden space 25600K, 100% used [0x00000000d5580000,0x00000000d6e80000,0x00000000d6e80000)
  from space 4096K, 99% used [0x00000000d7280000,0x00000000d767d530,0x00000000d7680000)
  to   space 4096K, 0% used [0x00000000d6e80000,0x00000000d6e80000,0x00000000d7280000)
 ParOldGen       total 68608K, used 1730K [0x0000000080000000, 0x0000000084300000, 0x00000000d5580000)
  object space 68608K, 2% used [0x0000000080000000,0x00000000801b0968,0x0000000084300000)
 Metaspace       used 9371K, committed 9728K, reserved 1114112K
  class space    used 997K, committed 1152K, reserved 1048576K
}
Event: 7.124 GC heap after
{Heap after GC invocations=3 (full 0):
 PSYoungGen      total 29696K, used 4077K [0x00000000d5580000, 0x00000000d7680000, 0x0000000100000000)
  eden space 25600K, 0% used [0x00000000d5580000,0x00000000d5580000,0x00000000d6e80000)
  from space 4096K, 99% used [0x00000000d6e80000,0x00000000d727b728,0x00000000d7280000)
  to   space 4096K, 0% used [0x00000000d7280000,0x00000000d7280000,0x00000000d7680000)
 ParOldGen       total 68608K, used 5147K [0x0000000080000000, 0x0000000084300000, 0x00000000d5580000)
  object space 68608K, 7% used [0x0000000080000000,0x0000000080506cd8,0x0000000084300000)
 Metaspace       used 9371K, committed 9728K, reserved 1114112K
  class space    used 997K, committed 1152K, reserved 1048576K
}

Dll operation events (9 events):
Event: 0.033 Loaded shared library c:\Users\USER\.vscode\extensions\redhat.java-1.44.0-win32-x64\jre\21.0.8-win32-x86_64\bin\java.dll
Event: 0.313 Loaded shared library c:\Users\USER\.vscode\extensions\redhat.java-1.44.0-win32-x64\jre\21.0.8-win32-x86_64\bin\zip.dll
Event: 0.433 Loaded shared library C:\Users\USER\.vscode\extensions\redhat.java-1.44.0-win32-x64\jre\21.0.8-win32-x86_64\bin\instrument.dll
Event: 0.460 Loaded shared library C:\Users\USER\.vscode\extensions\redhat.java-1.44.0-win32-x64\jre\21.0.8-win32-x86_64\bin\net.dll
Event: 0.465 Loaded shared library C:\Users\USER\.vscode\extensions\redhat.java-1.44.0-win32-x64\jre\21.0.8-win32-x86_64\bin\nio.dll
Event: 0.474 Loaded shared library C:\Users\USER\.vscode\extensions\redhat.java-1.44.0-win32-x64\jre\21.0.8-win32-x86_64\bin\zip.dll
Event: 0.525 Loaded shared library C:\Users\USER\.vscode\extensions\redhat.java-1.44.0-win32-x64\jre\21.0.8-win32-x86_64\bin\jimage.dll
Event: 0.868 Loaded shared library c:\Users\USER\.vscode\extensions\redhat.java-1.44.0-win32-x64\jre\21.0.8-win32-x86_64\bin\verify.dll
Event: 5.152 Loaded shared library C:\Users\USER\AppData\Roaming\Code\User\globalStorage\redhat.java\1.44.0\config_win\org.eclipse.equinox.launcher\org.eclipse.equinox.launcher.win32.win32.x86_64_1.2.1400.v20250730-1736\eclipse_11913.dll

Deoptimization events (20 events):
Event: 7.316 Thread 0x000002d972b8ad50 Uncommon trap: trap_request=0xffffff45 fr.pc=0x000002d91fa3ed00 relative=0x0000000000000520
Event: 7.316 Thread 0x000002d972b8ad50 Uncommon trap: reason=unstable_if action=reinterpret pc=0x000002d91fa3ed00 method=java.lang.String.substring(II)Ljava/lang/String; @ 31 c2
Event: 7.316 Thread 0x000002d972b8ad50 DEOPT PACKING pc=0x000002d91fa3ed00 sp=0x000000fb2fbfe0b0
Event: 7.316 Thread 0x000002d972b8ad50 DEOPT UNPACKING pc=0x000002d91f453aa2 sp=0x000000fb2fbfe080 mode 2
Event: 7.453 Thread 0x000002d972b8ad50 Uncommon trap: trap_request=0xffffff45 fr.pc=0x000002d91f9b7720 relative=0x0000000000000100
Event: 7.453 Thread 0x000002d972b8ad50 Uncommon trap: reason=unstable_if action=reinterpret pc=0x000002d91f9b7720 method=java.lang.StringCoding.countPositives([BII)I @ 17 c2
Event: 7.453 Thread 0x000002d972b8ad50 DEOPT PACKING pc=0x000002d91f9b7720 sp=0x000000fb2fbfd3e0
Event: 7.453 Thread 0x000002d972b8ad50 DEOPT UNPACKING pc=0x000002d91f453aa2 sp=0x000000fb2fbfd368 mode 2
Event: 7.468 Thread 0x000002d972b8ad50 DEOPT PACKING pc=0x000002d9182df5c9 sp=0x000000fb2fbfd3f0
Event: 7.468 Thread 0x000002d972b8ad50 DEOPT UNPACKING pc=0x000002d91f454242 sp=0x000000fb2fbfc860 mode 0
Event: 7.512 Thread 0x000002d972b8ad50 DEOPT PACKING pc=0x000002d9182df5c9 sp=0x000000fb2fbfd3f0
Event: 7.512 Thread 0x000002d972b8ad50 DEOPT UNPACKING pc=0x000002d91f454242 sp=0x000000fb2fbfc860 mode 0
Event: 7.597 Thread 0x000002d972b8ad50 DEOPT PACKING pc=0x000002d9182df5c9 sp=0x000000fb2fbfd3f0
Event: 7.597 Thread 0x000002d972b8ad50 DEOPT UNPACKING pc=0x000002d91f454242 sp=0x000000fb2fbfc860 mode 0
Event: 7.631 Thread 0x000002d972b8ad50 DEOPT PACKING pc=0x000002d9182df5c9 sp=0x000000fb2fbfd460
Event: 7.631 Thread 0x000002d972b8ad50 DEOPT UNPACKING pc=0x000002d91f454242 sp=0x000000fb2fbfc8d0 mode 0
Event: 7.787 Thread 0x000002d972b8ad50 Uncommon trap: trap_request=0xffffff45 fr.pc=0x000002d91fa164cc relative=0x000000000000018c
Event: 7.787 Thread 0x000002d972b8ad50 Uncommon trap: reason=unstable_if action=reinterpret pc=0x000002d91fa164cc method=java.lang.String.startsWith(Ljava/lang/String;I)Z @ 50 c2
Event: 7.787 Thread 0x000002d972b8ad50 DEOPT PACKING pc=0x000002d91fa164cc sp=0x000000fb2fbfe4c0
Event: 7.787 Thread 0x000002d972b8ad50 DEOPT UNPACKING pc=0x000002d91f453aa2 sp=0x000000fb2fbfe3f0 mode 2

Classes loaded (20 events):
Event: 6.015 Loading class sun/util/logging/resources/logging_es_MX
Event: 6.015 Loading class sun/util/logging/resources/logging_es_MX done
Event: 6.015 Loading class sun/util/logging/resources/logging_es_MX
Event: 6.015 Loading class sun/util/logging/resources/logging_es_MX done
Event: 6.033 Loading class java/util/Formatter$DateTime
Event: 6.033 Loading class java/util/Formatter$DateTime done
Event: 6.034 Loading class java/util/Formatter$FixedString
Event: 6.034 Loading class java/util/Formatter$FixedString done
Event: 6.036 Loading class java/time/ZonedDateTime$1
Event: 6.036 Loading class java/time/ZonedDateTime$1 done
Event: 6.047 Loading class jdk/internal/module/ModulePatcher$PatchedModuleReader
Event: 6.049 Loading class jdk/internal/module/ModulePatcher$PatchedModuleReader done
Event: 6.088 Loading class sun/util/resources/LocaleData$CommonResourceBundleProvider
Event: 6.088 Loading class sun/util/resources/LocaleData$LocaleDataResourceBundleProvider
Event: 6.088 Loading class java/util/spi/ResourceBundleProvider
Event: 6.094 Loading class java/util/spi/ResourceBundleProvider done
Event: 6.094 Loading class sun/util/resources/LocaleData$LocaleDataResourceBundleProvider done
Event: 6.094 Loading class sun/util/resources/LocaleData$CommonResourceBundleProvider done
Event: 6.099 Loading class sun/util/resources/Bundles$2
Event: 6.099 Loading class sun/util/resources/Bundles$2 done

Classes unloaded (0 events):
No events

Classes redefined (0 events):
No events

Internal exceptions (20 events):
Event: 2.202 Thread 0x000002d914cc8ef0 Exception <a 'java/lang/NoSuchMethodError'{0x00000000d6605610}: 'java.lang.Object java.lang.invoke.DirectMethodHandle$Holder.invokeInterface(java.lang.Object, java.lang.Object, int)'> (0x00000000d6605610) 
thrown [s\src\hotspot\share\interpreter\linkResolver.cpp, line 773]
Event: 2.520 Thread 0x000002d914cc8ef0 Exception <a 'java/lang/NoSuchMethodError'{0x00000000d6a87c20}: 'java.lang.ClassLoader java.lang.ClassLoader.getPlatformClassLoader(java.lang.Class)'> (0x00000000d6a87c20) 
thrown [s\src\hotspot\share\interpreter\linkResolver.cpp, line 773]
Event: 2.718 Thread 0x000002d914cc8ef0 Exception <a 'java/lang/ClassNotFoundException'{0x00000000d559f4e0}: sun/net/www/protocol/c/Handler> (0x00000000d559f4e0) 
thrown [s\src\hotspot\share\classfile\systemDictionary.cpp, line 312]
Event: 2.718 Thread 0x000002d914cc8ef0 Exception <a 'java/lang/ClassNotFoundException'{0x00000000d55a0888}: sun/net/www/protocol/c/Handler> (0x00000000d55a0888) 
thrown [s\src\hotspot\share\classfile\systemDictionary.cpp, line 312]
Event: 2.720 Thread 0x000002d914cc8ef0 Exception <a 'java/lang/ClassNotFoundException'{0x00000000d55a1a78}: sun/net/www/protocol/c/Handler> (0x00000000d55a1a78) 
thrown [s\src\hotspot\share\classfile\systemDictionary.cpp, line 312]
Event: 2.748 Thread 0x000002d914cc8ef0 Exception <a 'java/io/FileNotFoundException'{0x00000000d55ca170}> (0x00000000d55ca170) 
thrown [s\src\hotspot\share\prims\jni.cpp, line 520]
Event: 2.884 Thread 0x000002d914cc8ef0 Exception <a 'java/lang/NoSuchMethodError'{0x00000000d5776c08}: 'void java.lang.invoke.DirectMethodHandle$Holder.invokeStatic(java.lang.Object, java.lang.Object, java.lang.Object, java.lang.Object)'> (0x00000000d5776c08) 
thrown [s\src\hotspot\share\interpreter\linkResolver.cpp, line 773]
Event: 3.150 Thread 0x000002d914cc8ef0 Exception <a 'java/lang/NoSuchMethodError'{0x00000000d5a0caf8}: 'void java.lang.invoke.DirectMethodHandle$Holder.invokeSpecial(java.lang.Object, java.lang.Object, java.lang.Object)'> (0x00000000d5a0caf8) 
thrown [s\src\hotspot\share\interpreter\linkResolver.cpp, line 773]
Event: 3.727 Thread 0x000002d914cc8ef0 Exception <a 'java/lang/NoSuchMethodError'{0x00000000d64121f8}: 'int java.lang.invoke.DirectMethodHandle$Holder.invokeVirtual(java.lang.Object, java.lang.Object)'> (0x00000000d64121f8) 
thrown [s\src\hotspot\share\interpreter\linkResolver.cpp, line 773]
Event: 3.863 Thread 0x000002d914cc8ef0 Exception <a 'java/lang/NoSuchMethodError'{0x00000000d6597f70}: 'int java.lang.invoke.DirectMethodHandle$Holder.invokeStaticInit(java.lang.Object, java.lang.Object, java.lang.Object, java.lang.Object)'> (0x00000000d6597f70) 
thrown [s\src\hotspot\share\interpreter\linkResolver.cpp, line 773]
Event: 3.866 Thread 0x000002d914cc8ef0 Exception <a 'java/lang/IncompatibleClassChangeError'{0x00000000d65a03f8}: Found class java.lang.Object, but interface was expected> (0x00000000d65a03f8) 
thrown [s\src\hotspot\share\interpreter\linkResolver.cpp, line 840]
Event: 3.868 Thread 0x000002d914cc8ef0 Exception <a 'java/lang/NoSuchMethodError'{0x00000000d65a7328}: 'void java.lang.invoke.DirectMethodHandle$Holder.invokeStaticInit(java.lang.Object, java.lang.Object)'> (0x00000000d65a7328) 
thrown [s\src\hotspot\share\interpreter\linkResolver.cpp, line 773]
Event: 3.878 Thread 0x000002d914cc8ef0 Exception <a 'java/lang/NoSuchMethodError'{0x00000000d65b0e80}: 'int java.lang.invoke.DirectMethodHandle$Holder.invokeStaticInit(java.lang.Object, java.lang.Object)'> (0x00000000d65b0e80) 
thrown [s\src\hotspot\share\interpreter\linkResolver.cpp, line 773]
Event: 4.063 Thread 0x000002d914cc8ef0 Exception <a 'java/lang/NoSuchMethodError'{0x00000000d681bd30}: 'java.lang.Object java.lang.invoke.DirectMethodHandle$Holder.newInvokeSpecial(java.lang.Object, int, java.lang.Object)'> (0x00000000d681bd30) 
thrown [s\src\hotspot\share\interpreter\linkResolver.cpp, line 773]
Event: 4.262 Thread 0x000002d914cc8ef0 Exception <a 'java/lang/ClassNotFoundException'{0x00000000d6a2d0f8}: sun/net/www/protocol/plurl/Handler> (0x00000000d6a2d0f8) 
thrown [s\src\hotspot\share\classfile\systemDictionary.cpp, line 312]
Event: 5.130 Thread 0x000002d914cc8ef0 Exception <a 'java/lang/UnsatisfiedLinkError'{0x00000000d55c4610}: 'void org.eclipse.equinox.launcher.JNIBridge._update_splash()'> (0x00000000d55c4610) 
thrown [s\src\hotspot\share\prims\nativeLookup.cpp, line 415]
Event: 5.754 Thread 0x000002d972b8ad50 Exception <a 'java/lang/NoSuchMethodError'{0x00000000d5bc3a70}: 'java.lang.Object java.lang.invoke.DirectMethodHandle$Holder.newInvokeSpecial(java.lang.Object, java.lang.Object, int, java.lang.Object)'> (0x00000000d5bc3a70) 
thrown [s\src\hotspot\share\interpreter\linkResolver.cpp, line 773]
Event: 5.766 Thread 0x000002d972b8ad50 Exception <a 'java/lang/NoSuchMethodError'{0x00000000d5bc78e0}: 'java.lang.Object java.lang.invoke.DirectMethodHandle$Holder.invokeSpecial(java.lang.Object, java.lang.Object, java.lang.Object, int, java.lang.Object)'> (0x00000000d5bc78e0) 
thrown [s\src\hotspot\share\interpreter\linkResolver.cpp, line 773]
Event: 5.847 Thread 0x000002d972b8ad50 Exception <a 'java/lang/NoClassDefFoundError'{0x00000000d5c67e50}: jakarta/servlet/ServletContainerInitializer> (0x00000000d5c67e50) 
thrown [s\src\hotspot\share\classfile\systemDictionary.cpp, line 301]
Event: 5.985 Thread 0x000002d972b8ad50 Exception <a 'java/lang/ClassNotFoundException'{0x00000000d5db4c00}: sun/util/logging/resources/spi/loggingProvider> (0x00000000d5db4c00) 
thrown [s\src\hotspot\share\classfile\systemDictionary.cpp, line 312]

ZGC Phase Switch (0 events):
No events

VM Operations (20 events):
Event: 4.165 Executing VM operation: HandshakeAllThreads (Deoptimize)
Event: 4.165 Executing VM operation: HandshakeAllThreads (Deoptimize) done
Event: 4.214 Executing VM operation: HandshakeAllThreads (Deoptimize)
Event: 4.214 Executing VM operation: HandshakeAllThreads (Deoptimize) done
Event: 5.093 Executing VM operation: ParallelGCFailedAllocation (Allocation Failure)
Event: 5.104 Executing VM operation: ParallelGCFailedAllocation (Allocation Failure) done
Event: 5.899 Executing VM operation: HandshakeAllThreads (Deoptimize)
Event: 5.899 Executing VM operation: HandshakeAllThreads (Deoptimize) done
Event: 6.050 Executing VM operation: HandshakeAllThreads (Deoptimize)
Event: 6.050 Executing VM operation: HandshakeAllThreads (Deoptimize) done
Event: 6.131 Executing VM operation: HandshakeAllThreads (Deoptimize)
Event: 6.131 Executing VM operation: HandshakeAllThreads (Deoptimize) done
Event: 6.131 Executing VM operation: Cleanup
Event: 6.131 Executing VM operation: Cleanup done
Event: 6.163 Executing VM operation: HandshakeAllThreads (Deoptimize)
Event: 6.163 Executing VM operation: HandshakeAllThreads (Deoptimize) done
Event: 7.112 Executing VM operation: ParallelGCFailedAllocation (Allocation Failure)
Event: 7.124 Executing VM operation: ParallelGCFailedAllocation (Allocation Failure) done
Event: 8.126 Executing VM operation: Cleanup
Event: 8.126 Executing VM operation: Cleanup done

Memory protections (0 events):
No events

Nmethod flushes (0 events):
No events

Events (16 events):
Event: 0.091 Thread 0x000002d914cc8ef0 Thread added: 0x000002d914cc8ef0
Event: 0.141 Thread 0x000002d914cc8ef0 Thread added: 0x000002d914c37080
Event: 0.141 Thread 0x000002d914cc8ef0 Thread added: 0x000002d914c388e0
Event: 0.142 Thread 0x000002d914cc8ef0 Thread added: 0x000002d914c3a750
Event: 0.142 Thread 0x000002d914cc8ef0 Thread added: 0x000002d914c3b8e0
Event: 0.142 Thread 0x000002d914cc8ef0 Thread added: 0x000002d914c3d140
Event: 0.142 Thread 0x000002d914cc8ef0 Thread added: 0x000002d914c41500
Event: 0.143 Thread 0x000002d914cc8ef0 Thread added: 0x000002d914c43b70
Event: 0.143 Thread 0x000002d914cc8ef0 Thread added: 0x000002d914c55390
Event: 0.241 Thread 0x000002d914cc8ef0 Thread added: 0x000002d914d8f8d0
Event: 1.448 Thread 0x000002d914cc8ef0 Thread added: 0x000002d9721c4430
Event: 3.925 Thread 0x000002d914cc8ef0 Thread added: 0x000002d972986270
Event: 5.124 Thread 0x000002d914cc8ef0 Thread added: 0x000002d9727b1920
Event: 5.347 Thread 0x000002d9727b1920 Thread added: 0x000002d972b99cf0
Event: 5.362 Thread 0x000002d914cc8ef0 Thread added: 0x000002d972b8ad50
Event: 7.310 Thread 0x000002d972b8ad50 Thread added: 0x000002d9731dc420


Dynamic libraries:
0x00007ff662990000 - 0x00007ff66299e000 	c:\Users\USER\.vscode\extensions\redhat.java-1.44.0-win32-x64\jre\21.0.8-win32-x86_64\bin\java.exe
0x00007ffbdba30000 - 0x00007ffbdbc28000 	C:\WINDOWS\SYSTEM32\ntdll.dll
0x00007ffbdb4e0000 - 0x00007ffbdb59d000 	C:\WINDOWS\System32\KERNEL32.DLL
0x00007ffbd94a0000 - 0x00007ffbd9796000 	C:\WINDOWS\System32\KERNELBASE.dll
0x00007ffbd9270000 - 0x00007ffbd9370000 	C:\WINDOWS\System32\ucrtbase.dll
0x00007ffbbc8d0000 - 0x00007ffbbc8e8000 	c:\Users\USER\.vscode\extensions\redhat.java-1.44.0-win32-x64\jre\21.0.8-win32-x86_64\bin\jli.dll
0x00007ffbd9aa0000 - 0x00007ffbd9c3e000 	C:\WINDOWS\System32\USER32.dll
0x00007ffbd9370000 - 0x00007ffbd9392000 	C:\WINDOWS\System32\win32u.dll
0x00007ffbdb040000 - 0x00007ffbdb06c000 	C:\WINDOWS\System32\GDI32.dll
0x00007ffbd97d0000 - 0x00007ffbd98ea000 	C:\WINDOWS\System32\gdi32full.dll
0x00007ffbd99f0000 - 0x00007ffbd9a8d000 	C:\WINDOWS\System32\msvcp_win.dll
0x00007ffbc1fc0000 - 0x00007ffbc1fde000 	c:\Users\USER\.vscode\extensions\redhat.java-1.44.0-win32-x64\jre\21.0.8-win32-x86_64\bin\VCRUNTIME140.dll
0x00007ffbc8750000 - 0x00007ffbc89ea000 	C:\WINDOWS\WinSxS\amd64_microsoft.windows.common-controls_6595b64144ccf1df_6.0.19041.3636_none_60b6a03d71f818d5\COMCTL32.dll
0x00007ffbdb620000 - 0x00007ffbdb6be000 	C:\WINDOWS\System32\msvcrt.dll
0x00007ffbdaf10000 - 0x00007ffbdaf40000 	C:\WINDOWS\System32\IMM32.DLL
0x00007ffbc39f0000 - 0x00007ffbc39fc000 	c:\Users\USER\.vscode\extensions\redhat.java-1.44.0-win32-x64\jre\21.0.8-win32-x86_64\bin\vcruntime140_1.dll
0x00007ffbad470000 - 0x00007ffbad4fd000 	c:\Users\USER\.vscode\extensions\redhat.java-1.44.0-win32-x64\jre\21.0.8-win32-x86_64\bin\msvcp140.dll
0x00007ffb8cd80000 - 0x00007ffb8db17000 	c:\Users\USER\.vscode\extensions\redhat.java-1.44.0-win32-x64\jre\21.0.8-win32-x86_64\bin\server\jvm.dll
0x00007ffbdab40000 - 0x00007ffbdabef000 	C:\WINDOWS\System32\ADVAPI32.dll
0x00007ffbdb6c0000 - 0x00007ffbdb75c000 	C:\WINDOWS\System32\sechost.dll
0x00007ffbdade0000 - 0x00007ffbdaf06000 	C:\WINDOWS\System32\RPCRT4.dll
0x00007ffbdad70000 - 0x00007ffbdaddb000 	C:\WINDOWS\System32\WS2_32.dll
0x00007ffbd8f70000 - 0x00007ffbd8fbb000 	C:\WINDOWS\SYSTEM32\POWRPROF.dll
0x00007ffbd1ef0000 - 0x00007ffbd1f17000 	C:\WINDOWS\SYSTEM32\WINMM.dll
0x00007ffbd1ee0000 - 0x00007ffbd1eea000 	C:\WINDOWS\SYSTEM32\VERSION.dll
0x00007ffbd8f50000 - 0x00007ffbd8f62000 	C:\WINDOWS\SYSTEM32\UMPDC.dll
0x00007ffbd6f80000 - 0x00007ffbd6f92000 	C:\WINDOWS\SYSTEM32\kernel.appcore.dll
0x00007ffbc0750000 - 0x00007ffbc075a000 	c:\Users\USER\.vscode\extensions\redhat.java-1.44.0-win32-x64\jre\21.0.8-win32-x86_64\bin\jimage.dll
0x00007ffbc7bb0000 - 0x00007ffbc7d94000 	C:\WINDOWS\SYSTEM32\DBGHELP.DLL
0x00007ffbc70b0000 - 0x00007ffbc70e4000 	C:\WINDOWS\SYSTEM32\dbgcore.DLL
0x00007ffbd98f0000 - 0x00007ffbd9972000 	C:\WINDOWS\System32\bcryptPrimitives.dll
0x00007ffbcd080000 - 0x00007ffbcd08f000 	c:\Users\USER\.vscode\extensions\redhat.java-1.44.0-win32-x64\jre\21.0.8-win32-x86_64\bin\instrument.dll
0x00007ffbb4dc0000 - 0x00007ffbb4ddf000 	c:\Users\USER\.vscode\extensions\redhat.java-1.44.0-win32-x64\jre\21.0.8-win32-x86_64\bin\java.dll
0x00007ffbda340000 - 0x00007ffbdaa85000 	C:\WINDOWS\System32\SHELL32.dll
0x00007ffbd7180000 - 0x00007ffbd791b000 	C:\WINDOWS\SYSTEM32\windows.storage.dll
0x00007ffbd9c40000 - 0x00007ffbd9f94000 	C:\WINDOWS\System32\combase.dll
0x00007ffbd89a0000 - 0x00007ffbd89cd000 	C:\WINDOWS\SYSTEM32\Wldp.dll
0x00007ffbda290000 - 0x00007ffbda33d000 	C:\WINDOWS\System32\SHCORE.dll
0x00007ffbdabf0000 - 0x00007ffbdac45000 	C:\WINDOWS\System32\shlwapi.dll
0x00007ffbd9040000 - 0x00007ffbd9065000 	C:\WINDOWS\SYSTEM32\profapi.dll
0x00007ffbb4da0000 - 0x00007ffbb4db8000 	c:\Users\USER\.vscode\extensions\redhat.java-1.44.0-win32-x64\jre\21.0.8-win32-x86_64\bin\zip.dll
0x00007ffbc06c0000 - 0x00007ffbc06d0000 	C:\Users\USER\.vscode\extensions\redhat.java-1.44.0-win32-x64\jre\21.0.8-win32-x86_64\bin\net.dll
0x00007ffbcf600000 - 0x00007ffbcf70a000 	C:\WINDOWS\SYSTEM32\WINHTTP.dll
0x00007ffbd8780000 - 0x00007ffbd87ea000 	C:\WINDOWS\system32\mswsock.dll
0x00007ffbb4d50000 - 0x00007ffbb4d66000 	C:\Users\USER\.vscode\extensions\redhat.java-1.44.0-win32-x64\jre\21.0.8-win32-x86_64\bin\nio.dll
0x00007ffbcd090000 - 0x00007ffbcd0a0000 	c:\Users\USER\.vscode\extensions\redhat.java-1.44.0-win32-x64\jre\21.0.8-win32-x86_64\bin\verify.dll
0x00007ffbad2f0000 - 0x00007ffbad335000 	C:\Users\USER\AppData\Roaming\Code\User\globalStorage\redhat.java\1.44.0\config_win\org.eclipse.equinox.launcher\org.eclipse.equinox.launcher.win32.win32.x86_64_1.2.1400.v20250730-1736\eclipse_11913.dll
0x00007ffbda160000 - 0x00007ffbda28b000 	C:\WINDOWS\System32\ole32.dll

JVMTI agents:
c:\Users\USER\.vscode\extensions\redhat.java-1.44.0-win32-x64\lombok\lombok-1.18.39-4050.jar path:c:\Users\USER\.vscode\extensions\redhat.java-1.44.0-win32-x64\jre\21.0.8-win32-x86_64\bin\instrument.dll, loaded, initialized, instrumentlib options:none

dbghelp: loaded successfully - version: 4.0.5 - missing functions: none
symbol engine: initialized successfully - sym options: 0x614 - pdb path: .;c:\Users\USER\.vscode\extensions\redhat.java-1.44.0-win32-x64\jre\21.0.8-win32-x86_64\bin;C:\WINDOWS\SYSTEM32;C:\WINDOWS\WinSxS\amd64_microsoft.windows.common-controls_6595b64144ccf1df_6.0.19041.3636_none_60b6a03d71f818d5;c:\Users\USER\.vscode\extensions\redhat.java-1.44.0-win32-x64\jre\21.0.8-win32-x86_64\bin\server;C:\Users\USER\AppData\Roaming\Code\User\globalStorage\redhat.java\1.44.0\config_win\org.eclipse.equinox.launcher\org.eclipse.equinox.launcher.win32.win32.x86_64_1.2.1400.v20250730-1736

VM Arguments:
jvm_args: --add-modules=ALL-SYSTEM --add-opens=java.base/java.util=ALL-UNNAMED --add-opens=java.base/java.lang=ALL-UNNAMED --add-opens=java.base/sun.nio.fs=ALL-UNNAMED -Declipse.application=org.eclipse.jdt.ls.core.id1 -Dosgi.bundles.defaultStartLevel=4 -Declipse.product=org.eclipse.jdt.ls.core.product -Djava.import.generatesMetadataFilesAtProjectRoot=false -DDetectVMInstallationsJob.disabled=true -Dfile.encoding=utf8 -XX:+UseParallelGC -XX:GCTimeRatio=4 -XX:AdaptiveSizePolicyWeight=90 -Dsun.zip.disableMemoryMapping=true -Xmx2G -Xms100m -Xlog:disable -javaagent:c:\Users\USER\.vscode\extensions\redhat.java-1.44.0-win32-x64\lombok\lombok-1.18.39-4050.jar -XX:+HeapDumpOnOutOfMemoryError -XX:HeapDumpPath=c:\Users\USER\AppData\Roaming\Code\User\workspaceStorage\86792585dbc43faf0f2f2baa02294349\redhat.java -Daether.dependencyCollector.impl=bf 
java_command: c:\Users\USER\.vscode\extensions\redhat.java-1.44.0-win32-x64\server\plugins\org.eclipse.equinox.launcher_1.7.0.v20250519-0528.jar -configuration c:\Users\USER\AppData\Roaming\Code\User\globalStorage\redhat.java\1.44.0\config_win -data c:\Users\USER\AppData\Roaming\Code\User\workspaceStorage\86792585dbc43faf0f2f2baa02294349\redhat.java\jdt_ws --pipe=\\.\pipe\lsp-82cdddb7cb4c51be9c75a635cf5c014a-sock
java_class_path (initial): c:\Users\USER\.vscode\extensions\redhat.java-1.44.0-win32-x64\server\plugins\org.eclipse.equinox.launcher_1.7.0.v20250519-0528.jar
Launcher Type: SUN_STANDARD

[Global flags]
    uintx AdaptiveSizePolicyWeight                 = 90                                        {product} {command line}
     intx CICompilerCount                          = 4                                         {product} {ergonomic}
    uintx GCTimeRatio                              = 4                                         {product} {command line}
     bool HeapDumpOnOutOfMemoryError               = true                                   {manageable} {command line}
    ccstr HeapDumpPath                             = c:\Users\USER\AppData\Roaming\Code\User\workspaceStorage\86792585dbc43faf0f2f2baa02294349\redhat.java         {manageable} {command line}
   size_t InitialHeapSize                          = 104857600                                 {product} {command line}
   size_t MaxHeapSize                              = 2147483648                                {product} {command line}
   size_t MaxNewSize                               = 715653120                                 {product} {ergonomic}
   size_t MinHeapDeltaBytes                        = 524288                                    {product} {ergonomic}
   size_t MinHeapSize                              = 104857600                                 {product} {command line}
   size_t NewSize                                  = 34603008                                  {product} {ergonomic}
    uintx NonNMethodCodeHeapSize                   = 5839372                                {pd product} {ergonomic}
    uintx NonProfiledCodeHeapSize                  = 122909434                              {pd product} {ergonomic}
   size_t OldSize                                  = 70254592                                  {product} {ergonomic}
    uintx ProfiledCodeHeapSize                     = 122909434                              {pd product} {ergonomic}
    uintx ReservedCodeCacheSize                    = 251658240                              {pd product} {ergonomic}
     bool SegmentedCodeCache                       = true                                      {product} {ergonomic}
   size_t SoftMaxHeapSize                          = 2147483648                             {manageable} {ergonomic}
     bool UseCompressedOops                        = true                           {product lp64_product} {ergonomic}
     bool UseLargePagesIndividualAllocation        = false                                  {pd product} {ergonomic}
     bool UseParallelGC                            = true                                      {product} {command line}

Logging:
Log output configuration:
 #0: stdout all=off uptime,level,tags foldmultilines=false
 #1: stderr all=off uptime,level,tags foldmultilines=false

Environment Variables:
PATH=C:\Program Files\Common Files\Oracle\Java\javapath;C:\WINDOWS\system32;C:\WINDOWS;C:\WINDOWS\System32\Wbem;C:\WINDOWS\System32\WindowsPowerShell\v1.0\;C:\WINDOWS\System32\OpenSSH\;C:\Program Files\Git\cmd;C:\Program Files\Git LFS;C:\Program Files\CMake\bin;C:\Program Files\Go\bin;C:\xampp\php;C:\Program Files\nodejs\;C:\ProgramData\chocolatey\bin;C:\Dev\flutter\bin;C:\Users\USER\AppData\Local\Android\Sdk\platform-tools;C:\Users\USER\AppData\Local\Programs\Python\Python312\Scripts\;C:\Users\USER\AppData\Local\Programs\Python\Python312\;C:\Users\USER\.console-ninja\.bin;C:\Users\USER\anaconda3;C:\Users\USER\anaconda3\Library\mingw-w64\bin;C:\Users\USER\anaconda3\Library\usr\bin;C:\Users\USER\anaconda3\Library\bin;C:\Users\USER\anaconda3\Scripts;C:\Users\USER\.cargo\bin;C:\Users\USER\AppData\Local\Microsoft\WindowsApps;D:\Users\fredr\AppData\Local\GitHubDesktop\bin;C:\Users\USER\AppData\Local\Programs\Microsoft VS Code\bin;C:\Program Files\JetBrains\PyCharm 2024.1.4\bin;C:\Program Files\JetBrains\PyCharm Community Edition 2024.2.3\bin;;C:\Users\USER\go\bin;C:\Users\USER\AppData\Roaming\npm;C:\Users\USER\AppData\Local\Microsoft\WindowsApps;C:\Dev\flutter\bin;
USERNAME=USER
OS=Windows_NT
PROCESSOR_IDENTIFIER=AMD64 Family 23 Model 24 Stepping 1, AuthenticAMD
TMP=C:\Users\USER\AppData\Local\Temp
TEMP=C:\Users\USER\AppData\Local\Temp




Periodic native trim disabled

---------------  S Y S T E M  ---------------

OS:
 Windows 10 , 64 bit Build 19041 (10.0.19041.3636)
OS uptime: 3 days 2:15 hours
Hyper-V role detected

CPU: total 8 (initial active 8) (8 cores per cpu, 2 threads per core) family 23 model 24 stepping 1 microcode 0x0, cx8, cmov, fxsr, ht, mmx, 3dnowpref, sse, sse2, sse3, ssse3, sse4a, sse4.1, sse4.2, popcnt, lzcnt, tsc, tscinvbit, avx, avx2, aes, clmul, bmi1, bmi2, adx, sha, fma, vzeroupper, clflush, clflushopt, hv, rdtscp, f16c
Processor Information for the first 8 processors :
  Max Mhz: 2100, Current Mhz: 2100, Mhz Limit: 2100

Memory: 4k page, system-wide physical 6082M (331M free)
TotalPageFile size 16322M (AvailPageFile size 89M)
current process WorkingSet (physical memory assigned to process): 105M, peak: 105M
current process commit charge ("private bytes"): 247M, peak: 248M

vm_info: OpenJDK 64-Bit Server VM (21.0.8+9-LTS) for windows-amd64 JRE (21.0.8+9-LTS), built on 2025-07-15T00:00:00Z by "admin" with MS VC++ 17.7 (VS2022)

END.
