#
# There is insufficient memory for the Java Runtime Environment to continue.
# Native memory allocation (mmap) failed to map 65536 bytes. Error detail: Failed to commit metaspace.
# Possible reasons:
#   The system is out of physical RAM or swap space
#   This process is running with CompressedOops enabled, and the Java Heap may be blocking the growth of the native heap
# Possible solutions:
#   Reduce memory load on the system
#   Increase physical memory or swap space
#   Check if swap backing store is full
#   Decrease Java heap size (-Xmx/-Xms)
#   Decrease number of Java threads
#   Decrease Java thread stack sizes (-Xss)
#   Set larger code cache with -XX:ReservedCodeCacheSize=
#   JVM is running with Unscaled Compressed Oops mode in which the Java heap is
#     placed in the first 4GB address space. The Java Heap base address is the
#     maximum limit for the native heap growth. Please use -XX:HeapBaseMinAddress
#     to set the Java Heap base and to place the Java Heap above 4GB virtual address.
# This output file may be truncated or incomplete.
#
#  Out of Memory Error (virtualSpaceNode.cpp:113), pid=19516, tid=10416
#
# JRE version: OpenJDK Runtime Environment Temurin-21.0.8+9 (21.0.8+9) (build 21.0.8+9-LTS)
# Java VM: OpenJDK 64-Bit Server VM Temurin-21.0.8+9 (21.0.8+9-LTS, mixed mode, sharing, tiered, compressed oops, compressed class ptrs, parallel gc, windows-amd64)
# No core dump will be written. Minidumps are not enabled by default on client versions of Windows
#

---------------  S U M M A R Y ------------

Command Line: --add-modules=ALL-SYSTEM --add-opens=java.base/java.util=ALL-UNNAMED --add-opens=java.base/java.lang=ALL-UNNAMED --add-opens=java.base/sun.nio.fs=ALL-UNNAMED -Declipse.application=org.eclipse.jdt.ls.core.id1 -Dosgi.bundles.defaultStartLevel=4 -Declipse.product=org.eclipse.jdt.ls.core.product -Djava.import.generatesMetadataFilesAtProjectRoot=false -DDetectVMInstallationsJob.disabled=true -Dfile.encoding=utf8 -XX:+UseParallelGC -XX:GCTimeRatio=4 -XX:AdaptiveSizePolicyWeight=90 -Dsun.zip.disableMemoryMapping=true -Xmx2G -Xms100m -Xlog:disable -javaagent:c:\Users\USER\.vscode\extensions\redhat.java-1.44.0-win32-x64\lombok\lombok-1.18.39-4050.jar -XX:+HeapDumpOnOutOfMemoryError -XX:HeapDumpPath=c:\Users\USER\AppData\Roaming\Code\User\workspaceStorage\86792585dbc43faf0f2f2baa02294349\redhat.java -Daether.dependencyCollector.impl=bf c:\Users\USER\.vscode\extensions\redhat.java-1.44.0-win32-x64\server\plugins\org.eclipse.equinox.launcher_1.7.0.v20250519-0528.jar -configuration c:\Users\USER\AppData\Roaming\Code\User\globalStorage\redhat.java\1.44.0\config_win -data c:\Users\USER\AppData\Roaming\Code\User\workspaceStorage\86792585dbc43faf0f2f2baa02294349\redhat.java\jdt_ws --pipe=\\.\pipe\lsp-d4a78f2c65f0c4d792eb1345ccaa6ce3-sock

Host: AMD Ryzen 5 3500U with Radeon Vega Mobile Gfx  , 8 cores, 5G,  Windows 10 , 64 bit Build 19041 (10.0.19041.3636)
Time: Sun Aug 17 19:26:17 2025 Hora est. Pacífico, Sudamérica elapsed time: 2.082371 seconds (0d 0h 0m 2s)

---------------  T H R E A D  ---------------

Current thread (0x0000023e514b84f0):  JavaThread "main"             [_thread_in_vm, id=10416, stack(0x00000055fa700000,0x00000055fa800000) (1024K)]

Stack: [0x00000055fa700000,0x00000055fa800000]
Native frames: (J=compiled Java code, j=interpreted, Vv=VM code, C=native code)
V  [jvm.dll+0x6d2449]
V  [jvm.dll+0x8ae341]
V  [jvm.dll+0x8b08be]
V  [jvm.dll+0x8b0fa3]
V  [jvm.dll+0x280c96]
V  [jvm.dll+0x8aa07e]
V  [jvm.dll+0x6745b5]
V  [jvm.dll+0x1e5b2c]
V  [jvm.dll+0x1e58fe]
V  [jvm.dll+0x676eb2]
V  [jvm.dll+0x676cd2]
V  [jvm.dll+0x674f8e]
V  [jvm.dll+0x26a9af]
V  [jvm.dll+0x67f1f5]
V  [jvm.dll+0x21695d]
V  [jvm.dll+0x216eda]
V  [jvm.dll+0x217905]
V  [jvm.dll+0x20cece]
V  [jvm.dll+0x5b19dc]
V  [jvm.dll+0x827606]
V  [jvm.dll+0x4741b6]
V  [jvm.dll+0x47a088]
C  [java.dll+0x17ec]

Java frames: (J=compiled Java code, j=interpreted, Vv=VM code)
J 1141  java.lang.ClassLoader.defineClass1(Ljava/lang/ClassLoader;Ljava/lang/String;[BIILjava/security/ProtectionDomain;Ljava/lang/String;)Ljava/lang/Class; java.base@21.0.8 (0 bytes) @ 0x0000023e5c205511 [0x0000023e5c205440+0x00000000000000d1]
j  java.lang.ClassLoader.defineClass(Ljava/lang/String;[BIILjava/security/ProtectionDomain;)Ljava/lang/Class;+27 java.base@21.0.8
j  java.security.SecureClassLoader.defineClass(Ljava/lang/String;[BIILjava/security/CodeSource;)Ljava/lang/Class;+12 java.base@21.0.8
j  java.net.URLClassLoader.defineClass(Ljava/lang/String;Ljdk/internal/loader/Resource;)Ljava/lang/Class;+220 java.base@21.0.8
j  java.net.URLClassLoader$1.run()Ljava/lang/Class;+43 java.base@21.0.8
j  java.net.URLClassLoader$1.run()Ljava/lang/Object;+1 java.base@21.0.8
J 1178 c1 java.security.AccessController.executePrivileged(Ljava/security/PrivilegedExceptionAction;Ljava/security/AccessControlContext;Ljava/lang/Class;)Ljava/lang/Object; java.base@21.0.8 (65 bytes) @ 0x0000023e5489c744 [0x0000023e5489c5e0+0x0000000000000164]
j  java.security.AccessController.doPrivileged(Ljava/security/PrivilegedExceptionAction;Ljava/security/AccessControlContext;)Ljava/lang/Object;+13 java.base@21.0.8
j  java.net.URLClassLoader.findClass(Ljava/lang/String;)Ljava/lang/Class;+13 java.base@21.0.8
j  java.lang.ClassLoader.loadClass(Ljava/lang/String;Z)Ljava/lang/Class;+69 java.base@21.0.8
J 1025 c1 java.lang.ClassLoader.loadClass(Ljava/lang/String;)Ljava/lang/Class; java.base@21.0.8 (7 bytes) @ 0x0000023e548558d4 [0x0000023e548557c0+0x0000000000000114]
v  ~StubRoutines::call_stub 0x0000023e5bbf100d
j  org.eclipse.osgi.internal.framework.EquinoxContainer.<init>(Ljava/util/Map;Lorg/osgi/framework/connect/ModuleConnector;)V+146
j  org.eclipse.osgi.launch.Equinox.<init>(Ljava/util/Map;Lorg/osgi/framework/connect/ModuleConnector;)V+10
j  org.eclipse.osgi.launch.Equinox.<init>(Ljava/util/Map;)V+3
j  org.eclipse.core.runtime.adaptor.EclipseStarter.startup([Ljava/lang/String;Ljava/lang/Runnable;)Lorg/osgi/framework/BundleContext;+28
j  org.eclipse.core.runtime.adaptor.EclipseStarter.run([Ljava/lang/String;Ljava/lang/Runnable;)Ljava/lang/Object;+21
j  java.lang.invoke.DirectMethodHandle$Holder.invokeStatic(Ljava/lang/Object;Ljava/lang/Object;Ljava/lang/Object;)Ljava/lang/Object;+11 java.base@21.0.8
j  java.lang.invoke.LambdaForm$MH+0x0000023e0108a800.invoke(Ljava/lang/Object;Ljava/lang/Object;Ljava/lang/Object;Ljava/lang/Object;)Ljava/lang/Object;+54 java.base@21.0.8
j  java.lang.invoke.LambdaForm$MH+0x0000023e01002c00.invokeExact_MT(Ljava/lang/Object;Ljava/lang/Object;Ljava/lang/Object;Ljava/lang/Object;Ljava/lang/Object;)Ljava/lang/Object;+22 java.base@21.0.8
j  jdk.internal.reflect.DirectMethodHandleAccessor.invokeImpl(Ljava/lang/Object;[Ljava/lang/Object;)Ljava/lang/Object;+72 java.base@21.0.8
j  jdk.internal.reflect.DirectMethodHandleAccessor.invoke(Ljava/lang/Object;[Ljava/lang/Object;)Ljava/lang/Object;+23 java.base@21.0.8
j  java.lang.reflect.Method.invoke(Ljava/lang/Object;[Ljava/lang/Object;)Ljava/lang/Object;+102 java.base@21.0.8
j  org.eclipse.equinox.launcher.Main.invokeFramework([Ljava/lang/String;[Ljava/net/URL;)V+155
j  org.eclipse.equinox.launcher.Main.basicRun([Ljava/lang/String;)V+191
j  org.eclipse.equinox.launcher.Main.run([Ljava/lang/String;)I+4
j  org.eclipse.equinox.launcher.Main.main([Ljava/lang/String;)V+10
v  ~StubRoutines::call_stub 0x0000023e5bbf100d

Compiled method (n/a) 2154 1141     n 0       java.lang.ClassLoader::defineClass1 (native)
 total in heap  [0x0000023e5c205290,0x0000023e5c205718] = 1160
 relocation     [0x0000023e5c2053f0,0x0000023e5c205428] = 56
 main code      [0x0000023e5c205440,0x0000023e5c205716] = 726
 stub code      [0x0000023e5c205716,0x0000023e5c205718] = 2

[Constant Pool (empty)]

[MachCode]
[Entry Point]
  # {method} {0x0000023e00436e28} 'defineClass1' '(Ljava/lang/ClassLoader;Ljava/lang/String;[BIILjava/security/ProtectionDomain;Ljava/lang/String;)Ljava/lang/Class;' in 'java/lang/ClassLoader'
  # parm0:    rdx:rdx   = 'java/lang/ClassLoader'
  # parm1:    r8:r8     = 'java/lang/String'
  # parm2:    r9:r9     = '[B'
  # parm3:    rdi       = int
  # parm4:    rsi       = int
  # parm5:    rcx:rcx   = 'java/security/ProtectionDomain'
  # parm6:    [sp+0xa0]   = 'java/lang/String'  (sp of caller)
  0x0000023e5c205440: 448b 5208 | 49bb 0000 | 0000 3e02 | 0000 4d03 | d349 3bc2 | 0f84 0600 

  0x0000023e5c205458: ;   {runtime_call ic_miss_stub}
  0x0000023e5c205458: 0000 e921 | 90a3 ff90 
[Verified Entry Point]
  0x0000023e5c205460: 8984 2400 | 80ff ff55 | 488b ec48 | 81ec 9000 | 0000 6690 | 4181 7f20 | 0100 0000 

  0x0000023e5c20547c: ;   {runtime_call StubRoutines (final stubs)}
  0x0000023e5c20547c: 7405 e85d | 35a2 ff48 | 837d 1000 | 488d 4510 | 480f 4445 | 1048 8944 | 2440 4889 | 4c24 7048 
  0x0000023e5c20549c: 83f9 0048 | 8d44 2470 | 480f 4444 | 2470 4889 | 4424 3848 | 8974 2430 | 4889 7c24 | 284c 894c 
  0x0000023e5c2054bc: 2458 4983 | f900 488d | 4424 5848 | 0f44 4424 | 5848 8944 | 2420 4c89 | 4424 5049 | 83f8 004c 
  0x0000023e5c2054dc: 8d4c 2450 | 4c0f 444c | 2450 4889 | 5424 4848 | 83fa 004c | 8d44 2448 | 4c0f 4444 

  0x0000023e5c2054f8: ;   {oop(a 'java/lang/Class'{0x0000000080000a40} = 'java/lang/ClassLoader')}
  0x0000023e5c2054f8: 2448 49be | 400a 0080 | 0000 0000 | 4c89 7424 | 784c 8d74 | 2478 498b | d6c5 f877 

  0x0000023e5c205514: ;   {internal_word}
  0x0000023e5c205514: 49ba 1155 | 205c 3e02 | 0000 4d89 | 97a0 0300 | 0049 89a7 | 9803 0000 

  0x0000023e5c20552c: ;   {external_word}
  0x0000023e5c20552c: 49ba 56cc | a18d fb7f | 0000 4180 | 3a00 0f84 | 4e00 0000 | 5241 5041 

  0x0000023e5c205544: ;   {metadata({method} {0x0000023e00436e28} 'defineClass1' '(Ljava/lang/ClassLoader;Ljava/lang/String;[BIILjava/security/ProtectionDomain;Ljava/lang/String;)Ljava/lang/Class;' in 'java/lang/ClassLoader')}
  0x0000023e5c205544: 5148 ba20 | 6e43 003e | 0200 0049 | 8bcf 4883 | ec20 40f6 | c40f 0f84 | 1900 0000 | 4883 ec08 
  0x0000023e5c205564: ;   {runtime_call}
  0x0000023e5c205564: 48b8 908d | 4b8d fb7f | 0000 ffd0 | 4883 c408 | e90c 0000 

  0x0000023e5c205578: ;   {runtime_call}
  0x0000023e5c205578: 0048 b890 | 8d4b 8dfb | 7f00 00ff | d048 83c4 | 2041 5941 | 585a 498d | 8fb8 0300 | 0041 c787 
  0x0000023e5c205598: 4404 0000 | 0400 0000 

  0x0000023e5c2055a0: ;   {runtime_call}
  0x0000023e5c2055a0: 48b8 ac16 | dcb4 fb7f | 0000 ffd0 | c5f8 7741 | c787 4404 | 0000 0500 | 0000 f083 | 4424 c000 
  0x0000023e5c2055c0: 493b af48 | 0400 000f | 870e 0000 | 0041 83bf | 4004 0000 | 000f 842b | 0000 00c5 | f877 4889 
  0x0000023e5c2055e0: 45f8 498b | cf4c 8be4 | 4883 ec20 | 4883 e4f0 

  0x0000023e5c2055f0: ;   {runtime_call}
  0x0000023e5c2055f0: 48b8 20fa | 168d fb7f | 0000 ffd0 | 498b e44d | 33e4 488b | 45f8 41c7 | 8744 0400 | 0008 0000 
  0x0000023e5c205610: 0041 83bf | c004 0000 | 020f 84ca 

  0x0000023e5c20561c: ;   {external_word}
  0x0000023e5c20561c: 0000 0049 | ba56 cca1 | 8dfb 7f00 | 0041 803a | 000f 844c | 0000 0048 

  0x0000023e5c205634: ;   {metadata({method} {0x0000023e00436e28} 'defineClass1' '(Ljava/lang/ClassLoader;Ljava/lang/String;[BIILjava/security/ProtectionDomain;Ljava/lang/String;)Ljava/lang/Class;' in 'java/lang/ClassLoader')}
  0x0000023e5c205634: 8945 f848 | ba20 6e43 | 003e 0200 | 0049 8bcf | 4883 ec20 | 40f6 c40f | 0f84 1900 | 0000 4883 
  0x0000023e5c205654: ;   {runtime_call}
  0x0000023e5c205654: ec08 48b8 | 908d 4b8d | fb7f 0000 | ffd0 4883 | c408 e90c 

  0x0000023e5c205668: ;   {runtime_call}
  0x0000023e5c205668: 0000 0048 | b890 8d4b | 8dfb 7f00 | 00ff d048 | 83c4 2048 | 8b45 f849 | c787 9803 | 0000 0000 
  0x0000023e5c205688: 0000 49c7 | 87a0 0300 | 0000 0000 | 00c5 f877 | 4885 c00f | 8425 0000 | 00a8 030f | 8508 0000 
  0x0000023e5c2056a8: 0048 8b00 | e915 0000 | 00a8 010f | 8509 0000 | 0048 8b40 | fee9 0400 | 0000 488b | 40ff 498b 
  0x0000023e5c2056c8: 8f28 0400 | 00c7 8100 | 0100 0000 | 0000 00c9 | 4983 7f08 | 000f 8501 | 0000 00c3 

  0x0000023e5c2056e4: ;   {runtime_call StubRoutines (initial stubs)}
  0x0000023e5c2056e4: e917 b89e | ffc5 f877 | 4889 45f8 | 4c8b e448 | 83ec 2048 

  0x0000023e5c2056f8: ;   {runtime_call}
  0x0000023e5c2056f8: 83e4 f048 | b830 c54b | 8dfb 7f00 | 00ff d049 | 8be4 4d33 | e448 8b45 | f8e9 09ff | ffff f4f4 
[/MachCode]


Compiled method (c1) 2165 1178       3       java.security.AccessController::executePrivileged (65 bytes)
 total in heap  [0x0000023e5489c410,0x0000023e5489ca00] = 1520
 relocation     [0x0000023e5489c570,0x0000023e5489c5d8] = 104
 main code      [0x0000023e5489c5e0,0x0000023e5489c888] = 680
 stub code      [0x0000023e5489c888,0x0000023e5489c8e0] = 88
 metadata       [0x0000023e5489c8e0,0x0000023e5489c8f0] = 16
 scopes data    [0x0000023e5489c8f0,0x0000023e5489c968] = 120
 scopes pcs     [0x0000023e5489c968,0x0000023e5489c9e8] = 128
 dependencies   [0x0000023e5489c9e8,0x0000023e5489c9f0] = 8
 nul chk table  [0x0000023e5489c9f0,0x0000023e5489ca00] = 16

[Constant Pool (empty)]

[MachCode]
[Verified Entry Point]
  # {method} {0x0000023e00472be8} 'executePrivileged' '(Ljava/security/PrivilegedExceptionAction;Ljava/security/AccessControlContext;Ljava/lang/Class;)Ljava/lang/Object;' in 'java/security/AccessController'
  # parm0:    rdx:rdx   = 'java/security/PrivilegedExceptionAction'
  # parm1:    r8:r8     = 'java/security/AccessControlContext'
  # parm2:    r9:r9     = 'java/lang/Class'
  #           [sp+0x50]  (sp of caller)
  0x0000023e5489c5e0: 8984 2400 | 80ff ff55 | 4883 ec40 | 4181 7f20 | 0100 0000 

  0x0000023e5489c5f4: ;   {runtime_call StubRoutines (final stubs)}
  0x0000023e5489c5f4: 7405 e8e5 | c338 074c | 8944 2430 

  0x0000023e5489c600: ;   {metadata(method data for {method} {0x0000023e00472be8} 'executePrivileged' '(Ljava/security/PrivilegedExceptionAction;Ljava/security/AccessControlContext;Ljava/lang/Class;)Ljava/lang/Object;' in 'java/security/AccessController')}
  0x0000023e5489c600: 48be f89c | 316a 3e02 | 0000 8bbe | cc00 0000 | 83c7 0289 | becc 0000 | 0081 e7fe | 0700 0085 
  0x0000023e5489c620: ff0f 84bf | 0100 004d 

  0x0000023e5489c628: ;   {metadata(method data for {method} {0x0000023e00472be8} 'executePrivileged' '(Ljava/security/PrivilegedExceptionAction;Ljava/security/AccessControlContext;Ljava/lang/Class;)Ljava/lang/Object;' in 'java/security/AccessController')}
  0x0000023e5489c628: 85c0 48be | f89c 316a | 3e02 0000 | 48c7 c710 | 0100 0074 | 0748 c7c7 | 2001 0000 | 488b 1c3e 
  0x0000023e5489c648: 488d 5b01 | 4889 1c3e | 4c89 4c24 | 2848 8954 | 2420 0f84 | 2400 0000 

  0x0000023e5489c660: ;   {metadata(method data for {method} {0x0000023e00472be8} 'executePrivileged' '(Ljava/security/PrivilegedExceptionAction;Ljava/security/AccessControlContext;Ljava/lang/Class;)Ljava/lang/Object;' in 'java/security/AccessController')}
  0x0000023e5489c660: 48be f89c | 316a 3e02 | 0000 4883 | 8630 0100 | 0001 498b 

  0x0000023e5489c674: ;   {static_call}
  0x0000023e5489c674: d066 90e8 

  0x0000023e5489c678: ; ImmutableOopMap {[32]=Oop [40]=Oop [48]=Oop }
                      ;*invokestatic ensureMaterializedForStackWalk {reexecute=0 rethrow=0 return_oop=0}
                      ; - java.security.AccessController::executePrivileged@5
  0x0000023e5489c678: 2002 0000 

  0x0000023e5489c67c: ;   {other}
  0x0000023e5489c67c: 0f1f 8400 | 6c02 0000 

  0x0000023e5489c684: ;   {metadata(method data for {method} {0x0000023e00472be8} 'executePrivileged' '(Ljava/security/PrivilegedExceptionAction;Ljava/security/AccessControlContext;Ljava/lang/Class;)Ljava/lang/Object;' in 'java/security/AccessController')}
  0x0000023e5489c684: 48ba f89c | 316a 3e02 | 0000 ff82 | 4001 0000 | 488b 5424 | 2048 3b02 

  0x0000023e5489c69c: ;   {metadata(method data for {method} {0x0000023e00472be8} 'executePrivileged' '(Ljava/security/PrivilegedExceptionAction;Ljava/security/AccessControlContext;Ljava/lang/Class;)Ljava/lang/Object;' in 'java/security/AccessController')}
  0x0000023e5489c69c: 488b f248 | bff8 9c31 | 6a3e 0200 | 008b 7608 | 49ba 0000 | 0000 3e02 | 0000 4903 | f248 3bb7 
  0x0000023e5489c6bc: b001 0000 | 750d 4883 | 87b8 0100 | 0001 e960 | 0000 0048 | 3bb7 c001 | 0000 750d | 4883 87c8 
  0x0000023e5489c6dc: 0100 0001 | e94a 0000 | 0048 83bf | b001 0000 | 0075 1748 | 89b7 b001 | 0000 48c7 | 87b8 0100 
  0x0000023e5489c6fc: 0001 0000 | 00e9 2900 | 0000 4883 | bfc0 0100 | 0000 7517 | 4889 b7c0 | 0100 0048 | c787 c801 
  0x0000023e5489c71c: 0000 0100 | 0000 e908 | 0000 0048 | 8387 a001 | 0000 0166 | 0f1f 4400 | 0048 b8ff | ffff ffff 
  0x0000023e5489c73c: ;   {virtual_call}
  0x0000023e5489c73c: ffff ffe8 

  0x0000023e5489c740: ; ImmutableOopMap {[40]=Oop [48]=Oop }
                      ;*invokeinterface run {reexecute=0 rethrow=0 return_oop=0}
                      ; - java.security.AccessController::executePrivileged@29
  0x0000023e5489c740: dcf1 3907 

  0x0000023e5489c744: ;   {other}
  0x0000023e5489c744: 0f1f 8400 | 3403 0001 

  0x0000023e5489c74c: ;   {metadata(method data for {method} {0x0000023e00472be8} 'executePrivileged' '(Ljava/security/PrivilegedExceptionAction;Ljava/security/AccessControlContext;Ljava/lang/Class;)Ljava/lang/Object;' in 'java/security/AccessController')}
  0x0000023e5489c74c: 48be f89c | 316a 3e02 | 0000 ff86 | d801 0000 | 4c8b 4c24 

  0x0000023e5489c760: ;   {metadata(method data for {method} {0x0000023e00472be8} 'executePrivileged' '(Ljava/security/PrivilegedExceptionAction;Ljava/security/AccessControlContext;Ljava/lang/Class;)Ljava/lang/Object;' in 'java/security/AccessController')}
  0x0000023e5489c760: 2848 bef8 | 9c31 6a3e | 0200 0048 | 8386 3802 

  0x0000023e5489c770: ;   {metadata(method data for {method} {0x0000023e0003da90} 'reachabilityFence' '(Ljava/lang/Object;)V' in 'java/lang/ref/Reference')}
  0x0000023e5489c770: 0000 0148 | be18 ea05 | 6a3e 0200 | 008b becc | 0000 0083 | c702 89be | cc00 0000 | 81e7 feff 
  0x0000023e5489c790: 1f00 85ff | 0f84 7200 

  0x0000023e5489c798: ;   {metadata(method data for {method} {0x0000023e00472be8} 'executePrivileged' '(Ljava/security/PrivilegedExceptionAction;Ljava/security/AccessControlContext;Ljava/lang/Class;)Ljava/lang/Object;' in 'java/security/AccessController')}
  0x0000023e5489c798: 0000 48be | f89c 316a | 3e02 0000 | 4883 8648 | 0200 0001 

  0x0000023e5489c7ac: ;   {metadata(method data for {method} {0x0000023e0003da90} 'reachabilityFence' '(Ljava/lang/Object;)V' in 'java/lang/ref/Reference')}
  0x0000023e5489c7ac: 48be 18ea | 056a 3e02 | 0000 8bbe | cc00 0000 | 83c7 0289 | becc 0000 | 0081 e7fe | ff1f 0085 
  0x0000023e5489c7cc: ff0f 845a | 0000 0048 | 83c4 405d 

  0x0000023e5489c7d8: ;   {poll_return}
  0x0000023e5489c7d8: 493b a748 | 0400 000f | 8766 0000 

  0x0000023e5489c7e4: ;   {metadata({method} {0x0000023e00472be8} 'executePrivileged' '(Ljava/security/PrivilegedExceptionAction;Ljava/security/AccessControlContext;Ljava/lang/Class;)Ljava/lang/Object;' in 'java/security/AccessController')}
  0x0000023e5489c7e4: 00c3 49ba | e02b 4700 | 3e02 0000 | 4c89 5424 | 0848 c704 | 24ff ffff 

  0x0000023e5489c7fc: ;   {runtime_call counter_overflow Runtime1 stub}
  0x0000023e5489c7fc: ffe8 7e94 

  0x0000023e5489c800: ; ImmutableOopMap {rdx=Oop r8=Oop r9=Oop [48]=Oop }
                      ;*synchronization entry
                      ; - java.security.AccessController::executePrivileged@-1
  0x0000023e5489c800: 4507 e920 

  0x0000023e5489c804: ;   {runtime_call throw_null_pointer_exception Runtime1 stub}
  0x0000023e5489c804: feff ffe8 

  0x0000023e5489c808: ; ImmutableOopMap {rdx=Oop [40]=Oop [48]=Oop }
                      ;*invokeinterface run {reexecute=0 rethrow=0 return_oop=0}
                      ; - java.security.AccessController::executePrivileged@29
  0x0000023e5489c808: f457 3c07 

  0x0000023e5489c80c: ;   {metadata({method} {0x0000023e0003da90} 'reachabilityFence' '(Ljava/lang/Object;)V' in 'java/lang/ref/Reference')}
  0x0000023e5489c80c: 49ba 88da | 0300 3e02 | 0000 4c89 | 5424 0848 | c704 24ff 

  0x0000023e5489c820: ;   {runtime_call counter_overflow Runtime1 stub}
  0x0000023e5489c820: ffff ffe8 

  0x0000023e5489c824: ; ImmutableOopMap {rax=Oop r9=Oop }
                      ;*synchronization entry
                      ; - java.lang.ref.Reference::reachabilityFence@-1
                      ; - java.security.AccessController::executePrivileged@56
  0x0000023e5489c824: 5894 4507 | e96d ffff 

  0x0000023e5489c82c: ;   {metadata({method} {0x0000023e0003da90} 'reachabilityFence' '(Ljava/lang/Object;)V' in 'java/lang/ref/Reference')}
  0x0000023e5489c82c: ff49 ba88 | da03 003e | 0200 004c | 8954 2408 | 48c7 0424 | ffff ffff 

  0x0000023e5489c844: ;   {runtime_call counter_overflow Runtime1 stub}
  0x0000023e5489c844: e837 9445 

  0x0000023e5489c848: ; ImmutableOopMap {rax=Oop }
                      ;*synchronization entry
                      ; - java.lang.ref.Reference::reachabilityFence@-1
                      ; - java.security.AccessController::executePrivileged@60
                      ;   {internal_word}
  0x0000023e5489c848: 07eb 8849 | bad8 c789 | 543e 0200 | 004d 8997 | 6004 0000 

  0x0000023e5489c85c: ;   {runtime_call SafepointBlob}
  0x0000023e5489c85c: e99f 823a | 0749 8b87 | f804 0000 | 49c7 87f8 | 0400 0000 | 0000 0049 | c787 0005 | 0000 0000 
  0x0000023e5489c87c: 0000 4883 

  0x0000023e5489c880: ;   {runtime_call unwind_exception Runtime1 stub}
  0x0000023e5489c880: c440 5de9 | 7866 3c07 
[Stub Code]
  0x0000023e5489c888: ;   {no_reloc}
  0x0000023e5489c888: 0f1f 4400 

  0x0000023e5489c88c: ;   {static_stub}
  0x0000023e5489c88c: 0048 bb00 | 0000 0000 

  0x0000023e5489c894: ;   {runtime_call nmethod}
  0x0000023e5489c894: 0000 00e9 | fbff ffff 

  0x0000023e5489c89c: ;   {static_stub}
  0x0000023e5489c89c: 48bb 602a | 4700 3e02 

  0x0000023e5489c8a4: ;   {runtime_call I2C/C2I adapters}
  0x0000023e5489c8a4: 0000 e938 

  0x0000023e5489c8a8: ;   {runtime_call handle_exception_from_callee Runtime1 stub}
  0x0000023e5489c8a8: 133a 07e8 | 5039 3c07 

  0x0000023e5489c8b0: ;   {external_word}
  0x0000023e5489c8b0: 48b9 90e2 | 778d fb7f | 0000 4883 

  0x0000023e5489c8bc: ;   {runtime_call}
  0x0000023e5489c8bc: e4f0 48b8 | 1079 3a8d | fb7f 0000 

  0x0000023e5489c8c8: ;   {section_word}
  0x0000023e5489c8c8: ffd0 f449 | bacb c889 | 543e 0200 

  0x0000023e5489c8d4: ;   {runtime_call DeoptimizationBlob}
  0x0000023e5489c8d4: 0041 52e9 | c474 3a07 | f4f4 f4f4 
[/MachCode]


Compiled method (c1) 2183 1025       3       java.lang.ClassLoader::loadClass (7 bytes)
 total in heap  [0x0000023e54855610,0x0000023e54855a00] = 1008
 relocation     [0x0000023e54855770,0x0000023e548557b0] = 64
 main code      [0x0000023e548557c0,0x0000023e54855950] = 400
 stub code      [0x0000023e54855950,0x0000023e54855998] = 72
 metadata       [0x0000023e54855998,0x0000023e548559a0] = 8
 scopes data    [0x0000023e548559a0,0x0000023e548559b8] = 24
 scopes pcs     [0x0000023e548559b8,0x0000023e548559f8] = 64
 dependencies   [0x0000023e548559f8,0x0000023e54855a00] = 8

[Constant Pool (empty)]

[MachCode]
[Entry Point]
  # {method} {0x0000023e000145e8} 'loadClass' '(Ljava/lang/String;)Ljava/lang/Class;' in 'java/lang/ClassLoader'
  # this:     rdx:rdx   = 'java/lang/ClassLoader'
  # parm0:    r8:r8     = 'java/lang/String'
  #           [sp+0x40]  (sp of caller)
  0x0000023e548557c0: 448b 5208 | 49bb 0000 | 0000 3e02 | 0000 4d03 | d34c 3bd0 

  0x0000023e548557d4: ;   {runtime_call ic_miss_stub}
  0x0000023e548557d4: 0f85 a68c | 3e07 660f | 1f44 0000 
[Verified Entry Point]
  0x0000023e548557e0: 8984 2400 | 80ff ff55 | 4883 ec30 | 4181 7f20 | 0100 0000 

  0x0000023e548557f4: ;   {runtime_call StubRoutines (final stubs)}
  0x0000023e548557f4: 7405 e8e5 

  0x0000023e548557f8: ;   {metadata(method data for {method} {0x0000023e000145e8} 'loadClass' '(Ljava/lang/String;)Ljava/lang/Class;' in 'java/lang/ClassLoader')}
  0x0000023e548557f8: 313d 0749 | b930 6a2a | 6a3e 0200 | 0041 8bb1 | cc00 0000 | 83c6 0241 | 89b1 cc00 | 0000 81e6 
  0x0000023e54855818: fe07 0000 | 85f6 0f84 | cb00 0000 

  0x0000023e54855824: ;   {metadata(method data for {method} {0x0000023e000145e8} 'loadClass' '(Ljava/lang/String;)Ljava/lang/Class;' in 'java/lang/ClassLoader')}
  0x0000023e54855824: 4c8b ca48 | be30 6a2a | 6a3e 0200 | 0045 8b49 | 0849 ba00 | 0000 003e | 0200 004d | 03ca 4c3b 
  0x0000023e54855844: 8e20 0100 | 0075 0d48 | 8386 2801 | 0000 01e9 | 6000 0000 | 4c3b 8e30 | 0100 0075 | 0d48 8386 
  0x0000023e54855864: 3801 0000 | 01e9 4a00 | 0000 4883 | be20 0100 | 0000 7517 | 4c89 8e20 | 0100 0048 | c786 2801 
  0x0000023e54855884: 0000 0100 | 0000 e929 | 0000 0048 | 83be 3001 | 0000 0075 | 174c 898e | 3001 0000 | 48c7 8638 
  0x0000023e548558a4: 0100 0001 | 0000 00e9 | 0800 0000 | 4883 8610 | 0100 0001 | 41b9 0000 | 0000 0f1f | 8000 0000 
  0x0000023e548558c4: 0048 b890 | 8f3f 6e3e 

  0x0000023e548558cc: ;   {virtual_call}
  0x0000023e548558cc: 0200 00e8 

  0x0000023e548558d0: ; ImmutableOopMap {}
                      ;*invokevirtual loadClass {reexecute=0 rethrow=0 return_oop=0}
                      ; - java.lang.ClassLoader::loadClass@3
  0x0000023e548558d0: 653c 3e07 

  0x0000023e548558d4: ;   {other}
  0x0000023e548558d4: 0f1f 8400 | c402 0000 | 4883 c430 

  0x0000023e548558e0: ;   {poll_return}
  0x0000023e548558e0: 5d49 3ba7 | 4804 0000 | 0f87 2200 

  0x0000023e548558ec: ;   {metadata({method} {0x0000023e000145e8} 'loadClass' '(Ljava/lang/String;)Ljava/lang/Class;' in 'java/lang/ClassLoader')}
  0x0000023e548558ec: 0000 c349 | bae0 4501 | 003e 0200 | 004c 8954 | 2408 48c7 | 0424 ffff 

  0x0000023e54855904: ;   {runtime_call counter_overflow Runtime1 stub}
  0x0000023e54855904: ffff e875 

  0x0000023e54855908: ; ImmutableOopMap {rdx=Oop r8=Oop }
                      ;*synchronization entry
                      ; - java.lang.ClassLoader::loadClass@-1
  0x0000023e54855908: 034a 07e9 | 14ff ffff 

  0x0000023e54855910: ;   {internal_word}
  0x0000023e54855910: 49ba e158 | 8554 3e02 | 0000 4d89 | 9760 0400 

  0x0000023e54855920: ;   {runtime_call SafepointBlob}
  0x0000023e54855920: 00e9 daf1 | 3e07 498b | 87f8 0400 | 0049 c787 | f804 0000 | 0000 0000 | 49c7 8700 | 0500 0000 
  0x0000023e54855940: 0000 0048 | 83c4 305d 

  0x0000023e54855948: ;   {runtime_call unwind_exception Runtime1 stub}
  0x0000023e54855948: e9b3 d540 | 07f4 f4f4 
[Stub Code]
  0x0000023e54855950: ;   {no_reloc}
  0x0000023e54855950: 0f1f 4400 

  0x0000023e54855954: ;   {static_stub}
  0x0000023e54855954: 0048 bb00 | 0000 0000 

  0x0000023e5485595c: ;   {runtime_call nmethod}
  0x0000023e5485595c: 0000 00e9 | fbff ffff 
[Exception Handler]
  0x0000023e54855964: ;   {runtime_call handle_exception_from_callee Runtime1 stub}
  0x0000023e54855964: e897 a840 

  0x0000023e54855968: ;   {external_word}
  0x0000023e54855968: 0748 b990 | e277 8dfb | 7f00 0048 

  0x0000023e54855974: ;   {runtime_call}
  0x0000023e54855974: 83e4 f048 | b810 793a | 8dfb 7f00 | 00ff d0f4 
[Deopt Handler Code]
  0x0000023e54855984: ;   {section_word}
  0x0000023e54855984: 49ba 8459 | 8554 3e02 | 0000 4152 

  0x0000023e54855990: ;   {runtime_call DeoptimizationBlob}
  0x0000023e54855990: e90b e43e | 07f4 f4f4 
[/MachCode]


---------------  P R O C E S S  ---------------

Threads class SMR info:
_java_thread_list=0x0000023e69ada720, length=12, elements={
0x0000023e514b84f0, 0x0000023e67f17370, 0x0000023e67f18bd0, 0x0000023e67f1a6b0,
0x0000023e67f1b5c0, 0x0000023e67f1c4d0, 0x0000023e67f1ff40, 0x0000023e67f20d70,
0x0000023e69816870, 0x0000023e69895f60, 0x0000023e69ae0270, 0x0000023e69b44900
}

Java Threads: ( => current thread )
=>0x0000023e514b84f0 JavaThread "main"                              [_thread_in_vm, id=10416, stack(0x00000055fa700000,0x00000055fa800000) (1024K)]
  0x0000023e67f17370 JavaThread "Reference Handler"          daemon [_thread_blocked, id=10948, stack(0x00000055fab00000,0x00000055fac00000) (1024K)]
  0x0000023e67f18bd0 JavaThread "Finalizer"                  daemon [_thread_blocked, id=11024, stack(0x00000055fac00000,0x00000055fad00000) (1024K)]
  0x0000023e67f1a6b0 JavaThread "Signal Dispatcher"          daemon [_thread_blocked, id=16004, stack(0x00000055fad00000,0x00000055fae00000) (1024K)]
  0x0000023e67f1b5c0 JavaThread "Attach Listener"            daemon [_thread_blocked, id=19436, stack(0x00000055fae00000,0x00000055faf00000) (1024K)]
  0x0000023e67f1c4d0 JavaThread "Service Thread"             daemon [_thread_blocked, id=15376, stack(0x00000055faf00000,0x00000055fb000000) (1024K)]
  0x0000023e67f1ff40 JavaThread "Monitor Deflation Thread"   daemon [_thread_blocked, id=4716, stack(0x00000055fb000000,0x00000055fb100000) (1024K)]
  0x0000023e67f20d70 JavaThread "C2 CompilerThread0"         daemon [_thread_blocked, id=20168, stack(0x00000055fb100000,0x00000055fb200000) (1024K)]
  0x0000023e69816870 JavaThread "C1 CompilerThread0"         daemon [_thread_blocked, id=14020, stack(0x00000055fb200000,0x00000055fb300000) (1024K)]
  0x0000023e69895f60 JavaThread "Common-Cleaner"             daemon [_thread_blocked, id=19764, stack(0x00000055fb300000,0x00000055fb400000) (1024K)]
  0x0000023e69ae0270 JavaThread "Notification Thread"        daemon [_thread_blocked, id=23052, stack(0x00000055fb400000,0x00000055fb500000) (1024K)]
  0x0000023e69b44900 JavaThread "C2 CompilerThread1"         daemon [_thread_blocked, id=19648, stack(0x00000055fb500000,0x00000055fb600000) (1024K)]
Total: 12

Other Threads:
  0x0000023e5158e940 VMThread "VM Thread"                           [id=23292, stack(0x00000055faa00000,0x00000055fab00000) (1024K)]
  0x0000023e67df1c40 WatcherThread "VM Periodic Task Thread"        [id=12688, stack(0x00000055fa900000,0x00000055faa00000) (1024K)]
  0x0000023e514d7c10 WorkerThread "GC Thread#0"                     [id=21816, stack(0x00000055fa800000,0x00000055fa900000) (1024K)]
  0x0000023e6e4d31b0 WorkerThread "GC Thread#1"                     [id=18884, stack(0x00000055fb600000,0x00000055fb700000) (1024K)]
  0x0000023e6e4d3550 WorkerThread "GC Thread#2"                     [id=16392, stack(0x00000055fb700000,0x00000055fb800000) (1024K)]
  0x0000023e6e4d38f0 WorkerThread "GC Thread#3"                     [id=18060, stack(0x00000055fb800000,0x00000055fb900000) (1024K)]
  0x0000023e6e4d3c90 WorkerThread "GC Thread#4"                     [id=16936, stack(0x00000055fb900000,0x00000055fba00000) (1024K)]
  0x0000023e6e2b04d0 WorkerThread "GC Thread#5"                     [id=10100, stack(0x00000055fba00000,0x00000055fbb00000) (1024K)]
  0x0000023e6e2b0870 WorkerThread "GC Thread#6"                     [id=15856, stack(0x00000055fbb00000,0x00000055fbc00000) (1024K)]
Total: 9

Threads with active compile tasks:
Total: 0

VM state: not at safepoint (normal execution)

VM Mutex/Monitor currently owned by a thread:  ([mutex/lock_event])
[0x00007ffb8da33458] Metaspace_lock - owner thread: 0x0000023e514b84f0

Heap address: 0x0000000080000000, size: 2048 MB, Compressed Oops mode: 32-bit

CDS archive(s) mapped at: [0x0000023e00000000-0x0000023e00ba0000-0x0000023e00ba0000), size 12189696, SharedBaseAddress: 0x0000023e00000000, ArchiveRelocationMode: 1.
Compressed class space mapped at: 0x0000023e01000000-0x0000023e41000000, reserved size: 1073741824
Narrow klass base: 0x0000023e00000000, Narrow klass shift: 0, Narrow klass range: 0x100000000

GC Precious Log:
 CardTable entry size: 512
 CPUs: 8 total, 8 available
 Memory: 6082M
 Large Page Support: Disabled
 NUMA Support: Disabled
 Compressed Oops: Enabled (32-bit)
 Alignments: Space 512K, Generation 512K, Heap 2M
 Heap Min Capacity: 100M
 Heap Initial Capacity: 100M
 Heap Max Capacity: 2G
 Pre-touch: Disabled
 Parallel Workers: 8

Heap:
 PSYoungGen      total 29696K, used 6336K [0x00000000d5580000, 0x00000000d7680000, 0x0000000100000000)
  eden space 25600K, 11% used [0x00000000d5580000,0x00000000d586c430,0x00000000d6e80000)
  from space 4096K, 81% used [0x00000000d6e80000,0x00000000d71c3e68,0x00000000d7280000)
  to   space 4096K, 0% used [0x00000000d7280000,0x00000000d7280000,0x00000000d7680000)
 ParOldGen       total 68608K, used 16K [0x0000000080000000, 0x0000000084300000, 0x00000000d5580000)
  object space 68608K, 0% used [0x0000000080000000,0x0000000080004000,0x0000000084300000)
 Metaspace       used 4851K, committed 5056K, reserved 1114112K
  class space    used 524K, committed 640K, reserved 1048576K

Card table byte_map: [0x0000023e50e70000,0x0000023e51280000] _byte_map_base: 0x0000023e50a70000

Marking Bits: (ParMarkBitMap*) 0x00007ffb8da3a340
 Begin Bits: [0x0000023e63970000, 0x0000023e65970000)
 End Bits:   [0x0000023e65970000, 0x0000023e67970000)

Polling page: 0x0000023e4f390000

Metaspace:

Usage:
  Non-class:      4.23 MB used.
      Class:    524.01 KB used.
       Both:      4.74 MB used.

Virtual space:
  Non-class space:       64.00 MB reserved,       4.31 MB (  7%) committed,  1 nodes.
      Class space:        1.00 GB reserved,     640.00 KB ( <1%) committed,  1 nodes.
             Both:        1.06 GB reserved,       4.94 MB ( <1%) committed. 

Chunk freelists:
   Non-Class:  10.80 MB
       Class:  15.39 MB
        Both:  26.19 MB

MaxMetaspaceSize: unlimited
CompressedClassSpaceSize: 1.00 GB
Initial GC threshold: 21.00 MB
Current GC threshold: 21.00 MB
CDS: on
 - commit_granule_bytes: 65536.
 - commit_granule_words: 8192.
 - virtual_space_node_default_size: 8388608.
 - enlarge_chunks_in_place: 1.
 - use_allocation_guard: 0.


Internal statistics:

num_allocs_failed_limit: 0.
num_arena_births: 188.
num_arena_deaths: 0.
num_vsnodes_births: 2.
num_vsnodes_deaths: 0.
num_space_committed: 79.
num_space_uncommitted: 0.
num_chunks_returned_to_freelist: 0.
num_chunks_taken_from_freelist: 271.
num_chunk_merges: 0.
num_chunk_splits: 172.
num_chunks_enlarged: 105.
num_inconsistent_stats: 0.

CodeHeap 'non-profiled nmethods': size=120000Kb used=478Kb max_used=478Kb free=119521Kb
 bounds [0x0000023e5c190000, 0x0000023e5c400000, 0x0000023e636c0000]
CodeHeap 'profiled nmethods': size=120000Kb used=1922Kb max_used=1922Kb free=118077Kb
 bounds [0x0000023e546c0000, 0x0000023e54930000, 0x0000023e5bbf0000]
CodeHeap 'non-nmethods': size=5760Kb used=1194Kb max_used=1222Kb free=4565Kb
 bounds [0x0000023e5bbf0000, 0x0000023e5be60000, 0x0000023e5c190000]
CodeCache: size=245760Kb, used=3594Kb, max_used=3622Kb, free=242163Kb
 total_blobs=1646, nmethods=1190, adapters=363, full_count=0
Compilation: enabled, stopped_count=0, restarted_count=0

Compilation events (20 events):
Event: 2.061 Thread 0x0000023e69816870 1183       1       sun.security.provider.DigestBase::engineGetDigestLength (5 bytes)
Event: 2.062 Thread 0x0000023e69816870 nmethod 1183 0x0000023e5c207090 code [0x0000023e5c207220, 0x0000023e5c2072e8]
Event: 2.066 Thread 0x0000023e69816870 1184       3       java.lang.invoke.MethodType::changeReturnType (20 bytes)
Event: 2.067 Thread 0x0000023e69816870 nmethod 1184 0x0000023e5489e310 code [0x0000023e5489e4c0, 0x0000023e5489e680]
Event: 2.067 Thread 0x0000023e69816870 1185       3       java.lang.invoke.Invokers::maybeCustomize (5 bytes)
Event: 2.067 Thread 0x0000023e69816870 nmethod 1185 0x0000023e5489e710 code [0x0000023e5489e8c0, 0x0000023e5489ea70]
Event: 2.067 Thread 0x0000023e69816870 1186       3       java.lang.invoke.MethodHandle::maybeCustomize (38 bytes)
Event: 2.067 Thread 0x0000023e69816870 nmethod 1186 0x0000023e5489eb90 code [0x0000023e5489ed60, 0x0000023e5489f140]
Event: 2.067 Thread 0x0000023e69816870 1187       3       java.util.ArrayDeque::inc (12 bytes)
Event: 2.067 Thread 0x0000023e69816870 nmethod 1187 0x0000023e5489f290 code [0x0000023e5489f420, 0x0000023e5489f548]
Event: 2.069 Thread 0x0000023e69816870 1188       3       java.security.MessageDigestSpi::<init> (5 bytes)
Event: 2.069 Thread 0x0000023e69816870 nmethod 1188 0x0000023e5489f610 code [0x0000023e5489f7c0, 0x0000023e5489f928]
Event: 2.069 Thread 0x0000023e69816870 1189       3       sun.security.provider.ByteArrayAccess::i2bBig4 (10 bytes)
Event: 2.071 Thread 0x0000023e69816870 nmethod 1189 0x0000023e5489fa10 code [0x0000023e5489fc20, 0x0000023e548a01d8]
Event: 2.072 Thread 0x0000023e69816870 1190       1       sun.security.provider.certpath.X509CertPath::getCertificates (5 bytes)
Event: 2.072 Thread 0x0000023e69816870 nmethod 1190 0x0000023e5c207390 code [0x0000023e5c207520, 0x0000023e5c2075e8]
Event: 2.073 Thread 0x0000023e69816870 1191       3       java.lang.System::checkKey (34 bytes)
Event: 2.073 Thread 0x0000023e69816870 nmethod 1191 0x0000023e548a0490 code [0x0000023e548a0680, 0x0000023e548a0a28]
Event: 2.075 Thread 0x0000023e69816870 1192       1       java.lang.invoke.InfoFromMemberName::getReferenceKind (5 bytes)
Event: 2.075 Thread 0x0000023e69816870 nmethod 1192 0x0000023e5c207690 code [0x0000023e5c207820, 0x0000023e5c2078e8]

GC Heap History (2 events):
Event: 1.913 GC heap before
{Heap before GC invocations=1 (full 0):
 PSYoungGen      total 29696K, used 25600K [0x00000000d5580000, 0x00000000d7680000, 0x0000000100000000)
  eden space 25600K, 100% used [0x00000000d5580000,0x00000000d6e80000,0x00000000d6e80000)
  from space 4096K, 0% used [0x00000000d7280000,0x00000000d7280000,0x00000000d7680000)
  to   space 4096K, 0% used [0x00000000d6e80000,0x00000000d6e80000,0x00000000d7280000)
 ParOldGen       total 68608K, used 0K [0x0000000080000000, 0x0000000084300000, 0x00000000d5580000)
  object space 68608K, 0% used [0x0000000080000000,0x0000000080000000,0x0000000084300000)
 Metaspace       used 4326K, committed 4608K, reserved 1114112K
  class space    used 471K, committed 576K, reserved 1048576K
}
Event: 1.923 GC heap after
{Heap after GC invocations=1 (full 0):
 PSYoungGen      total 29696K, used 3343K [0x00000000d5580000, 0x00000000d7680000, 0x0000000100000000)
  eden space 25600K, 0% used [0x00000000d5580000,0x00000000d5580000,0x00000000d6e80000)
  from space 4096K, 81% used [0x00000000d6e80000,0x00000000d71c3e68,0x00000000d7280000)
  to   space 4096K, 0% used [0x00000000d7280000,0x00000000d7280000,0x00000000d7680000)
 ParOldGen       total 68608K, used 16K [0x0000000080000000, 0x0000000084300000, 0x00000000d5580000)
  object space 68608K, 0% used [0x0000000080000000,0x0000000080004000,0x0000000084300000)
 Metaspace       used 4326K, committed 4608K, reserved 1114112K
  class space    used 471K, committed 576K, reserved 1048576K
}

Dll operation events (8 events):
Event: 0.031 Loaded shared library c:\Users\USER\.vscode\extensions\redhat.java-1.44.0-win32-x64\jre\21.0.8-win32-x86_64\bin\java.dll
Event: 0.263 Loaded shared library c:\Users\USER\.vscode\extensions\redhat.java-1.44.0-win32-x64\jre\21.0.8-win32-x86_64\bin\zip.dll
Event: 0.303 Loaded shared library C:\Users\USER\.vscode\extensions\redhat.java-1.44.0-win32-x64\jre\21.0.8-win32-x86_64\bin\instrument.dll
Event: 0.310 Loaded shared library C:\Users\USER\.vscode\extensions\redhat.java-1.44.0-win32-x64\jre\21.0.8-win32-x86_64\bin\net.dll
Event: 0.313 Loaded shared library C:\Users\USER\.vscode\extensions\redhat.java-1.44.0-win32-x64\jre\21.0.8-win32-x86_64\bin\nio.dll
Event: 0.320 Loaded shared library C:\Users\USER\.vscode\extensions\redhat.java-1.44.0-win32-x64\jre\21.0.8-win32-x86_64\bin\zip.dll
Event: 0.355 Loaded shared library C:\Users\USER\.vscode\extensions\redhat.java-1.44.0-win32-x64\jre\21.0.8-win32-x86_64\bin\jimage.dll
Event: 0.567 Loaded shared library c:\Users\USER\.vscode\extensions\redhat.java-1.44.0-win32-x64\jre\21.0.8-win32-x86_64\bin\verify.dll

Deoptimization events (20 events):
Event: 2.028 Thread 0x0000023e514b84f0 Uncommon trap: trap_request=0xffffffde fr.pc=0x0000023e5c1e4c90 relative=0x0000000000000570
Event: 2.028 Thread 0x0000023e514b84f0 Uncommon trap: reason=class_check action=maybe_recompile pc=0x0000023e5c1e4c90 method=java.util.Collections$UnmodifiableCollection$1.<init>(Ljava/util/Collections$UnmodifiableCollection;)V @ 17 c2
Event: 2.028 Thread 0x0000023e514b84f0 DEOPT PACKING pc=0x0000023e5c1e4c90 sp=0x00000055fa7feb80
Event: 2.028 Thread 0x0000023e514b84f0 DEOPT UNPACKING pc=0x0000023e5bc43aa2 sp=0x00000055fa7feac8 mode 2
Event: 2.028 Thread 0x0000023e514b84f0 Uncommon trap: trap_request=0xffffff45 fr.pc=0x0000023e5c1f25bc relative=0x000000000000027c
Event: 2.028 Thread 0x0000023e514b84f0 Uncommon trap: reason=unstable_if action=reinterpret pc=0x0000023e5c1f25bc method=java.util.HashMap.hash(Ljava/lang/Object;)I @ 1 c2
Event: 2.028 Thread 0x0000023e514b84f0 DEOPT PACKING pc=0x0000023e5c1f25bc sp=0x00000055fa7feb30
Event: 2.028 Thread 0x0000023e514b84f0 DEOPT UNPACKING pc=0x0000023e5bc43aa2 sp=0x00000055fa7fe9c8 mode 2
Event: 2.032 Thread 0x0000023e514b84f0 Uncommon trap: trap_request=0xffffff45 fr.pc=0x0000023e5c1fb13c relative=0x000000000000027c
Event: 2.032 Thread 0x0000023e514b84f0 Uncommon trap: reason=unstable_if action=reinterpret pc=0x0000023e5c1fb13c method=java.util.HashMap.hash(Ljava/lang/Object;)I @ 1 c2
Event: 2.032 Thread 0x0000023e514b84f0 DEOPT PACKING pc=0x0000023e5c1fb13c sp=0x00000055fa7fead0
Event: 2.032 Thread 0x0000023e514b84f0 DEOPT UNPACKING pc=0x0000023e5bc43aa2 sp=0x00000055fa7fe9d8 mode 2
Event: 2.032 Thread 0x0000023e514b84f0 Uncommon trap: trap_request=0xffffff45 fr.pc=0x0000023e5c1edfd0 relative=0x00000000000000b0
Event: 2.032 Thread 0x0000023e514b84f0 Uncommon trap: reason=unstable_if action=reinterpret pc=0x0000023e5c1edfd0 method=java.util.HashMap.hash(Ljava/lang/Object;)I @ 1 c2
Event: 2.033 Thread 0x0000023e514b84f0 DEOPT PACKING pc=0x0000023e5c1edfd0 sp=0x00000055fa7feb50
Event: 2.033 Thread 0x0000023e514b84f0 DEOPT UNPACKING pc=0x0000023e5bc43aa2 sp=0x00000055fa7feae8 mode 2
Event: 2.033 Thread 0x0000023e514b84f0 Uncommon trap: trap_request=0xffffffde fr.pc=0x0000023e5c1e4c90 relative=0x0000000000000570
Event: 2.033 Thread 0x0000023e514b84f0 Uncommon trap: reason=class_check action=maybe_recompile pc=0x0000023e5c1e4c90 method=java.util.Collections$UnmodifiableCollection$1.<init>(Ljava/util/Collections$UnmodifiableCollection;)V @ 17 c2
Event: 2.033 Thread 0x0000023e514b84f0 DEOPT PACKING pc=0x0000023e5c1e4c90 sp=0x00000055fa7feb80
Event: 2.033 Thread 0x0000023e514b84f0 DEOPT UNPACKING pc=0x0000023e5bc43aa2 sp=0x00000055fa7feac8 mode 2

Classes loaded (20 events):
Event: 1.993 Loading class java/util/concurrent/locks/ReentrantReadWriteLock$NonfairSync
Event: 1.993 Loading class java/util/concurrent/locks/ReentrantReadWriteLock$Sync
Event: 1.993 Loading class java/util/concurrent/locks/ReentrantReadWriteLock$Sync done
Event: 1.993 Loading class java/util/concurrent/locks/ReentrantReadWriteLock$NonfairSync done
Event: 1.993 Loading class java/util/concurrent/locks/ReentrantReadWriteLock$Sync$ThreadLocalHoldCounter
Event: 1.993 Loading class java/util/concurrent/locks/ReentrantReadWriteLock$Sync$ThreadLocalHoldCounter done
Event: 1.993 Loading class java/util/concurrent/locks/ReentrantReadWriteLock$ReadLock
Event: 1.993 Loading class java/util/concurrent/locks/ReentrantReadWriteLock$ReadLock done
Event: 1.993 Loading class java/util/concurrent/locks/ReentrantReadWriteLock$WriteLock
Event: 1.994 Loading class java/util/concurrent/locks/ReentrantReadWriteLock$WriteLock done
Event: 2.039 Loading class java/net/URLClassLoader$3
Event: 2.040 Loading class java/net/URLClassLoader$3 done
Event: 2.040 Loading class java/net/URLClassLoader$3$1
Event: 2.040 Loading class java/net/URLClassLoader$3$1 done
Event: 2.041 Loading class jdk/internal/loader/URLClassPath$FileLoader
Event: 2.041 Loading class jdk/internal/loader/URLClassPath$FileLoader done
Event: 2.054 Loading class java/lang/ClassFormatError
Event: 2.054 Loading class java/lang/ClassFormatError done
Event: 2.068 Loading class java/lang/invoke/MethodHandle$1
Event: 2.068 Loading class java/lang/invoke/MethodHandle$1 done

Classes unloaded (0 events):
No events

Classes redefined (0 events):
No events

Internal exceptions (20 events):
Event: 1.321 Thread 0x0000023e514b84f0 Exception <a 'java/io/FileNotFoundException'{0x00000000d64c72b8}> (0x00000000d64c72b8) 
thrown [s\src\hotspot\share\prims\jni.cpp, line 520]
Event: 1.322 Thread 0x0000023e514b84f0 Exception <a 'java/io/FileNotFoundException'{0x00000000d64c8658}> (0x00000000d64c8658) 
thrown [s\src\hotspot\share\prims\jni.cpp, line 520]
Event: 1.323 Thread 0x0000023e514b84f0 Exception <a 'java/io/FileNotFoundException'{0x00000000d64c9308}> (0x00000000d64c9308) 
thrown [s\src\hotspot\share\prims\jni.cpp, line 520]
Event: 1.323 Thread 0x0000023e514b84f0 Exception <a 'java/io/FileNotFoundException'{0x00000000d64c9e80}> (0x00000000d64c9e80) 
thrown [s\src\hotspot\share\prims\jni.cpp, line 520]
Event: 1.340 Thread 0x0000023e514b84f0 Implicit null exception at 0x0000023e5c1c32a4 to 0x0000023e5c1c3838
Event: 1.347 Thread 0x0000023e514b84f0 Exception <a 'java/io/FileNotFoundException'{0x00000000d6504048}> (0x00000000d6504048) 
thrown [s\src\hotspot\share\prims\jni.cpp, line 520]
Event: 1.363 Thread 0x0000023e514b84f0 Exception <a 'java/lang/NoSuchMethodError'{0x00000000d653fb18}: 'java.lang.Object java.lang.invoke.DirectMethodHandle$Holder.invokeInterface(java.lang.Object, java.lang.Object)'> (0x00000000d653fb18) 
thrown [s\src\hotspot\share\interpreter\linkResolver.cpp, line 773]
Event: 1.370 Thread 0x0000023e514b84f0 Exception <a 'java/lang/NoSuchMethodError'{0x00000000d65535f0}: 'java.lang.Object java.lang.invoke.Invokers$Holder.invokeExact_MT(java.lang.Object, java.lang.Object, java.lang.Object, java.lang.Object, java.lang.Object, java.lang.Object)'> (0x00000000d65535f0) 
thrown [s\src\hotspot\share\interpreter\linkResolver.cpp, line 773]
Event: 1.396 Thread 0x0000023e514b84f0 Exception <a 'java/lang/NoSuchMethodError'{0x00000000d656a848}: 'int java.lang.invoke.DirectMethodHandle$Holder.invokeStatic(java.lang.Object, java.lang.Object, java.lang.Object, java.lang.Object, java.lang.Object)'> (0x00000000d656a848) 
thrown [s\src\hotspot\share\interpreter\linkResolver.cpp, line 773]
Event: 1.464 Thread 0x0000023e514b84f0 Exception <a 'java/lang/NoSuchMethodError'{0x00000000d65feeb8}: 'java.lang.Object java.lang.invoke.DirectMethodHandle$Holder.invokeInterface(java.lang.Object, java.lang.Object, int)'> (0x00000000d65feeb8) 
thrown [s\src\hotspot\share\interpreter\linkResolver.cpp, line 773]
Event: 1.768 Thread 0x0000023e514b84f0 Exception <a 'java/lang/NoSuchMethodError'{0x00000000d6a82c48}: 'java.lang.ClassLoader java.lang.ClassLoader.getPlatformClassLoader(java.lang.Class)'> (0x00000000d6a82c48) 
thrown [s\src\hotspot\share\interpreter\linkResolver.cpp, line 773]
Event: 1.928 Thread 0x0000023e514b84f0 Exception <a 'java/lang/ClassNotFoundException'{0x00000000d5599240}: sun/net/www/protocol/c/Handler> (0x00000000d5599240) 
thrown [s\src\hotspot\share\classfile\systemDictionary.cpp, line 312]
Event: 1.929 Thread 0x0000023e514b84f0 Exception <a 'java/lang/ClassNotFoundException'{0x00000000d559a5e8}: sun/net/www/protocol/c/Handler> (0x00000000d559a5e8) 
thrown [s\src\hotspot\share\classfile\systemDictionary.cpp, line 312]
Event: 1.930 Thread 0x0000023e514b84f0 Exception <a 'java/lang/ClassNotFoundException'{0x00000000d559b7d8}: sun/net/www/protocol/c/Handler> (0x00000000d559b7d8) 
thrown [s\src\hotspot\share\classfile\systemDictionary.cpp, line 312]
Event: 1.949 Thread 0x0000023e514b84f0 Exception <a 'java/io/FileNotFoundException'{0x00000000d55c3ed0}> (0x00000000d55c3ed0) 
thrown [s\src\hotspot\share\prims\jni.cpp, line 520]
Event: 2.028 Thread 0x0000023e514b84f0 Implicit null exception at 0x0000023e5c1ebdc9 to 0x0000023e5c1ec734
Event: 2.028 Thread 0x0000023e514b84f0 Implicit null exception at 0x0000023e5c1f239a to 0x0000023e5c1f25a4
Event: 2.029 Thread 0x0000023e514b84f0 Exception <a 'java/lang/NoSuchMethodError'{0x00000000d57705e8}: 'void java.lang.invoke.DirectMethodHandle$Holder.invokeStatic(java.lang.Object, java.lang.Object, java.lang.Object, java.lang.Object)'> (0x00000000d57705e8) 
thrown [s\src\hotspot\share\interpreter\linkResolver.cpp, line 773]
Event: 2.032 Thread 0x0000023e514b84f0 Implicit null exception at 0x0000023e5c1faf1a to 0x0000023e5c1fb124
Event: 2.032 Thread 0x0000023e514b84f0 Implicit null exception at 0x0000023e5c1edf3d to 0x0000023e5c1edfc1

ZGC Phase Switch (0 events):
No events

VM Operations (14 events):
Event: 0.260 Executing VM operation: HandshakeAllThreads (Deoptimize)
Event: 0.260 Executing VM operation: HandshakeAllThreads (Deoptimize) done
Event: 0.383 Executing VM operation: HandshakeAllThreads (Deoptimize)
Event: 0.383 Executing VM operation: HandshakeAllThreads (Deoptimize) done
Event: 1.230 Executing VM operation: HandshakeAllThreads (Deoptimize)
Event: 1.230 Executing VM operation: HandshakeAllThreads (Deoptimize) done
Event: 1.230 Executing VM operation: Cleanup
Event: 1.230 Executing VM operation: Cleanup done
Event: 1.268 Executing VM operation: HandshakeAllThreads (Deoptimize)
Event: 1.268 Executing VM operation: HandshakeAllThreads (Deoptimize) done
Event: 1.885 Executing VM operation: HandshakeAllThreads (Deoptimize)
Event: 1.885 Executing VM operation: HandshakeAllThreads (Deoptimize) done
Event: 1.913 Executing VM operation: ParallelGCFailedAllocation (Allocation Failure)
Event: 1.923 Executing VM operation: ParallelGCFailedAllocation (Allocation Failure) done

Memory protections (0 events):
No events

Nmethod flushes (0 events):
No events

Events (14 events):
Event: 0.064 Thread 0x0000023e514b84f0 Thread added: 0x0000023e514b84f0
Event: 0.122 Thread 0x0000023e514b84f0 Thread added: 0x0000023e67f17370
Event: 0.122 Thread 0x0000023e514b84f0 Thread added: 0x0000023e67f18bd0
Event: 0.123 Thread 0x0000023e514b84f0 Thread added: 0x0000023e67f1a6b0
Event: 0.123 Thread 0x0000023e514b84f0 Thread added: 0x0000023e67f1b5c0
Event: 0.123 Thread 0x0000023e514b84f0 Thread added: 0x0000023e67f1c4d0
Event: 0.124 Thread 0x0000023e514b84f0 Thread added: 0x0000023e67f1ff40
Event: 0.124 Thread 0x0000023e514b84f0 Thread added: 0x0000023e67f20d70
Event: 0.140 Thread 0x0000023e514b84f0 Thread added: 0x0000023e69816870
Event: 0.205 Thread 0x0000023e514b84f0 Thread added: 0x0000023e69895f60
Event: 0.560 Thread 0x0000023e69816870 Thread added: 0x0000023e69a2d6e0
Event: 0.768 Thread 0x0000023e69a2d6e0 Thread exited: 0x0000023e69a2d6e0
Event: 0.835 Thread 0x0000023e514b84f0 Thread added: 0x0000023e69ae0270
Event: 0.913 Thread 0x0000023e69816870 Thread added: 0x0000023e69b44900


Dynamic libraries:
0x00007ff662990000 - 0x00007ff66299e000 	c:\Users\USER\.vscode\extensions\redhat.java-1.44.0-win32-x64\jre\21.0.8-win32-x86_64\bin\java.exe
0x00007ffbdba30000 - 0x00007ffbdbc28000 	C:\WINDOWS\SYSTEM32\ntdll.dll
0x00007ffbdb4e0000 - 0x00007ffbdb59d000 	C:\WINDOWS\System32\KERNEL32.DLL
0x00007ffbd94a0000 - 0x00007ffbd9796000 	C:\WINDOWS\System32\KERNELBASE.dll
0x00007ffbd9270000 - 0x00007ffbd9370000 	C:\WINDOWS\System32\ucrtbase.dll
0x00007ffbbc8d0000 - 0x00007ffbbc8e8000 	c:\Users\USER\.vscode\extensions\redhat.java-1.44.0-win32-x64\jre\21.0.8-win32-x86_64\bin\jli.dll
0x00007ffbd9aa0000 - 0x00007ffbd9c3e000 	C:\WINDOWS\System32\USER32.dll
0x00007ffbd9370000 - 0x00007ffbd9392000 	C:\WINDOWS\System32\win32u.dll
0x00007ffbdb040000 - 0x00007ffbdb06c000 	C:\WINDOWS\System32\GDI32.dll
0x00007ffbd97d0000 - 0x00007ffbd98ea000 	C:\WINDOWS\System32\gdi32full.dll
0x00007ffbd99f0000 - 0x00007ffbd9a8d000 	C:\WINDOWS\System32\msvcp_win.dll
0x00007ffbc1fc0000 - 0x00007ffbc1fde000 	c:\Users\USER\.vscode\extensions\redhat.java-1.44.0-win32-x64\jre\21.0.8-win32-x86_64\bin\VCRUNTIME140.dll
0x00007ffbc8750000 - 0x00007ffbc89ea000 	C:\WINDOWS\WinSxS\amd64_microsoft.windows.common-controls_6595b64144ccf1df_6.0.19041.3636_none_60b6a03d71f818d5\COMCTL32.dll
0x00007ffbdb620000 - 0x00007ffbdb6be000 	C:\WINDOWS\System32\msvcrt.dll
0x00007ffbdaf10000 - 0x00007ffbdaf40000 	C:\WINDOWS\System32\IMM32.DLL
0x00007ffbc39f0000 - 0x00007ffbc39fc000 	c:\Users\USER\.vscode\extensions\redhat.java-1.44.0-win32-x64\jre\21.0.8-win32-x86_64\bin\vcruntime140_1.dll
0x00007ffbad470000 - 0x00007ffbad4fd000 	c:\Users\USER\.vscode\extensions\redhat.java-1.44.0-win32-x64\jre\21.0.8-win32-x86_64\bin\msvcp140.dll
0x00007ffb8cd80000 - 0x00007ffb8db17000 	c:\Users\USER\.vscode\extensions\redhat.java-1.44.0-win32-x64\jre\21.0.8-win32-x86_64\bin\server\jvm.dll
0x00007ffbdab40000 - 0x00007ffbdabef000 	C:\WINDOWS\System32\ADVAPI32.dll
0x00007ffbdb6c0000 - 0x00007ffbdb75c000 	C:\WINDOWS\System32\sechost.dll
0x00007ffbdade0000 - 0x00007ffbdaf06000 	C:\WINDOWS\System32\RPCRT4.dll
0x00007ffbdad70000 - 0x00007ffbdaddb000 	C:\WINDOWS\System32\WS2_32.dll
0x00007ffbd8f70000 - 0x00007ffbd8fbb000 	C:\WINDOWS\SYSTEM32\POWRPROF.dll
0x00007ffbd1ef0000 - 0x00007ffbd1f17000 	C:\WINDOWS\SYSTEM32\WINMM.dll
0x00007ffbd1ee0000 - 0x00007ffbd1eea000 	C:\WINDOWS\SYSTEM32\VERSION.dll
0x00007ffbd8f50000 - 0x00007ffbd8f62000 	C:\WINDOWS\SYSTEM32\UMPDC.dll
0x00007ffbd6f80000 - 0x00007ffbd6f92000 	C:\WINDOWS\SYSTEM32\kernel.appcore.dll
0x00007ffbc0750000 - 0x00007ffbc075a000 	c:\Users\USER\.vscode\extensions\redhat.java-1.44.0-win32-x64\jre\21.0.8-win32-x86_64\bin\jimage.dll
0x00007ffbc7bb0000 - 0x00007ffbc7d94000 	C:\WINDOWS\SYSTEM32\DBGHELP.DLL
0x00007ffbc70b0000 - 0x00007ffbc70e4000 	C:\WINDOWS\SYSTEM32\dbgcore.DLL
0x00007ffbd98f0000 - 0x00007ffbd9972000 	C:\WINDOWS\System32\bcryptPrimitives.dll
0x00007ffbcfb90000 - 0x00007ffbcfb9f000 	c:\Users\USER\.vscode\extensions\redhat.java-1.44.0-win32-x64\jre\21.0.8-win32-x86_64\bin\instrument.dll
0x00007ffbb4dc0000 - 0x00007ffbb4ddf000 	c:\Users\USER\.vscode\extensions\redhat.java-1.44.0-win32-x64\jre\21.0.8-win32-x86_64\bin\java.dll
0x00007ffbda340000 - 0x00007ffbdaa85000 	C:\WINDOWS\System32\SHELL32.dll
0x00007ffbd7180000 - 0x00007ffbd791b000 	C:\WINDOWS\SYSTEM32\windows.storage.dll
0x00007ffbd9c40000 - 0x00007ffbd9f94000 	C:\WINDOWS\System32\combase.dll
0x00007ffbd89a0000 - 0x00007ffbd89cd000 	C:\WINDOWS\SYSTEM32\Wldp.dll
0x00007ffbda290000 - 0x00007ffbda33d000 	C:\WINDOWS\System32\SHCORE.dll
0x00007ffbdabf0000 - 0x00007ffbdac45000 	C:\WINDOWS\System32\shlwapi.dll
0x00007ffbd9040000 - 0x00007ffbd9065000 	C:\WINDOWS\SYSTEM32\profapi.dll
0x00007ffbb4da0000 - 0x00007ffbb4db8000 	c:\Users\USER\.vscode\extensions\redhat.java-1.44.0-win32-x64\jre\21.0.8-win32-x86_64\bin\zip.dll
0x00007ffbc06c0000 - 0x00007ffbc06d0000 	C:\Users\USER\.vscode\extensions\redhat.java-1.44.0-win32-x64\jre\21.0.8-win32-x86_64\bin\net.dll
0x00007ffbcf600000 - 0x00007ffbcf70a000 	C:\WINDOWS\SYSTEM32\WINHTTP.dll
0x00007ffbd8780000 - 0x00007ffbd87ea000 	C:\WINDOWS\system32\mswsock.dll
0x00007ffbb4d50000 - 0x00007ffbb4d66000 	C:\Users\USER\.vscode\extensions\redhat.java-1.44.0-win32-x64\jre\21.0.8-win32-x86_64\bin\nio.dll
0x00007ffbcd080000 - 0x00007ffbcd090000 	c:\Users\USER\.vscode\extensions\redhat.java-1.44.0-win32-x64\jre\21.0.8-win32-x86_64\bin\verify.dll

JVMTI agents:
c:\Users\USER\.vscode\extensions\redhat.java-1.44.0-win32-x64\lombok\lombok-1.18.39-4050.jar path:c:\Users\USER\.vscode\extensions\redhat.java-1.44.0-win32-x64\jre\21.0.8-win32-x86_64\bin\instrument.dll, loaded, initialized, instrumentlib options:none

dbghelp: loaded successfully - version: 4.0.5 - missing functions: none
symbol engine: initialized successfully - sym options: 0x614 - pdb path: .;c:\Users\USER\.vscode\extensions\redhat.java-1.44.0-win32-x64\jre\21.0.8-win32-x86_64\bin;C:\WINDOWS\SYSTEM32;C:\WINDOWS\WinSxS\amd64_microsoft.windows.common-controls_6595b64144ccf1df_6.0.19041.3636_none_60b6a03d71f818d5;c:\Users\USER\.vscode\extensions\redhat.java-1.44.0-win32-x64\jre\21.0.8-win32-x86_64\bin\server

VM Arguments:
jvm_args: --add-modules=ALL-SYSTEM --add-opens=java.base/java.util=ALL-UNNAMED --add-opens=java.base/java.lang=ALL-UNNAMED --add-opens=java.base/sun.nio.fs=ALL-UNNAMED -Declipse.application=org.eclipse.jdt.ls.core.id1 -Dosgi.bundles.defaultStartLevel=4 -Declipse.product=org.eclipse.jdt.ls.core.product -Djava.import.generatesMetadataFilesAtProjectRoot=false -DDetectVMInstallationsJob.disabled=true -Dfile.encoding=utf8 -XX:+UseParallelGC -XX:GCTimeRatio=4 -XX:AdaptiveSizePolicyWeight=90 -Dsun.zip.disableMemoryMapping=true -Xmx2G -Xms100m -Xlog:disable -javaagent:c:\Users\USER\.vscode\extensions\redhat.java-1.44.0-win32-x64\lombok\lombok-1.18.39-4050.jar -XX:+HeapDumpOnOutOfMemoryError -XX:HeapDumpPath=c:\Users\USER\AppData\Roaming\Code\User\workspaceStorage\86792585dbc43faf0f2f2baa02294349\redhat.java -Daether.dependencyCollector.impl=bf 
java_command: c:\Users\USER\.vscode\extensions\redhat.java-1.44.0-win32-x64\server\plugins\org.eclipse.equinox.launcher_1.7.0.v20250519-0528.jar -configuration c:\Users\USER\AppData\Roaming\Code\User\globalStorage\redhat.java\1.44.0\config_win -data c:\Users\USER\AppData\Roaming\Code\User\workspaceStorage\86792585dbc43faf0f2f2baa02294349\redhat.java\jdt_ws --pipe=\\.\pipe\lsp-d4a78f2c65f0c4d792eb1345ccaa6ce3-sock
java_class_path (initial): c:\Users\USER\.vscode\extensions\redhat.java-1.44.0-win32-x64\server\plugins\org.eclipse.equinox.launcher_1.7.0.v20250519-0528.jar
Launcher Type: SUN_STANDARD

[Global flags]
    uintx AdaptiveSizePolicyWeight                 = 90                                        {product} {command line}
     intx CICompilerCount                          = 4                                         {product} {ergonomic}
    uintx GCTimeRatio                              = 4                                         {product} {command line}
     bool HeapDumpOnOutOfMemoryError               = true                                   {manageable} {command line}
    ccstr HeapDumpPath                             = c:\Users\USER\AppData\Roaming\Code\User\workspaceStorage\86792585dbc43faf0f2f2baa02294349\redhat.java         {manageable} {command line}
   size_t InitialHeapSize                          = 104857600                                 {product} {command line}
   size_t MaxHeapSize                              = 2147483648                                {product} {command line}
   size_t MaxNewSize                               = 715653120                                 {product} {ergonomic}
   size_t MinHeapDeltaBytes                        = 524288                                    {product} {ergonomic}
   size_t MinHeapSize                              = 104857600                                 {product} {command line}
   size_t NewSize                                  = 34603008                                  {product} {ergonomic}
    uintx NonNMethodCodeHeapSize                   = 5839372                                {pd product} {ergonomic}
    uintx NonProfiledCodeHeapSize                  = 122909434                              {pd product} {ergonomic}
   size_t OldSize                                  = 70254592                                  {product} {ergonomic}
    uintx ProfiledCodeHeapSize                     = 122909434                              {pd product} {ergonomic}
    uintx ReservedCodeCacheSize                    = 251658240                              {pd product} {ergonomic}
     bool SegmentedCodeCache                       = true                                      {product} {ergonomic}
   size_t SoftMaxHeapSize                          = 2147483648                             {manageable} {ergonomic}
     bool UseCompressedOops                        = true                           {product lp64_product} {ergonomic}
     bool UseLargePagesIndividualAllocation        = false                                  {pd product} {ergonomic}
     bool UseParallelGC                            = true                                      {product} {command line}

Logging:
Log output configuration:
 #0: stdout all=off uptime,level,tags foldmultilines=false
 #1: stderr all=off uptime,level,tags foldmultilines=false

Environment Variables:
PATH=C:\Program Files\Common Files\Oracle\Java\javapath;C:\WINDOWS\system32;C:\WINDOWS;C:\WINDOWS\System32\Wbem;C:\WINDOWS\System32\WindowsPowerShell\v1.0\;C:\WINDOWS\System32\OpenSSH\;C:\Program Files\Git\cmd;C:\Program Files\Git LFS;C:\Program Files\CMake\bin;C:\Program Files\Go\bin;C:\xampp\php;C:\Program Files\nodejs\;C:\ProgramData\chocolatey\bin;C:\Dev\flutter\bin;C:\Users\USER\AppData\Local\Android\Sdk\platform-tools;C:\Users\USER\AppData\Local\Programs\Python\Python312\Scripts\;C:\Users\USER\AppData\Local\Programs\Python\Python312\;C:\Users\USER\.console-ninja\.bin;C:\Users\USER\anaconda3;C:\Users\USER\anaconda3\Library\mingw-w64\bin;C:\Users\USER\anaconda3\Library\usr\bin;C:\Users\USER\anaconda3\Library\bin;C:\Users\USER\anaconda3\Scripts;C:\Users\USER\.cargo\bin;C:\Users\USER\AppData\Local\Microsoft\WindowsApps;D:\Users\fredr\AppData\Local\GitHubDesktop\bin;C:\Users\USER\AppData\Local\Programs\Microsoft VS Code\bin;C:\Program Files\JetBrains\PyCharm 2024.1.4\bin;C:\Program Files\JetBrains\PyCharm Community Edition 2024.2.3\bin;;C:\Users\USER\go\bin;C:\Users\USER\AppData\Roaming\npm;C:\Users\USER\AppData\Local\Microsoft\WindowsApps;C:\Dev\flutter\bin;
USERNAME=USER
OS=Windows_NT
PROCESSOR_IDENTIFIER=AMD64 Family 23 Model 24 Stepping 1, AuthenticAMD
TMP=C:\Users\USER\AppData\Local\Temp
TEMP=C:\Users\USER\AppData\Local\Temp




Periodic native trim disabled

---------------  S Y S T E M  ---------------

OS:
 Windows 10 , 64 bit Build 19041 (10.0.19041.3636)
OS uptime: 3 days 2:41 hours
Hyper-V role detected

CPU: total 8 (initial active 8) (8 cores per cpu, 2 threads per core) family 23 model 24 stepping 1 microcode 0x0, cx8, cmov, fxsr, ht, mmx, 3dnowpref, sse, sse2, sse3, ssse3, sse4a, sse4.1, sse4.2, popcnt, lzcnt, tsc, tscinvbit, avx, avx2, aes, clmul, bmi1, bmi2, adx, sha, fma, vzeroupper, clflush, clflushopt, hv, rdtscp, f16c
Processor Information for the first 8 processors :
  Max Mhz: 2100, Current Mhz: 2100, Mhz Limit: 2100

Memory: 4k page, system-wide physical 6082M (564M free)
TotalPageFile size 16322M (AvailPageFile size 387M)
current process WorkingSet (physical memory assigned to process): 80M, peak: 81M
current process commit charge ("private bytes"): 236M, peak: 236M

vm_info: OpenJDK 64-Bit Server VM (21.0.8+9-LTS) for windows-amd64 JRE (21.0.8+9-LTS), built on 2025-07-15T00:00:00Z by "admin" with MS VC++ 17.7 (VS2022)

END.
